{"TimeCreated":"2020-10-19 03:30:46.258","SourceName":"Microsoft-Windows-Sysmon","SignatureStatus":"Valid","Signature":"Microsoft Windows","Product":"Microsoft Windows Operating System","Hashes":"SHA1=A4A7343F1879C37FB6F22BCA23F633A36BFEDFAB,MD5=1A0BB6B1BDAE905B7282930A94B4FEB2,SHA256=0B3BEAA1E49CEE79A9C9F518979A5481139390D297FA5ACD5427A4CDB60D6D00,IMPHASH=21667D44701C8F5F61867EF5B495ACBD","UtcTime":"2020-10-19 07:30:46.245","ProcessGuid":"{39e4a257-402f-5f8d-9905-000000000700}","Image":"C:\\Windows\\System32\\cmd.exe","ImageLoaded":"C:\\Windows\\System32\\apphelp.dll","EventID":7,"Channel":"Microsoft-Windows-Sysmon/Operational","Task":"7","RuleName":"-","FileVersion":"10.0.18362.1139 (WinBuild.160101.0800)","Message":"Image loaded:\r\nRuleName: -\r\nUtcTime: 2020-10-19 07:30:46.245\r\nProcessGuid: {39e4a257-402f-5f8d-9905-000000000700}\r\nProcessId: 2128\r\nImage: C:\\Windows\\System32\\cmd.exe\r\nImageLoaded: C:\\Windows\\System32\\apphelp.dll\r\nFileVersion: 10.0.18362.1139 (WinBuild.160101.0800)\r\nDescription: Application Compatibility Client Library\r\nProduct: Microsoft Windows Operating System\r\nCompany: Microsoft Corporation\r\nOriginalFileName: Apphelp\r\nHashes: SHA1=A4A7343F1879C37FB6F22BCA23F633A36BFEDFAB,MD5=1A0BB6B1BDAE905B7282930A94B4FEB2,SHA256=0B3BEAA1E49CEE79A9C9F518979A5481139390D297FA5ACD5427A4CDB60D6D00,IMPHASH=21667D44701C8F5F61867EF5B495ACBD\r\nSigned: true\r\nSignature: Microsoft Windows\r\nSignatureStatus: Valid","Hostname":"WORKSTATION5","ProcessId":"2128","Description":"Application Compatibility Client Library","Company":"Microsoft Corporation","Signed":"true","OriginalFileName":"Apphelp"}
{"TimeCreated":"2020-10-19 03:30:46.263","SourceName":"Microsoft-Windows-Sysmon","SignatureStatus":"Valid","Signature":"Microsoft Windows","Product":"Microsoft Windows Operating System","Hashes":"SHA1=2006BDF15EAED226CE4FDB5337F7C121C311A0AE,MD5=3051E3AB25FBF0401FCA1A4CF63B2507,SHA256=B9FE6B85C174DB6BCAF0DA9961B9247FC79F0757DB3401AA3184E80BE339CB75,IMPHASH=00000000000000000000000000000000","UtcTime":"2020-10-19 07:30:46.245","ProcessGuid":"{39e4a257-40a6-5f8d-a005-000000000700}","Image":"C:\\Users\\wardog\\Downloads\\PSTools\\PsExec.exe","ImageLoaded":"C:\\Windows\\System32\\ntdll.dll","EventID":7,"Channel":"Microsoft-Windows-Sysmon/Operational","Task":"7","RuleName":"-","FileVersion":"10.0.18362.1139 (WinBuild.160101.0800)","Message":"Image loaded:\r\nRuleName: -\r\nUtcTime: 2020-10-19 07:30:46.245\r\nProcessGuid: {39e4a257-40a6-5f8d-a005-000000000700}\r\nProcessId: 7256\r\nImage: C:\\Users\\wardog\\Downloads\\PSTools\\PsExec.exe\r\nImageLoaded: C:\\Windows\\System32\\ntdll.dll\r\nFileVersion: 10.0.18362.1139 (WinBuild.160101.0800)\r\nDescription: NT Layer DLL\r\nProduct: Microsoft Windows Operating System\r\nCompany: Microsoft Corporation\r\nOriginalFileName: ntdll.dll\r\nHashes: SHA1=2006BDF15EAED226CE4FDB5337F7C121C311A0AE,MD5=3051E3AB25FBF0401FCA1A4CF63B2507,SHA256=B9FE6B85C174DB6BCAF0DA9961B9247FC79F0757DB3401AA3184E80BE339CB75,IMPHASH=00000000000000000000000000000000\r\nSigned: true\r\nSignature: Microsoft Windows\r\nSignatureStatus: Valid","Hostname":"WORKSTATION5","ProcessId":"7256","Description":"NT Layer DLL","Company":"Microsoft Corporation","Signed":"true","OriginalFileName":"ntdll.dll"}
{"TimeCreated":"2020-10-19 03:30:46.265","SourceName":"Microsoft-Windows-Sysmon","SignatureStatus":"Valid","Signature":"Microsoft Windows","Product":"Microsoft Windows Operating System","Hashes":"SHA1=98E88C593657E478BCB8568F96F9C557F4018CE9,MD5=43B7243F76936E1C287351B58FD96F5B,SHA256=9E6DE57CDA64D23D1E38B0321C00F9A50E7566AE624F2032854BB9A1FA253A7D,IMPHASH=00000000000000000000000000000000","UtcTime":"2020-10-19 07:30:46.261","ProcessGuid":"{39e4a257-40a6-5f8d-a005-000000000700}","Image":"C:\\Users\\wardog\\Downloads\\PSTools\\PsExec.exe","ImageLoaded":"C:\\Windows\\SysWOW64\\ntdll.dll","EventID":7,"Channel":"Microsoft-Windows-Sysmon/Operational","Task":"7","RuleName":"-","FileVersion":"10.0.18362.1139 (WinBuild.160101.0800)","Message":"Image loaded:\r\nRuleName: -\r\nUtcTime: 2020-10-19 07:30:46.261\r\nProcessGuid: {39e4a257-40a6-5f8d-a005-000000000700}\r\nProcessId: 7256\r\nImage: C:\\Users\\wardog\\Downloads\\PSTools\\PsExec.exe\r\nImageLoaded: C:\\Windows\\SysWOW64\\ntdll.dll\r\nFileVersion: 10.0.18362.1139 (WinBuild.160101.0800)\r\nDescription: NT Layer DLL\r\nProduct: Microsoft Windows Operating System\r\nCompany: Microsoft Corporation\r\nOriginalFileName: ntdll.dll\r\nHashes: SHA1=98E88C593657E478BCB8568F96F9C557F4018CE9,MD5=43B7243F76936E1C287351B58FD96F5B,SHA256=9E6DE57CDA64D23D1E38B0321C00F9A50E7566AE624F2032854BB9A1FA253A7D,IMPHASH=00000000000000000000000000000000\r\nSigned: true\r\nSignature: Microsoft Windows\r\nSignatureStatus: Valid","Hostname":"WORKSTATION5","ProcessId":"7256","Description":"NT Layer DLL","Company":"Microsoft Corporation","Signed":"true","OriginalFileName":"ntdll.dll"}
{"TimeCreated":"2020-10-19 03:30:46.267","SourceName":"Microsoft-Windows-Sysmon","SignatureStatus":"Valid","Signature":"Microsoft Corporation","Product":"Sysinternals PsExec","Hashes":"SHA1=E50D9E3BD91908E13A26B3E23EDEAF577FB3A095,MD5=27304B246C7D5B4E149124D5F93C5B01,SHA256=3337E3875B05E0BFBA69AB926532E3F179E8CFBF162EBB60CE58A0281437A7EF,IMPHASH=C1E59519B5E5D84AF07AFA6F5A8625F1","UtcTime":"2020-10-19 07:30:46.245","ProcessGuid":"{39e4a257-40a6-5f8d-a005-000000000700}","Image":"C:\\Users\\wardog\\Downloads\\PSTools\\PsExec.exe","ImageLoaded":"C:\\Users\\wardog\\Downloads\\PSTools\\PsExec.exe","EventID":7,"Channel":"Microsoft-Windows-Sysmon/Operational","Task":"7","RuleName":"-","FileVersion":"2.2","Message":"Image loaded:\r\nRuleName: -\r\nUtcTime: 2020-10-19 07:30:46.245\r\nProcessGuid: {39e4a257-40a6-5f8d-a005-000000000700}\r\nProcessId: 7256\r\nImage: C:\\Users\\wardog\\Downloads\\PSTools\\PsExec.exe\r\nImageLoaded: C:\\Users\\wardog\\Downloads\\PSTools\\PsExec.exe\r\nFileVersion: 2.2\r\nDescription: Execute processes remotely\r\nProduct: Sysinternals PsExec\r\nCompany: Sysinternals - www.sysinternals.com\r\nOriginalFileName: psexec.c\r\nHashes: SHA1=E50D9E3BD91908E13A26B3E23EDEAF577FB3A095,MD5=27304B246C7D5B4E149124D5F93C5B01,SHA256=3337E3875B05E0BFBA69AB926532E3F179E8CFBF162EBB60CE58A0281437A7EF,IMPHASH=C1E59519B5E5D84AF07AFA6F5A8625F1\r\nSigned: true\r\nSignature: Microsoft Corporation\r\nSignatureStatus: Valid","Hostname":"WORKSTATION5","ProcessId":"7256","Description":"Execute processes remotely","Company":"Sysinternals - www.sysinternals.com","Signed":"true","OriginalFileName":"psexec.c"}
{"TimeCreated":"2020-10-19 03:30:46.267","SourceName":"Microsoft-Windows-Sysmon","SignatureStatus":"Valid","Signature":"Microsoft Windows","Product":"Microsoft Windows Operating System","Hashes":"SHA1=CA735FE238827F24C7F604D59BD32C36F7DF2EDE,MD5=F18CA8316D570CC15F6E5581EF2C601F,SHA256=5139A9B0C3E3DFADC6A96DB179E9122BFA3A364C3B66FA2402CE3418407CB4B8,IMPHASH=71E1D49665AD621146BDD4E2C46D1FCB","UtcTime":"2020-10-19 07:30:46.261","ProcessGuid":"{39e4a257-40a6-5f8d-a005-000000000700}","Image":"C:\\Users\\wardog\\Downloads\\PSTools\\PsExec.exe","ImageLoaded":"C:\\Windows\\System32\\wow64.dll","EventID":7,"Channel":"Microsoft-Windows-Sysmon/Operational","Task":"7","RuleName":"-","FileVersion":"10.0.18362.657 (WinBuild.160101.0800)","Message":"Image loaded:\r\nRuleName: -\r\nUtcTime: 2020-10-19 07:30:46.261\r\nProcessGuid: {39e4a257-40a6-5f8d-a005-000000000700}\r\nProcessId: 7256\r\nImage: C:\\Users\\wardog\\Downloads\\PSTools\\PsExec.exe\r\nImageLoaded: C:\\Windows\\System32\\wow64.dll\r\nFileVersion: 10.0.18362.657 (WinBuild.160101.0800)\r\nDescription: Win32 Emulation on NT64\r\nProduct: Microsoft Windows Operating System\r\nCompany: Microsoft Corporation\r\nOriginalFileName: wow64.dll\r\nHashes: SHA1=CA735FE238827F24C7F604D59BD32C36F7DF2EDE,MD5=F18CA8316D570CC15F6E5581EF2C601F,SHA256=5139A9B0C3E3DFADC6A96DB179E9122BFA3A364C3B66FA2402CE3418407CB4B8,IMPHASH=71E1D49665AD621146BDD4E2C46D1FCB\r\nSigned: true\r\nSignature: Microsoft Windows\r\nSignatureStatus: Valid","Hostname":"WORKSTATION5","ProcessId":"7256","Description":"Win32 Emulation on NT64","Company":"Microsoft Corporation","Signed":"true","OriginalFileName":"wow64.dll"}
{"TimeCreated":"2020-10-19 03:30:46.268","SourceName":"Microsoft-Windows-Sysmon","SignatureStatus":"Valid","Signature":"Microsoft Windows","Product":"Microsoft Windows Operating System","Hashes":"SHA1=E9FCEC66ACDC7F5FE68B079C500A988D9ACE145A,MD5=46C676333C6926E33AA3185E58216776,SHA256=F300E36CFC3232001245394A92A018B1CA5527AAE1166FBA2E3008A156CE333E,IMPHASH=383ECAE3EF358CE381FF4B9F44A36719","UtcTime":"2020-10-19 07:30:46.261","ProcessGuid":"{39e4a257-40a6-5f8d-a005-000000000700}","Image":"C:\\Users\\wardog\\Downloads\\PSTools\\PsExec.exe","ImageLoaded":"C:\\Windows\\System32\\wow64win.dll","EventID":7,"Channel":"Microsoft-Windows-Sysmon/Operational","Task":"7","RuleName":"-","FileVersion":"10.0.18362.1082 (WinBuild.160101.0800)","Message":"Image loaded:\r\nRuleName: -\r\nUtcTime: 2020-10-19 07:30:46.261\r\nProcessGuid: {39e4a257-40a6-5f8d-a005-000000000700}\r\nProcessId: 7256\r\nImage: C:\\Users\\wardog\\Downloads\\PSTools\\PsExec.exe\r\nImageLoaded: C:\\Windows\\System32\\wow64win.dll\r\nFileVersion: 10.0.18362.1082 (WinBuild.160101.0800)\r\nDescription: Wow64 Console and Win32 API Logging\r\nProduct: Microsoft Windows Operating System\r\nCompany: Microsoft Corporation\r\nOriginalFileName: wow64lg2.dll\r\nHashes: SHA1=E9FCEC66ACDC7F5FE68B079C500A988D9ACE145A,MD5=46C676333C6926E33AA3185E58216776,SHA256=F300E36CFC3232001245394A92A018B1CA5527AAE1166FBA2E3008A156CE333E,IMPHASH=383ECAE3EF358CE381FF4B9F44A36719\r\nSigned: true\r\nSignature: Microsoft Windows\r\nSignatureStatus: Valid","Hostname":"WORKSTATION5","ProcessId":"7256","Description":"Wow64 Console and Win32 API Logging","Company":"Microsoft Corporation","Signed":"true","OriginalFileName":"wow64lg2.dll"}
{"TimeCreated":"2020-10-19 03:30:46.269","SourceName":"Microsoft-Windows-Sysmon","SignatureStatus":"Valid","Signature":"Microsoft Windows","Product":"Microsoft Windows Operating System","Hashes":"SHA1=7E891C2C24024884FDCFC03CDB0500D83BC5FBA1,MD5=7FF42BFF8BA32EBC873D7AF6887F04E9,SHA256=5806269D37B91211B259A964CA3D76E181CF47F3B879486369150D46D97CE167,IMPHASH=C22B977BE4BF67B1A723DD49BCC47668","UtcTime":"2020-10-19 07:30:46.261","ProcessGuid":"{39e4a257-40a6-5f8d-a005-000000000700}","Image":"C:\\Users\\wardog\\Downloads\\PSTools\\PsExec.exe","ImageLoaded":"C:\\Windows\\System32\\wow64cpu.dll","EventID":7,"Channel":"Microsoft-Windows-Sysmon/Operational","Task":"7","RuleName":"-","FileVersion":"10.0.18362.657 (WinBuild.160101.0800)","Message":"Image loaded:\r\nRuleName: -\r\nUtcTime: 2020-10-19 07:30:46.261\r\nProcessGuid: {39e4a257-40a6-5f8d-a005-000000000700}\r\nProcessId: 7256\r\nImage: C:\\Users\\wardog\\Downloads\\PSTools\\PsExec.exe\r\nImageLoaded: C:\\Windows\\System32\\wow64cpu.dll\r\nFileVersion: 10.0.18362.657 (WinBuild.160101.0800)\r\nDescription: AMD64 Wow64 CPU \r\nProduct: Microsoft Windows Operating System\r\nCompany: Microsoft Corporation\r\nOriginalFileName: wow64cpu.dll\r\nHashes: SHA1=7E891C2C24024884FDCFC03CDB0500D83BC5FBA1,MD5=7FF42BFF8BA32EBC873D7AF6887F04E9,SHA256=5806269D37B91211B259A964CA3D76E181CF47F3B879486369150D46D97CE167,IMPHASH=C22B977BE4BF67B1A723DD49BCC47668\r\nSigned: true\r\nSignature: Microsoft Windows\r\nSignatureStatus: Valid","Hostname":"WORKSTATION5","ProcessId":"7256","Description":"AMD64 Wow64 CPU ","Company":"Microsoft Corporation","Signed":"true","OriginalFileName":"wow64cpu.dll"}
{"TimeCreated":"2020-10-19 03:30:46.270","SourceName":"Microsoft-Windows-Sysmon","SignatureStatus":"Valid","Signature":"Microsoft Windows","Product":"Microsoft Windows Operating System","Hashes":"SHA1=A084DFB7EED03F59E32E88C3BBA9E72457BEDA2F,MD5=3CE2D28864CF9D3769DF3D342F78D1A3,SHA256=BDBA4004453A7B69C5B9D38F1C94576C77CA8461FE007179028E98AC49D5A5DC,IMPHASH=356C0207D96223AD95A407CDEDE746B6","UtcTime":"2020-10-19 07:30:46.261","ProcessGuid":"{39e4a257-40a6-5f8d-a005-000000000700}","Image":"C:\\Users\\wardog\\Downloads\\PSTools\\PsExec.exe","ImageLoaded":"C:\\Windows\\SysWOW64\\kernel32.dll","EventID":7,"Channel":"Microsoft-Windows-Sysmon/Operational","Task":"7","RuleName":"-","FileVersion":"10.0.18362.1110 (WinBuild.160101.0800)","Message":"Image loaded:\r\nRuleName: -\r\nUtcTime: 2020-10-19 07:30:46.261\r\nProcessGuid: {39e4a257-40a6-5f8d-a005-000000000700}\r\nProcessId: 7256\r\nImage: C:\\Users\\wardog\\Downloads\\PSTools\\PsExec.exe\r\nImageLoaded: C:\\Windows\\SysWOW64\\kernel32.dll\r\nFileVersion: 10.0.18362.1110 (WinBuild.160101.0800)\r\nDescription: Windows NT BASE API Client DLL\r\nProduct: Microsoft Windows Operating System\r\nCompany: Microsoft Corporation\r\nOriginalFileName: kernel32\r\nHashes: SHA1=A084DFB7EED03F59E32E88C3BBA9E72457BEDA2F,MD5=3CE2D28864CF9D3769DF3D342F78D1A3,SHA256=BDBA4004453A7B69C5B9D38F1C94576C77CA8461FE007179028E98AC49D5A5DC,IMPHASH=356C0207D96223AD95A407CDEDE746B6\r\nSigned: true\r\nSignature: Microsoft Windows\r\nSignatureStatus: Valid","Hostname":"WORKSTATION5","ProcessId":"7256","Description":"Windows NT BASE API Client DLL","Company":"Microsoft Corporation","Signed":"true","OriginalFileName":"kernel32"}
{"TimeCreated":"2020-10-19 03:30:46.271","SourceName":"Microsoft-Windows-Sysmon","SignatureStatus":"Valid","Signature":"Microsoft Windows","Product":"Microsoft Windows Operating System","Hashes":"SHA1=F601A0D6E4BE871AB860B25C8EBFD141990E057A,MD5=2EFA63EA8830099282D34AC005BDB6BD,SHA256=D8AF83FF251E447B3DFFA0894C27141D3468419FBB156B04BB000627769865C0,IMPHASH=A52EDC607F3428282626E24AA930AF21","UtcTime":"2020-10-19 07:30:46.261","ProcessGuid":"{39e4a257-40a6-5f8d-a005-000000000700}","Image":"C:\\Users\\wardog\\Downloads\\PSTools\\PsExec.exe","ImageLoaded":"C:\\Windows\\SysWOW64\\KernelBase.dll","EventID":7,"Channel":"Microsoft-Windows-Sysmon/Operational","Task":"7","RuleName":"-","FileVersion":"10.0.18362.1139 (WinBuild.160101.0800)","Message":"Image loaded:\r\nRuleName: -\r\nUtcTime: 2020-10-19 07:30:46.261\r\nProcessGuid: {39e4a257-40a6-5f8d-a005-000000000700}\r\nProcessId: 7256\r\nImage: C:\\Users\\wardog\\Downloads\\PSTools\\PsExec.exe\r\nImageLoaded: C:\\Windows\\SysWOW64\\KernelBase.dll\r\nFileVersion: 10.0.18362.1139 (WinBuild.160101.0800)\r\nDescription: Windows NT BASE API Client DLL\r\nProduct: Microsoft Windows Operating System\r\nCompany: Microsoft Corporation\r\nOriginalFileName: Kernelbase.dll\r\nHashes: SHA1=F601A0D6E4BE871AB860B25C8EBFD141990E057A,MD5=2EFA63EA8830099282D34AC005BDB6BD,SHA256=D8AF83FF251E447B3DFFA0894C27141D3468419FBB156B04BB000627769865C0,IMPHASH=A52EDC607F3428282626E24AA930AF21\r\nSigned: true\r\nSignature: Microsoft Windows\r\nSignatureStatus: Valid","Hostname":"WORKSTATION5","ProcessId":"7256","Description":"Windows NT BASE API Client DLL","Company":"Microsoft Corporation","Signed":"true","OriginalFileName":"Kernelbase.dll"}
{"SourceImage":"C:\\windows\\system32\\conhost.exe","TimeCreated":"2020-10-19 03:30:46.271","GrantedAccess":"0x1fffff","SourceName":"Microsoft-Windows-Sysmon","SourceThreadId":"4144","CallTrace":"C:\\windows\\SYSTEM32\\ntdll.dll+9c584|C:\\windows\\System32\\KERNELBASE.dll+305fe|C:\\windows\\system32\\conhost.exe+1260d|C:\\windows\\system32\\conhost.exe+12505|C:\\windows\\system32\\conhost.exe+895c|C:\\windows\\system32\\conhost.exe+f2e6|C:\\windows\\System32\\KERNEL32.DLL+17c24|C:\\windows\\SYSTEM32\\ntdll.dll+6cea1","UtcTime":"2020-10-19 07:30:46.261","TargetProcessGUID":"{39e4a257-40a6-5f8d-a005-000000000700}","SourceProcessId":"2372","EventID":10,"Channel":"Microsoft-Windows-Sysmon/Operational","Task":"10","RuleName":"-","Message":"Process accessed:\r\nRuleName: -\r\nUtcTime: 2020-10-19 07:30:46.261\r\nSourceProcessGUID: {39e4a257-402f-5f8d-9a05-000000000700}\r\nSourceProcessId: 2372\r\nSourceThreadId: 4144\r\nSourceImage: C:\\windows\\system32\\conhost.exe\r\nTargetProcessGUID: {39e4a257-40a6-5f8d-a005-000000000700}\r\nTargetProcessId: 7256\r\nTargetImage: C:\\Users\\wardog\\Downloads\\PSTools\\PsExec.exe\r\nGrantedAccess: 0x1FFFFF\r\nCallTrace: C:\\windows\\SYSTEM32\\ntdll.dll+9c584|C:\\windows\\System32\\KERNELBASE.dll+305fe|C:\\windows\\system32\\conhost.exe+1260d|C:\\windows\\system32\\conhost.exe+12505|C:\\windows\\system32\\conhost.exe+895c|C:\\windows\\system32\\conhost.exe+f2e6|C:\\windows\\System32\\KERNEL32.DLL+17c24|C:\\windows\\SYSTEM32\\ntdll.dll+6cea1","Hostname":"WORKSTATION5","TargetProcessId":"7256","TargetImage":"C:\\Users\\wardog\\Downloads\\PSTools\\PsExec.exe","SourceProcessGUID":"{39e4a257-402f-5f8d-9a05-000000000700}"}
{"TimeCreated":"2020-10-19 03:30:46.272","SourceName":"Microsoft-Windows-Sysmon","SignatureStatus":"Valid","Signature":"Microsoft Windows","Product":"Microsoft Windows Operating System","Hashes":"SHA1=BC5E7B8A435DF051669453936416F28F17EABF14,MD5=383CD4394313B8FC3E7A4626062B8600,SHA256=B85B9026CA89CF207C56119F711E5E05198BC4F368F81FF5950BCD5D2F5E32F0,IMPHASH=4D7E5FF2F18825AF65148F2CBC263967","UtcTime":"2020-10-19 07:30:46.261","ProcessGuid":"{39e4a257-40a6-5f8d-a005-000000000700}","Image":"C:\\Users\\wardog\\Downloads\\PSTools\\PsExec.exe","ImageLoaded":"C:\\Windows\\SysWOW64\\apphelp.dll","EventID":7,"Channel":"Microsoft-Windows-Sysmon/Operational","Task":"7","RuleName":"-","FileVersion":"10.0.18362.1139 (WinBuild.160101.0800)","Message":"Image loaded:\r\nRuleName: -\r\nUtcTime: 2020-10-19 07:30:46.261\r\nProcessGuid: {39e4a257-40a6-5f8d-a005-000000000700}\r\nProcessId: 7256\r\nImage: C:\\Users\\wardog\\Downloads\\PSTools\\PsExec.exe\r\nImageLoaded: C:\\Windows\\SysWOW64\\apphelp.dll\r\nFileVersion: 10.0.18362.1139 (WinBuild.160101.0800)\r\nDescription: Application Compatibility Client Library\r\nProduct: Microsoft Windows Operating System\r\nCompany: Microsoft Corporation\r\nOriginalFileName: Apphelp\r\nHashes: SHA1=BC5E7B8A435DF051669453936416F28F17EABF14,MD5=383CD4394313B8FC3E7A4626062B8600,SHA256=B85B9026CA89CF207C56119F711E5E05198BC4F368F81FF5950BCD5D2F5E32F0,IMPHASH=4D7E5FF2F18825AF65148F2CBC263967\r\nSigned: true\r\nSignature: Microsoft Windows\r\nSignatureStatus: Valid","Hostname":"WORKSTATION5","ProcessId":"7256","Description":"Application Compatibility Client Library","Company":"Microsoft Corporation","Signed":"true","OriginalFileName":"Apphelp"}
{"TimeCreated":"2020-10-19 03:30:46.281","SourceName":"Microsoft-Windows-Sysmon","SignatureStatus":"Valid","Signature":"Microsoft Windows","Product":"Microsoft Windows Operating System","Hashes":"SHA1=8108450CBCAD9FC79198FC9CC9C5BA1C417900F5,MD5=7864763B087BBF4800F5274384C1E065,SHA256=93F8F296FC05E60230925E5836372C8E3B9EDEE0A275C765DAEE55DDE5C3DE58,IMPHASH=950BA747DF1E77DF20CA4983A22E450B","UtcTime":"2020-10-19 07:30:46.275","ProcessGuid":"{39e4a257-40a6-5f8d-a005-000000000700}","Image":"C:\\Users\\wardog\\Downloads\\PSTools\\PsExec.exe","ImageLoaded":"C:\\Windows\\SysWOW64\\version.dll","EventID":7,"Channel":"Microsoft-Windows-Sysmon/Operational","Task":"7","RuleName":"-","FileVersion":"10.0.18362.1 (WinBuild.160101.0800)","Message":"Image loaded:\r\nRuleName: -\r\nUtcTime: 2020-10-19 07:30:46.275\r\nProcessGuid: {39e4a257-40a6-5f8d-a005-000000000700}\r\nProcessId: 7256\r\nImage: C:\\Users\\wardog\\Downloads\\PSTools\\PsExec.exe\r\nImageLoaded: C:\\Windows\\SysWOW64\\version.dll\r\nFileVersion: 10.0.18362.1 (WinBuild.160101.0800)\r\nDescription: Version Checking and File Installation Libraries\r\nProduct: Microsoft Windows Operating System\r\nCompany: Microsoft Corporation\r\nOriginalFileName: VERSION.DLL\r\nHashes: SHA1=8108450CBCAD9FC79198FC9CC9C5BA1C417900F5,MD5=7864763B087BBF4800F5274384C1E065,SHA256=93F8F296FC05E60230925E5836372C8E3B9EDEE0A275C765DAEE55DDE5C3DE58,IMPHASH=950BA747DF1E77DF20CA4983A22E450B\r\nSigned: true\r\nSignature: Microsoft Windows\r\nSignatureStatus: Valid","Hostname":"WORKSTATION5","ProcessId":"7256","Description":"Version Checking and File Installation Libraries","Company":"Microsoft Corporation","Signed":"true","OriginalFileName":"VERSION.DLL"}
{"TimeCreated":"2020-10-19 03:30:46.283","SourceName":"Microsoft-Windows-Sysmon","SignatureStatus":"Valid","Signature":"Microsoft Windows","Product":"Microsoft Windows Operating System","Hashes":"SHA1=78166BF81B61B0FAD4945CCAB8D4887558DCE279,MD5=0BBE2846DB4A7282A6CA7A475E1ACC7E,SHA256=227DD9CD9FA0EC949A319AB06E018E77958AFEBA00C0FC558D9E5CBA606614A9,IMPHASH=D0FDBD11FDC36EDA6A70DAC5849E46EF","UtcTime":"2020-10-19 07:30:46.275","ProcessGuid":"{39e4a257-40a6-5f8d-a005-000000000700}","Image":"C:\\Users\\wardog\\Downloads\\PSTools\\PsExec.exe","ImageLoaded":"C:\\Windows\\SysWOW64\\rpcrt4.dll","EventID":7,"Channel":"Microsoft-Windows-Sysmon/Operational","Task":"7","RuleName":"-","FileVersion":"10.0.18362.1110 (WinBuild.160101.0800)","Message":"Image loaded:\r\nRuleName: -\r\nUtcTime: 2020-10-19 07:30:46.275\r\nProcessGuid: {39e4a257-40a6-5f8d-a005-000000000700}\r\nProcessId: 7256\r\nImage: C:\\Users\\wardog\\Downloads\\PSTools\\PsExec.exe\r\nImageLoaded: C:\\Windows\\SysWOW64\\rpcrt4.dll\r\nFileVersion: 10.0.18362.1110 (WinBuild.160101.0800)\r\nDescription: Remote Procedure Call Runtime\r\nProduct: Microsoft Windows Operating System\r\nCompany: Microsoft Corporation\r\nOriginalFileName: rpcrt4.dll\r\nHashes: SHA1=78166BF81B61B0FAD4945CCAB8D4887558DCE279,MD5=0BBE2846DB4A7282A6CA7A475E1ACC7E,SHA256=227DD9CD9FA0EC949A319AB06E018E77958AFEBA00C0FC558D9E5CBA606614A9,IMPHASH=D0FDBD11FDC36EDA6A70DAC5849E46EF\r\nSigned: true\r\nSignature: Microsoft Windows\r\nSignatureStatus: Valid","Hostname":"WORKSTATION5","ProcessId":"7256","Description":"Remote Procedure Call Runtime","Company":"Microsoft Corporation","Signed":"true","OriginalFileName":"rpcrt4.dll"}
{"TimeCreated":"2020-10-19 03:30:46.285","SourceName":"Microsoft-Windows-Sysmon","SignatureStatus":"Valid","Signature":"Microsoft Windows","Product":"Microsoft Windows Operating System","Hashes":"SHA1=6381110FBD53A7FA6A22212580E5A4FD813FC3D3,MD5=8451506DC2AA894D7299F13926F19247,SHA256=8B378A7C7D0232411501C067EF55A93EE4C0ED92C3E8E0BA85E604192C47F41D,IMPHASH=38A703BD3C2BE34308D897328957448F","UtcTime":"2020-10-19 07:30:46.275","ProcessGuid":"{39e4a257-40a6-5f8d-a005-000000000700}","Image":"C:\\Users\\wardog\\Downloads\\PSTools\\PsExec.exe","ImageLoaded":"C:\\Windows\\SysWOW64\\sspicli.dll","EventID":7,"Channel":"Microsoft-Windows-Sysmon/Operational","Task":"7","RuleName":"-","FileVersion":"10.0.18362.1049 (WinBuild.160101.0800)","Message":"Image loaded:\r\nRuleName: -\r\nUtcTime: 2020-10-19 07:30:46.275\r\nProcessGuid: {39e4a257-40a6-5f8d-a005-000000000700}\r\nProcessId: 7256\r\nImage: C:\\Users\\wardog\\Downloads\\PSTools\\PsExec.exe\r\nImageLoaded: C:\\Windows\\SysWOW64\\sspicli.dll\r\nFileVersion: 10.0.18362.1049 (WinBuild.160101.0800)\r\nDescription: Security Support Provider Interface\r\nProduct: Microsoft Windows Operating System\r\nCompany: Microsoft Corporation\r\nOriginalFileName: security.dll\r\nHashes: SHA1=6381110FBD53A7FA6A22212580E5A4FD813FC3D3,MD5=8451506DC2AA894D7299F13926F19247,SHA256=8B378A7C7D0232411501C067EF55A93EE4C0ED92C3E8E0BA85E604192C47F41D,IMPHASH=38A703BD3C2BE34308D897328957448F\r\nSigned: true\r\nSignature: Microsoft Windows\r\nSignatureStatus: Valid","Hostname":"WORKSTATION5","ProcessId":"7256","Description":"Security Support Provider Interface","Company":"Microsoft Corporation","Signed":"true","OriginalFileName":"security.dll"}
{"TimeCreated":"2020-10-19 03:30:46.286","SourceName":"Microsoft-Windows-Sysmon","SignatureStatus":"Valid","Signature":"Microsoft Windows","Product":"Microsoft Windows Operating System","Hashes":"SHA1=063B1D39B4B73ECF0011D1A53735500C718B6485,MD5=4F66B719C3DCEB50A4A568FA93CD2DC3,SHA256=C4D6D1B372BBB3A3B668B8B953FBE0C64FF677232F2BE9A9EAA4E3709F4AD6F3,IMPHASH=BC970F64103932EEB904449362F6025B","UtcTime":"2020-10-19 07:30:46.275","ProcessGuid":"{39e4a257-40a6-5f8d-a005-000000000700}","Image":"C:\\Users\\wardog\\Downloads\\PSTools\\PsExec.exe","ImageLoaded":"C:\\Windows\\SysWOW64\\cryptbase.dll","EventID":7,"Channel":"Microsoft-Windows-Sysmon/Operational","Task":"7","RuleName":"-","FileVersion":"10.0.18362.1 (WinBuild.160101.0800)","Message":"Image loaded:\r\nRuleName: -\r\nUtcTime: 2020-10-19 07:30:46.275\r\nProcessGuid: {39e4a257-40a6-5f8d-a005-000000000700}\r\nProcessId: 7256\r\nImage: C:\\Users\\wardog\\Downloads\\PSTools\\PsExec.exe\r\nImageLoaded: C:\\Windows\\SysWOW64\\cryptbase.dll\r\nFileVersion: 10.0.18362.1 (WinBuild.160101.0800)\r\nDescription: Base cryptographic API DLL\r\nProduct: Microsoft Windows Operating System\r\nCompany: Microsoft Corporation\r\nOriginalFileName: cryptbase.dll\r\nHashes: SHA1=063B1D39B4B73ECF0011D1A53735500C718B6485,MD5=4F66B719C3DCEB50A4A568FA93CD2DC3,SHA256=C4D6D1B372BBB3A3B668B8B953FBE0C64FF677232F2BE9A9EAA4E3709F4AD6F3,IMPHASH=BC970F64103932EEB904449362F6025B\r\nSigned: true\r\nSignature: Microsoft Windows\r\nSignatureStatus: Valid","Hostname":"WORKSTATION5","ProcessId":"7256","Description":"Base cryptographic API DLL","Company":"Microsoft Corporation","Signed":"true","OriginalFileName":"cryptbase.dll"}
{"TimeCreated":"2020-10-19 03:30:46.287","SourceName":"Microsoft-Windows-Sysmon","SignatureStatus":"Valid","Signature":"Microsoft Windows","Product":"Microsoft Windows Operating System","Hashes":"SHA1=344485EC9EFD7F533E607E24691089DFAEC52875,MD5=8D6F97F949E686D243843AAB74994FCB,SHA256=CC0CB9061A84428C8E56D415789EEAA84E0A24A446E54618885C61598703FCC1,IMPHASH=BE57D3232C688595C3276DB79B66BD35","UtcTime":"2020-10-19 07:30:46.275","ProcessGuid":"{39e4a257-40a6-5f8d-a005-000000000700}","Image":"C:\\Users\\wardog\\Downloads\\PSTools\\PsExec.exe","ImageLoaded":"C:\\Windows\\SysWOW64\\bcryptprimitives.dll","EventID":7,"Channel":"Microsoft-Windows-Sysmon/Operational","Task":"7","RuleName":"-","FileVersion":"10.0.18362.836 (WinBuild.160101.0800)","Message":"Image loaded:\r\nRuleName: -\r\nUtcTime: 2020-10-19 07:30:46.275\r\nProcessGuid: {39e4a257-40a6-5f8d-a005-000000000700}\r\nProcessId: 7256\r\nImage: C:\\Users\\wardog\\Downloads\\PSTools\\PsExec.exe\r\nImageLoaded: C:\\Windows\\SysWOW64\\bcryptprimitives.dll\r\nFileVersion: 10.0.18362.836 (WinBuild.160101.0800)\r\nDescription: Windows Cryptographic Primitives Library\r\nProduct: Microsoft Windows Operating System\r\nCompany: Microsoft Corporation\r\nOriginalFileName: bcryptprimitives.dll\r\nHashes: SHA1=344485EC9EFD7F533E607E24691089DFAEC52875,MD5=8D6F97F949E686D243843AAB74994FCB,SHA256=CC0CB9061A84428C8E56D415789EEAA84E0A24A446E54618885C61598703FCC1,IMPHASH=BE57D3232C688595C3276DB79B66BD35\r\nSigned: true\r\nSignature: Microsoft Windows\r\nSignatureStatus: Valid","Hostname":"WORKSTATION5","ProcessId":"7256","Description":"Windows Cryptographic Primitives Library","Company":"Microsoft Corporation","Signed":"true","OriginalFileName":"bcryptprimitives.dll"}
{"TimeCreated":"2020-10-19 03:30:46.288","SourceName":"Microsoft-Windows-Sysmon","SignatureStatus":"Valid","Signature":"Microsoft Windows","Product":"Microsoft Windows Operating System","Hashes":"SHA1=536935FEF7DA773BF82582B0EC14C29C5BA9BC32,MD5=C469EA1CE72B97796BC2DA13C8F75CE2,SHA256=EAD56E9A763508BB8E69C20E7A06B9D83577914BD85A3B5AD88BC46CF122D655,IMPHASH=4C6363F494F344B5EF5A5FA4453768A9","UtcTime":"2020-10-19 07:30:46.275","ProcessGuid":"{39e4a257-40a6-5f8d-a005-000000000700}","Image":"C:\\Users\\wardog\\Downloads\\PSTools\\PsExec.exe","ImageLoaded":"C:\\Windows\\SysWOW64\\ws2_32.dll","EventID":7,"Channel":"Microsoft-Windows-Sysmon/Operational","Task":"7","RuleName":"-","FileVersion":"10.0.18362.387 (WinBuild.160101.0800)","Message":"Image loaded:\r\nRuleName: -\r\nUtcTime: 2020-10-19 07:30:46.275\r\nProcessGuid: {39e4a257-40a6-5f8d-a005-000000000700}\r\nProcessId: 7256\r\nImage: C:\\Users\\wardog\\Downloads\\PSTools\\PsExec.exe\r\nImageLoaded: C:\\Windows\\SysWOW64\\ws2_32.dll\r\nFileVersion: 10.0.18362.387 (WinBuild.160101.0800)\r\nDescription: Windows Socket 2.0 32-Bit DLL\r\nProduct: Microsoft Windows Operating System\r\nCompany: Microsoft Corporation\r\nOriginalFileName: ws2_32.dll\r\nHashes: SHA1=536935FEF7DA773BF82582B0EC14C29C5BA9BC32,MD5=C469EA1CE72B97796BC2DA13C8F75CE2,SHA256=EAD56E9A763508BB8E69C20E7A06B9D83577914BD85A3B5AD88BC46CF122D655,IMPHASH=4C6363F494F344B5EF5A5FA4453768A9\r\nSigned: true\r\nSignature: Microsoft Windows\r\nSignatureStatus: Valid","Hostname":"WORKSTATION5","ProcessId":"7256","Description":"Windows Socket 2.0 32-Bit DLL","Company":"Microsoft Corporation","Signed":"true","OriginalFileName":"ws2_32.dll"}
{"TimeCreated":"2020-10-19 03:30:46.288","SourceName":"Microsoft-Windows-Sysmon","SignatureStatus":"Valid","Signature":"Microsoft Windows","Product":"Microsoft Windows Operating System","Hashes":"SHA1=5B9EF68700345F1BF3B0A9BA7FE33513DFA3215C,MD5=F063AD78802BAE3DF61B336824282A65,SHA256=588CFBFC1E9D441D16228EBED5B92AF07963AD295446680E81BFDFCA75A20B40,IMPHASH=938E7EF741C79C98B2F57128B2F6C3CB","UtcTime":"2020-10-19 07:30:46.275","ProcessGuid":"{39e4a257-40a6-5f8d-a005-000000000700}","Image":"C:\\Users\\wardog\\Downloads\\PSTools\\PsExec.exe","ImageLoaded":"C:\\Windows\\SysWOW64\\sechost.dll","EventID":7,"Channel":"Microsoft-Windows-Sysmon/Operational","Task":"7","RuleName":"-","FileVersion":"10.0.18362.959 (WinBuild.160101.0800)","Message":"Image loaded:\r\nRuleName: -\r\nUtcTime: 2020-10-19 07:30:46.275\r\nProcessGuid: {39e4a257-40a6-5f8d-a005-000000000700}\r\nProcessId: 7256\r\nImage: C:\\Users\\wardog\\Downloads\\PSTools\\PsExec.exe\r\nImageLoaded: C:\\Windows\\SysWOW64\\sechost.dll\r\nFileVersion: 10.0.18362.959 (WinBuild.160101.0800)\r\nDescription: Host for SCM/SDDL/LSA Lookup APIs\r\nProduct: Microsoft Windows Operating System\r\nCompany: Microsoft Corporation\r\nOriginalFileName: sechost.dll\r\nHashes: SHA1=5B9EF68700345F1BF3B0A9BA7FE33513DFA3215C,MD5=F063AD78802BAE3DF61B336824282A65,SHA256=588CFBFC1E9D441D16228EBED5B92AF07963AD295446680E81BFDFCA75A20B40,IMPHASH=938E7EF741C79C98B2F57128B2F6C3CB\r\nSigned: true\r\nSignature: Microsoft Windows\r\nSignatureStatus: Valid","Hostname":"WORKSTATION5","ProcessId":"7256","Description":"Host for SCM/SDDL/LSA Lookup APIs","Company":"Microsoft Corporation","Signed":"true","OriginalFileName":"sechost.dll"}
{"TimeCreated":"2020-10-19 03:30:46.297","SourceName":"Microsoft-Windows-Sysmon","SignatureStatus":"Valid","Signature":"Microsoft Windows","Product":"Microsoft Windows Operating System","Hashes":"SHA1=B47A20174D1DAB0E2901C42BFBED251BE633280C,MD5=14C8B0D022CDD56939E5385CBCAB60A6,SHA256=A80846377F8E6BAAD467F4B0064CF929CF51629BAAF47044B7CB3F3C4E627476,IMPHASH=C3F466EF7F4926CB29A80701AE643FD4","UtcTime":"2020-10-19 07:30:46.275","ProcessGuid":"{39e4a257-40a6-5f8d-a005-000000000700}","Image":"C:\\Users\\wardog\\Downloads\\PSTools\\PsExec.exe","ImageLoaded":"C:\\Windows\\SysWOW64\\msvcrt.dll","EventID":7,"Channel":"Microsoft-Windows-Sysmon/Operational","Task":"7","RuleName":"-","FileVersion":"7.0.18362.1 (WinBuild.160101.0800)","Message":"Image loaded:\r\nRuleName: -\r\nUtcTime: 2020-10-19 07:30:46.275\r\nProcessGuid: {39e4a257-40a6-5f8d-a005-000000000700}\r\nProcessId: 7256\r\nImage: C:\\Users\\wardog\\Downloads\\PSTools\\PsExec.exe\r\nImageLoaded: C:\\Windows\\SysWOW64\\msvcrt.dll\r\nFileVersion: 7.0.18362.1 (WinBuild.160101.0800)\r\nDescription: Windows NT CRT DLL\r\nProduct: Microsoft Windows Operating System\r\nCompany: Microsoft Corporation\r\nOriginalFileName: msvcrt.dll\r\nHashes: SHA1=B47A20174D1DAB0E2901C42BFBED251BE633280C,MD5=14C8B0D022CDD56939E5385CBCAB60A6,SHA256=A80846377F8E6BAAD467F4B0064CF929CF51629BAAF47044B7CB3F3C4E627476,IMPHASH=C3F466EF7F4926CB29A80701AE643FD4\r\nSigned: true\r\nSignature: Microsoft Windows\r\nSignatureStatus: Valid","Hostname":"WORKSTATION5","ProcessId":"7256","Description":"Windows NT CRT DLL","Company":"Microsoft Corporation","Signed":"true","OriginalFileName":"msvcrt.dll"}
{"TimeCreated":"2020-10-19 03:30:46.298","SourceName":"Microsoft-Windows-Sysmon","SignatureStatus":"Valid","Signature":"Microsoft Windows","Product":"Microsoft Windows Operating System","Hashes":"SHA1=AEADF8C9E0567B49B3B7823B26CBC6ADD719A8AC,MD5=1B4F96A19DC61E5635C39FAC81BEA2F6,SHA256=B5C3B95CB76E29D65BF65182C963369D466087884D804ED475578EBF7741559A,IMPHASH=59AEF02DD749E208002284C86CABC7BD","UtcTime":"2020-10-19 07:30:46.291","ProcessGuid":"{39e4a257-40a6-5f8d-a005-000000000700}","Image":"C:\\Users\\wardog\\Downloads\\PSTools\\PsExec.exe","ImageLoaded":"C:\\Windows\\SysWOW64\\combase.dll","EventID":7,"Channel":"Microsoft-Windows-Sysmon/Operational","Task":"7","RuleName":"-","FileVersion":"10.0.18362.1139 (WinBuild.160101.0800)","Message":"Image loaded:\r\nRuleName: -\r\nUtcTime: 2020-10-19 07:30:46.291\r\nProcessGuid: {39e4a257-40a6-5f8d-a005-000000000700}\r\nProcessId: 7256\r\nImage: C:\\Users\\wardog\\Downloads\\PSTools\\PsExec.exe\r\nImageLoaded: C:\\Windows\\SysWOW64\\combase.dll\r\nFileVersion: 10.0.18362.1139 (WinBuild.160101.0800)\r\nDescription: Microsoft COM for Windows\r\nProduct: Microsoft Windows Operating System\r\nCompany: Microsoft Corporation\r\nOriginalFileName: COMBASE.DLL\r\nHashes: SHA1=AEADF8C9E0567B49B3B7823B26CBC6ADD719A8AC,MD5=1B4F96A19DC61E5635C39FAC81BEA2F6,SHA256=B5C3B95CB76E29D65BF65182C963369D466087884D804ED475578EBF7741559A,IMPHASH=59AEF02DD749E208002284C86CABC7BD\r\nSigned: true\r\nSignature: Microsoft Windows\r\nSignatureStatus: Valid","Hostname":"WORKSTATION5","ProcessId":"7256","Description":"Microsoft COM for Windows","Company":"Microsoft Corporation","Signed":"true","OriginalFileName":"COMBASE.DLL"}
{"TimeCreated":"2020-10-19 03:30:46.299","SourceName":"Microsoft-Windows-Sysmon","SignatureStatus":"Valid","Signature":"Microsoft Windows","Product":"Microsoft Windows Operating System","Hashes":"SHA1=EE1CD03129E6A00ED5AAF31E2C36B7F4356AE0EF,MD5=CC3BF1319F2EF9C9718735BDBD2441A9,SHA256=50825771D83ED274C814961C7D84E124539821F647F71C8A60B620A3008A1605,IMPHASH=D39A7129E74D69DDB0535724BD6037B5","UtcTime":"2020-10-19 07:30:46.291","ProcessGuid":"{39e4a257-40a6-5f8d-a005-000000000700}","Image":"C:\\Users\\wardog\\Downloads\\PSTools\\PsExec.exe","ImageLoaded":"C:\\Windows\\SysWOW64\\ucrtbase.dll","EventID":7,"Channel":"Microsoft-Windows-Sysmon/Operational","Task":"7","RuleName":"-","FileVersion":"10.0.18362.1110 (WinBuild.160101.0800)","Message":"Image loaded:\r\nRuleName: -\r\nUtcTime: 2020-10-19 07:30:46.291\r\nProcessGuid: {39e4a257-40a6-5f8d-a005-000000000700}\r\nProcessId: 7256\r\nImage: C:\\Users\\wardog\\Downloads\\PSTools\\PsExec.exe\r\nImageLoaded: C:\\Windows\\SysWOW64\\ucrtbase.dll\r\nFileVersion: 10.0.18362.1110 (WinBuild.160101.0800)\r\nDescription: Microsoft C Runtime Library\r\nProduct: Microsoft Windows Operating System\r\nCompany: Microsoft Corporation\r\nOriginalFileName: ucrtbase.dll\r\nHashes: SHA1=EE1CD03129E6A00ED5AAF31E2C36B7F4356AE0EF,MD5=CC3BF1319F2EF9C9718735BDBD2441A9,SHA256=50825771D83ED274C814961C7D84E124539821F647F71C8A60B620A3008A1605,IMPHASH=D39A7129E74D69DDB0535724BD6037B5\r\nSigned: true\r\nSignature: Microsoft Windows\r\nSignatureStatus: Valid","Hostname":"WORKSTATION5","ProcessId":"7256","Description":"Microsoft C Runtime Library","Company":"Microsoft Corporation","Signed":"true","OriginalFileName":"ucrtbase.dll"}
{"TimeCreated":"2020-10-19 03:30:46.301","SourceName":"Microsoft-Windows-Sysmon","SignatureStatus":"Valid","Signature":"Microsoft Windows","Product":"Microsoft Windows Operating System","Hashes":"SHA1=02A14BF4D4155F7AE33F7E7E892DF6381027BC3E,MD5=EE843EF37CA79C8C60A0261999411CA6,SHA256=49BB936A3DFAFDCCD2DEE5AC65FB936CF3E44B09A71CB4B7D3DC599F9D1CE241,IMPHASH=FC723BFB16384B9A9334F645E7850B95","UtcTime":"2020-10-19 07:30:46.291","ProcessGuid":"{39e4a257-40a6-5f8d-a005-000000000700}","Image":"C:\\Users\\wardog\\Downloads\\PSTools\\PsExec.exe","ImageLoaded":"C:\\Windows\\SysWOW64\\user32.dll","EventID":7,"Channel":"Microsoft-Windows-Sysmon/Operational","Task":"7","RuleName":"-","FileVersion":"10.0.18362.1110 (WinBuild.160101.0800)","Message":"Image loaded:\r\nRuleName: -\r\nUtcTime: 2020-10-19 07:30:46.291\r\nProcessGuid: {39e4a257-40a6-5f8d-a005-000000000700}\r\nProcessId: 7256\r\nImage: C:\\Users\\wardog\\Downloads\\PSTools\\PsExec.exe\r\nImageLoaded: C:\\Windows\\SysWOW64\\user32.dll\r\nFileVersion: 10.0.18362.1110 (WinBuild.160101.0800)\r\nDescription: Multi-User Windows USER API Client DLL\r\nProduct: Microsoft Windows Operating System\r\nCompany: Microsoft Corporation\r\nOriginalFileName: user32\r\nHashes: SHA1=02A14BF4D4155F7AE33F7E7E892DF6381027BC3E,MD5=EE843EF37CA79C8C60A0261999411CA6,SHA256=49BB936A3DFAFDCCD2DEE5AC65FB936CF3E44B09A71CB4B7D3DC599F9D1CE241,IMPHASH=FC723BFB16384B9A9334F645E7850B95\r\nSigned: true\r\nSignature: Microsoft Windows\r\nSignatureStatus: Valid","Hostname":"WORKSTATION5","ProcessId":"7256","Description":"Multi-User Windows USER API Client DLL","Company":"Microsoft Corporation","Signed":"true","OriginalFileName":"user32"}
{"TimeCreated":"2020-10-19 03:30:46.302","SourceName":"Microsoft-Windows-Sysmon","SignatureStatus":"Valid","Signature":"Microsoft Windows","Product":"Microsoft Windows Operating System","Hashes":"SHA1=7489A8FD9802E8DD2DDB18321F4160593E36298B,MD5=6A1994B132643694370EB3B22C55CED6,SHA256=C457B801357DA943113B6538F81247115333413B911DE85361DCCC1C67925957,IMPHASH=F90598E2C2C3D60BE3066398B6CC6617","UtcTime":"2020-10-19 07:30:46.275","ProcessGuid":"{39e4a257-40a6-5f8d-a005-000000000700}","Image":"C:\\Users\\wardog\\Downloads\\PSTools\\PsExec.exe","ImageLoaded":"C:\\Windows\\SysWOW64\\netapi32.dll","EventID":7,"Channel":"Microsoft-Windows-Sysmon/Operational","Task":"7","RuleName":"-","FileVersion":"10.0.18362.1 (WinBuild.160101.0800)","Message":"Image loaded:\r\nRuleName: -\r\nUtcTime: 2020-10-19 07:30:46.275\r\nProcessGuid: {39e4a257-40a6-5f8d-a005-000000000700}\r\nProcessId: 7256\r\nImage: C:\\Users\\wardog\\Downloads\\PSTools\\PsExec.exe\r\nImageLoaded: C:\\Windows\\SysWOW64\\netapi32.dll\r\nFileVersion: 10.0.18362.1 (WinBuild.160101.0800)\r\nDescription: Net Win32 API DLL\r\nProduct: Microsoft Windows Operating System\r\nCompany: Microsoft Corporation\r\nOriginalFileName: NetApi32.DLL\r\nHashes: SHA1=7489A8FD9802E8DD2DDB18321F4160593E36298B,MD5=6A1994B132643694370EB3B22C55CED6,SHA256=C457B801357DA943113B6538F81247115333413B911DE85361DCCC1C67925957,IMPHASH=F90598E2C2C3D60BE3066398B6CC6617\r\nSigned: true\r\nSignature: Microsoft Windows\r\nSignatureStatus: Valid","Hostname":"WORKSTATION5","ProcessId":"7256","Description":"Net Win32 API DLL","Company":"Microsoft Corporation","Signed":"true","OriginalFileName":"NetApi32.DLL"}
{"TimeCreated":"2020-10-19 03:30:46.302","SourceName":"Microsoft-Windows-Sysmon","SignatureStatus":"Valid","Signature":"Microsoft Windows","Product":"Microsoft Windows Operating System","Hashes":"SHA1=F7BA334AC244614685B5A36803369A5AD96382B2,MD5=88A4DB6ADEE9BBF5327C1F0CA88DDAAC,SHA256=BE06FB98E81DCB503F3E79355DE8569FD8A6B485CDFE3421E7D3AB4236B9F7AD,IMPHASH=5D2578ED274AAD83C30A3917C98404EE","UtcTime":"2020-10-19 07:30:46.291","ProcessGuid":"{39e4a257-40a6-5f8d-a005-000000000700}","Image":"C:\\Users\\wardog\\Downloads\\PSTools\\PsExec.exe","ImageLoaded":"C:\\Windows\\SysWOW64\\win32u.dll","EventID":7,"Channel":"Microsoft-Windows-Sysmon/Operational","Task":"7","RuleName":"-","FileVersion":"10.0.18362.1139 (WinBuild.160101.0800)","Message":"Image loaded:\r\nRuleName: -\r\nUtcTime: 2020-10-19 07:30:46.291\r\nProcessGuid: {39e4a257-40a6-5f8d-a005-000000000700}\r\nProcessId: 7256\r\nImage: C:\\Users\\wardog\\Downloads\\PSTools\\PsExec.exe\r\nImageLoaded: C:\\Windows\\SysWOW64\\win32u.dll\r\nFileVersion: 10.0.18362.1139 (WinBuild.160101.0800)\r\nDescription: Win32u\r\nProduct: Microsoft Windows Operating System\r\nCompany: Microsoft Corporation\r\nOriginalFileName: Win32u.DLL\r\nHashes: SHA1=F7BA334AC244614685B5A36803369A5AD96382B2,MD5=88A4DB6ADEE9BBF5327C1F0CA88DDAAC,SHA256=BE06FB98E81DCB503F3E79355DE8569FD8A6B485CDFE3421E7D3AB4236B9F7AD,IMPHASH=5D2578ED274AAD83C30A3917C98404EE\r\nSigned: true\r\nSignature: Microsoft Windows\r\nSignatureStatus: Valid","Hostname":"WORKSTATION5","ProcessId":"7256","Description":"Win32u","Company":"Microsoft Corporation","Signed":"true","OriginalFileName":"Win32u.DLL"}
{"TimeCreated":"2020-10-19 03:30:46.303","SourceName":"Microsoft-Windows-Sysmon","SignatureStatus":"Valid","Signature":"Microsoft Windows","Product":"Microsoft Windows Operating System","Hashes":"SHA1=58E8EDFB95889E9FBC59CC88FB832295953BA448,MD5=4E7FBE38E5A7B6054DC7C33C62B87651,SHA256=FA239E1F8B6883FFBB78F207B1D24BAF705876373EE416052D035021626E2E4B,IMPHASH=432434C9094663328A41BF9173E2051D","UtcTime":"2020-10-19 07:30:46.291","ProcessGuid":"{39e4a257-40a6-5f8d-a005-000000000700}","Image":"C:\\Users\\wardog\\Downloads\\PSTools\\PsExec.exe","ImageLoaded":"C:\\Windows\\SysWOW64\\gdi32.dll","EventID":7,"Channel":"Microsoft-Windows-Sysmon/Operational","Task":"7","RuleName":"-","FileVersion":"10.0.18362.1 (WinBuild.160101.0800)","Message":"Image loaded:\r\nRuleName: -\r\nUtcTime: 2020-10-19 07:30:46.291\r\nProcessGuid: {39e4a257-40a6-5f8d-a005-000000000700}\r\nProcessId: 7256\r\nImage: C:\\Users\\wardog\\Downloads\\PSTools\\PsExec.exe\r\nImageLoaded: C:\\Windows\\SysWOW64\\gdi32.dll\r\nFileVersion: 10.0.18362.1 (WinBuild.160101.0800)\r\nDescription: GDI Client DLL\r\nProduct: Microsoft Windows Operating System\r\nCompany: Microsoft Corporation\r\nOriginalFileName: gdi32\r\nHashes: SHA1=58E8EDFB95889E9FBC59CC88FB832295953BA448,MD5=4E7FBE38E5A7B6054DC7C33C62B87651,SHA256=FA239E1F8B6883FFBB78F207B1D24BAF705876373EE416052D035021626E2E4B,IMPHASH=432434C9094663328A41BF9173E2051D\r\nSigned: true\r\nSignature: Microsoft Windows\r\nSignatureStatus: Valid","Hostname":"WORKSTATION5","ProcessId":"7256","Description":"GDI Client DLL","Company":"Microsoft Corporation","Signed":"true","OriginalFileName":"gdi32"}
{"TimeCreated":"2020-10-19 03:30:46.304","SourceName":"Microsoft-Windows-Sysmon","SignatureStatus":"Valid","Signature":"Microsoft Windows","Product":"Microsoft Windows Operating System","Hashes":"SHA1=3E8B754E615ECF2951E5D47A51666E424CC8BE91,MD5=0BD0181724E747F7A37F22EDB3453F78,SHA256=8B9C82EBC4B74FB89F452A05E71BBD8A4376BB1191AE4FCD87CC4FBBA14E1DEF,IMPHASH=7D2516EC862880B252427B7A60C91254","UtcTime":"2020-10-19 07:30:46.291","ProcessGuid":"{39e4a257-40a6-5f8d-a005-000000000700}","Image":"C:\\Users\\wardog\\Downloads\\PSTools\\PsExec.exe","ImageLoaded":"C:\\Windows\\SysWOW64\\gdi32full.dll","EventID":7,"Channel":"Microsoft-Windows-Sysmon/Operational","Task":"7","RuleName":"-","FileVersion":"10.0.18362.1139 (WinBuild.160101.0800)","Message":"Image loaded:\r\nRuleName: -\r\nUtcTime: 2020-10-19 07:30:46.291\r\nProcessGuid: {39e4a257-40a6-5f8d-a005-000000000700}\r\nProcessId: 7256\r\nImage: C:\\Users\\wardog\\Downloads\\PSTools\\PsExec.exe\r\nImageLoaded: C:\\Windows\\SysWOW64\\gdi32full.dll\r\nFileVersion: 10.0.18362.1139 (WinBuild.160101.0800)\r\nDescription: GDI Client DLL\r\nProduct: Microsoft Windows Operating System\r\nCompany: Microsoft Corporation\r\nOriginalFileName: gdi32\r\nHashes: SHA1=3E8B754E615ECF2951E5D47A51666E424CC8BE91,MD5=0BD0181724E747F7A37F22EDB3453F78,SHA256=8B9C82EBC4B74FB89F452A05E71BBD8A4376BB1191AE4FCD87CC4FBBA14E1DEF,IMPHASH=7D2516EC862880B252427B7A60C91254\r\nSigned: true\r\nSignature: Microsoft Windows\r\nSignatureStatus: Valid","Hostname":"WORKSTATION5","ProcessId":"7256","Description":"GDI Client DLL","Company":"Microsoft Corporation","Signed":"true","OriginalFileName":"gdi32"}
{"TimeCreated":"2020-10-19 03:30:46.305","SourceName":"Microsoft-Windows-Sysmon","SignatureStatus":"Valid","Signature":"Microsoft Windows","Product":"Microsoft Windows Operating System","Hashes":"SHA1=85A1BB9B7B719FADCF0EE8D7F63D053F9FCB1BD5,MD5=1F132C76A07ADC8A41B6F9859323E0E0,SHA256=A6DDBC4954687B359C4B1BC7105647828ED9C6C34FBA89C395806EA2420DBB2F,IMPHASH=11BA8F984C80EB875604C1380B72A4D6","UtcTime":"2020-10-19 07:30:46.291","ProcessGuid":"{39e4a257-40a6-5f8d-a005-000000000700}","Image":"C:\\Users\\wardog\\Downloads\\PSTools\\PsExec.exe","ImageLoaded":"C:\\Windows\\SysWOW64\\msvcp_win.dll","EventID":7,"Channel":"Microsoft-Windows-Sysmon/Operational","Task":"7","RuleName":"-","FileVersion":"10.0.18362.1110 (WinBuild.160101.0800)","Message":"Image loaded:\r\nRuleName: -\r\nUtcTime: 2020-10-19 07:30:46.291\r\nProcessGuid: {39e4a257-40a6-5f8d-a005-000000000700}\r\nProcessId: 7256\r\nImage: C:\\Users\\wardog\\Downloads\\PSTools\\PsExec.exe\r\nImageLoaded: C:\\Windows\\SysWOW64\\msvcp_win.dll\r\nFileVersion: 10.0.18362.1110 (WinBuild.160101.0800)\r\nDescription: Microsoft C Runtime Library\r\nProduct: Microsoft Windows Operating System\r\nCompany: Microsoft Corporation\r\nOriginalFileName: msvcp_win.dll\r\nHashes: SHA1=85A1BB9B7B719FADCF0EE8D7F63D053F9FCB1BD5,MD5=1F132C76A07ADC8A41B6F9859323E0E0,SHA256=A6DDBC4954687B359C4B1BC7105647828ED9C6C34FBA89C395806EA2420DBB2F,IMPHASH=11BA8F984C80EB875604C1380B72A4D6\r\nSigned: true\r\nSignature: Microsoft Windows\r\nSignatureStatus: Valid","Hostname":"WORKSTATION5","ProcessId":"7256","Description":"Microsoft C Runtime Library","Company":"Microsoft Corporation","Signed":"true","OriginalFileName":"msvcp_win.dll"}
{"TimeCreated":"2020-10-19 03:30:46.307","SourceName":"Microsoft-Windows-Sysmon","SignatureStatus":"Valid","Signature":"Microsoft Windows","Product":"Microsoft Windows Operating System","Hashes":"SHA1=C3F2589CA410376CDABEECB24577D3FA7B20228C,MD5=D6DEB50F228A1BF24431FA661EA00F09,SHA256=5F848B38E98E6246A071F54C96DC7946A99ED520D98EDA9F4A643A52624E3EFC,IMPHASH=F51EBE71B9EFFBE2A12991C948220F37","UtcTime":"2020-10-19 07:30:46.291","ProcessGuid":"{39e4a257-40a6-5f8d-a005-000000000700}","Image":"C:\\Users\\wardog\\Downloads\\PSTools\\PsExec.exe","ImageLoaded":"C:\\Windows\\SysWOW64\\shell32.dll","EventID":7,"Channel":"Microsoft-Windows-Sysmon/Operational","Task":"7","RuleName":"-","FileVersion":"10.0.18362.1110 (WinBuild.160101.0800)","Message":"Image loaded:\r\nRuleName: -\r\nUtcTime: 2020-10-19 07:30:46.291\r\nProcessGuid: {39e4a257-40a6-5f8d-a005-000000000700}\r\nProcessId: 7256\r\nImage: C:\\Users\\wardog\\Downloads\\PSTools\\PsExec.exe\r\nImageLoaded: C:\\Windows\\SysWOW64\\shell32.dll\r\nFileVersion: 10.0.18362.1110 (WinBuild.160101.0800)\r\nDescription: Windows Shell Common Dll\r\nProduct: Microsoft Windows Operating System\r\nCompany: Microsoft Corporation\r\nOriginalFileName: SHELL32.DLL\r\nHashes: SHA1=C3F2589CA410376CDABEECB24577D3FA7B20228C,MD5=D6DEB50F228A1BF24431FA661EA00F09,SHA256=5F848B38E98E6246A071F54C96DC7946A99ED520D98EDA9F4A643A52624E3EFC,IMPHASH=F51EBE71B9EFFBE2A12991C948220F37\r\nSigned: true\r\nSignature: Microsoft Windows\r\nSignatureStatus: Valid","Hostname":"WORKSTATION5","ProcessId":"7256","Description":"Windows Shell Common Dll","Company":"Microsoft Corporation","Signed":"true","OriginalFileName":"SHELL32.DLL"}
{"TimeCreated":"2020-10-19 03:30:46.310","SourceName":"Microsoft-Windows-Sysmon","SignatureStatus":"Valid","Signature":"Microsoft Windows","Product":"Microsoft Windows Operating System","Hashes":"SHA1=9054404E2881F36FCD5E7A1C0DAEBE14830FF7C8,MD5=841C70EA9D2F8ED3E82E901E6558E206,SHA256=3B533B1A2EAB02AE6DD3C04C3E57FBA672AA8869ECEC79B931565D99E2B28589,IMPHASH=5E28AC6B585A9284F51A788AC518317C","UtcTime":"2020-10-19 07:30:46.306","ProcessGuid":"{39e4a257-40a6-5f8d-a005-000000000700}","Image":"C:\\Users\\wardog\\Downloads\\PSTools\\PsExec.exe","ImageLoaded":"C:\\Windows\\SysWOW64\\advapi32.dll","EventID":7,"Channel":"Microsoft-Windows-Sysmon/Operational","Task":"7","RuleName":"-","FileVersion":"10.0.18362.752 (WinBuild.160101.0800)","Message":"Image loaded:\r\nRuleName: -\r\nUtcTime: 2020-10-19 07:30:46.306\r\nProcessGuid: {39e4a257-40a6-5f8d-a005-000000000700}\r\nProcessId: 7256\r\nImage: C:\\Users\\wardog\\Downloads\\PSTools\\PsExec.exe\r\nImageLoaded: C:\\Windows\\SysWOW64\\advapi32.dll\r\nFileVersion: 10.0.18362.752 (WinBuild.160101.0800)\r\nDescription: Advanced Windows 32 Base API\r\nProduct: Microsoft Windows Operating System\r\nCompany: Microsoft Corporation\r\nOriginalFileName: advapi32.dll\r\nHashes: SHA1=9054404E2881F36FCD5E7A1C0DAEBE14830FF7C8,MD5=841C70EA9D2F8ED3E82E901E6558E206,SHA256=3B533B1A2EAB02AE6DD3C04C3E57FBA672AA8869ECEC79B931565D99E2B28589,IMPHASH=5E28AC6B585A9284F51A788AC518317C\r\nSigned: true\r\nSignature: Microsoft Windows\r\nSignatureStatus: Valid","Hostname":"WORKSTATION5","ProcessId":"7256","Description":"Advanced Windows 32 Base API","Company":"Microsoft Corporation","Signed":"true","OriginalFileName":"advapi32.dll"}
{"TimeCreated":"2020-10-19 03:30:46.324","SourceName":"Microsoft-Windows-Sysmon","SignatureStatus":"Valid","Signature":"Microsoft Windows","Product":"Microsoft Windows Operating System","Hashes":"SHA1=A0BF69C99B7F3A7E2AF630B411945B6A55A3EDA0,MD5=CD0FD8A767EC4F1E177DB2B77001E16A,SHA256=033EDBC7A032E745EAD8C924417234CF3A4CD27AEFC474CC1A79A2426FEB15FB,IMPHASH=C54E88E35A24F5BA0A76FE0038B038A7","UtcTime":"2020-10-19 07:30:46.322","ProcessGuid":"{39e4a257-40a6-5f8d-a005-000000000700}","Image":"C:\\Users\\wardog\\Downloads\\PSTools\\PsExec.exe","ImageLoaded":"C:\\Windows\\SysWOW64\\cryptsp.dll","EventID":7,"Channel":"Microsoft-Windows-Sysmon/Operational","Task":"7","RuleName":"-","FileVersion":"10.0.18362.1 (WinBuild.160101.0800)","Message":"Image loaded:\r\nRuleName: -\r\nUtcTime: 2020-10-19 07:30:46.322\r\nProcessGuid: {39e4a257-40a6-5f8d-a005-000000000700}\r\nProcessId: 7256\r\nImage: C:\\Users\\wardog\\Downloads\\PSTools\\PsExec.exe\r\nImageLoaded: C:\\Windows\\SysWOW64\\cryptsp.dll\r\nFileVersion: 10.0.18362.1 (WinBuild.160101.0800)\r\nDescription: Cryptographic Service Provider API\r\nProduct: Microsoft Windows Operating System\r\nCompany: Microsoft Corporation\r\nOriginalFileName: cryptsp.dll\r\nHashes: SHA1=A0BF69C99B7F3A7E2AF630B411945B6A55A3EDA0,MD5=CD0FD8A767EC4F1E177DB2B77001E16A,SHA256=033EDBC7A032E745EAD8C924417234CF3A4CD27AEFC474CC1A79A2426FEB15FB,IMPHASH=C54E88E35A24F5BA0A76FE0038B038A7\r\nSigned: true\r\nSignature: Microsoft Windows\r\nSignatureStatus: Valid","Hostname":"WORKSTATION5","ProcessId":"7256","Description":"Cryptographic Service Provider API","Company":"Microsoft Corporation","Signed":"true","OriginalFileName":"cryptsp.dll"}
