{"TimeCreated":"2020-10-19 03:30:46.328","SourceName":"Microsoft-Windows-Sysmon","SignatureStatus":"Valid","Signature":"Microsoft Windows","Product":"Microsoft Windows Operating System","Hashes":"SHA1=422D0ADF4F55C8F6D9FE79772B95F4B5F9134BEA,MD5=2EE31D4BA709ADB0F636732D4C13FA32,SHA256=0CDAABA247CF359C027CC913CC11ADAF0EDE36071B0076A56CCBE648B063770B,IMPHASH=C1E854314E79A0CF18862C13485C75D3","UtcTime":"2020-10-19 07:30:46.291","ProcessGuid":"{39e4a257-40a6-5f8d-a005-000000000700}","Image":"C:\\Users\\wardog\\Downloads\\PSTools\\PsExec.exe","ImageLoaded":"C:\\Windows\\SysWOW64\\comdlg32.dll","EventID":7,"Channel":"Microsoft-Windows-Sysmon/Operational","Task":"7","RuleName":"-","FileVersion":"10.0.18362.900 (WinBuild.160101.0800)","Message":"Image loaded:\r\nRuleName: -\r\nUtcTime: 2020-10-19 07:30:46.291\r\nProcessGuid: {39e4a257-40a6-5f8d-a005-000000000700}\r\nProcessId: 7256\r\nImage: C:\\Users\\wardog\\Downloads\\PSTools\\PsExec.exe\r\nImageLoaded: C:\\Windows\\SysWOW64\\comdlg32.dll\r\nFileVersion: 10.0.18362.900 (WinBuild.160101.0800)\r\nDescription: Common Dialogs DLL\r\nProduct: Microsoft Windows Operating System\r\nCompany: Microsoft Corporation\r\nOriginalFileName: comdlg32.dll\r\nHashes: SHA1=422D0ADF4F55C8F6D9FE79772B95F4B5F9134BEA,MD5=2EE31D4BA709ADB0F636732D4C13FA32,SHA256=0CDAABA247CF359C027CC913CC11ADAF0EDE36071B0076A56CCBE648B063770B,IMPHASH=C1E854314E79A0CF18862C13485C75D3\r\nSigned: true\r\nSignature: Microsoft Windows\r\nSignatureStatus: Valid","Hostname":"WORKSTATION5","ProcessId":"7256","Description":"Common Dialogs DLL","Company":"Microsoft Corporation","Signed":"true","OriginalFileName":"comdlg32.dll"}
{"TimeCreated":"2020-10-19 03:30:46.333","SourceName":"Microsoft-Windows-Sysmon","SignatureStatus":"Valid","Signature":"Microsoft Windows","Product":"Microsoft Windows Operating System","Hashes":"SHA1=0CA419DC69750BD56EEAC797151693F1CEA9DF43,MD5=24949EEC89B5C62985E9F9239D056B15,SHA256=49BC4C8EA4BB89EE6498774104647F27BFC9B5CC6C3BAF927B813B00558097CB,IMPHASH=0A59C266C86B725AFF2A51A9A37BF73C","UtcTime":"2020-10-19 07:30:46.322","ProcessGuid":"{39e4a257-40a6-5f8d-a005-000000000700}","Image":"C:\\Users\\wardog\\Downloads\\PSTools\\PsExec.exe","ImageLoaded":"C:\\Windows\\SysWOW64\\imm32.dll","EventID":7,"Channel":"Microsoft-Windows-Sysmon/Operational","Task":"7","RuleName":"-","FileVersion":"10.0.18362.387 (WinBuild.160101.0800)","Message":"Image loaded:\r\nRuleName: -\r\nUtcTime: 2020-10-19 07:30:46.322\r\nProcessGuid: {39e4a257-40a6-5f8d-a005-000000000700}\r\nProcessId: 7256\r\nImage: C:\\Users\\wardog\\Downloads\\PSTools\\PsExec.exe\r\nImageLoaded: C:\\Windows\\SysWOW64\\imm32.dll\r\nFileVersion: 10.0.18362.387 (WinBuild.160101.0800)\r\nDescription: Multi-User Windows IMM32 API Client DLL\r\nProduct: Microsoft Windows Operating System\r\nCompany: Microsoft Corporation\r\nOriginalFileName: imm32\r\nHashes: SHA1=0CA419DC69750BD56EEAC797151693F1CEA9DF43,MD5=24949EEC89B5C62985E9F9239D056B15,SHA256=49BC4C8EA4BB89EE6498774104647F27BFC9B5CC6C3BAF927B813B00558097CB,IMPHASH=0A59C266C86B725AFF2A51A9A37BF73C\r\nSigned: true\r\nSignature: Microsoft Windows\r\nSignatureStatus: Valid","Hostname":"WORKSTATION5","ProcessId":"7256","Description":"Multi-User Windows IMM32 API Client DLL","Company":"Microsoft Corporation","Signed":"true","OriginalFileName":"imm32"}
{"TimeCreated":"2020-10-19 03:30:46.337","SourceName":"Microsoft-Windows-Sysmon","UtcTime":"2020-10-19 07:30:46.322","ProcessGuid":"{39e4a257-40a6-5f8d-a005-000000000700}","Image":"C:\\Users\\wardog\\Downloads\\PSTools\\PsExec.exe","EventID":12,"Channel":"Microsoft-Windows-Sysmon/Operational","Task":"12","RuleName":"-","Message":"Registry object added or deleted:\r\nRuleName: -\r\nEventType: CreateKey\r\nUtcTime: 2020-10-19 07:30:46.322\r\nProcessGuid: {39e4a257-40a6-5f8d-a005-000000000700}\r\nProcessId: 7256\r\nImage: C:\\Users\\wardog\\Downloads\\PSTools\\PsExec.exe\r\nTargetObject: HKU\\S-1-5-21-3940915590-64593676-1414006259-500\\Software\\Sysinternals\\PsExec","Hostname":"WORKSTATION5","ProcessId":"7256","EventType":"CreateKey","TargetObject":"HKU\\S-1-5-21-3940915590-64593676-1414006259-500\\Software\\Sysinternals\\PsExec"}
{"TimeCreated":"2020-10-19 03:30:46.337","SourceName":"Microsoft-Windows-Sysmon","UtcTime":"2020-10-19 07:30:46.322","ProcessGuid":"{39e4a257-40a6-5f8d-a005-000000000700}","Image":"C:\\Users\\wardog\\Downloads\\PSTools\\PsExec.exe","EventID":13,"Channel":"Microsoft-Windows-Sysmon/Operational","Task":"13","RuleName":"-","Message":"Registry value set:\r\nRuleName: -\r\nEventType: SetValue\r\nUtcTime: 2020-10-19 07:30:46.322\r\nProcessGuid: {39e4a257-40a6-5f8d-a005-000000000700}\r\nProcessId: 7256\r\nImage: C:\\Users\\wardog\\Downloads\\PSTools\\PsExec.exe\r\nTargetObject: HKU\\S-1-5-21-3940915590-64593676-1414006259-500\\Software\\Sysinternals\\PsExec\\EulaAccepted\r\nDetails: DWORD (0x00000001)","Hostname":"WORKSTATION5","Details":"DWORD (0x00000001)","ProcessId":"7256","EventType":"SetValue","TargetObject":"HKU\\S-1-5-21-3940915590-64593676-1414006259-500\\Software\\Sysinternals\\PsExec\\EulaAccepted"}
{"TimeCreated":"2020-10-19 03:30:46.339","SourceName":"Microsoft-Windows-Sysmon","SignatureStatus":"Valid","Signature":"Microsoft Windows","Product":"Microsoft Windows Operating System","Hashes":"SHA1=9C5A12828E3562A032E0E0C03E58201B9F8F99AC,MD5=0A1477C381F7B895CCBEB697473D08EF,SHA256=08F6885A964AFB60C0B71B76894EA26F701D0DA93EA064CAE9B84747C2CC9230,IMPHASH=77B86DCA499080693AD84EF101B5EAC1","UtcTime":"2020-10-19 07:30:46.291","ProcessGuid":"{39e4a257-40a6-5f8d-a005-000000000700}","Image":"C:\\Users\\wardog\\Downloads\\PSTools\\PsExec.exe","ImageLoaded":"C:\\Windows\\SysWOW64\\SHCore.dll","EventID":7,"Channel":"Microsoft-Windows-Sysmon/Operational","Task":"7","RuleName":"-","FileVersion":"10.0.18362.959 (WinBuild.160101.0800)","Message":"Image loaded:\r\nRuleName: -\r\nUtcTime: 2020-10-19 07:30:46.291\r\nProcessGuid: {39e4a257-40a6-5f8d-a005-000000000700}\r\nProcessId: 7256\r\nImage: C:\\Users\\wardog\\Downloads\\PSTools\\PsExec.exe\r\nImageLoaded: C:\\Windows\\SysWOW64\\SHCore.dll\r\nFileVersion: 10.0.18362.959 (WinBuild.160101.0800)\r\nDescription: SHCORE\r\nProduct: Microsoft Windows Operating System\r\nCompany: Microsoft Corporation\r\nOriginalFileName: SHCORE.dll\r\nHashes: SHA1=9C5A12828E3562A032E0E0C03E58201B9F8F99AC,MD5=0A1477C381F7B895CCBEB697473D08EF,SHA256=08F6885A964AFB60C0B71B76894EA26F701D0DA93EA064CAE9B84747C2CC9230,IMPHASH=77B86DCA499080693AD84EF101B5EAC1\r\nSigned: true\r\nSignature: Microsoft Windows\r\nSignatureStatus: Valid","Hostname":"WORKSTATION5","ProcessId":"7256","Description":"SHCORE","Company":"Microsoft Corporation","Signed":"true","OriginalFileName":"SHCORE.dll"}
{"TimeCreated":"2020-10-19 03:30:46.350","SourceName":"Microsoft-Windows-Sysmon","SignatureStatus":"Valid","Signature":"Microsoft Windows","Product":"Microsoft Windows Operating System","Hashes":"SHA1=A422554DAF113081BAB0EF522B85A77B20121960,MD5=51A08192752EDFDD0BA99ADB7032A239,SHA256=8EB1D03DD3E18681CAD35F0D1E14874CABD200C345682D03AF1B724645C4EC8A,IMPHASH=62991C5390DFDF0C490A1211BBCA28E7","UtcTime":"2020-10-19 07:30:46.291","ProcessGuid":"{39e4a257-40a6-5f8d-a005-000000000700}","Image":"C:\\Users\\wardog\\Downloads\\PSTools\\PsExec.exe","ImageLoaded":"C:\\Windows\\SysWOW64\\shlwapi.dll","EventID":7,"Channel":"Microsoft-Windows-Sysmon/Operational","Task":"7","RuleName":"-","FileVersion":"10.0.18362.1 (WinBuild.160101.0800)","Message":"Image loaded:\r\nRuleName: -\r\nUtcTime: 2020-10-19 07:30:46.291\r\nProcessGuid: {39e4a257-40a6-5f8d-a005-000000000700}\r\nProcessId: 7256\r\nImage: C:\\Users\\wardog\\Downloads\\PSTools\\PsExec.exe\r\nImageLoaded: C:\\Windows\\SysWOW64\\shlwapi.dll\r\nFileVersion: 10.0.18362.1 (WinBuild.160101.0800)\r\nDescription: Shell Light-weight Utility Library\r\nProduct: Microsoft Windows Operating System\r\nCompany: Microsoft Corporation\r\nOriginalFileName: SHLWAPI.DLL\r\nHashes: SHA1=A422554DAF113081BAB0EF522B85A77B20121960,MD5=51A08192752EDFDD0BA99ADB7032A239,SHA256=8EB1D03DD3E18681CAD35F0D1E14874CABD200C345682D03AF1B724645C4EC8A,IMPHASH=62991C5390DFDF0C490A1211BBCA28E7\r\nSigned: true\r\nSignature: Microsoft Windows\r\nSignatureStatus: Valid","Hostname":"WORKSTATION5","ProcessId":"7256","Description":"Shell Light-weight Utility Library","Company":"Microsoft Corporation","Signed":"true","OriginalFileName":"SHLWAPI.DLL"}
{"TimeCreated":"2020-10-19 03:30:46.358","SourceName":"Microsoft-Windows-Sysmon","SignatureStatus":"Valid","Signature":"Microsoft Windows","Product":"Microsoft Windows Operating System","Hashes":"SHA1=17271A3850206ECDBA3C61150DC1E6F7EE6384DA,MD5=0BD3ECA7930403B3458D82802F1D8EE9,SHA256=5239F556FE82E3D5C467BD89E9F19875A37980E3C984EE5E14241F7DFCCFCE34,IMPHASH=DD04E22EE175FF91F1B2A6E9FA2B403B","UtcTime":"2020-10-19 07:30:46.306","ProcessGuid":"{39e4a257-40a6-5f8d-a005-000000000700}","Image":"C:\\Users\\wardog\\Downloads\\PSTools\\PsExec.exe","ImageLoaded":"C:\\Windows\\SysWOW64\\cfgmgr32.dll","EventID":7,"Channel":"Microsoft-Windows-Sysmon/Operational","Task":"7","RuleName":"-","FileVersion":"10.0.18362.387 (WinBuild.160101.0800)","Message":"Image loaded:\r\nRuleName: -\r\nUtcTime: 2020-10-19 07:30:46.306\r\nProcessGuid: {39e4a257-40a6-5f8d-a005-000000000700}\r\nProcessId: 7256\r\nImage: C:\\Users\\wardog\\Downloads\\PSTools\\PsExec.exe\r\nImageLoaded: C:\\Windows\\SysWOW64\\cfgmgr32.dll\r\nFileVersion: 10.0.18362.387 (WinBuild.160101.0800)\r\nDescription: Configuration Manager DLL\r\nProduct: Microsoft Windows Operating System\r\nCompany: Microsoft Corporation\r\nOriginalFileName: CFGMGR32.DLL\r\nHashes: SHA1=17271A3850206ECDBA3C61150DC1E6F7EE6384DA,MD5=0BD3ECA7930403B3458D82802F1D8EE9,SHA256=5239F556FE82E3D5C467BD89E9F19875A37980E3C984EE5E14241F7DFCCFCE34,IMPHASH=DD04E22EE175FF91F1B2A6E9FA2B403B\r\nSigned: true\r\nSignature: Microsoft Windows\r\nSignatureStatus: Valid","Hostname":"WORKSTATION5","ProcessId":"7256","Description":"Configuration Manager DLL","Company":"Microsoft Corporation","Signed":"true","OriginalFileName":"CFGMGR32.DLL"}
{"TimeCreated":"2020-10-19 03:30:46.374","SourceName":"Microsoft-Windows-Sysmon","SignatureStatus":"Valid","Signature":"Microsoft Windows","Product":"Microsoft Windows Operating System","Hashes":"SHA1=0C78841CE615F7F108E3AA53C67A75B98BF8B9F2,MD5=3D0A5A6BF0EB8CC00A441DCF88B3BFA8,SHA256=E4B929502A55B9B50126C2D18D911289C5939EF6AAC65FD5A1A8DD4A395D9930,IMPHASH=9F19B08BA92C5E2D2FFFC1B3724649DB","UtcTime":"2020-10-19 07:30:46.369","ProcessGuid":"{39e4a257-40a6-5f8d-a005-000000000700}","Image":"C:\\Users\\wardog\\Downloads\\PSTools\\PsExec.exe","ImageLoaded":"C:\\Windows\\SysWOW64\\nsi.dll","EventID":7,"Channel":"Microsoft-Windows-Sysmon/Operational","Task":"7","RuleName":"-","FileVersion":"10.0.18362.449 (WinBuild.160101.0800)","Message":"Image loaded:\r\nRuleName: -\r\nUtcTime: 2020-10-19 07:30:46.369\r\nProcessGuid: {39e4a257-40a6-5f8d-a005-000000000700}\r\nProcessId: 7256\r\nImage: C:\\Users\\wardog\\Downloads\\PSTools\\PsExec.exe\r\nImageLoaded: C:\\Windows\\SysWOW64\\nsi.dll\r\nFileVersion: 10.0.18362.449 (WinBuild.160101.0800)\r\nDescription: NSI User-mode interface DLL\r\nProduct: Microsoft Windows Operating System\r\nCompany: Microsoft Corporation\r\nOriginalFileName: nsi.dll\r\nHashes: SHA1=0C78841CE615F7F108E3AA53C67A75B98BF8B9F2,MD5=3D0A5A6BF0EB8CC00A441DCF88B3BFA8,SHA256=E4B929502A55B9B50126C2D18D911289C5939EF6AAC65FD5A1A8DD4A395D9930,IMPHASH=9F19B08BA92C5E2D2FFFC1B3724649DB\r\nSigned: true\r\nSignature: Microsoft Windows\r\nSignatureStatus: Valid","Hostname":"WORKSTATION5","ProcessId":"7256","Description":"NSI User-mode interface DLL","Company":"Microsoft Corporation","Signed":"true","OriginalFileName":"nsi.dll"}
{"TimeCreated":"2020-10-19 03:30:46.378","SourceName":"Microsoft-Windows-Sysmon","UtcTime":"2020-10-19 07:30:46.369","ProcessGuid":"{39e4a257-40a6-5f8d-a005-000000000700}","Image":"C:\\Users\\wardog\\Downloads\\PSTools\\PsExec.exe","EventID":12,"Channel":"Microsoft-Windows-Sysmon/Operational","Task":"12","RuleName":"-","Message":"Registry object added or deleted:\r\nRuleName: -\r\nEventType: CreateKey\r\nUtcTime: 2020-10-19 07:30:46.369\r\nProcessGuid: {39e4a257-40a6-5f8d-a005-000000000700}\r\nProcessId: 7256\r\nImage: C:\\Users\\wardog\\Downloads\\PSTools\\PsExec.exe\r\nTargetObject: HKLM\\System\\CurrentControlSet\\Services\\Tcpip\\Parameters","Hostname":"WORKSTATION5","ProcessId":"7256","EventType":"CreateKey","TargetObject":"HKLM\\System\\CurrentControlSet\\Services\\Tcpip\\Parameters"}
{"TimeCreated":"2020-10-19 03:30:46.378","SourceName":"Microsoft-Windows-Sysmon","UtcTime":"2020-10-19 07:30:46.369","ProcessGuid":"{39e4a257-40a6-5f8d-a005-000000000700}","Image":"C:\\Users\\wardog\\Downloads\\PSTools\\PsExec.exe","EventID":12,"Channel":"Microsoft-Windows-Sysmon/Operational","Task":"12","RuleName":"-","Message":"Registry object added or deleted:\r\nRuleName: -\r\nEventType: CreateKey\r\nUtcTime: 2020-10-19 07:30:46.369\r\nProcessGuid: {39e4a257-40a6-5f8d-a005-000000000700}\r\nProcessId: 7256\r\nImage: C:\\Users\\wardog\\Downloads\\PSTools\\PsExec.exe\r\nTargetObject: HKLM\\System\\CurrentControlSet\\Services\\Tcpip\\Parameters","Hostname":"WORKSTATION5","ProcessId":"7256","EventType":"CreateKey","TargetObject":"HKLM\\System\\CurrentControlSet\\Services\\Tcpip\\Parameters"}
{"TimeCreated":"2020-10-19 03:30:46.379","SourceName":"Microsoft-Windows-Sysmon","UtcTime":"2020-10-19 07:30:46.369","ProcessGuid":"{39e4a257-40a6-5f8d-a005-000000000700}","Image":"C:\\Users\\wardog\\Downloads\\PSTools\\PsExec.exe","EventID":12,"Channel":"Microsoft-Windows-Sysmon/Operational","Task":"12","RuleName":"-","Message":"Registry object added or deleted:\r\nRuleName: -\r\nEventType: CreateKey\r\nUtcTime: 2020-10-19 07:30:46.369\r\nProcessGuid: {39e4a257-40a6-5f8d-a005-000000000700}\r\nProcessId: 7256\r\nImage: C:\\Users\\wardog\\Downloads\\PSTools\\PsExec.exe\r\nTargetObject: HKLM\\System\\CurrentControlSet\\Services\\Tcpip\\Parameters","Hostname":"WORKSTATION5","ProcessId":"7256","EventType":"CreateKey","TargetObject":"HKLM\\System\\CurrentControlSet\\Services\\Tcpip\\Parameters"}
{"TimeCreated":"2020-10-19 03:30:46.388","SourceName":"Microsoft-Windows-Sysmon","UtcTime":"2020-10-19 07:30:46.384","ProcessGuid":"{39e4a257-40a6-5f8d-a005-000000000700}","Image":"C:\\Users\\wardog\\Downloads\\PSTools\\PsExec.exe","EventID":12,"Channel":"Microsoft-Windows-Sysmon/Operational","Task":"12","RuleName":"-","Message":"Registry object added or deleted:\r\nRuleName: -\r\nEventType: CreateKey\r\nUtcTime: 2020-10-19 07:30:46.384\r\nProcessGuid: {39e4a257-40a6-5f8d-a005-000000000700}\r\nProcessId: 7256\r\nImage: C:\\Users\\wardog\\Downloads\\PSTools\\PsExec.exe\r\nTargetObject: HKLM\\System\\CurrentControlSet\\Services\\Tcpip\\Parameters","Hostname":"WORKSTATION5","ProcessId":"7256","EventType":"CreateKey","TargetObject":"HKLM\\System\\CurrentControlSet\\Services\\Tcpip\\Parameters"}
{"TimeCreated":"2020-10-19 03:30:46.388","SourceName":"Microsoft-Windows-Sysmon","UtcTime":"2020-10-19 07:30:46.384","ProcessGuid":"{39e4a257-40a6-5f8d-a005-000000000700}","Image":"C:\\Users\\wardog\\Downloads\\PSTools\\PsExec.exe","EventID":12,"Channel":"Microsoft-Windows-Sysmon/Operational","Task":"12","RuleName":"-","Message":"Registry object added or deleted:\r\nRuleName: -\r\nEventType: CreateKey\r\nUtcTime: 2020-10-19 07:30:46.384\r\nProcessGuid: {39e4a257-40a6-5f8d-a005-000000000700}\r\nProcessId: 7256\r\nImage: C:\\Users\\wardog\\Downloads\\PSTools\\PsExec.exe\r\nTargetObject: HKLM\\System\\CurrentControlSet\\Services\\Tcpip\\Parameters","Hostname":"WORKSTATION5","ProcessId":"7256","EventType":"CreateKey","TargetObject":"HKLM\\System\\CurrentControlSet\\Services\\Tcpip\\Parameters"}
{"TimeCreated":"2020-10-19 03:30:46.388","SourceName":"Microsoft-Windows-Sysmon","UtcTime":"2020-10-19 07:30:46.384","ProcessGuid":"{39e4a257-40a6-5f8d-a005-000000000700}","Image":"C:\\Users\\wardog\\Downloads\\PSTools\\PsExec.exe","EventID":12,"Channel":"Microsoft-Windows-Sysmon/Operational","Task":"12","RuleName":"-","Message":"Registry object added or deleted:\r\nRuleName: -\r\nEventType: CreateKey\r\nUtcTime: 2020-10-19 07:30:46.384\r\nProcessGuid: {39e4a257-40a6-5f8d-a005-000000000700}\r\nProcessId: 7256\r\nImage: C:\\Users\\wardog\\Downloads\\PSTools\\PsExec.exe\r\nTargetObject: HKLM\\System\\CurrentControlSet\\Services\\Tcpip\\Parameters","Hostname":"WORKSTATION5","ProcessId":"7256","EventType":"CreateKey","TargetObject":"HKLM\\System\\CurrentControlSet\\Services\\Tcpip\\Parameters"}
{"TimeCreated":"2020-10-19 03:30:46.388","SourceName":"Microsoft-Windows-Sysmon","UtcTime":"2020-10-19 07:30:46.384","ProcessGuid":"{39e4a257-40a6-5f8d-a005-000000000700}","Image":"C:\\Users\\wardog\\Downloads\\PSTools\\PsExec.exe","EventID":12,"Channel":"Microsoft-Windows-Sysmon/Operational","Task":"12","RuleName":"-","Message":"Registry object added or deleted:\r\nRuleName: -\r\nEventType: CreateKey\r\nUtcTime: 2020-10-19 07:30:46.384\r\nProcessGuid: {39e4a257-40a6-5f8d-a005-000000000700}\r\nProcessId: 7256\r\nImage: C:\\Users\\wardog\\Downloads\\PSTools\\PsExec.exe\r\nTargetObject: HKLM\\System\\CurrentControlSet\\Services\\Tcpip\\Parameters","Hostname":"WORKSTATION5","ProcessId":"7256","EventType":"CreateKey","TargetObject":"HKLM\\System\\CurrentControlSet\\Services\\Tcpip\\Parameters"}
{"TimeCreated":"2020-10-19 03:30:46.402","SourceName":"Microsoft-Windows-Sysmon","SignatureStatus":"Valid","Signature":"Microsoft Windows","Product":"Microsoft Windows Operating System","Hashes":"SHA1=24560D41A0E9B5BC169507D8AD896CB0F5FECB11,MD5=84F7D008B8BCF9385E80713F4DADBC33,SHA256=5F90C8B2C1E075FFC50BA25373ED5F96D42FC3561B6F9D7CBAD6DF5F0F0ED406,IMPHASH=E8F9FAA6AA9DEED0DD11F4F891DC8B52","UtcTime":"2020-10-19 07:30:46.400","ProcessGuid":"{39e4a257-40a6-5f8d-a005-000000000700}","Image":"C:\\Users\\wardog\\Downloads\\PSTools\\PsExec.exe","ImageLoaded":"C:\\Windows\\SysWOW64\\bcrypt.dll","EventID":7,"Channel":"Microsoft-Windows-Sysmon/Operational","Task":"7","RuleName":"-","FileVersion":"10.0.18362.267 (WinBuild.160101.0800)","Message":"Image loaded:\r\nRuleName: -\r\nUtcTime: 2020-10-19 07:30:46.400\r\nProcessGuid: {39e4a257-40a6-5f8d-a005-000000000700}\r\nProcessId: 7256\r\nImage: C:\\Users\\wardog\\Downloads\\PSTools\\PsExec.exe\r\nImageLoaded: C:\\Windows\\SysWOW64\\bcrypt.dll\r\nFileVersion: 10.0.18362.267 (WinBuild.160101.0800)\r\nDescription: Windows Cryptographic Primitives Library (Wow64)\r\nProduct: Microsoft Windows Operating System\r\nCompany: Microsoft Corporation\r\nOriginalFileName: bcrypt.dll\r\nHashes: SHA1=24560D41A0E9B5BC169507D8AD896CB0F5FECB11,MD5=84F7D008B8BCF9385E80713F4DADBC33,SHA256=5F90C8B2C1E075FFC50BA25373ED5F96D42FC3561B6F9D7CBAD6DF5F0F0ED406,IMPHASH=E8F9FAA6AA9DEED0DD11F4F891DC8B52\r\nSigned: true\r\nSignature: Microsoft Windows\r\nSignatureStatus: Valid","Hostname":"WORKSTATION5","ProcessId":"7256","Description":"Windows Cryptographic Primitives Library (Wow64)","Company":"Microsoft Corporation","Signed":"true","OriginalFileName":"bcrypt.dll"}
{"TimeCreated":"2020-10-19 03:30:46.406","SourceName":"Microsoft-Windows-Sysmon","TargetFilename":"C:\\Windows\\PSEXESVC.exe","UtcTime":"2020-10-19 07:30:46.400","ProcessGuid":"{39e4a257-40a6-5f8d-a005-000000000700}","Image":"C:\\Users\\wardog\\Downloads\\PSTools\\PsExec.exe","CreationUtcTime":"2020-10-19 07:30:46.400","EventID":11,"Channel":"Microsoft-Windows-Sysmon/Operational","Task":"11","RuleName":"-","Message":"File created:\r\nRuleName: -\r\nUtcTime: 2020-10-19 07:30:46.400\r\nProcessGuid: {39e4a257-40a6-5f8d-a005-000000000700}\r\nProcessId: 7256\r\nImage: C:\\Users\\wardog\\Downloads\\PSTools\\PsExec.exe\r\nTargetFilename: C:\\Windows\\PSEXESVC.exe\r\nCreationUtcTime: 2020-10-19 07:30:46.400","Hostname":"WORKSTATION5","ProcessId":"7256"}
{"TimeCreated":"2020-10-19 03:30:46.412","SourceName":"Microsoft-Windows-Sysmon","SignatureStatus":"Valid","Signature":"Microsoft Windows","Product":"Microsoft Windows Operating System","Hashes":"SHA1=1F10D066A95E6295380E55EC5CB67C6E3B7D897A,MD5=5BBF8CC934E97DC1103B027136383987,SHA256=C589BC79CC5E6BA4D9DCE3045C184BC85D4926BC425D5A8369A91ABF2A1FD650,IMPHASH=BF9D05C675F8D70947F67B64297EF861","UtcTime":"2020-10-19 07:30:46.306","ProcessGuid":"{39e4a257-40a6-5f8d-a005-000000000700}","Image":"C:\\Users\\wardog\\Downloads\\PSTools\\PsExec.exe","ImageLoaded":"C:\\Windows\\SysWOW64\\windows.storage.dll","EventID":7,"Channel":"Microsoft-Windows-Sysmon/Operational","Task":"7","RuleName":"-","FileVersion":"10.0.18362.1082 (WinBuild.160101.0800)","Message":"Image loaded:\r\nRuleName: -\r\nUtcTime: 2020-10-19 07:30:46.306\r\nProcessGuid: {39e4a257-40a6-5f8d-a005-000000000700}\r\nProcessId: 7256\r\nImage: C:\\Users\\wardog\\Downloads\\PSTools\\PsExec.exe\r\nImageLoaded: C:\\Windows\\SysWOW64\\windows.storage.dll\r\nFileVersion: 10.0.18362.1082 (WinBuild.160101.0800)\r\nDescription: Microsoft WinRT Storage API\r\nProduct: Microsoft Windows Operating System\r\nCompany: Microsoft Corporation\r\nOriginalFileName: Windows.Storage.dll\r\nHashes: SHA1=1F10D066A95E6295380E55EC5CB67C6E3B7D897A,MD5=5BBF8CC934E97DC1103B027136383987,SHA256=C589BC79CC5E6BA4D9DCE3045C184BC85D4926BC425D5A8369A91ABF2A1FD650,IMPHASH=BF9D05C675F8D70947F67B64297EF861\r\nSigned: true\r\nSignature: Microsoft Windows\r\nSignatureStatus: Valid","Hostname":"WORKSTATION5","ProcessId":"7256","Description":"Microsoft WinRT Storage API","Company":"Microsoft Corporation","Signed":"true","OriginalFileName":"Windows.Storage.dll"}
{"TimeCreated":"2020-10-19 03:30:46.419","SourceName":"Microsoft-Windows-Sysmon","UtcTime":"2020-10-19 07:30:46.416","ProcessGuid":"{39e4a257-f131-5f8b-0b00-000000000700}","Image":"C:\\windows\\system32\\services.exe","EventID":12,"Channel":"Microsoft-Windows-Sysmon/Operational","Task":"12","RuleName":"-","Message":"Registry object added or deleted:\r\nRuleName: -\r\nEventType: CreateKey\r\nUtcTime: 2020-10-19 07:30:46.416\r\nProcessGuid: {39e4a257-f131-5f8b-0b00-000000000700}\r\nProcessId: 716\r\nImage: C:\\windows\\system32\\services.exe\r\nTargetObject: HKLM\\System\\CurrentControlSet\\Services\\PSEXESVC","Hostname":"WORKSTATION5","ProcessId":"716","EventType":"CreateKey","TargetObject":"HKLM\\System\\CurrentControlSet\\Services\\PSEXESVC"}
{"TimeCreated":"2020-10-19 03:30:46.419","SourceName":"Microsoft-Windows-Sysmon","UtcTime":"2020-10-19 07:30:46.416","ProcessGuid":"{39e4a257-f131-5f8b-0b00-000000000700}","Image":"C:\\windows\\system32\\services.exe","EventID":13,"Channel":"Microsoft-Windows-Sysmon/Operational","Task":"13","RuleName":"-","Message":"Registry value set:\r\nRuleName: -\r\nEventType: SetValue\r\nUtcTime: 2020-10-19 07:30:46.416\r\nProcessGuid: {39e4a257-f131-5f8b-0b00-000000000700}\r\nProcessId: 716\r\nImage: C:\\windows\\system32\\services.exe\r\nTargetObject: HKLM\\System\\CurrentControlSet\\Services\\PSEXESVC\\Type\r\nDetails: DWORD (0x00000010)","Hostname":"WORKSTATION5","Details":"DWORD (0x00000010)","ProcessId":"716","EventType":"SetValue","TargetObject":"HKLM\\System\\CurrentControlSet\\Services\\PSEXESVC\\Type"}
{"TimeCreated":"2020-10-19 03:30:46.419","SourceName":"Microsoft-Windows-Sysmon","UtcTime":"2020-10-19 07:30:46.416","ProcessGuid":"{39e4a257-f131-5f8b-0b00-000000000700}","Image":"C:\\windows\\system32\\services.exe","EventID":13,"Channel":"Microsoft-Windows-Sysmon/Operational","Task":"13","RuleName":"-","Message":"Registry value set:\r\nRuleName: -\r\nEventType: SetValue\r\nUtcTime: 2020-10-19 07:30:46.416\r\nProcessGuid: {39e4a257-f131-5f8b-0b00-000000000700}\r\nProcessId: 716\r\nImage: C:\\windows\\system32\\services.exe\r\nTargetObject: HKLM\\System\\CurrentControlSet\\Services\\PSEXESVC\\Start\r\nDetails: DWORD (0x00000003)","Hostname":"WORKSTATION5","Details":"DWORD (0x00000003)","ProcessId":"716","EventType":"SetValue","TargetObject":"HKLM\\System\\CurrentControlSet\\Services\\PSEXESVC\\Start"}
{"TimeCreated":"2020-10-19 03:30:46.419","SourceName":"Microsoft-Windows-Sysmon","UtcTime":"2020-10-19 07:30:46.416","ProcessGuid":"{39e4a257-f131-5f8b-0b00-000000000700}","Image":"C:\\windows\\system32\\services.exe","EventID":13,"Channel":"Microsoft-Windows-Sysmon/Operational","Task":"13","RuleName":"-","Message":"Registry value set:\r\nRuleName: -\r\nEventType: SetValue\r\nUtcTime: 2020-10-19 07:30:46.416\r\nProcessGuid: {39e4a257-f131-5f8b-0b00-000000000700}\r\nProcessId: 716\r\nImage: C:\\windows\\system32\\services.exe\r\nTargetObject: HKLM\\System\\CurrentControlSet\\Services\\PSEXESVC\\ErrorControl\r\nDetails: DWORD (0x00000000)","Hostname":"WORKSTATION5","Details":"DWORD (0x00000000)","ProcessId":"716","EventType":"SetValue","TargetObject":"HKLM\\System\\CurrentControlSet\\Services\\PSEXESVC\\ErrorControl"}
{"TimeCreated":"2020-10-19 03:30:46.419","SourceName":"Microsoft-Windows-Sysmon","UtcTime":"2020-10-19 07:30:46.416","ProcessGuid":"{39e4a257-f131-5f8b-0b00-000000000700}","Image":"C:\\windows\\system32\\services.exe","EventID":13,"Channel":"Microsoft-Windows-Sysmon/Operational","Task":"13","RuleName":"-","Message":"Registry value set:\r\nRuleName: -\r\nEventType: SetValue\r\nUtcTime: 2020-10-19 07:30:46.416\r\nProcessGuid: {39e4a257-f131-5f8b-0b00-000000000700}\r\nProcessId: 716\r\nImage: C:\\windows\\system32\\services.exe\r\nTargetObject: HKLM\\System\\CurrentControlSet\\Services\\PSEXESVC\\ImagePath\r\nDetails: %%SystemRoot%%\\PSEXESVC.exe","Hostname":"WORKSTATION5","Details":"%%SystemRoot%%\\PSEXESVC.exe","ProcessId":"716","EventType":"SetValue","TargetObject":"HKLM\\System\\CurrentControlSet\\Services\\PSEXESVC\\ImagePath"}
{"TimeCreated":"2020-10-19 03:30:46.419","SourceName":"Microsoft-Windows-Sysmon","UtcTime":"2020-10-19 07:30:46.416","ProcessGuid":"{39e4a257-f131-5f8b-0b00-000000000700}","Image":"C:\\windows\\system32\\services.exe","EventID":13,"Channel":"Microsoft-Windows-Sysmon/Operational","Task":"13","RuleName":"-","Message":"Registry value set:\r\nRuleName: -\r\nEventType: SetValue\r\nUtcTime: 2020-10-19 07:30:46.416\r\nProcessGuid: {39e4a257-f131-5f8b-0b00-000000000700}\r\nProcessId: 716\r\nImage: C:\\windows\\system32\\services.exe\r\nTargetObject: HKLM\\System\\CurrentControlSet\\Services\\PSEXESVC\\DisplayName\r\nDetails: PSEXESVC","Hostname":"WORKSTATION5","Details":"PSEXESVC","ProcessId":"716","EventType":"SetValue","TargetObject":"HKLM\\System\\CurrentControlSet\\Services\\PSEXESVC\\DisplayName"}
{"TimeCreated":"2020-10-19 03:30:46.419","SourceName":"Microsoft-Windows-Sysmon","UtcTime":"2020-10-19 07:30:46.416","ProcessGuid":"{39e4a257-f131-5f8b-0b00-000000000700}","Image":"C:\\windows\\system32\\services.exe","EventID":13,"Channel":"Microsoft-Windows-Sysmon/Operational","Task":"13","RuleName":"-","Message":"Registry value set:\r\nRuleName: -\r\nEventType: SetValue\r\nUtcTime: 2020-10-19 07:30:46.416\r\nProcessGuid: {39e4a257-f131-5f8b-0b00-000000000700}\r\nProcessId: 716\r\nImage: C:\\windows\\system32\\services.exe\r\nTargetObject: HKLM\\System\\CurrentControlSet\\Services\\PSEXESVC\\WOW64\r\nDetails: DWORD (0x0000014c)","Hostname":"WORKSTATION5","Details":"DWORD (0x0000014c)","ProcessId":"716","EventType":"SetValue","TargetObject":"HKLM\\System\\CurrentControlSet\\Services\\PSEXESVC\\WOW64"}
{"TimeCreated":"2020-10-19 03:30:46.420","SourceName":"Microsoft-Windows-Sysmon","UtcTime":"2020-10-19 07:30:46.416","ProcessGuid":"{39e4a257-f131-5f8b-0b00-000000000700}","Image":"C:\\windows\\system32\\services.exe","EventID":13,"Channel":"Microsoft-Windows-Sysmon/Operational","Task":"13","RuleName":"-","Message":"Registry value set:\r\nRuleName: -\r\nEventType: SetValue\r\nUtcTime: 2020-10-19 07:30:46.416\r\nProcessGuid: {39e4a257-f131-5f8b-0b00-000000000700}\r\nProcessId: 716\r\nImage: C:\\windows\\system32\\services.exe\r\nTargetObject: HKLM\\System\\CurrentControlSet\\Services\\PSEXESVC\\ObjectName\r\nDetails: LocalSystem","Hostname":"WORKSTATION5","Details":"LocalSystem","ProcessId":"716","EventType":"SetValue","TargetObject":"HKLM\\System\\CurrentControlSet\\Services\\PSEXESVC\\ObjectName"}
{"TimeCreated":"2020-10-19 03:30:46.420","SourceName":"Microsoft-Windows-Sysmon","SignatureStatus":"Valid","Signature":"Microsoft Windows","Product":"Microsoft Windows Operating System","Hashes":"SHA1=4FF0FB2EE8057B968BA6C812C0B06110FDB76E32,MD5=2C1812780D1A95AB47DA90400EB9E842,SHA256=7854ED187DC3D7AC6A54088218B4227290D44847F1A5C71BEEC1C360F6C38E4B,IMPHASH=8DF9F852DD0F5CAD9562E09FA5F141F1","UtcTime":"2020-10-19 07:30:46.306","ProcessGuid":"{39e4a257-40a6-5f8d-a005-000000000700}","Image":"C:\\Users\\wardog\\Downloads\\PSTools\\PsExec.exe","ImageLoaded":"C:\\Windows\\SysWOW64\\mpr.dll","EventID":7,"Channel":"Microsoft-Windows-Sysmon/Operational","Task":"7","RuleName":"-","FileVersion":"10.0.18362.1 (WinBuild.160101.0800)","Message":"Image loaded:\r\nRuleName: -\r\nUtcTime: 2020-10-19 07:30:46.306\r\nProcessGuid: {39e4a257-40a6-5f8d-a005-000000000700}\r\nProcessId: 7256\r\nImage: C:\\Users\\wardog\\Downloads\\PSTools\\PsExec.exe\r\nImageLoaded: C:\\Windows\\SysWOW64\\mpr.dll\r\nFileVersion: 10.0.18362.1 (WinBuild.160101.0800)\r\nDescription: Multiple Provider Router DLL\r\nProduct: Microsoft Windows Operating System\r\nCompany: Microsoft Corporation\r\nOriginalFileName: mpr.dll\r\nHashes: SHA1=4FF0FB2EE8057B968BA6C812C0B06110FDB76E32,MD5=2C1812780D1A95AB47DA90400EB9E842,SHA256=7854ED187DC3D7AC6A54088218B4227290D44847F1A5C71BEEC1C360F6C38E4B,IMPHASH=8DF9F852DD0F5CAD9562E09FA5F141F1\r\nSigned: true\r\nSignature: Microsoft Windows\r\nSignatureStatus: Valid","Hostname":"WORKSTATION5","ProcessId":"7256","Description":"Multiple Provider Router DLL","Company":"Microsoft Corporation","Signed":"true","OriginalFileName":"mpr.dll"}
{"TimeCreated":"2020-10-19 03:30:46.429","SourceName":"Microsoft-Windows-Sysmon","SignatureStatus":"Valid","Signature":"Microsoft Windows","Product":"Microsoft Windows Operating System","Hashes":"SHA1=D90F5359F43E2B4FB4A92ABF9EB33ADAB81CCB66,MD5=E9E3DC7BDC47DC09AB8459488CF0B592,SHA256=ECF7DAC2019C9D8B299872DF5D46123B45B6BA8CEE67B554DC9505EF8670D5DE,IMPHASH=8B84204D8411BBF33F3F1E9C08DB779B","UtcTime":"2020-10-19 07:30:46.306","ProcessGuid":"{39e4a257-40a6-5f8d-a005-000000000700}","Image":"C:\\Users\\wardog\\Downloads\\PSTools\\PsExec.exe","ImageLoaded":"C:\\Windows\\WinSxS\\x86_microsoft.windows.common-controls_6595b64144ccf1df_5.82.18362.1139_none_bb61368dec916285\\comctl32.dll","EventID":7,"Channel":"Microsoft-Windows-Sysmon/Operational","Task":"7","RuleName":"-","FileVersion":"5.82 (WinBuild.160101.0800)","Message":"Image loaded:\r\nRuleName: -\r\nUtcTime: 2020-10-19 07:30:46.306\r\nProcessGuid: {39e4a257-40a6-5f8d-a005-000000000700}\r\nProcessId: 7256\r\nImage: C:\\Users\\wardog\\Downloads\\PSTools\\PsExec.exe\r\nImageLoaded: C:\\Windows\\WinSxS\\x86_microsoft.windows.common-controls_6595b64144ccf1df_5.82.18362.1139_none_bb61368dec916285\\comctl32.dll\r\nFileVersion: 5.82 (WinBuild.160101.0800)\r\nDescription: Common Controls Library\r\nProduct: Microsoft Windows Operating System\r\nCompany: Microsoft Corporation\r\nOriginalFileName: COMCTL32.DLL\r\nHashes: SHA1=D90F5359F43E2B4FB4A92ABF9EB33ADAB81CCB66,MD5=E9E3DC7BDC47DC09AB8459488CF0B592,SHA256=ECF7DAC2019C9D8B299872DF5D46123B45B6BA8CEE67B554DC9505EF8670D5DE,IMPHASH=8B84204D8411BBF33F3F1E9C08DB779B\r\nSigned: true\r\nSignature: Microsoft Windows\r\nSignatureStatus: Valid","Hostname":"WORKSTATION5","ProcessId":"7256","Description":"Common Controls Library","Company":"Microsoft Corporation","Signed":"true","OriginalFileName":"COMCTL32.DLL"}
{"TimeCreated":"2020-10-19 03:30:46.435","SourceName":"Microsoft-Windows-Sysmon","SignatureStatus":"Valid","Signature":"Microsoft Windows","Product":"Microsoft Windows Operating System","Hashes":"SHA1=760DCCF61D8A27BC01C998E1949794B2C6EEE401,MD5=D531A3D816C570FEC126974A0F7DE907,SHA256=957AD704AE1904AA69E5C2AA1674EFA3762A75AFA1C9C6BFD2EB7BC4C7E1B314,IMPHASH=D532908FC0F7BF85D1442514E6101177","UtcTime":"2020-10-19 07:30:46.306","ProcessGuid":"{39e4a257-40a6-5f8d-a005-000000000700}","Image":"C:\\Users\\wardog\\Downloads\\PSTools\\PsExec.exe","ImageLoaded":"C:\\Windows\\SysWOW64\\profapi.dll","EventID":7,"Channel":"Microsoft-Windows-Sysmon/Operational","Task":"7","RuleName":"-","FileVersion":"10.0.18362.693 (WinBuild.160101.0800)","Message":"Image loaded:\r\nRuleName: -\r\nUtcTime: 2020-10-19 07:30:46.306\r\nProcessGuid: {39e4a257-40a6-5f8d-a005-000000000700}\r\nProcessId: 7256\r\nImage: C:\\Users\\wardog\\Downloads\\PSTools\\PsExec.exe\r\nImageLoaded: C:\\Windows\\SysWOW64\\profapi.dll\r\nFileVersion: 10.0.18362.693 (WinBuild.160101.0800)\r\nDescription: User Profile Basic API\r\nProduct: Microsoft Windows Operating System\r\nCompany: Microsoft Corporation\r\nOriginalFileName: PROFAPI.DLL\r\nHashes: SHA1=760DCCF61D8A27BC01C998E1949794B2C6EEE401,MD5=D531A3D816C570FEC126974A0F7DE907,SHA256=957AD704AE1904AA69E5C2AA1674EFA3762A75AFA1C9C6BFD2EB7BC4C7E1B314,IMPHASH=D532908FC0F7BF85D1442514E6101177\r\nSigned: true\r\nSignature: Microsoft Windows\r\nSignatureStatus: Valid","Hostname":"WORKSTATION5","ProcessId":"7256","Description":"User Profile Basic API","Company":"Microsoft Corporation","Signed":"true","OriginalFileName":"PROFAPI.DLL"}
{"Company":"Sysinternals","Task":"1","Description":"PsExec Service","CommandLine":"C:\\windows\\PSEXESVC.exe","TimeCreated":"2020-10-19 03:30:46.438","Product":"Sysinternals PsExec","OriginalFileName":"psexesvc.exe","User":"NT AUTHORITY\\SYSTEM","ParentProcessId":"716","Channel":"Microsoft-Windows-Sysmon/Operational","IntegrityLevel":"System","ProcessGuid":"{39e4a257-40a6-5f8d-a105-000000000700}","CurrentDirectory":"C:\\windows\\system32\\","Hashes":"SHA1=A17C21B909C56D93D978014E63FB06926EAEA8E7,MD5=75B55BB34DAC9D02740B9AD6B6820360,SHA256=141B2190F51397DBD0DFDE0E3904B264C91B6F81FEBC823FF0C33DA980B69944,IMPHASH=67012475995FB9027F4511245B57DDEA","UtcTime":"2020-10-19 07:30:46.435","SourceName":"Microsoft-Windows-Sysmon","ParentCommandLine":"C:\\windows\\system32\\services.exe","TerminalSessionId":"0","ProcessId":"1460","ParentImage":"C:\\Windows\\System32\\services.exe","FileVersion":"2.2","ParentProcessGuid":"{39e4a257-f131-5f8b-0b00-000000000700}","LogonGuid":"{39e4a257-f131-5f8b-e703-000000000000}","Image":"C:\\Windows\\PSEXESVC.exe","Hostname":"WORKSTATION5","LogonId":"0x3e7","EventID":1,"RuleName":"-","Message":"Process Create:\r\nRuleName: -\r\nUtcTime: 2020-10-19 07:30:46.435\r\nProcessGuid: {39e4a257-40a6-5f8d-a105-000000000700}\r\nProcessId: 1460\r\nImage: C:\\Windows\\PSEXESVC.exe\r\nFileVersion: 2.2\r\nDescription: PsExec Service\r\nProduct: Sysinternals PsExec\r\nCompany: Sysinternals\r\nOriginalFileName: psexesvc.exe\r\nCommandLine: C:\\windows\\PSEXESVC.exe\r\nCurrentDirectory: C:\\windows\\system32\\\r\nUser: NT AUTHORITY\\SYSTEM\r\nLogonGuid: {39e4a257-f131-5f8b-e703-000000000000}\r\nLogonId: 0x3E7\r\nTerminalSessionId: 0\r\nIntegrityLevel: System\r\nHashes: SHA1=A17C21B909C56D93D978014E63FB06926EAEA8E7,MD5=75B55BB34DAC9D02740B9AD6B6820360,SHA256=141B2190F51397DBD0DFDE0E3904B264C91B6F81FEBC823FF0C33DA980B69944,IMPHASH=67012475995FB9027F4511245B57DDEA\r\nParentProcessGuid: {39e4a257-f131-5f8b-0b00-000000000700}\r\nParentProcessId: 716\r\nParentImage: C:\\Windows\\System32\\services.exe\r\nParentCommandLine: C:\\windows\\system32\\services.exe"}
{"SourceImage":"C:\\windows\\system32\\services.exe","TimeCreated":"2020-10-19 03:30:46.439","GrantedAccess":"0x1fffff","SourceName":"Microsoft-Windows-Sysmon","SourceThreadId":"8764","CallTrace":"C:\\windows\\SYSTEM32\\ntdll.dll+9d934|C:\\windows\\System32\\KERNELBASE.dll+59e1a|C:\\windows\\System32\\KERNELBASE.dll+567b6|C:\\windows\\System32\\KERNEL32.DLL+1bee3|C:\\windows\\system32\\services.exe+b234|C:\\windows\\system32\\services.exe+e40b|C:\\windows\\system32\\services.exe+c665|C:\\windows\\system32\\services.exe+c2d4|C:\\windows\\system32\\services.exe+f1c0|C:\\windows\\system32\\services.exe+e092|C:\\windows\\system32\\services.exe+dbab|C:\\windows\\System32\\RPCRT4.dll+76a63|C:\\windows\\System32\\RPCRT4.dll+13653|C:\\windows\\System32\\RPCRT4.dll+1457a|C:\\windows\\System32\\RPCRT4.dll+549f8|C:\\windows\\System32\\RPCRT4.dll+2c9b1|C:\\windows\\System32\\RPCRT4.dll+2c26b|C:\\windows\\System32\\RPCRT4.dll+1a8cf|C:\\windows\\System32\\RPCRT4.dll+19d7a|C:\\windows\\System32\\RPCRT4.dll+19361|C:\\windows\\System32\\RPCRT4.dll+18dce|C:\\windows\\System32\\RPCRT4.dll+16a05|C:\\windows\\SYSTEM32\\ntdll.dll+333ed|C:\\windows\\SYSTEM32\\ntdll.dll+34142","UtcTime":"2020-10-19 07:30:46.431","TargetProcessGUID":"{39e4a257-40a6-5f8d-a105-000000000700}","SourceProcessId":"716","EventID":10,"Channel":"Microsoft-Windows-Sysmon/Operational","Task":"10","RuleName":"-","Message":"Process accessed:\r\nRuleName: -\r\nUtcTime: 2020-10-19 07:30:46.431\r\nSourceProcessGUID: {39e4a257-f131-5f8b-0b00-000000000700}\r\nSourceProcessId: 716\r\nSourceThreadId: 8764\r\nSourceImage: C:\\windows\\system32\\services.exe\r\nTargetProcessGUID: {39e4a257-40a6-5f8d-a105-000000000700}\r\nTargetProcessId: 1460\r\nTargetImage: C:\\windows\\PSEXESVC.exe\r\nGrantedAccess: 0x1FFFFF\r\nCallTrace: C:\\windows\\SYSTEM32\\ntdll.dll+9d934|C:\\windows\\System32\\KERNELBASE.dll+59e1a|C:\\windows\\System32\\KERNELBASE.dll+567b6|C:\\windows\\System32\\KERNEL32.DLL+1bee3|C:\\windows\\system32\\services.exe+b234|C:\\windows\\system32\\services.exe+e40b|C:\\windows\\system32\\services.exe+c665|C:\\windows\\system32\\services.exe+c2d4|C:\\windows\\system32\\services.exe+f1c0|C:\\windows\\system32\\services.exe+e092|C:\\windows\\system32\\services.exe+dbab|C:\\windows\\System32\\RPCRT4.dll+76a63|C:\\windows\\System32\\RPCRT4.dll+13653|C:\\windows\\System32\\RPCRT4.dll+1457a|C:\\windows\\System32\\RPCRT4.dll+549f8|C:\\windows\\System32\\RPCRT4.dll+2c9b1|C:\\windows\\System32\\RPCRT4.dll+2c26b|C:\\windows\\System32\\RPCRT4.dll+1a8cf|C:\\windows\\System32\\RPCRT4.dll+19d7a|C:\\windows\\System32\\RPCRT4.dll+19361|C:\\windows\\System32\\RPCRT4.dll+18dce|C:\\windows\\System32\\RPCRT4.dll+16a05|C:\\windows\\SYSTEM32\\ntdll.dll+333ed|C:\\windows\\SYSTEM32\\ntdll.dll+34142","Hostname":"WORKSTATION5","TargetProcessId":"1460","TargetImage":"C:\\windows\\PSEXESVC.exe","SourceProcessGUID":"{39e4a257-f131-5f8b-0b00-000000000700}"}
{"SourceImage":"C:\\windows\\system32\\csrss.exe","TimeCreated":"2020-10-19 03:30:46.442","GrantedAccess":"0x1fffff","SourceName":"Microsoft-Windows-Sysmon","SourceThreadId":"1748","CallTrace":"C:\\windows\\SYSTEM32\\ntdll.dll+9c584|C:\\windows\\system32\\basesrv.DLL+2fba|C:\\windows\\SYSTEM32\\CSRSRV.dll+5af4|C:\\windows\\SYSTEM32\\ntdll.dll+6ceaf","UtcTime":"2020-10-19 07:30:46.431","TargetProcessGUID":"{39e4a257-40a6-5f8d-a105-000000000700}","SourceProcessId":"540","EventID":10,"Channel":"Microsoft-Windows-Sysmon/Operational","Task":"10","RuleName":"-","Message":"Process accessed:\r\nRuleName: -\r\nUtcTime: 2020-10-19 07:30:46.431\r\nSourceProcessGUID: {39e4a257-f131-5f8b-0600-000000000700}\r\nSourceProcessId: 540\r\nSourceThreadId: 1748\r\nSourceImage: C:\\windows\\system32\\csrss.exe\r\nTargetProcessGUID: {39e4a257-40a6-5f8d-a105-000000000700}\r\nTargetProcessId: 1460\r\nTargetImage: C:\\windows\\PSEXESVC.exe\r\nGrantedAccess: 0x1FFFFF\r\nCallTrace: C:\\windows\\SYSTEM32\\ntdll.dll+9c584|C:\\windows\\system32\\basesrv.DLL+2fba|C:\\windows\\SYSTEM32\\CSRSRV.dll+5af4|C:\\windows\\SYSTEM32\\ntdll.dll+6ceaf","Hostname":"WORKSTATION5","TargetProcessId":"1460","TargetImage":"C:\\windows\\PSEXESVC.exe","SourceProcessGUID":"{39e4a257-f131-5f8b-0600-000000000700}"}
{"TimeCreated":"2020-10-19 03:30:46.443","SourceName":"Microsoft-Windows-Sysmon","SignatureStatus":"Valid","Signature":"Microsoft Windows","Product":"Microsoft Windows Operating System","Hashes":"SHA1=A4A7343F1879C37FB6F22BCA23F633A36BFEDFAB,MD5=1A0BB6B1BDAE905B7282930A94B4FEB2,SHA256=0B3BEAA1E49CEE79A9C9F518979A5481139390D297FA5ACD5427A4CDB60D6D00,IMPHASH=21667D44701C8F5F61867EF5B495ACBD","UtcTime":"2020-10-19 07:30:46.431","ProcessGuid":"{39e4a257-f131-5f8b-0b00-000000000700}","Image":"C:\\Windows\\System32\\services.exe","ImageLoaded":"C:\\Windows\\System32\\apphelp.dll","EventID":7,"Channel":"Microsoft-Windows-Sysmon/Operational","Task":"7","RuleName":"-","FileVersion":"10.0.18362.1139 (WinBuild.160101.0800)","Message":"Image loaded:\r\nRuleName: -\r\nUtcTime: 2020-10-19 07:30:46.431\r\nProcessGuid: {39e4a257-f131-5f8b-0b00-000000000700}\r\nProcessId: 716\r\nImage: C:\\Windows\\System32\\services.exe\r\nImageLoaded: C:\\Windows\\System32\\apphelp.dll\r\nFileVersion: 10.0.18362.1139 (WinBuild.160101.0800)\r\nDescription: Application Compatibility Client Library\r\nProduct: Microsoft Windows Operating System\r\nCompany: Microsoft Corporation\r\nOriginalFileName: Apphelp\r\nHashes: SHA1=A4A7343F1879C37FB6F22BCA23F633A36BFEDFAB,MD5=1A0BB6B1BDAE905B7282930A94B4FEB2,SHA256=0B3BEAA1E49CEE79A9C9F518979A5481139390D297FA5ACD5427A4CDB60D6D00,IMPHASH=21667D44701C8F5F61867EF5B495ACBD\r\nSigned: true\r\nSignature: Microsoft Windows\r\nSignatureStatus: Valid","Hostname":"WORKSTATION5","ProcessId":"716","Description":"Application Compatibility Client Library","Company":"Microsoft Corporation","Signed":"true","OriginalFileName":"Apphelp"}
{"TimeCreated":"2020-10-19 03:30:46.444","SourceName":"Microsoft-Windows-Sysmon","SignatureStatus":"Valid","Signature":"Microsoft Windows","Product":"Microsoft Windows Operating System","Hashes":"SHA1=5D735D61FABA97BCCFF7BFE0F5666A97F1321B3B,MD5=98CDEC7A103E158D7222E345E19BB9FF,SHA256=8749289DD56728332696C3B07B838D156BE50B1238B2FC437488B1D9631CDB19,IMPHASH=6E0F782A3578064CCF38D07C54DB952E","UtcTime":"2020-10-19 07:30:46.322","ProcessGuid":"{39e4a257-40a6-5f8d-a005-000000000700}","Image":"C:\\Users\\wardog\\Downloads\\PSTools\\PsExec.exe","ImageLoaded":"C:\\Windows\\SysWOW64\\powrprof.dll","EventID":7,"Channel":"Microsoft-Windows-Sysmon/Operational","Task":"7","RuleName":"-","FileVersion":"10.0.18362.1 (WinBuild.160101.0800)","Message":"Image loaded:\r\nRuleName: -\r\nUtcTime: 2020-10-19 07:30:46.322\r\nProcessGuid: {39e4a257-40a6-5f8d-a005-000000000700}\r\nProcessId: 7256\r\nImage: C:\\Users\\wardog\\Downloads\\PSTools\\PsExec.exe\r\nImageLoaded: C:\\Windows\\SysWOW64\\powrprof.dll\r\nFileVersion: 10.0.18362.1 (WinBuild.160101.0800)\r\nDescription: Power Profile Helper DLL\r\nProduct: Microsoft Windows Operating System\r\nCompany: Microsoft Corporation\r\nOriginalFileName: POWRPROF.DLL\r\nHashes: SHA1=5D735D61FABA97BCCFF7BFE0F5666A97F1321B3B,MD5=98CDEC7A103E158D7222E345E19BB9FF,SHA256=8749289DD56728332696C3B07B838D156BE50B1238B2FC437488B1D9631CDB19,IMPHASH=6E0F782A3578064CCF38D07C54DB952E\r\nSigned: true\r\nSignature: Microsoft Windows\r\nSignatureStatus: Valid","Hostname":"WORKSTATION5","ProcessId":"7256","Description":"Power Profile Helper DLL","Company":"Microsoft Corporation","Signed":"true","OriginalFileName":"POWRPROF.DLL"}
{"TimeCreated":"2020-10-19 03:30:46.444","SourceName":"Microsoft-Windows-Sysmon","SignatureStatus":"Valid","Signature":"Microsoft Windows","Product":"Microsoft Windows Operating System","Hashes":"SHA1=2006BDF15EAED226CE4FDB5337F7C121C311A0AE,MD5=3051E3AB25FBF0401FCA1A4CF63B2507,SHA256=B9FE6B85C174DB6BCAF0DA9961B9247FC79F0757DB3401AA3184E80BE339CB75,IMPHASH=00000000000000000000000000000000","UtcTime":"2020-10-19 07:30:46.431","ProcessGuid":"{39e4a257-40a6-5f8d-a105-000000000700}","Image":"C:\\Windows\\PSEXESVC.exe","ImageLoaded":"C:\\Windows\\System32\\ntdll.dll","EventID":7,"Channel":"Microsoft-Windows-Sysmon/Operational","Task":"7","RuleName":"-","FileVersion":"10.0.18362.1139 (WinBuild.160101.0800)","Message":"Image loaded:\r\nRuleName: -\r\nUtcTime: 2020-10-19 07:30:46.431\r\nProcessGuid: {39e4a257-40a6-5f8d-a105-000000000700}\r\nProcessId: 1460\r\nImage: C:\\Windows\\PSEXESVC.exe\r\nImageLoaded: C:\\Windows\\System32\\ntdll.dll\r\nFileVersion: 10.0.18362.1139 (WinBuild.160101.0800)\r\nDescription: NT Layer DLL\r\nProduct: Microsoft Windows Operating System\r\nCompany: Microsoft Corporation\r\nOriginalFileName: ntdll.dll\r\nHashes: SHA1=2006BDF15EAED226CE4FDB5337F7C121C311A0AE,MD5=3051E3AB25FBF0401FCA1A4CF63B2507,SHA256=B9FE6B85C174DB6BCAF0DA9961B9247FC79F0757DB3401AA3184E80BE339CB75,IMPHASH=00000000000000000000000000000000\r\nSigned: true\r\nSignature: Microsoft Windows\r\nSignatureStatus: Valid","Hostname":"WORKSTATION5","ProcessId":"1460","Description":"NT Layer DLL","Company":"Microsoft Corporation","Signed":"true","OriginalFileName":"ntdll.dll"}
{"TimeCreated":"2020-10-19 03:30:46.445","SourceName":"Microsoft-Windows-Sysmon","SignatureStatus":"Valid","Signature":"Microsoft Windows","Product":"Microsoft Windows Operating System","Hashes":"SHA1=98E88C593657E478BCB8568F96F9C557F4018CE9,MD5=43B7243F76936E1C287351B58FD96F5B,SHA256=9E6DE57CDA64D23D1E38B0321C00F9A50E7566AE624F2032854BB9A1FA253A7D,IMPHASH=00000000000000000000000000000000","UtcTime":"2020-10-19 07:30:46.431","ProcessGuid":"{39e4a257-40a6-5f8d-a105-000000000700}","Image":"C:\\Windows\\PSEXESVC.exe","ImageLoaded":"C:\\Windows\\SysWOW64\\ntdll.dll","EventID":7,"Channel":"Microsoft-Windows-Sysmon/Operational","Task":"7","RuleName":"-","FileVersion":"10.0.18362.1139 (WinBuild.160101.0800)","Message":"Image loaded:\r\nRuleName: -\r\nUtcTime: 2020-10-19 07:30:46.431\r\nProcessGuid: {39e4a257-40a6-5f8d-a105-000000000700}\r\nProcessId: 1460\r\nImage: C:\\Windows\\PSEXESVC.exe\r\nImageLoaded: C:\\Windows\\SysWOW64\\ntdll.dll\r\nFileVersion: 10.0.18362.1139 (WinBuild.160101.0800)\r\nDescription: NT Layer DLL\r\nProduct: Microsoft Windows Operating System\r\nCompany: Microsoft Corporation\r\nOriginalFileName: ntdll.dll\r\nHashes: SHA1=98E88C593657E478BCB8568F96F9C557F4018CE9,MD5=43B7243F76936E1C287351B58FD96F5B,SHA256=9E6DE57CDA64D23D1E38B0321C00F9A50E7566AE624F2032854BB9A1FA253A7D,IMPHASH=00000000000000000000000000000000\r\nSigned: true\r\nSignature: Microsoft Windows\r\nSignatureStatus: Valid","Hostname":"WORKSTATION5","ProcessId":"1460","Description":"NT Layer DLL","Company":"Microsoft Corporation","Signed":"true","OriginalFileName":"ntdll.dll"}
{"TimeCreated":"2020-10-19 03:30:46.446","SourceName":"Microsoft-Windows-Sysmon","SignatureStatus":"Valid","Signature":"Microsoft Windows","Product":"Microsoft Windows Operating System","Hashes":"SHA1=CA735FE238827F24C7F604D59BD32C36F7DF2EDE,MD5=F18CA8316D570CC15F6E5581EF2C601F,SHA256=5139A9B0C3E3DFADC6A96DB179E9122BFA3A364C3B66FA2402CE3418407CB4B8,IMPHASH=71E1D49665AD621146BDD4E2C46D1FCB","UtcTime":"2020-10-19 07:30:46.431","ProcessGuid":"{39e4a257-40a6-5f8d-a105-000000000700}","Image":"C:\\Windows\\PSEXESVC.exe","ImageLoaded":"C:\\Windows\\System32\\wow64.dll","EventID":7,"Channel":"Microsoft-Windows-Sysmon/Operational","Task":"7","RuleName":"-","FileVersion":"10.0.18362.657 (WinBuild.160101.0800)","Message":"Image loaded:\r\nRuleName: -\r\nUtcTime: 2020-10-19 07:30:46.431\r\nProcessGuid: {39e4a257-40a6-5f8d-a105-000000000700}\r\nProcessId: 1460\r\nImage: C:\\Windows\\PSEXESVC.exe\r\nImageLoaded: C:\\Windows\\System32\\wow64.dll\r\nFileVersion: 10.0.18362.657 (WinBuild.160101.0800)\r\nDescription: Win32 Emulation on NT64\r\nProduct: Microsoft Windows Operating System\r\nCompany: Microsoft Corporation\r\nOriginalFileName: wow64.dll\r\nHashes: SHA1=CA735FE238827F24C7F604D59BD32C36F7DF2EDE,MD5=F18CA8316D570CC15F6E5581EF2C601F,SHA256=5139A9B0C3E3DFADC6A96DB179E9122BFA3A364C3B66FA2402CE3418407CB4B8,IMPHASH=71E1D49665AD621146BDD4E2C46D1FCB\r\nSigned: true\r\nSignature: Microsoft Windows\r\nSignatureStatus: Valid","Hostname":"WORKSTATION5","ProcessId":"1460","Description":"Win32 Emulation on NT64","Company":"Microsoft Corporation","Signed":"true","OriginalFileName":"wow64.dll"}
{"TimeCreated":"2020-10-19 03:30:46.447","SourceName":"Microsoft-Windows-Sysmon","SignatureStatus":"Valid","Signature":"Microsoft Windows","Product":"Microsoft Windows Operating System","Hashes":"SHA1=E9FCEC66ACDC7F5FE68B079C500A988D9ACE145A,MD5=46C676333C6926E33AA3185E58216776,SHA256=F300E36CFC3232001245394A92A018B1CA5527AAE1166FBA2E3008A156CE333E,IMPHASH=383ECAE3EF358CE381FF4B9F44A36719","UtcTime":"2020-10-19 07:30:46.431","ProcessGuid":"{39e4a257-40a6-5f8d-a105-000000000700}","Image":"C:\\Windows\\PSEXESVC.exe","ImageLoaded":"C:\\Windows\\System32\\wow64win.dll","EventID":7,"Channel":"Microsoft-Windows-Sysmon/Operational","Task":"7","RuleName":"-","FileVersion":"10.0.18362.1082 (WinBuild.160101.0800)","Message":"Image loaded:\r\nRuleName: -\r\nUtcTime: 2020-10-19 07:30:46.431\r\nProcessGuid: {39e4a257-40a6-5f8d-a105-000000000700}\r\nProcessId: 1460\r\nImage: C:\\Windows\\PSEXESVC.exe\r\nImageLoaded: C:\\Windows\\System32\\wow64win.dll\r\nFileVersion: 10.0.18362.1082 (WinBuild.160101.0800)\r\nDescription: Wow64 Console and Win32 API Logging\r\nProduct: Microsoft Windows Operating System\r\nCompany: Microsoft Corporation\r\nOriginalFileName: wow64lg2.dll\r\nHashes: SHA1=E9FCEC66ACDC7F5FE68B079C500A988D9ACE145A,MD5=46C676333C6926E33AA3185E58216776,SHA256=F300E36CFC3232001245394A92A018B1CA5527AAE1166FBA2E3008A156CE333E,IMPHASH=383ECAE3EF358CE381FF4B9F44A36719\r\nSigned: true\r\nSignature: Microsoft Windows\r\nSignatureStatus: Valid","Hostname":"WORKSTATION5","ProcessId":"1460","Description":"Wow64 Console and Win32 API Logging","Company":"Microsoft Corporation","Signed":"true","OriginalFileName":"wow64lg2.dll"}
