{"TimeCreated":"2020-10-19 03:30:46.671","SourceName":"Microsoft-Windows-Sysmon","SignatureStatus":"Valid","Signature":"Microsoft Windows","Product":"Microsoft Windows Operating System","Hashes":"SHA1=D207A86541CABC3190BBD5B1CC982F6D7C90051B,MD5=ED906DB51BCB4F5A68606D2683AF44A3,SHA256=DF5CE6E95294579D7D7D16C47CB3DC5C8FA1DB53CCE56091E3496309B0D87536,IMPHASH=D3645703895C4EBB8EA5B9B26816A081","UtcTime":"2020-10-19 07:30:46.666","ProcessGuid":"{39e4a257-40a6-5f8d-a205-000000000700}","Image":"C:\\Windows\\System32\\reg.exe","ImageLoaded":"C:\\Windows\\System32\\kernel32.dll","EventID":7,"Channel":"Microsoft-Windows-Sysmon/Operational","Task":"7","RuleName":"-","FileVersion":"10.0.18362.1110 (WinBuild.160101.0800)","Message":"Image loaded:\r\nRuleName: -\r\nUtcTime: 2020-10-19 07:30:46.666\r\nProcessGuid: {39e4a257-40a6-5f8d-a205-000000000700}\r\nProcessId: 824\r\nImage: C:\\Windows\\System32\\reg.exe\r\nImageLoaded: C:\\Windows\\System32\\kernel32.dll\r\nFileVersion: 10.0.18362.1110 (WinBuild.160101.0800)\r\nDescription: Windows NT BASE API Client DLL\r\nProduct: Microsoft Windows Operating System\r\nCompany: Microsoft Corporation\r\nOriginalFileName: kernel32\r\nHashes: SHA1=D207A86541CABC3190BBD5B1CC982F6D7C90051B,MD5=ED906DB51BCB4F5A68606D2683AF44A3,SHA256=DF5CE6E95294579D7D7D16C47CB3DC5C8FA1DB53CCE56091E3496309B0D87536,IMPHASH=D3645703895C4EBB8EA5B9B26816A081\r\nSigned: true\r\nSignature: Microsoft Windows\r\nSignatureStatus: Valid","Hostname":"WORKSTATION5","ProcessId":"824","Description":"Windows NT BASE API Client DLL","Company":"Microsoft Corporation","Signed":"true","OriginalFileName":"kernel32"}
{"TimeCreated":"2020-10-19 03:30:46.673","SourceName":"Microsoft-Windows-Sysmon","SignatureStatus":"Valid","Signature":"Microsoft Windows","Product":"Microsoft Windows Operating System","Hashes":"SHA1=48B3741C6497B40F71868EFAAA9EB7A224CB8060,MD5=AEE6D39564EEB18A90C3160215941B46,SHA256=6733FEEA211EA651B5DF46D391825D7861126546AE80A42A4C1E7B1ABD0E4DA5,IMPHASH=16003AF856720C35351BB8C14AD0B0A8","UtcTime":"2020-10-19 07:30:46.666","ProcessGuid":"{39e4a257-40a6-5f8d-a205-000000000700}","Image":"C:\\Windows\\System32\\reg.exe","ImageLoaded":"C:\\Windows\\System32\\KernelBase.dll","EventID":7,"Channel":"Microsoft-Windows-Sysmon/Operational","Task":"7","RuleName":"-","FileVersion":"10.0.18362.1139 (WinBuild.160101.0800)","Message":"Image loaded:\r\nRuleName: -\r\nUtcTime: 2020-10-19 07:30:46.666\r\nProcessGuid: {39e4a257-40a6-5f8d-a205-000000000700}\r\nProcessId: 824\r\nImage: C:\\Windows\\System32\\reg.exe\r\nImageLoaded: C:\\Windows\\System32\\KernelBase.dll\r\nFileVersion: 10.0.18362.1139 (WinBuild.160101.0800)\r\nDescription: Windows NT BASE API Client DLL\r\nProduct: Microsoft Windows Operating System\r\nCompany: Microsoft Corporation\r\nOriginalFileName: Kernelbase.dll\r\nHashes: SHA1=48B3741C6497B40F71868EFAAA9EB7A224CB8060,MD5=AEE6D39564EEB18A90C3160215941B46,SHA256=6733FEEA211EA651B5DF46D391825D7861126546AE80A42A4C1E7B1ABD0E4DA5,IMPHASH=16003AF856720C35351BB8C14AD0B0A8\r\nSigned: true\r\nSignature: Microsoft Windows\r\nSignatureStatus: Valid","Hostname":"WORKSTATION5","ProcessId":"824","Description":"Windows NT BASE API Client DLL","Company":"Microsoft Corporation","Signed":"true","OriginalFileName":"Kernelbase.dll"}
{"Company":"Microsoft Corporation","Task":"1","Description":"Console Window Host","CommandLine":"\\??\\C:\\windows\\system32\\conhost.exe 0xffffffff -ForceV1","TimeCreated":"2020-10-19 03:30:46.674","Product":"Microsoft Windows Operating System","OriginalFileName":"CONHOST.EXE","User":"NT AUTHORITY\\SYSTEM","ParentProcessId":"824","Channel":"Microsoft-Windows-Sysmon/Operational","IntegrityLevel":"System","ProcessGuid":"{39e4a257-40a6-5f8d-a305-000000000700}","CurrentDirectory":"C:\\windows","Hashes":"SHA1=11996F32DD85863A8C3BFF6D520F788A9211C8F7,MD5=C5E9B1D1103EDCEA2E408E9497A5A88F,SHA256=BAF97B2A629723947539CFF84E896CD29565AB4BB68B0CEC515EB5C5D6637B69,IMPHASH=F8DD0EF565DE87D97ABF9C62EA63EC21","UtcTime":"2020-10-19 07:30:46.673","SourceName":"Microsoft-Windows-Sysmon","ParentCommandLine":"\"reg\" save HKLM\\security\\policy\\secrets C:\\Users\\wardog\\AppData\\Local\\Temp\\secrets","TerminalSessionId":"0","ProcessId":"8964","ParentImage":"C:\\Windows\\System32\\reg.exe","FileVersion":"10.0.18362.1 (WinBuild.160101.0800)","ParentProcessGuid":"{39e4a257-40a6-5f8d-a205-000000000700}","LogonGuid":"{39e4a257-f131-5f8b-e703-000000000000}","Image":"C:\\Windows\\System32\\conhost.exe","Hostname":"WORKSTATION5","LogonId":"0x3e7","EventID":1,"RuleName":"-","Message":"Process Create:\r\nRuleName: -\r\nUtcTime: 2020-10-19 07:30:46.673\r\nProcessGuid: {39e4a257-40a6-5f8d-a305-000000000700}\r\nProcessId: 8964\r\nImage: C:\\Windows\\System32\\conhost.exe\r\nFileVersion: 10.0.18362.1 (WinBuild.160101.0800)\r\nDescription: Console Window Host\r\nProduct: Microsoft Windows Operating System\r\nCompany: Microsoft Corporation\r\nOriginalFileName: CONHOST.EXE\r\nCommandLine: \\??\\C:\\windows\\system32\\conhost.exe 0xffffffff -ForceV1\r\nCurrentDirectory: C:\\windows\r\nUser: NT AUTHORITY\\SYSTEM\r\nLogonGuid: {39e4a257-f131-5f8b-e703-000000000000}\r\nLogonId: 0x3E7\r\nTerminalSessionId: 0\r\nIntegrityLevel: System\r\nHashes: SHA1=11996F32DD85863A8C3BFF6D520F788A9211C8F7,MD5=C5E9B1D1103EDCEA2E408E9497A5A88F,SHA256=BAF97B2A629723947539CFF84E896CD29565AB4BB68B0CEC515EB5C5D6637B69,IMPHASH=F8DD0EF565DE87D97ABF9C62EA63EC21\r\nParentProcessGuid: {39e4a257-40a6-5f8d-a205-000000000700}\r\nParentProcessId: 824\r\nParentImage: C:\\Windows\\System32\\reg.exe\r\nParentCommandLine: \"reg\" save HKLM\\security\\policy\\secrets C:\\Users\\wardog\\AppData\\Local\\Temp\\secrets"}
{"TimeCreated":"2020-10-19 03:30:46.677","SourceName":"Microsoft-Windows-Sysmon","SignatureStatus":"Valid","Signature":"Microsoft Windows","Product":"Microsoft Windows Operating System","Hashes":"SHA1=EB3B03616EEE42F16D0703F64DE23E7E34FE8524,MD5=601BDDF7691C5AF626A5719F1D7E35F1,SHA256=4ED2A27860FA154415F65452FF1F94BD6AF762982E2F3470030C504DC3C8A354,IMPHASH=BE482BE427FE212CFEF2CDA0E61F19AC","UtcTime":"2020-10-19 07:30:46.650","ProcessGuid":"{39e4a257-40a6-5f8d-a205-000000000700}","Image":"C:\\Windows\\System32\\reg.exe","ImageLoaded":"C:\\Windows\\System32\\reg.exe","EventID":7,"Channel":"Microsoft-Windows-Sysmon/Operational","Task":"7","RuleName":"-","FileVersion":"10.0.18362.476 (WinBuild.160101.0800)","Message":"Image loaded:\r\nRuleName: -\r\nUtcTime: 2020-10-19 07:30:46.650\r\nProcessGuid: {39e4a257-40a6-5f8d-a205-000000000700}\r\nProcessId: 824\r\nImage: C:\\Windows\\System32\\reg.exe\r\nImageLoaded: C:\\Windows\\System32\\reg.exe\r\nFileVersion: 10.0.18362.476 (WinBuild.160101.0800)\r\nDescription: Registry Console Tool\r\nProduct: Microsoft Windows Operating System\r\nCompany: Microsoft Corporation\r\nOriginalFileName: reg.exe\r\nHashes: SHA1=EB3B03616EEE42F16D0703F64DE23E7E34FE8524,MD5=601BDDF7691C5AF626A5719F1D7E35F1,SHA256=4ED2A27860FA154415F65452FF1F94BD6AF762982E2F3470030C504DC3C8A354,IMPHASH=BE482BE427FE212CFEF2CDA0E61F19AC\r\nSigned: true\r\nSignature: Microsoft Windows\r\nSignatureStatus: Valid","Hostname":"WORKSTATION5","ProcessId":"824","Description":"Registry Console Tool","Company":"Microsoft Corporation","Signed":"true","OriginalFileName":"reg.exe"}
{"TimeCreated":"2020-10-19 03:30:46.678","SourceName":"Microsoft-Windows-Sysmon","SignatureStatus":"Valid","Signature":"Microsoft Windows","Product":"Microsoft Windows Operating System","Hashes":"SHA1=11996F32DD85863A8C3BFF6D520F788A9211C8F7,MD5=C5E9B1D1103EDCEA2E408E9497A5A88F,SHA256=BAF97B2A629723947539CFF84E896CD29565AB4BB68B0CEC515EB5C5D6637B69,IMPHASH=F8DD0EF565DE87D97ABF9C62EA63EC21","UtcTime":"2020-10-19 07:30:46.666","ProcessGuid":"{39e4a257-40a6-5f8d-a305-000000000700}","Image":"C:\\Windows\\System32\\conhost.exe","ImageLoaded":"C:\\Windows\\System32\\conhost.exe","EventID":7,"Channel":"Microsoft-Windows-Sysmon/Operational","Task":"7","RuleName":"-","FileVersion":"10.0.18362.1 (WinBuild.160101.0800)","Message":"Image loaded:\r\nRuleName: -\r\nUtcTime: 2020-10-19 07:30:46.666\r\nProcessGuid: {39e4a257-40a6-5f8d-a305-000000000700}\r\nProcessId: 8964\r\nImage: C:\\Windows\\System32\\conhost.exe\r\nImageLoaded: C:\\Windows\\System32\\conhost.exe\r\nFileVersion: 10.0.18362.1 (WinBuild.160101.0800)\r\nDescription: Console Window Host\r\nProduct: Microsoft Windows Operating System\r\nCompany: Microsoft Corporation\r\nOriginalFileName: CONHOST.EXE\r\nHashes: SHA1=11996F32DD85863A8C3BFF6D520F788A9211C8F7,MD5=C5E9B1D1103EDCEA2E408E9497A5A88F,SHA256=BAF97B2A629723947539CFF84E896CD29565AB4BB68B0CEC515EB5C5D6637B69,IMPHASH=F8DD0EF565DE87D97ABF9C62EA63EC21\r\nSigned: true\r\nSignature: Microsoft Windows\r\nSignatureStatus: Valid","Hostname":"WORKSTATION5","ProcessId":"8964","Description":"Console Window Host","Company":"Microsoft Corporation","Signed":"true","OriginalFileName":"CONHOST.EXE"}
{"TimeCreated":"2020-10-19 03:30:46.679","SourceName":"Microsoft-Windows-Sysmon","SignatureStatus":"Valid","Signature":"Microsoft Windows","Product":"Microsoft Windows Operating System","Hashes":"SHA1=2006BDF15EAED226CE4FDB5337F7C121C311A0AE,MD5=3051E3AB25FBF0401FCA1A4CF63B2507,SHA256=B9FE6B85C174DB6BCAF0DA9961B9247FC79F0757DB3401AA3184E80BE339CB75,IMPHASH=00000000000000000000000000000000","UtcTime":"2020-10-19 07:30:46.666","ProcessGuid":"{39e4a257-40a6-5f8d-a305-000000000700}","Image":"C:\\Windows\\System32\\conhost.exe","ImageLoaded":"C:\\Windows\\System32\\ntdll.dll","EventID":7,"Channel":"Microsoft-Windows-Sysmon/Operational","Task":"7","RuleName":"-","FileVersion":"10.0.18362.1139 (WinBuild.160101.0800)","Message":"Image loaded:\r\nRuleName: -\r\nUtcTime: 2020-10-19 07:30:46.666\r\nProcessGuid: {39e4a257-40a6-5f8d-a305-000000000700}\r\nProcessId: 8964\r\nImage: C:\\Windows\\System32\\conhost.exe\r\nImageLoaded: C:\\Windows\\System32\\ntdll.dll\r\nFileVersion: 10.0.18362.1139 (WinBuild.160101.0800)\r\nDescription: NT Layer DLL\r\nProduct: Microsoft Windows Operating System\r\nCompany: Microsoft Corporation\r\nOriginalFileName: ntdll.dll\r\nHashes: SHA1=2006BDF15EAED226CE4FDB5337F7C121C311A0AE,MD5=3051E3AB25FBF0401FCA1A4CF63B2507,SHA256=B9FE6B85C174DB6BCAF0DA9961B9247FC79F0757DB3401AA3184E80BE339CB75,IMPHASH=00000000000000000000000000000000\r\nSigned: true\r\nSignature: Microsoft Windows\r\nSignatureStatus: Valid","Hostname":"WORKSTATION5","ProcessId":"8964","Description":"NT Layer DLL","Company":"Microsoft Corporation","Signed":"true","OriginalFileName":"ntdll.dll"}
{"TimeCreated":"2020-10-19 03:30:46.680","SourceName":"Microsoft-Windows-Sysmon","SignatureStatus":"Valid","Signature":"Microsoft Windows","Product":"Microsoft Windows Operating System","Hashes":"SHA1=D207A86541CABC3190BBD5B1CC982F6D7C90051B,MD5=ED906DB51BCB4F5A68606D2683AF44A3,SHA256=DF5CE6E95294579D7D7D16C47CB3DC5C8FA1DB53CCE56091E3496309B0D87536,IMPHASH=D3645703895C4EBB8EA5B9B26816A081","UtcTime":"2020-10-19 07:30:46.666","ProcessGuid":"{39e4a257-40a6-5f8d-a305-000000000700}","Image":"C:\\Windows\\System32\\conhost.exe","ImageLoaded":"C:\\Windows\\System32\\kernel32.dll","EventID":7,"Channel":"Microsoft-Windows-Sysmon/Operational","Task":"7","RuleName":"-","FileVersion":"10.0.18362.1110 (WinBuild.160101.0800)","Message":"Image loaded:\r\nRuleName: -\r\nUtcTime: 2020-10-19 07:30:46.666\r\nProcessGuid: {39e4a257-40a6-5f8d-a305-000000000700}\r\nProcessId: 8964\r\nImage: C:\\Windows\\System32\\conhost.exe\r\nImageLoaded: C:\\Windows\\System32\\kernel32.dll\r\nFileVersion: 10.0.18362.1110 (WinBuild.160101.0800)\r\nDescription: Windows NT BASE API Client DLL\r\nProduct: Microsoft Windows Operating System\r\nCompany: Microsoft Corporation\r\nOriginalFileName: kernel32\r\nHashes: SHA1=D207A86541CABC3190BBD5B1CC982F6D7C90051B,MD5=ED906DB51BCB4F5A68606D2683AF44A3,SHA256=DF5CE6E95294579D7D7D16C47CB3DC5C8FA1DB53CCE56091E3496309B0D87536,IMPHASH=D3645703895C4EBB8EA5B9B26816A081\r\nSigned: true\r\nSignature: Microsoft Windows\r\nSignatureStatus: Valid","Hostname":"WORKSTATION5","ProcessId":"8964","Description":"Windows NT BASE API Client DLL","Company":"Microsoft Corporation","Signed":"true","OriginalFileName":"kernel32"}
{"TimeCreated":"2020-10-19 03:30:46.680","SourceName":"Microsoft-Windows-Sysmon","SignatureStatus":"Valid","Signature":"Microsoft Windows","Product":"Microsoft Windows Operating System","Hashes":"SHA1=48B3741C6497B40F71868EFAAA9EB7A224CB8060,MD5=AEE6D39564EEB18A90C3160215941B46,SHA256=6733FEEA211EA651B5DF46D391825D7861126546AE80A42A4C1E7B1ABD0E4DA5,IMPHASH=16003AF856720C35351BB8C14AD0B0A8","UtcTime":"2020-10-19 07:30:46.666","ProcessGuid":"{39e4a257-40a6-5f8d-a305-000000000700}","Image":"C:\\Windows\\System32\\conhost.exe","ImageLoaded":"C:\\Windows\\System32\\KernelBase.dll","EventID":7,"Channel":"Microsoft-Windows-Sysmon/Operational","Task":"7","RuleName":"-","FileVersion":"10.0.18362.1139 (WinBuild.160101.0800)","Message":"Image loaded:\r\nRuleName: -\r\nUtcTime: 2020-10-19 07:30:46.666\r\nProcessGuid: {39e4a257-40a6-5f8d-a305-000000000700}\r\nProcessId: 8964\r\nImage: C:\\Windows\\System32\\conhost.exe\r\nImageLoaded: C:\\Windows\\System32\\KernelBase.dll\r\nFileVersion: 10.0.18362.1139 (WinBuild.160101.0800)\r\nDescription: Windows NT BASE API Client DLL\r\nProduct: Microsoft Windows Operating System\r\nCompany: Microsoft Corporation\r\nOriginalFileName: Kernelbase.dll\r\nHashes: SHA1=48B3741C6497B40F71868EFAAA9EB7A224CB8060,MD5=AEE6D39564EEB18A90C3160215941B46,SHA256=6733FEEA211EA651B5DF46D391825D7861126546AE80A42A4C1E7B1ABD0E4DA5,IMPHASH=16003AF856720C35351BB8C14AD0B0A8\r\nSigned: true\r\nSignature: Microsoft Windows\r\nSignatureStatus: Valid","Hostname":"WORKSTATION5","ProcessId":"8964","Description":"Windows NT BASE API Client DLL","Company":"Microsoft Corporation","Signed":"true","OriginalFileName":"Kernelbase.dll"}
{"SourceImage":"C:\\windows\\system32\\csrss.exe","TimeCreated":"2020-10-19 03:30:46.680","GrantedAccess":"0x1fffff","SourceName":"Microsoft-Windows-Sysmon","SourceThreadId":"652","CallTrace":"C:\\windows\\SYSTEM32\\ntdll.dll+9d154|C:\\windows\\SYSTEM32\\CSRSRV.dll+1430|C:\\windows\\SYSTEM32\\CSRSRV.dll+5fd9|C:\\windows\\SYSTEM32\\ntdll.dll+6ceaf","UtcTime":"2020-10-19 07:30:46.666","TargetProcessGUID":"{39e4a257-40a6-5f8d-a305-000000000700}","SourceProcessId":"540","EventID":10,"Channel":"Microsoft-Windows-Sysmon/Operational","Task":"10","RuleName":"-","Message":"Process accessed:\r\nRuleName: -\r\nUtcTime: 2020-10-19 07:30:46.666\r\nSourceProcessGUID: {39e4a257-f131-5f8b-0600-000000000700}\r\nSourceProcessId: 540\r\nSourceThreadId: 652\r\nSourceImage: C:\\windows\\system32\\csrss.exe\r\nTargetProcessGUID: {39e4a257-40a6-5f8d-a305-000000000700}\r\nTargetProcessId: 8964\r\nTargetImage: C:\\windows\\system32\\conhost.exe\r\nGrantedAccess: 0x1FFFFF\r\nCallTrace: C:\\windows\\SYSTEM32\\ntdll.dll+9d154|C:\\windows\\SYSTEM32\\CSRSRV.dll+1430|C:\\windows\\SYSTEM32\\CSRSRV.dll+5fd9|C:\\windows\\SYSTEM32\\ntdll.dll+6ceaf","Hostname":"WORKSTATION5","TargetProcessId":"8964","TargetImage":"C:\\windows\\system32\\conhost.exe","SourceProcessGUID":"{39e4a257-f131-5f8b-0600-000000000700}"}
{"TimeCreated":"2020-10-19 03:30:46.681","SourceName":"Microsoft-Windows-Sysmon","SignatureStatus":"Valid","Signature":"Microsoft Windows","Product":"Microsoft Windows Operating System","Hashes":"SHA1=56A126B33C43CE80C5DA3319FA4FBE28F617599C,MD5=94027F5AE9D6FC3B0917C1B5BCD2D88E,SHA256=2FC246F193104FB36285360E9FB14CE10B04EDB50D9D5ECFD9FDA1F010BFCDB9,IMPHASH=7F555C87AEA488E97B6067A0419ED3B4","UtcTime":"2020-10-19 07:30:46.666","ProcessGuid":"{39e4a257-40a6-5f8d-a305-000000000700}","Image":"C:\\Windows\\System32\\conhost.exe","ImageLoaded":"C:\\Windows\\System32\\msvcp_win.dll","EventID":7,"Channel":"Microsoft-Windows-Sysmon/Operational","Task":"7","RuleName":"-","FileVersion":"10.0.18362.1110 (WinBuild.160101.0800)","Message":"Image loaded:\r\nRuleName: -\r\nUtcTime: 2020-10-19 07:30:46.666\r\nProcessGuid: {39e4a257-40a6-5f8d-a305-000000000700}\r\nProcessId: 8964\r\nImage: C:\\Windows\\System32\\conhost.exe\r\nImageLoaded: C:\\Windows\\System32\\msvcp_win.dll\r\nFileVersion: 10.0.18362.1110 (WinBuild.160101.0800)\r\nDescription: Microsoft C Runtime Library\r\nProduct: Microsoft Windows Operating System\r\nCompany: Microsoft Corporation\r\nOriginalFileName: msvcp_win.dll\r\nHashes: SHA1=56A126B33C43CE80C5DA3319FA4FBE28F617599C,MD5=94027F5AE9D6FC3B0917C1B5BCD2D88E,SHA256=2FC246F193104FB36285360E9FB14CE10B04EDB50D9D5ECFD9FDA1F010BFCDB9,IMPHASH=7F555C87AEA488E97B6067A0419ED3B4\r\nSigned: true\r\nSignature: Microsoft Windows\r\nSignatureStatus: Valid","Hostname":"WORKSTATION5","ProcessId":"8964","Description":"Microsoft C Runtime Library","Company":"Microsoft Corporation","Signed":"true","OriginalFileName":"msvcp_win.dll"}
{"TimeCreated":"2020-10-19 03:30:46.682","SourceName":"Microsoft-Windows-Sysmon","SignatureStatus":"Valid","Signature":"Microsoft Windows","Product":"Microsoft Windows Operating System","Hashes":"SHA1=D10BBE9B65C2C6F8FCA6850D0B79CBC6EF04D691,MD5=126821F73FD9FFCE6E091CF9480E1B60,SHA256=7B28F46F0A09CFD9129109A94B1C16C9C62EEF46C09113C4C585D9BF0E69B2DA,IMPHASH=5AE9A136FAFA10321F3D48251BF4F6A1","UtcTime":"2020-10-19 07:30:46.666","ProcessGuid":"{39e4a257-40a6-5f8d-a305-000000000700}","Image":"C:\\Windows\\System32\\conhost.exe","ImageLoaded":"C:\\Windows\\System32\\ucrtbase.dll","EventID":7,"Channel":"Microsoft-Windows-Sysmon/Operational","Task":"7","RuleName":"-","FileVersion":"10.0.18362.1110 (WinBuild.160101.0800)","Message":"Image loaded:\r\nRuleName: -\r\nUtcTime: 2020-10-19 07:30:46.666\r\nProcessGuid: {39e4a257-40a6-5f8d-a305-000000000700}\r\nProcessId: 8964\r\nImage: C:\\Windows\\System32\\conhost.exe\r\nImageLoaded: C:\\Windows\\System32\\ucrtbase.dll\r\nFileVersion: 10.0.18362.1110 (WinBuild.160101.0800)\r\nDescription: Microsoft C Runtime Library\r\nProduct: Microsoft Windows Operating System\r\nCompany: Microsoft Corporation\r\nOriginalFileName: ucrtbase.dll\r\nHashes: SHA1=D10BBE9B65C2C6F8FCA6850D0B79CBC6EF04D691,MD5=126821F73FD9FFCE6E091CF9480E1B60,SHA256=7B28F46F0A09CFD9129109A94B1C16C9C62EEF46C09113C4C585D9BF0E69B2DA,IMPHASH=5AE9A136FAFA10321F3D48251BF4F6A1\r\nSigned: true\r\nSignature: Microsoft Windows\r\nSignatureStatus: Valid","Hostname":"WORKSTATION5","ProcessId":"8964","Description":"Microsoft C Runtime Library","Company":"Microsoft Corporation","Signed":"true","OriginalFileName":"ucrtbase.dll"}
{"TimeCreated":"2020-10-19 03:30:46.682","SourceName":"Microsoft-Windows-Sysmon","SignatureStatus":"Valid","Signature":"Microsoft Windows","Product":"Microsoft Windows Operating System","Hashes":"SHA1=75C9F506592699E30D8ECA63F88C79E956324111,MD5=6ACBCCE095FDB475FC2B3D178E5D9208,SHA256=3F49AB1B04EE3D843E961A1B62CB695EE3FE940EE287819BBBABCC1C3A38F507,IMPHASH=0E48D88DA5B1AEFE29036ECDE5B34E8D","UtcTime":"2020-10-19 07:30:46.666","ProcessGuid":"{39e4a257-40a6-5f8d-a305-000000000700}","Image":"C:\\Windows\\System32\\conhost.exe","ImageLoaded":"C:\\Windows\\System32\\SHCore.dll","EventID":7,"Channel":"Microsoft-Windows-Sysmon/Operational","Task":"7","RuleName":"-","FileVersion":"10.0.18362.959 (WinBuild.160101.0800)","Message":"Image loaded:\r\nRuleName: -\r\nUtcTime: 2020-10-19 07:30:46.666\r\nProcessGuid: {39e4a257-40a6-5f8d-a305-000000000700}\r\nProcessId: 8964\r\nImage: C:\\Windows\\System32\\conhost.exe\r\nImageLoaded: C:\\Windows\\System32\\SHCore.dll\r\nFileVersion: 10.0.18362.959 (WinBuild.160101.0800)\r\nDescription: SHCORE\r\nProduct: Microsoft Windows Operating System\r\nCompany: Microsoft Corporation\r\nOriginalFileName: SHCORE.dll\r\nHashes: SHA1=75C9F506592699E30D8ECA63F88C79E956324111,MD5=6ACBCCE095FDB475FC2B3D178E5D9208,SHA256=3F49AB1B04EE3D843E961A1B62CB695EE3FE940EE287819BBBABCC1C3A38F507,IMPHASH=0E48D88DA5B1AEFE29036ECDE5B34E8D\r\nSigned: true\r\nSignature: Microsoft Windows\r\nSignatureStatus: Valid","Hostname":"WORKSTATION5","ProcessId":"8964","Description":"SHCORE","Company":"Microsoft Corporation","Signed":"true","OriginalFileName":"SHCORE.dll"}
{"TimeCreated":"2020-10-19 03:30:46.683","SourceName":"Microsoft-Windows-Sysmon","SignatureStatus":"Valid","Signature":"Microsoft Windows","Product":"Microsoft Windows Operating System","Hashes":"SHA1=0EA4B3CFB14E49CEC0D42FF0F1FA989E69647A8F,MD5=36354D9B5B0A58A4B9A19103852C00A2,SHA256=E5A863D3F4BFEFED7D73A7B1499F81B7235BC9AE3C108065041BCB8E5446B1BB,IMPHASH=1273683626EBBA703979F188A1E64237","UtcTime":"2020-10-19 07:30:46.666","ProcessGuid":"{39e4a257-40a6-5f8d-a305-000000000700}","Image":"C:\\Windows\\System32\\conhost.exe","ImageLoaded":"C:\\Windows\\System32\\msvcrt.dll","EventID":7,"Channel":"Microsoft-Windows-Sysmon/Operational","Task":"7","RuleName":"-","FileVersion":"7.0.18362.1 (WinBuild.160101.0800)","Message":"Image loaded:\r\nRuleName: -\r\nUtcTime: 2020-10-19 07:30:46.666\r\nProcessGuid: {39e4a257-40a6-5f8d-a305-000000000700}\r\nProcessId: 8964\r\nImage: C:\\Windows\\System32\\conhost.exe\r\nImageLoaded: C:\\Windows\\System32\\msvcrt.dll\r\nFileVersion: 7.0.18362.1 (WinBuild.160101.0800)\r\nDescription: Windows NT CRT DLL\r\nProduct: Microsoft Windows Operating System\r\nCompany: Microsoft Corporation\r\nOriginalFileName: msvcrt.dll\r\nHashes: SHA1=0EA4B3CFB14E49CEC0D42FF0F1FA989E69647A8F,MD5=36354D9B5B0A58A4B9A19103852C00A2,SHA256=E5A863D3F4BFEFED7D73A7B1499F81B7235BC9AE3C108065041BCB8E5446B1BB,IMPHASH=1273683626EBBA703979F188A1E64237\r\nSigned: true\r\nSignature: Microsoft Windows\r\nSignatureStatus: Valid","Hostname":"WORKSTATION5","ProcessId":"8964","Description":"Windows NT CRT DLL","Company":"Microsoft Corporation","Signed":"true","OriginalFileName":"msvcrt.dll"}
{"TimeCreated":"2020-10-19 03:30:46.683","SourceName":"Microsoft-Windows-Sysmon","SignatureStatus":"Valid","Signature":"Microsoft Windows","Product":"Microsoft Windows Operating System","Hashes":"SHA1=04BCAE1D932B2FB22A3B7ADC6C1EC1776151FC68,MD5=DBC5A40335E9F25C5C9313AB95C88CE8,SHA256=C39C71244E43B5469FF3F9313893E1AB7AFF5806B1A179CBED06A59B3F6F81B5,IMPHASH=88E7E7C7FA90052EC162DD37F2B7C7BD","UtcTime":"2020-10-19 07:30:46.666","ProcessGuid":"{39e4a257-40a6-5f8d-a305-000000000700}","Image":"C:\\Windows\\System32\\conhost.exe","ImageLoaded":"C:\\Windows\\System32\\rpcrt4.dll","EventID":7,"Channel":"Microsoft-Windows-Sysmon/Operational","Task":"7","RuleName":"-","FileVersion":"10.0.18362.1110 (WinBuild.160101.0800)","Message":"Image loaded:\r\nRuleName: -\r\nUtcTime: 2020-10-19 07:30:46.666\r\nProcessGuid: {39e4a257-40a6-5f8d-a305-000000000700}\r\nProcessId: 8964\r\nImage: C:\\Windows\\System32\\conhost.exe\r\nImageLoaded: C:\\Windows\\System32\\rpcrt4.dll\r\nFileVersion: 10.0.18362.1110 (WinBuild.160101.0800)\r\nDescription: Remote Procedure Call Runtime\r\nProduct: Microsoft Windows Operating System\r\nCompany: Microsoft Corporation\r\nOriginalFileName: rpcrt4.dll\r\nHashes: SHA1=04BCAE1D932B2FB22A3B7ADC6C1EC1776151FC68,MD5=DBC5A40335E9F25C5C9313AB95C88CE8,SHA256=C39C71244E43B5469FF3F9313893E1AB7AFF5806B1A179CBED06A59B3F6F81B5,IMPHASH=88E7E7C7FA90052EC162DD37F2B7C7BD\r\nSigned: true\r\nSignature: Microsoft Windows\r\nSignatureStatus: Valid","Hostname":"WORKSTATION5","ProcessId":"8964","Description":"Remote Procedure Call Runtime","Company":"Microsoft Corporation","Signed":"true","OriginalFileName":"rpcrt4.dll"}
{"TimeCreated":"2020-10-19 03:30:46.683","SourceName":"Microsoft-Windows-Sysmon","SignatureStatus":"Valid","Signature":"Microsoft Windows","Product":"Microsoft Windows Operating System","Hashes":"SHA1=969AA7FF99DD7452EDA4558492D7A7435E414B37,MD5=66D9CBC07F05DC58E9B01E7E247DBA9C,SHA256=C0687B0277326C0DCB36B729F1257D03F23744B17E6BB4A92AFC52BE528EA6E1,IMPHASH=D1A511866766E387FD0DAF3ACBB54B12","UtcTime":"2020-10-19 07:30:46.666","ProcessGuid":"{39e4a257-40a6-5f8d-a305-000000000700}","Image":"C:\\Windows\\System32\\conhost.exe","ImageLoaded":"C:\\Windows\\System32\\combase.dll","EventID":7,"Channel":"Microsoft-Windows-Sysmon/Operational","Task":"7","RuleName":"-","FileVersion":"10.0.18362.1139 (WinBuild.160101.0800)","Message":"Image loaded:\r\nRuleName: -\r\nUtcTime: 2020-10-19 07:30:46.666\r\nProcessGuid: {39e4a257-40a6-5f8d-a305-000000000700}\r\nProcessId: 8964\r\nImage: C:\\Windows\\System32\\conhost.exe\r\nImageLoaded: C:\\Windows\\System32\\combase.dll\r\nFileVersion: 10.0.18362.1139 (WinBuild.160101.0800)\r\nDescription: Microsoft COM for Windows\r\nProduct: Microsoft Windows Operating System\r\nCompany: Microsoft Corporation\r\nOriginalFileName: COMBASE.DLL\r\nHashes: SHA1=969AA7FF99DD7452EDA4558492D7A7435E414B37,MD5=66D9CBC07F05DC58E9B01E7E247DBA9C,SHA256=C0687B0277326C0DCB36B729F1257D03F23744B17E6BB4A92AFC52BE528EA6E1,IMPHASH=D1A511866766E387FD0DAF3ACBB54B12\r\nSigned: true\r\nSignature: Microsoft Windows\r\nSignatureStatus: Valid","Hostname":"WORKSTATION5","ProcessId":"8964","Description":"Microsoft COM for Windows","Company":"Microsoft Corporation","Signed":"true","OriginalFileName":"COMBASE.DLL"}
{"TimeCreated":"2020-10-19 03:30:46.684","SourceName":"Microsoft-Windows-Sysmon","SignatureStatus":"Valid","Signature":"Microsoft Windows","Product":"Microsoft Windows Operating System","Hashes":"SHA1=B4222C8DC3274CFC3FE54F322D827B2F01FFF036,MD5=EF2BBEAFF07D32A2EC77FB4602FA9664,SHA256=6B47F3E88CDEDF8F31F91940E38A4544818C79D153323262F9F46B21F41D262C,IMPHASH=402DA460E2AC467F4489C588A9941032","UtcTime":"2020-10-19 07:30:46.666","ProcessGuid":"{39e4a257-40a6-5f8d-a305-000000000700}","Image":"C:\\Windows\\System32\\conhost.exe","ImageLoaded":"C:\\Windows\\System32\\bcryptprimitives.dll","EventID":7,"Channel":"Microsoft-Windows-Sysmon/Operational","Task":"7","RuleName":"-","FileVersion":"10.0.18362.836 (WinBuild.160101.0800)","Message":"Image loaded:\r\nRuleName: -\r\nUtcTime: 2020-10-19 07:30:46.666\r\nProcessGuid: {39e4a257-40a6-5f8d-a305-000000000700}\r\nProcessId: 8964\r\nImage: C:\\Windows\\System32\\conhost.exe\r\nImageLoaded: C:\\Windows\\System32\\bcryptprimitives.dll\r\nFileVersion: 10.0.18362.836 (WinBuild.160101.0800)\r\nDescription: Windows Cryptographic Primitives Library\r\nProduct: Microsoft Windows Operating System\r\nCompany: Microsoft Corporation\r\nOriginalFileName: bcryptprimitives.dll\r\nHashes: SHA1=B4222C8DC3274CFC3FE54F322D827B2F01FFF036,MD5=EF2BBEAFF07D32A2EC77FB4602FA9664,SHA256=6B47F3E88CDEDF8F31F91940E38A4544818C79D153323262F9F46B21F41D262C,IMPHASH=402DA460E2AC467F4489C588A9941032\r\nSigned: true\r\nSignature: Microsoft Windows\r\nSignatureStatus: Valid","Hostname":"WORKSTATION5","ProcessId":"8964","Description":"Windows Cryptographic Primitives Library","Company":"Microsoft Corporation","Signed":"true","OriginalFileName":"bcryptprimitives.dll"}
{"TimeCreated":"2020-10-19 03:30:46.684","SourceName":"Microsoft-Windows-Sysmon","SignatureStatus":"Valid","Signature":"Microsoft Windows","Product":"Microsoft Windows Operating System","Hashes":"SHA1=35C61DDE6F8F4ED05F9C4837E2B91C886CA79F82,MD5=EA4F6E7961B4A402F6F5EC33C655260A,SHA256=5E2D103E7E1FD7CA0492E541F082D274EF6259AF2158A3562986C796C5C869DD,IMPHASH=8EEA175C33205685FB8A14876D7564DB","UtcTime":"2020-10-19 07:30:46.666","ProcessGuid":"{39e4a257-40a6-5f8d-a305-000000000700}","Image":"C:\\Windows\\System32\\conhost.exe","ImageLoaded":"C:\\Windows\\System32\\advapi32.dll","EventID":7,"Channel":"Microsoft-Windows-Sysmon/Operational","Task":"7","RuleName":"-","FileVersion":"10.0.18362.752 (WinBuild.160101.0800)","Message":"Image loaded:\r\nRuleName: -\r\nUtcTime: 2020-10-19 07:30:46.666\r\nProcessGuid: {39e4a257-40a6-5f8d-a305-000000000700}\r\nProcessId: 8964\r\nImage: C:\\Windows\\System32\\conhost.exe\r\nImageLoaded: C:\\Windows\\System32\\advapi32.dll\r\nFileVersion: 10.0.18362.752 (WinBuild.160101.0800)\r\nDescription: Advanced Windows 32 Base API\r\nProduct: Microsoft Windows Operating System\r\nCompany: Microsoft Corporation\r\nOriginalFileName: advapi32.dll\r\nHashes: SHA1=35C61DDE6F8F4ED05F9C4837E2B91C886CA79F82,MD5=EA4F6E7961B4A402F6F5EC33C655260A,SHA256=5E2D103E7E1FD7CA0492E541F082D274EF6259AF2158A3562986C796C5C869DD,IMPHASH=8EEA175C33205685FB8A14876D7564DB\r\nSigned: true\r\nSignature: Microsoft Windows\r\nSignatureStatus: Valid","Hostname":"WORKSTATION5","ProcessId":"8964","Description":"Advanced Windows 32 Base API","Company":"Microsoft Corporation","Signed":"true","OriginalFileName":"advapi32.dll"}
{"TimeCreated":"2020-10-19 03:30:46.684","SourceName":"Microsoft-Windows-Sysmon","SignatureStatus":"Valid","Signature":"Microsoft Windows","Product":"Microsoft Windows Operating System","Hashes":"SHA1=A330EDE32DFA03AE6808EE7FB6916D8DEB8F5DDE,MD5=A094E2B38D3DD864B07580D243CB6E43,SHA256=C441E19D20961D4E990E117A300ED318BEDBF2F8BA0FF07BEE7832AC502CDDF2,IMPHASH=CE4BD072766253F6A267D0284CA82002","UtcTime":"2020-10-19 07:30:46.681","ProcessGuid":"{39e4a257-40a6-5f8d-a305-000000000700}","Image":"C:\\Windows\\System32\\conhost.exe","ImageLoaded":"C:\\Windows\\System32\\sechost.dll","EventID":7,"Channel":"Microsoft-Windows-Sysmon/Operational","Task":"7","RuleName":"-","FileVersion":"10.0.18362.959 (WinBuild.160101.0800)","Message":"Image loaded:\r\nRuleName: -\r\nUtcTime: 2020-10-19 07:30:46.681\r\nProcessGuid: {39e4a257-40a6-5f8d-a305-000000000700}\r\nProcessId: 8964\r\nImage: C:\\Windows\\System32\\conhost.exe\r\nImageLoaded: C:\\Windows\\System32\\sechost.dll\r\nFileVersion: 10.0.18362.959 (WinBuild.160101.0800)\r\nDescription: Host for SCM/SDDL/LSA Lookup APIs\r\nProduct: Microsoft Windows Operating System\r\nCompany: Microsoft Corporation\r\nOriginalFileName: sechost.dll\r\nHashes: SHA1=A330EDE32DFA03AE6808EE7FB6916D8DEB8F5DDE,MD5=A094E2B38D3DD864B07580D243CB6E43,SHA256=C441E19D20961D4E990E117A300ED318BEDBF2F8BA0FF07BEE7832AC502CDDF2,IMPHASH=CE4BD072766253F6A267D0284CA82002\r\nSigned: true\r\nSignature: Microsoft Windows\r\nSignatureStatus: Valid","Hostname":"WORKSTATION5","ProcessId":"8964","Description":"Host for SCM/SDDL/LSA Lookup APIs","Company":"Microsoft Corporation","Signed":"true","OriginalFileName":"sechost.dll"}
{"SourceImage":"C:\\windows\\system32\\conhost.exe","TimeCreated":"2020-10-19 03:30:46.685","GrantedAccess":"0x1fffff","SourceName":"Microsoft-Windows-Sysmon","SourceThreadId":"2380","CallTrace":"C:\\windows\\SYSTEM32\\ntdll.dll+9c584|C:\\windows\\System32\\KERNELBASE.dll+305fe|C:\\windows\\system32\\conhost.exe+1260d|C:\\windows\\system32\\conhost.exe+12505|C:\\windows\\system32\\conhost.exe+895c|C:\\windows\\system32\\conhost.exe+f2e6|C:\\windows\\System32\\KERNEL32.DLL+17c24|C:\\windows\\SYSTEM32\\ntdll.dll+6cea1","UtcTime":"2020-10-19 07:30:46.681","TargetProcessGUID":"{39e4a257-40a6-5f8d-a205-000000000700}","SourceProcessId":"8964","EventID":10,"Channel":"Microsoft-Windows-Sysmon/Operational","Task":"10","RuleName":"-","Message":"Process accessed:\r\nRuleName: -\r\nUtcTime: 2020-10-19 07:30:46.681\r\nSourceProcessGUID: {39e4a257-40a6-5f8d-a305-000000000700}\r\nSourceProcessId: 8964\r\nSourceThreadId: 2380\r\nSourceImage: C:\\windows\\system32\\conhost.exe\r\nTargetProcessGUID: {39e4a257-40a6-5f8d-a205-000000000700}\r\nTargetProcessId: 824\r\nTargetImage: C:\\windows\\system32\\reg.exe\r\nGrantedAccess: 0x1FFFFF\r\nCallTrace: C:\\windows\\SYSTEM32\\ntdll.dll+9c584|C:\\windows\\System32\\KERNELBASE.dll+305fe|C:\\windows\\system32\\conhost.exe+1260d|C:\\windows\\system32\\conhost.exe+12505|C:\\windows\\system32\\conhost.exe+895c|C:\\windows\\system32\\conhost.exe+f2e6|C:\\windows\\System32\\KERNEL32.DLL+17c24|C:\\windows\\SYSTEM32\\ntdll.dll+6cea1","Hostname":"WORKSTATION5","TargetProcessId":"824","TargetImage":"C:\\windows\\system32\\reg.exe","SourceProcessGUID":"{39e4a257-40a6-5f8d-a305-000000000700}"}
{"TimeCreated":"2020-10-19 03:30:46.686","SourceName":"Microsoft-Windows-Sysmon","SignatureStatus":"Valid","Signature":"Microsoft Windows","Product":"Microsoft Windows Operating System","Hashes":"SHA1=6B56618013746DA2480E9B14DBD03BD1C6DC009F,MD5=99391EBA3F88D56C3D27268D7947782F,SHA256=3AC2B856DD34D51A631C26791916A036C6C917667D8562676CCE8F2F35349221,IMPHASH=70F6F0466DB32D0AA9E18434AE996907","UtcTime":"2020-10-19 07:30:46.681","ProcessGuid":"{39e4a257-40a6-5f8d-a305-000000000700}","Image":"C:\\Windows\\System32\\conhost.exe","ImageLoaded":"C:\\Windows\\System32\\user32.dll","EventID":7,"Channel":"Microsoft-Windows-Sysmon/Operational","Task":"7","RuleName":"-","FileVersion":"10.0.18362.1110 (WinBuild.160101.0800)","Message":"Image loaded:\r\nRuleName: -\r\nUtcTime: 2020-10-19 07:30:46.681\r\nProcessGuid: {39e4a257-40a6-5f8d-a305-000000000700}\r\nProcessId: 8964\r\nImage: C:\\Windows\\System32\\conhost.exe\r\nImageLoaded: C:\\Windows\\System32\\user32.dll\r\nFileVersion: 10.0.18362.1110 (WinBuild.160101.0800)\r\nDescription: Multi-User Windows USER API Client DLL\r\nProduct: Microsoft Windows Operating System\r\nCompany: Microsoft Corporation\r\nOriginalFileName: user32\r\nHashes: SHA1=6B56618013746DA2480E9B14DBD03BD1C6DC009F,MD5=99391EBA3F88D56C3D27268D7947782F,SHA256=3AC2B856DD34D51A631C26791916A036C6C917667D8562676CCE8F2F35349221,IMPHASH=70F6F0466DB32D0AA9E18434AE996907\r\nSigned: true\r\nSignature: Microsoft Windows\r\nSignatureStatus: Valid","Hostname":"WORKSTATION5","ProcessId":"8964","Description":"Multi-User Windows USER API Client DLL","Company":"Microsoft Corporation","Signed":"true","OriginalFileName":"user32"}
{"TimeCreated":"2020-10-19 03:30:46.686","SourceName":"Microsoft-Windows-Sysmon","SignatureStatus":"Valid","Signature":"Microsoft Windows","Product":"Microsoft Windows Operating System","Hashes":"SHA1=09CAA4704CC828100AA4BDB1366B5156CD1A63E4,MD5=BE23D5C90313AACEC36448136408D336,SHA256=20EE5EE473456C0853CC7B64FA9BCDBFB3C00B0848B3CFE141535C10AC944478,IMPHASH=00000000000000000000000000000000","UtcTime":"2020-10-19 07:30:46.681","ProcessGuid":"{39e4a257-40a6-5f8d-a305-000000000700}","Image":"C:\\Windows\\System32\\conhost.exe","ImageLoaded":"C:\\Windows\\System32\\win32u.dll","EventID":7,"Channel":"Microsoft-Windows-Sysmon/Operational","Task":"7","RuleName":"-","FileVersion":"10.0.18362.1139 (WinBuild.160101.0800)","Message":"Image loaded:\r\nRuleName: -\r\nUtcTime: 2020-10-19 07:30:46.681\r\nProcessGuid: {39e4a257-40a6-5f8d-a305-000000000700}\r\nProcessId: 8964\r\nImage: C:\\Windows\\System32\\conhost.exe\r\nImageLoaded: C:\\Windows\\System32\\win32u.dll\r\nFileVersion: 10.0.18362.1139 (WinBuild.160101.0800)\r\nDescription: Win32u\r\nProduct: Microsoft Windows Operating System\r\nCompany: Microsoft Corporation\r\nOriginalFileName: Win32u.DLL\r\nHashes: SHA1=09CAA4704CC828100AA4BDB1366B5156CD1A63E4,MD5=BE23D5C90313AACEC36448136408D336,SHA256=20EE5EE473456C0853CC7B64FA9BCDBFB3C00B0848B3CFE141535C10AC944478,IMPHASH=00000000000000000000000000000000\r\nSigned: true\r\nSignature: Microsoft Windows\r\nSignatureStatus: Valid","Hostname":"WORKSTATION5","ProcessId":"8964","Description":"Win32u","Company":"Microsoft Corporation","Signed":"true","OriginalFileName":"Win32u.DLL"}
{"TimeCreated":"2020-10-19 03:30:46.686","SourceName":"Microsoft-Windows-Sysmon","SignatureStatus":"Valid","Signature":"Microsoft Windows","Product":"Microsoft Windows Operating System","Hashes":"SHA1=9E91D74D5B9BF64A3D4BE8C5EA3594F5DA2BC299,MD5=2839609118F48DEA292084E43FAA72D8,SHA256=4FC9460147D5A3AA1F9498863CF10BB7BE6099BEF1A3D55503164CA51E36E27E,IMPHASH=C5F30E6A06AB646153863B68366FE58A","UtcTime":"2020-10-19 07:30:46.681","ProcessGuid":"{39e4a257-40a6-5f8d-a305-000000000700}","Image":"C:\\Windows\\System32\\conhost.exe","ImageLoaded":"C:\\Windows\\System32\\gdi32.dll","EventID":7,"Channel":"Microsoft-Windows-Sysmon/Operational","Task":"7","RuleName":"-","FileVersion":"10.0.18362.1 (WinBuild.160101.0800)","Message":"Image loaded:\r\nRuleName: -\r\nUtcTime: 2020-10-19 07:30:46.681\r\nProcessGuid: {39e4a257-40a6-5f8d-a305-000000000700}\r\nProcessId: 8964\r\nImage: C:\\Windows\\System32\\conhost.exe\r\nImageLoaded: C:\\Windows\\System32\\gdi32.dll\r\nFileVersion: 10.0.18362.1 (WinBuild.160101.0800)\r\nDescription: GDI Client DLL\r\nProduct: Microsoft Windows Operating System\r\nCompany: Microsoft Corporation\r\nOriginalFileName: gdi32\r\nHashes: SHA1=9E91D74D5B9BF64A3D4BE8C5EA3594F5DA2BC299,MD5=2839609118F48DEA292084E43FAA72D8,SHA256=4FC9460147D5A3AA1F9498863CF10BB7BE6099BEF1A3D55503164CA51E36E27E,IMPHASH=C5F30E6A06AB646153863B68366FE58A\r\nSigned: true\r\nSignature: Microsoft Windows\r\nSignatureStatus: Valid","Hostname":"WORKSTATION5","ProcessId":"8964","Description":"GDI Client DLL","Company":"Microsoft Corporation","Signed":"true","OriginalFileName":"gdi32"}
{"TimeCreated":"2020-10-19 03:30:46.687","SourceName":"Microsoft-Windows-Sysmon","SignatureStatus":"Valid","Signature":"Microsoft Windows","Product":"Microsoft Windows Operating System","Hashes":"SHA1=F9E2F12438029B6CC54E25DC77E0CDAF4E2F60E6,MD5=EF7E6E4AA8B9EB0B9C2915F6C8F0C71A,SHA256=0428CCE46E90E781510B784E97DC514D4F0564B31591526CDABD40654D4A8F79,IMPHASH=4D32F6E2211CD04CA28C2CD4FAC607E8","UtcTime":"2020-10-19 07:30:46.681","ProcessGuid":"{39e4a257-40a6-5f8d-a305-000000000700}","Image":"C:\\Windows\\System32\\conhost.exe","ImageLoaded":"C:\\Windows\\System32\\gdi32full.dll","EventID":7,"Channel":"Microsoft-Windows-Sysmon/Operational","Task":"7","RuleName":"-","FileVersion":"10.0.18362.1139 (WinBuild.160101.0800)","Message":"Image loaded:\r\nRuleName: -\r\nUtcTime: 2020-10-19 07:30:46.681\r\nProcessGuid: {39e4a257-40a6-5f8d-a305-000000000700}\r\nProcessId: 8964\r\nImage: C:\\Windows\\System32\\conhost.exe\r\nImageLoaded: C:\\Windows\\System32\\gdi32full.dll\r\nFileVersion: 10.0.18362.1139 (WinBuild.160101.0800)\r\nDescription: GDI Client DLL\r\nProduct: Microsoft Windows Operating System\r\nCompany: Microsoft Corporation\r\nOriginalFileName: gdi32\r\nHashes: SHA1=F9E2F12438029B6CC54E25DC77E0CDAF4E2F60E6,MD5=EF7E6E4AA8B9EB0B9C2915F6C8F0C71A,SHA256=0428CCE46E90E781510B784E97DC514D4F0564B31591526CDABD40654D4A8F79,IMPHASH=4D32F6E2211CD04CA28C2CD4FAC607E8\r\nSigned: true\r\nSignature: Microsoft Windows\r\nSignatureStatus: Valid","Hostname":"WORKSTATION5","ProcessId":"8964","Description":"GDI Client DLL","Company":"Microsoft Corporation","Signed":"true","OriginalFileName":"gdi32"}
{"TimeCreated":"2020-10-19 03:30:46.689","SourceName":"Microsoft-Windows-Sysmon","SignatureStatus":"Valid","Signature":"Microsoft Windows","Product":"Microsoft Windows Operating System","Hashes":"SHA1=1BE5EC1130E4B812224AF98D1C4B81B91C8D8BCE,MD5=698E67C04A48B58FE0FE2B7DAB428BD2,SHA256=D4F8395347B3C952DA3309BD3ADFBF87F52582C744204692DEDB0B6E720AEE1A,IMPHASH=5DE31297232BD99BC22531D7CE95B80E","UtcTime":"2020-10-19 07:30:46.681","ProcessGuid":"{39e4a257-40a6-5f8d-a305-000000000700}","Image":"C:\\Windows\\System32\\conhost.exe","ImageLoaded":"C:\\Windows\\System32\\shell32.dll","EventID":7,"Channel":"Microsoft-Windows-Sysmon/Operational","Task":"7","RuleName":"-","FileVersion":"10.0.18362.1110 (WinBuild.160101.0800)","Message":"Image loaded:\r\nRuleName: -\r\nUtcTime: 2020-10-19 07:30:46.681\r\nProcessGuid: {39e4a257-40a6-5f8d-a305-000000000700}\r\nProcessId: 8964\r\nImage: C:\\Windows\\System32\\conhost.exe\r\nImageLoaded: C:\\Windows\\System32\\shell32.dll\r\nFileVersion: 10.0.18362.1110 (WinBuild.160101.0800)\r\nDescription: Windows Shell Common Dll\r\nProduct: Microsoft Windows Operating System\r\nCompany: Microsoft Corporation\r\nOriginalFileName: SHELL32.DLL\r\nHashes: SHA1=1BE5EC1130E4B812224AF98D1C4B81B91C8D8BCE,MD5=698E67C04A48B58FE0FE2B7DAB428BD2,SHA256=D4F8395347B3C952DA3309BD3ADFBF87F52582C744204692DEDB0B6E720AEE1A,IMPHASH=5DE31297232BD99BC22531D7CE95B80E\r\nSigned: true\r\nSignature: Microsoft Windows\r\nSignatureStatus: Valid","Hostname":"WORKSTATION5","ProcessId":"8964","Description":"Windows Shell Common Dll","Company":"Microsoft Corporation","Signed":"true","OriginalFileName":"SHELL32.DLL"}
{"TimeCreated":"2020-10-19 03:30:46.689","SourceName":"Microsoft-Windows-Sysmon","SignatureStatus":"Valid","Signature":"Microsoft Windows","Product":"Microsoft Windows Operating System","Hashes":"SHA1=FA3A718BEED81C7084675E250ADC305677A6B5E4,MD5=3A99A40872AF3B87406CC57DBDF53748,SHA256=96A1DB38C74A81FBA4C4AB29020551364FD1ADA3B6FED789D193C787E757979D,IMPHASH=4B4464C7677B6F07342800F4CF0BA273","UtcTime":"2020-10-19 07:30:46.681","ProcessGuid":"{39e4a257-40a6-5f8d-a305-000000000700}","Image":"C:\\Windows\\System32\\conhost.exe","ImageLoaded":"C:\\Windows\\System32\\cfgmgr32.dll","EventID":7,"Channel":"Microsoft-Windows-Sysmon/Operational","Task":"7","RuleName":"-","FileVersion":"10.0.18362.387 (WinBuild.160101.0800)","Message":"Image loaded:\r\nRuleName: -\r\nUtcTime: 2020-10-19 07:30:46.681\r\nProcessGuid: {39e4a257-40a6-5f8d-a305-000000000700}\r\nProcessId: 8964\r\nImage: C:\\Windows\\System32\\conhost.exe\r\nImageLoaded: C:\\Windows\\System32\\cfgmgr32.dll\r\nFileVersion: 10.0.18362.387 (WinBuild.160101.0800)\r\nDescription: Configuration Manager DLL\r\nProduct: Microsoft Windows Operating System\r\nCompany: Microsoft Corporation\r\nOriginalFileName: CFGMGR32.DLL\r\nHashes: SHA1=FA3A718BEED81C7084675E250ADC305677A6B5E4,MD5=3A99A40872AF3B87406CC57DBDF53748,SHA256=96A1DB38C74A81FBA4C4AB29020551364FD1ADA3B6FED789D193C787E757979D,IMPHASH=4B4464C7677B6F07342800F4CF0BA273\r\nSigned: true\r\nSignature: Microsoft Windows\r\nSignatureStatus: Valid","Hostname":"WORKSTATION5","ProcessId":"8964","Description":"Configuration Manager DLL","Company":"Microsoft Corporation","Signed":"true","OriginalFileName":"CFGMGR32.DLL"}
{"TimeCreated":"2020-10-19 03:30:46.690","SourceName":"Microsoft-Windows-Sysmon","SignatureStatus":"Valid","Signature":"Microsoft Windows","Product":"Microsoft Windows Operating System","Hashes":"SHA1=DF7D0248848C0247FD5F65ABD9799FDA0380C77D,MD5=DDD102204FDCD3FC8DD0AA89CF6609A3,SHA256=49F37639155096444C1B780071B8D63320FD8F8DC1D7CEF7A9031830C4F90968,IMPHASH=BDB3E400A78EE2D42C647E85CD2D827B","UtcTime":"2020-10-19 07:30:46.681","ProcessGuid":"{39e4a257-40a6-5f8d-a305-000000000700}","Image":"C:\\Windows\\System32\\conhost.exe","ImageLoaded":"C:\\Windows\\System32\\windows.storage.dll","EventID":7,"Channel":"Microsoft-Windows-Sysmon/Operational","Task":"7","RuleName":"-","FileVersion":"10.0.18362.1082 (WinBuild.160101.0800)","Message":"Image loaded:\r\nRuleName: -\r\nUtcTime: 2020-10-19 07:30:46.681\r\nProcessGuid: {39e4a257-40a6-5f8d-a305-000000000700}\r\nProcessId: 8964\r\nImage: C:\\Windows\\System32\\conhost.exe\r\nImageLoaded: C:\\Windows\\System32\\windows.storage.dll\r\nFileVersion: 10.0.18362.1082 (WinBuild.160101.0800)\r\nDescription: Microsoft WinRT Storage API\r\nProduct: Microsoft Windows Operating System\r\nCompany: Microsoft Corporation\r\nOriginalFileName: Windows.Storage.dll\r\nHashes: SHA1=DF7D0248848C0247FD5F65ABD9799FDA0380C77D,MD5=DDD102204FDCD3FC8DD0AA89CF6609A3,SHA256=49F37639155096444C1B780071B8D63320FD8F8DC1D7CEF7A9031830C4F90968,IMPHASH=BDB3E400A78EE2D42C647E85CD2D827B\r\nSigned: true\r\nSignature: Microsoft Windows\r\nSignatureStatus: Valid","Hostname":"WORKSTATION5","ProcessId":"8964","Description":"Microsoft WinRT Storage API","Company":"Microsoft Corporation","Signed":"true","OriginalFileName":"Windows.Storage.dll"}
{"TimeCreated":"2020-10-19 03:30:46.690","SourceName":"Microsoft-Windows-Sysmon","SignatureStatus":"Valid","Signature":"Microsoft Windows","Product":"Microsoft Windows Operating System","Hashes":"SHA1=387FC7660AFDEC45CFFB84980EB77D0E787ED31B,MD5=F4862E1CC68687B9D4B245512BDF8383,SHA256=A2DF0AC95B9AA338EB6062BA5739F65BFBA86658546F4C5CAC6045C363F55E24,IMPHASH=192CF98320740B7D296297054A9C3EEA","UtcTime":"2020-10-19 07:30:46.681","ProcessGuid":"{39e4a257-40a6-5f8d-a305-000000000700}","Image":"C:\\Windows\\System32\\conhost.exe","ImageLoaded":"C:\\Windows\\System32\\profapi.dll","EventID":7,"Channel":"Microsoft-Windows-Sysmon/Operational","Task":"7","RuleName":"-","FileVersion":"10.0.18362.693 (WinBuild.160101.0800)","Message":"Image loaded:\r\nRuleName: -\r\nUtcTime: 2020-10-19 07:30:46.681\r\nProcessGuid: {39e4a257-40a6-5f8d-a305-000000000700}\r\nProcessId: 8964\r\nImage: C:\\Windows\\System32\\conhost.exe\r\nImageLoaded: C:\\Windows\\System32\\profapi.dll\r\nFileVersion: 10.0.18362.693 (WinBuild.160101.0800)\r\nDescription: User Profile Basic API\r\nProduct: Microsoft Windows Operating System\r\nCompany: Microsoft Corporation\r\nOriginalFileName: PROFAPI.DLL\r\nHashes: SHA1=387FC7660AFDEC45CFFB84980EB77D0E787ED31B,MD5=F4862E1CC68687B9D4B245512BDF8383,SHA256=A2DF0AC95B9AA338EB6062BA5739F65BFBA86658546F4C5CAC6045C363F55E24,IMPHASH=192CF98320740B7D296297054A9C3EEA\r\nSigned: true\r\nSignature: Microsoft Windows\r\nSignatureStatus: Valid","Hostname":"WORKSTATION5","ProcessId":"8964","Description":"User Profile Basic API","Company":"Microsoft Corporation","Signed":"true","OriginalFileName":"PROFAPI.DLL"}
{"TimeCreated":"2020-10-19 03:30:46.691","SourceName":"Microsoft-Windows-Sysmon","SignatureStatus":"Valid","Signature":"Microsoft Windows","Product":"Microsoft Windows Operating System","Hashes":"SHA1=30D5ADBC0664977C27B65622F514632581C9AF45,MD5=07B027B1E0B775FAE815E487F28137B9,SHA256=21358CE9A416C7F6DB063095102E91F014BDB85B08A4E783E17234792C9B483A,IMPHASH=817FF4748665EB442F0081A91349F764","UtcTime":"2020-10-19 07:30:46.681","ProcessGuid":"{39e4a257-40a6-5f8d-a305-000000000700}","Image":"C:\\Windows\\System32\\conhost.exe","ImageLoaded":"C:\\Windows\\System32\\powrprof.dll","EventID":7,"Channel":"Microsoft-Windows-Sysmon/Operational","Task":"7","RuleName":"-","FileVersion":"10.0.18362.1 (WinBuild.160101.0800)","Message":"Image loaded:\r\nRuleName: -\r\nUtcTime: 2020-10-19 07:30:46.681\r\nProcessGuid: {39e4a257-40a6-5f8d-a305-000000000700}\r\nProcessId: 8964\r\nImage: C:\\Windows\\System32\\conhost.exe\r\nImageLoaded: C:\\Windows\\System32\\powrprof.dll\r\nFileVersion: 10.0.18362.1 (WinBuild.160101.0800)\r\nDescription: Power Profile Helper DLL\r\nProduct: Microsoft Windows Operating System\r\nCompany: Microsoft Corporation\r\nOriginalFileName: POWRPROF.DLL\r\nHashes: SHA1=30D5ADBC0664977C27B65622F514632581C9AF45,MD5=07B027B1E0B775FAE815E487F28137B9,SHA256=21358CE9A416C7F6DB063095102E91F014BDB85B08A4E783E17234792C9B483A,IMPHASH=817FF4748665EB442F0081A91349F764\r\nSigned: true\r\nSignature: Microsoft Windows\r\nSignatureStatus: Valid","Hostname":"WORKSTATION5","ProcessId":"8964","Description":"Power Profile Helper DLL","Company":"Microsoft Corporation","Signed":"true","OriginalFileName":"POWRPROF.DLL"}
{"TimeCreated":"2020-10-19 03:30:46.691","SourceName":"Microsoft-Windows-Sysmon","SignatureStatus":"Valid","Signature":"Microsoft Windows","Product":"-","Hashes":"SHA1=6ABB78FB1614C12E3E9FFF3DE98B0E13E79201D9,MD5=B9A75ED4500DD953DF172FE6F63578E8,SHA256=709B99BA1DFEF6D9B2483F37D242B12F29B1E1ADE13E338B4D7041C55B55204B,IMPHASH=5A0FF5293A05BFEBAE6F2C9C302FC5E7","UtcTime":"2020-10-19 07:30:46.681","ProcessGuid":"{39e4a257-40a6-5f8d-a305-000000000700}","Image":"C:\\Windows\\System32\\conhost.exe","ImageLoaded":"C:\\Windows\\System32\\umpdc.dll","EventID":7,"Channel":"Microsoft-Windows-Sysmon/Operational","Task":"7","RuleName":"-","FileVersion":"-","Message":"Image loaded:\r\nRuleName: -\r\nUtcTime: 2020-10-19 07:30:46.681\r\nProcessGuid: {39e4a257-40a6-5f8d-a305-000000000700}\r\nProcessId: 8964\r\nImage: C:\\Windows\\System32\\conhost.exe\r\nImageLoaded: C:\\Windows\\System32\\umpdc.dll\r\nFileVersion: -\r\nDescription: -\r\nProduct: -\r\nCompany: -\r\nOriginalFileName: -\r\nHashes: SHA1=6ABB78FB1614C12E3E9FFF3DE98B0E13E79201D9,MD5=B9A75ED4500DD953DF172FE6F63578E8,SHA256=709B99BA1DFEF6D9B2483F37D242B12F29B1E1ADE13E338B4D7041C55B55204B,IMPHASH=5A0FF5293A05BFEBAE6F2C9C302FC5E7\r\nSigned: true\r\nSignature: Microsoft Windows\r\nSignatureStatus: Valid","Hostname":"WORKSTATION5","ProcessId":"8964","Description":"-","Company":"-","Signed":"true","OriginalFileName":"-"}
{"TimeCreated":"2020-10-19 03:30:46.692","SourceName":"Microsoft-Windows-Sysmon","SignatureStatus":"Valid","Signature":"Microsoft Windows","Product":"Microsoft Windows Operating System","Hashes":"SHA1=9074DF3335B785BB00B43AE76ACC66B799118FAE,MD5=BFB85A9022324E41FCEC5011BCB5FD23,SHA256=3CDA144CFB6278DA47267FE1E1FE258716A074C3D3DD8413B259DA7DA1039871,IMPHASH=6659A49ABF33952444C5A7FA22FD9032","UtcTime":"2020-10-19 07:30:46.681","ProcessGuid":"{39e4a257-40a6-5f8d-a305-000000000700}","Image":"C:\\Windows\\System32\\conhost.exe","ImageLoaded":"C:\\Windows\\System32\\shlwapi.dll","EventID":7,"Channel":"Microsoft-Windows-Sysmon/Operational","Task":"7","RuleName":"-","FileVersion":"10.0.18362.1 (WinBuild.160101.0800)","Message":"Image loaded:\r\nRuleName: -\r\nUtcTime: 2020-10-19 07:30:46.681\r\nProcessGuid: {39e4a257-40a6-5f8d-a305-000000000700}\r\nProcessId: 8964\r\nImage: C:\\Windows\\System32\\conhost.exe\r\nImageLoaded: C:\\Windows\\System32\\shlwapi.dll\r\nFileVersion: 10.0.18362.1 (WinBuild.160101.0800)\r\nDescription: Shell Light-weight Utility Library\r\nProduct: Microsoft Windows Operating System\r\nCompany: Microsoft Corporation\r\nOriginalFileName: SHLWAPI.DLL\r\nHashes: SHA1=9074DF3335B785BB00B43AE76ACC66B799118FAE,MD5=BFB85A9022324E41FCEC5011BCB5FD23,SHA256=3CDA144CFB6278DA47267FE1E1FE258716A074C3D3DD8413B259DA7DA1039871,IMPHASH=6659A49ABF33952444C5A7FA22FD9032\r\nSigned: true\r\nSignature: Microsoft Windows\r\nSignatureStatus: Valid","Hostname":"WORKSTATION5","ProcessId":"8964","Description":"Shell Light-weight Utility Library","Company":"Microsoft Corporation","Signed":"true","OriginalFileName":"SHLWAPI.DLL"}
