{"TimeCreated":"2020-10-19 03:30:46.477","SourceName":"Microsoft-Windows-Sysmon","SignatureStatus":"Valid","Signature":"Microsoft Windows","Product":"Microsoft Windows Operating System","Hashes":"SHA1=8A1915ECD12930C00B1C1BEFBD13294C39E59228,MD5=DAF6C49CD2F99B360FFBDB79E4193274,SHA256=1FA0A55F470D1B59143B5367B94422DE32694828861F4FA830DA38DBEE72A5A9,IMPHASH=6150B4247FB1D7D269D5BC05C440D8CA","UtcTime":"2020-10-19 07:30:46.463","ProcessGuid":"{39e4a257-40a6-5f8d-a105-000000000700}","Image":"C:\\Windows\\PSEXESVC.exe","ImageLoaded":"C:\\Windows\\SysWOW64\\kernel.appcore.dll","EventID":7,"Channel":"Microsoft-Windows-Sysmon/Operational","Task":"7","RuleName":"-","FileVersion":"10.0.18362.1110 (WinBuild.160101.0800)","Message":"Image loaded:\r\nRuleName: -\r\nUtcTime: 2020-10-19 07:30:46.463\r\nProcessGuid: {39e4a257-40a6-5f8d-a105-000000000700}\r\nProcessId: 1460\r\nImage: C:\\Windows\\PSEXESVC.exe\r\nImageLoaded: C:\\Windows\\SysWOW64\\kernel.appcore.dll\r\nFileVersion: 10.0.18362.1110 (WinBuild.160101.0800)\r\nDescription: AppModel API Host\r\nProduct: Microsoft Windows Operating System\r\nCompany: Microsoft Corporation\r\nOriginalFileName: kernel.appcore.dll\r\nHashes: SHA1=8A1915ECD12930C00B1C1BEFBD13294C39E59228,MD5=DAF6C49CD2F99B360FFBDB79E4193274,SHA256=1FA0A55F470D1B59143B5367B94422DE32694828861F4FA830DA38DBEE72A5A9,IMPHASH=6150B4247FB1D7D269D5BC05C440D8CA\r\nSigned: true\r\nSignature: Microsoft Windows\r\nSignatureStatus: Valid","Hostname":"WORKSTATION5","ProcessId":"1460","Description":"AppModel API Host","Company":"Microsoft Corporation","Signed":"true","OriginalFileName":"kernel.appcore.dll"}
{"TimeCreated":"2020-10-19 03:30:46.478","SourceName":"Microsoft-Windows-Sysmon","SignatureStatus":"Valid","Signature":"Microsoft Windows","Product":"Microsoft Windows Operating System","Hashes":"SHA1=8A1915ECD12930C00B1C1BEFBD13294C39E59228,MD5=DAF6C49CD2F99B360FFBDB79E4193274,SHA256=1FA0A55F470D1B59143B5367B94422DE32694828861F4FA830DA38DBEE72A5A9,IMPHASH=6150B4247FB1D7D269D5BC05C440D8CA","UtcTime":"2020-10-19 07:30:46.322","ProcessGuid":"{39e4a257-40a6-5f8d-a005-000000000700}","Image":"C:\\Users\\wardog\\Downloads\\PSTools\\PsExec.exe","ImageLoaded":"C:\\Windows\\SysWOW64\\kernel.appcore.dll","EventID":7,"Channel":"Microsoft-Windows-Sysmon/Operational","Task":"7","RuleName":"-","FileVersion":"10.0.18362.1110 (WinBuild.160101.0800)","Message":"Image loaded:\r\nRuleName: -\r\nUtcTime: 2020-10-19 07:30:46.322\r\nProcessGuid: {39e4a257-40a6-5f8d-a005-000000000700}\r\nProcessId: 7256\r\nImage: C:\\Users\\wardog\\Downloads\\PSTools\\PsExec.exe\r\nImageLoaded: C:\\Windows\\SysWOW64\\kernel.appcore.dll\r\nFileVersion: 10.0.18362.1110 (WinBuild.160101.0800)\r\nDescription: AppModel API Host\r\nProduct: Microsoft Windows Operating System\r\nCompany: Microsoft Corporation\r\nOriginalFileName: kernel.appcore.dll\r\nHashes: SHA1=8A1915ECD12930C00B1C1BEFBD13294C39E59228,MD5=DAF6C49CD2F99B360FFBDB79E4193274,SHA256=1FA0A55F470D1B59143B5367B94422DE32694828861F4FA830DA38DBEE72A5A9,IMPHASH=6150B4247FB1D7D269D5BC05C440D8CA\r\nSigned: true\r\nSignature: Microsoft Windows\r\nSignatureStatus: Valid","Hostname":"WORKSTATION5","ProcessId":"7256","Description":"AppModel API Host","Company":"Microsoft Corporation","Signed":"true","OriginalFileName":"kernel.appcore.dll"}
{"TimeCreated":"2020-10-19 03:30:46.485","PipeName":"\\PSEXESVC","SourceName":"Microsoft-Windows-Sysmon","UtcTime":"2020-10-19 07:30:46.478","ProcessGuid":"{39e4a257-40a6-5f8d-a105-000000000700}","Image":"C:\\windows\\PSEXESVC.exe","EventID":17,"Channel":"Microsoft-Windows-Sysmon/Operational","Task":"17","RuleName":"-","Message":"Pipe Created:\r\nRuleName: -\r\nEventType: CreatePipe\r\nUtcTime: 2020-10-19 07:30:46.478\r\nProcessGuid: {39e4a257-40a6-5f8d-a105-000000000700}\r\nProcessId: 1460\r\nPipeName: \\PSEXESVC\r\nImage: C:\\windows\\PSEXESVC.exe","Hostname":"WORKSTATION5","ProcessId":"1460","EventType":"CreatePipe"}
{"TimeCreated":"2020-10-19 03:30:46.486","SourceName":"Microsoft-Windows-Sysmon","SignatureStatus":"Valid","Signature":"Microsoft Windows","Product":"Microsoft Windows Operating System","Hashes":"SHA1=02CDDD30033953A4C3FB29EB55A9915DFDA093EE,MD5=A719D86E2E1375B08DC359757DAAD475,SHA256=9B8ED77FEDDB409FBDE00034B4049574D8AE5AE5062AA1A834F7F1C84086D4D1,IMPHASH=1594E4B36DEFC81831121C0A24E15600","UtcTime":"2020-10-19 07:30:46.322","ProcessGuid":"{39e4a257-40a6-5f8d-a005-000000000700}","Image":"C:\\Users\\wardog\\Downloads\\PSTools\\PsExec.exe","ImageLoaded":"C:\\Windows\\SysWOW64\\netutils.dll","EventID":7,"Channel":"Microsoft-Windows-Sysmon/Operational","Task":"7","RuleName":"-","FileVersion":"10.0.18362.1 (WinBuild.160101.0800)","Message":"Image loaded:\r\nRuleName: -\r\nUtcTime: 2020-10-19 07:30:46.322\r\nProcessGuid: {39e4a257-40a6-5f8d-a005-000000000700}\r\nProcessId: 7256\r\nImage: C:\\Users\\wardog\\Downloads\\PSTools\\PsExec.exe\r\nImageLoaded: C:\\Windows\\SysWOW64\\netutils.dll\r\nFileVersion: 10.0.18362.1 (WinBuild.160101.0800)\r\nDescription: Net Win32 API Helpers DLL\r\nProduct: Microsoft Windows Operating System\r\nCompany: Microsoft Corporation\r\nOriginalFileName: NETUTILS.DLL\r\nHashes: SHA1=02CDDD30033953A4C3FB29EB55A9915DFDA093EE,MD5=A719D86E2E1375B08DC359757DAAD475,SHA256=9B8ED77FEDDB409FBDE00034B4049574D8AE5AE5062AA1A834F7F1C84086D4D1,IMPHASH=1594E4B36DEFC81831121C0A24E15600\r\nSigned: true\r\nSignature: Microsoft Windows\r\nSignatureStatus: Valid","Hostname":"WORKSTATION5","ProcessId":"7256","Description":"Net Win32 API Helpers DLL","Company":"Microsoft Corporation","Signed":"true","OriginalFileName":"NETUTILS.DLL"}
{"TimeCreated":"2020-10-19 03:30:46.491","SourceName":"Microsoft-Windows-Sysmon","SignatureStatus":"Valid","Signature":"Microsoft Windows","Product":"Microsoft Windows Operating System","Hashes":"SHA1=6F13A335239BBD9C7DAA79243C39893EC33F34CE,MD5=7C306EF7C8A7DBB226168CFC44FCDF99,SHA256=ABDF89DE6AA6C557F7F258FC4E5DC7A1F87E4CFD30789B1F6412A5A9428D3C87,IMPHASH=BBBFFB6F4EE3E6881CD57DB9E483717D","UtcTime":"2020-10-19 07:30:46.338","ProcessGuid":"{39e4a257-40a6-5f8d-a005-000000000700}","Image":"C:\\Users\\wardog\\Downloads\\PSTools\\PsExec.exe","ImageLoaded":"C:\\Windows\\SysWOW64\\logoncli.dll","EventID":7,"Channel":"Microsoft-Windows-Sysmon/Operational","Task":"7","RuleName":"-","FileVersion":"10.0.18362.959 (WinBuild.160101.0800)","Message":"Image loaded:\r\nRuleName: -\r\nUtcTime: 2020-10-19 07:30:46.338\r\nProcessGuid: {39e4a257-40a6-5f8d-a005-000000000700}\r\nProcessId: 7256\r\nImage: C:\\Users\\wardog\\Downloads\\PSTools\\PsExec.exe\r\nImageLoaded: C:\\Windows\\SysWOW64\\logoncli.dll\r\nFileVersion: 10.0.18362.959 (WinBuild.160101.0800)\r\nDescription: Net Logon Client DLL\r\nProduct: Microsoft Windows Operating System\r\nCompany: Microsoft Corporation\r\nOriginalFileName: LOGONCLI.DLL\r\nHashes: SHA1=6F13A335239BBD9C7DAA79243C39893EC33F34CE,MD5=7C306EF7C8A7DBB226168CFC44FCDF99,SHA256=ABDF89DE6AA6C557F7F258FC4E5DC7A1F87E4CFD30789B1F6412A5A9428D3C87,IMPHASH=BBBFFB6F4EE3E6881CD57DB9E483717D\r\nSigned: true\r\nSignature: Microsoft Windows\r\nSignatureStatus: Valid","Hostname":"WORKSTATION5","ProcessId":"7256","Description":"Net Logon Client DLL","Company":"Microsoft Corporation","Signed":"true","OriginalFileName":"LOGONCLI.DLL"}
{"TimeCreated":"2020-10-19 03:30:46.504","SourceName":"Microsoft-Windows-Sysmon","SignatureStatus":"Valid","Signature":"Microsoft Windows","Product":"Microsoft Windows Operating System","Hashes":"SHA1=8E22A1EB995943F69B49737759240B280BF37B16,MD5=9EDDD07D4C5E64EF590203E906E9E623,SHA256=814BFEA6788DB77F3ADE936F0BF896DEABBC1AC6867CCABE67EA51081F802F3C,IMPHASH=F08702AAAD4CE7C53296DF38CDF2CA4B","UtcTime":"2020-10-19 07:30:46.338","ProcessGuid":"{39e4a257-40a6-5f8d-a005-000000000700}","Image":"C:\\Users\\wardog\\Downloads\\PSTools\\PsExec.exe","ImageLoaded":"C:\\Windows\\SysWOW64\\NapiNSP.dll","EventID":7,"Channel":"Microsoft-Windows-Sysmon/Operational","Task":"7","RuleName":"-","FileVersion":"10.0.18362.1 (WinBuild.160101.0800)","Message":"Image loaded:\r\nRuleName: -\r\nUtcTime: 2020-10-19 07:30:46.338\r\nProcessGuid: {39e4a257-40a6-5f8d-a005-000000000700}\r\nProcessId: 7256\r\nImage: C:\\Users\\wardog\\Downloads\\PSTools\\PsExec.exe\r\nImageLoaded: C:\\Windows\\SysWOW64\\NapiNSP.dll\r\nFileVersion: 10.0.18362.1 (WinBuild.160101.0800)\r\nDescription: E-mail Naming Shim Provider\r\nProduct: Microsoft Windows Operating System\r\nCompany: Microsoft Corporation\r\nOriginalFileName: napinsp.dll\r\nHashes: SHA1=8E22A1EB995943F69B49737759240B280BF37B16,MD5=9EDDD07D4C5E64EF590203E906E9E623,SHA256=814BFEA6788DB77F3ADE936F0BF896DEABBC1AC6867CCABE67EA51081F802F3C,IMPHASH=F08702AAAD4CE7C53296DF38CDF2CA4B\r\nSigned: true\r\nSignature: Microsoft Windows\r\nSignatureStatus: Valid","Hostname":"WORKSTATION5","ProcessId":"7256","Description":"E-mail Naming Shim Provider","Company":"Microsoft Corporation","Signed":"true","OriginalFileName":"napinsp.dll"}
{"TimeCreated":"2020-10-19 03:30:46.516","SourceName":"Microsoft-Windows-Sysmon","SignatureStatus":"Valid","Signature":"Microsoft Windows","Product":"Microsoft Windows Operating System","Hashes":"SHA1=DA9F83BE3D77072ACD2440818CC991102B1B523F,MD5=2AA845C9F8999FD9B635ECD68D50174A,SHA256=C98493EA7AD57422C21279332191915A377146FD67F1D846050C519AFB64ED50,IMPHASH=84003A090CD956F7AE4574A869254EC9","UtcTime":"2020-10-19 07:30:46.353","ProcessGuid":"{39e4a257-40a6-5f8d-a005-000000000700}","Image":"C:\\Users\\wardog\\Downloads\\PSTools\\PsExec.exe","ImageLoaded":"C:\\Windows\\SysWOW64\\pnrpnsp.dll","EventID":7,"Channel":"Microsoft-Windows-Sysmon/Operational","Task":"7","RuleName":"-","FileVersion":"10.0.18362.1 (WinBuild.160101.0800)","Message":"Image loaded:\r\nRuleName: -\r\nUtcTime: 2020-10-19 07:30:46.353\r\nProcessGuid: {39e4a257-40a6-5f8d-a005-000000000700}\r\nProcessId: 7256\r\nImage: C:\\Users\\wardog\\Downloads\\PSTools\\PsExec.exe\r\nImageLoaded: C:\\Windows\\SysWOW64\\pnrpnsp.dll\r\nFileVersion: 10.0.18362.1 (WinBuild.160101.0800)\r\nDescription: PNRP Name Space Provider\r\nProduct: Microsoft Windows Operating System\r\nCompany: Microsoft Corporation\r\nOriginalFileName: pnrpnsp.dll\r\nHashes: SHA1=DA9F83BE3D77072ACD2440818CC991102B1B523F,MD5=2AA845C9F8999FD9B635ECD68D50174A,SHA256=C98493EA7AD57422C21279332191915A377146FD67F1D846050C519AFB64ED50,IMPHASH=84003A090CD956F7AE4574A869254EC9\r\nSigned: true\r\nSignature: Microsoft Windows\r\nSignatureStatus: Valid","Hostname":"WORKSTATION5","ProcessId":"7256","Description":"PNRP Name Space Provider","Company":"Microsoft Corporation","Signed":"true","OriginalFileName":"pnrpnsp.dll"}
{"TimeCreated":"2020-10-19 03:30:46.523","SourceName":"Microsoft-Windows-Sysmon","SignatureStatus":"Valid","Signature":"Microsoft Windows","Product":"Microsoft Windows Operating System","Hashes":"SHA1=8D3C315FA11D92C2673CBA6346DEC3A46DB991D1,MD5=55A3E715886C4A40DA82CFE8010D4764,SHA256=C54E55555949BE2A356365554928E77D78F8A034A8CD632C13BF6DFBCE1B62F1,IMPHASH=CAD5448D609CBD58FF4FDED7B455C7E6","UtcTime":"2020-10-19 07:30:46.353","ProcessGuid":"{39e4a257-40a6-5f8d-a005-000000000700}","Image":"C:\\Users\\wardog\\Downloads\\PSTools\\PsExec.exe","ImageLoaded":"C:\\Windows\\SysWOW64\\mswsock.dll","EventID":7,"Channel":"Microsoft-Windows-Sysmon/Operational","Task":"7","RuleName":"-","FileVersion":"10.0.18362.815 (WinBuild.160101.0800)","Message":"Image loaded:\r\nRuleName: -\r\nUtcTime: 2020-10-19 07:30:46.353\r\nProcessGuid: {39e4a257-40a6-5f8d-a005-000000000700}\r\nProcessId: 7256\r\nImage: C:\\Users\\wardog\\Downloads\\PSTools\\PsExec.exe\r\nImageLoaded: C:\\Windows\\SysWOW64\\mswsock.dll\r\nFileVersion: 10.0.18362.815 (WinBuild.160101.0800)\r\nDescription: Microsoft Windows Sockets 2.0 Service Provider\r\nProduct: Microsoft Windows Operating System\r\nCompany: Microsoft Corporation\r\nOriginalFileName: mswsock.dll\r\nHashes: SHA1=8D3C315FA11D92C2673CBA6346DEC3A46DB991D1,MD5=55A3E715886C4A40DA82CFE8010D4764,SHA256=C54E55555949BE2A356365554928E77D78F8A034A8CD632C13BF6DFBCE1B62F1,IMPHASH=CAD5448D609CBD58FF4FDED7B455C7E6\r\nSigned: true\r\nSignature: Microsoft Windows\r\nSignatureStatus: Valid","Hostname":"WORKSTATION5","ProcessId":"7256","Description":"Microsoft Windows Sockets 2.0 Service Provider","Company":"Microsoft Corporation","Signed":"true","OriginalFileName":"mswsock.dll"}
{"TimeCreated":"2020-10-19 03:30:46.533","SourceName":"Microsoft-Windows-Sysmon","SignatureStatus":"Valid","Signature":"Microsoft Windows","Product":"Microsoft Windows Operating System","Hashes":"SHA1=23BC7190C502312DBB0C9A25EA442AE8970C9A11,MD5=D53119630B255A98A93ED69BB7D2200A,SHA256=6D5E2F87F87A8DD5998530FD5676001DFEAD3DAEC9A325792C024CCD3F84A20F,IMPHASH=2CB23C34A1168045D1F0B1DB52117002","UtcTime":"2020-10-19 07:30:46.369","ProcessGuid":"{39e4a257-40a6-5f8d-a005-000000000700}","Image":"C:\\Users\\wardog\\Downloads\\PSTools\\PsExec.exe","ImageLoaded":"C:\\Windows\\SysWOW64\\dnsapi.dll","EventID":7,"Channel":"Microsoft-Windows-Sysmon/Operational","Task":"7","RuleName":"-","FileVersion":"10.0.18362.1082 (WinBuild.160101.0800)","Message":"Image loaded:\r\nRuleName: -\r\nUtcTime: 2020-10-19 07:30:46.369\r\nProcessGuid: {39e4a257-40a6-5f8d-a005-000000000700}\r\nProcessId: 7256\r\nImage: C:\\Users\\wardog\\Downloads\\PSTools\\PsExec.exe\r\nImageLoaded: C:\\Windows\\SysWOW64\\dnsapi.dll\r\nFileVersion: 10.0.18362.1082 (WinBuild.160101.0800)\r\nDescription: DNS Client API DLL\r\nProduct: Microsoft Windows Operating System\r\nCompany: Microsoft Corporation\r\nOriginalFileName: dnsapi\r\nHashes: SHA1=23BC7190C502312DBB0C9A25EA442AE8970C9A11,MD5=D53119630B255A98A93ED69BB7D2200A,SHA256=6D5E2F87F87A8DD5998530FD5676001DFEAD3DAEC9A325792C024CCD3F84A20F,IMPHASH=2CB23C34A1168045D1F0B1DB52117002\r\nSigned: true\r\nSignature: Microsoft Windows\r\nSignatureStatus: Valid","Hostname":"WORKSTATION5","ProcessId":"7256","Description":"DNS Client API DLL","Company":"Microsoft Corporation","Signed":"true","OriginalFileName":"dnsapi"}
{"TimeCreated":"2020-10-19 03:30:46.539","SourceName":"Microsoft-Windows-Sysmon","SignatureStatus":"Valid","Signature":"Microsoft Windows","Product":"Microsoft Windows Operating System","Hashes":"SHA1=5025C8BC30A7529D09F1D3D6D77E440CB471A3F2,MD5=B833F6751CA2A859F06AE455A593B422,SHA256=65D6066BE72FDC4251B948A827CCF0CDC18D11CE020233490EB06C99952BF402,IMPHASH=444BCB28C1D3EF03CD18584D5B9883F3","UtcTime":"2020-10-19 07:30:46.369","ProcessGuid":"{39e4a257-40a6-5f8d-a005-000000000700}","Image":"C:\\Users\\wardog\\Downloads\\PSTools\\PsExec.exe","ImageLoaded":"C:\\Windows\\SysWOW64\\IPHLPAPI.DLL","EventID":7,"Channel":"Microsoft-Windows-Sysmon/Operational","Task":"7","RuleName":"-","FileVersion":"10.0.18362.1 (WinBuild.160101.0800)","Message":"Image loaded:\r\nRuleName: -\r\nUtcTime: 2020-10-19 07:30:46.369\r\nProcessGuid: {39e4a257-40a6-5f8d-a005-000000000700}\r\nProcessId: 7256\r\nImage: C:\\Users\\wardog\\Downloads\\PSTools\\PsExec.exe\r\nImageLoaded: C:\\Windows\\SysWOW64\\IPHLPAPI.DLL\r\nFileVersion: 10.0.18362.1 (WinBuild.160101.0800)\r\nDescription: IP Helper API\r\nProduct: Microsoft Windows Operating System\r\nCompany: Microsoft Corporation\r\nOriginalFileName: iphlpapi.dll\r\nHashes: SHA1=5025C8BC30A7529D09F1D3D6D77E440CB471A3F2,MD5=B833F6751CA2A859F06AE455A593B422,SHA256=65D6066BE72FDC4251B948A827CCF0CDC18D11CE020233490EB06C99952BF402,IMPHASH=444BCB28C1D3EF03CD18584D5B9883F3\r\nSigned: true\r\nSignature: Microsoft Windows\r\nSignatureStatus: Valid","Hostname":"WORKSTATION5","ProcessId":"7256","Description":"IP Helper API","Company":"Microsoft Corporation","Signed":"true","OriginalFileName":"iphlpapi.dll"}
{"TimeCreated":"2020-10-19 03:30:46.552","SourceName":"Microsoft-Windows-Sysmon","SignatureStatus":"Valid","Signature":"Microsoft Windows","Product":"Microsoft Windows Operating System","Hashes":"SHA1=C8D49F90D24725A6168FA7720A4FB5A01B2E313A,MD5=3BFD2D9EAE2C24B1F3985D8923F5CCE5,SHA256=A34582B2684B44FDCC24501C01C9F6B93791F0FE3013B399AC46A8F97697081D,IMPHASH=99F736E762D2621401FA675A606A231C","UtcTime":"2020-10-19 07:30:46.369","ProcessGuid":"{39e4a257-40a6-5f8d-a005-000000000700}","Image":"C:\\Users\\wardog\\Downloads\\PSTools\\PsExec.exe","ImageLoaded":"C:\\Windows\\SysWOW64\\winrnr.dll","EventID":7,"Channel":"Microsoft-Windows-Sysmon/Operational","Task":"7","RuleName":"-","FileVersion":"10.0.18362.1 (WinBuild.160101.0800)","Message":"Image loaded:\r\nRuleName: -\r\nUtcTime: 2020-10-19 07:30:46.369\r\nProcessGuid: {39e4a257-40a6-5f8d-a005-000000000700}\r\nProcessId: 7256\r\nImage: C:\\Users\\wardog\\Downloads\\PSTools\\PsExec.exe\r\nImageLoaded: C:\\Windows\\SysWOW64\\winrnr.dll\r\nFileVersion: 10.0.18362.1 (WinBuild.160101.0800)\r\nDescription: LDAP RnR Provider DLL\r\nProduct: Microsoft Windows Operating System\r\nCompany: Microsoft Corporation\r\nOriginalFileName: winrnr\r\nHashes: SHA1=C8D49F90D24725A6168FA7720A4FB5A01B2E313A,MD5=3BFD2D9EAE2C24B1F3985D8923F5CCE5,SHA256=A34582B2684B44FDCC24501C01C9F6B93791F0FE3013B399AC46A8F97697081D,IMPHASH=99F736E762D2621401FA675A606A231C\r\nSigned: true\r\nSignature: Microsoft Windows\r\nSignatureStatus: Valid","Hostname":"WORKSTATION5","ProcessId":"7256","Description":"LDAP RnR Provider DLL","Company":"Microsoft Corporation","Signed":"true","OriginalFileName":"winrnr"}
{"TimeCreated":"2020-10-19 03:30:46.561","SourceName":"Microsoft-Windows-Sysmon","SignatureStatus":"Valid","Signature":"Microsoft Windows","Product":"Microsoft Windows Operating System","Hashes":"SHA1=0E472395E6999E0B22116C298841EF958893625F,MD5=FB7DDD5B0F0DA76C4ED19432339C7100,SHA256=B487A51F296C9FEEA8619EB42232F8493882150A7A55C3E53301EBD9236BDF6A,IMPHASH=45ADC2044B3C8DFAC88EDD50BEB581F9","UtcTime":"2020-10-19 07:30:46.369","ProcessGuid":"{39e4a257-40a6-5f8d-a005-000000000700}","Image":"C:\\Users\\wardog\\Downloads\\PSTools\\PsExec.exe","ImageLoaded":"C:\\Windows\\SysWOW64\\nlaapi.dll","EventID":7,"Channel":"Microsoft-Windows-Sysmon/Operational","Task":"7","RuleName":"-","FileVersion":"10.0.18362.1 (WinBuild.160101.0800)","Message":"Image loaded:\r\nRuleName: -\r\nUtcTime: 2020-10-19 07:30:46.369\r\nProcessGuid: {39e4a257-40a6-5f8d-a005-000000000700}\r\nProcessId: 7256\r\nImage: C:\\Users\\wardog\\Downloads\\PSTools\\PsExec.exe\r\nImageLoaded: C:\\Windows\\SysWOW64\\nlaapi.dll\r\nFileVersion: 10.0.18362.1 (WinBuild.160101.0800)\r\nDescription: Network Location Awareness 2\r\nProduct: Microsoft Windows Operating System\r\nCompany: Microsoft Corporation\r\nOriginalFileName: nlaapi.dll\r\nHashes: SHA1=0E472395E6999E0B22116C298841EF958893625F,MD5=FB7DDD5B0F0DA76C4ED19432339C7100,SHA256=B487A51F296C9FEEA8619EB42232F8493882150A7A55C3E53301EBD9236BDF6A,IMPHASH=45ADC2044B3C8DFAC88EDD50BEB581F9\r\nSigned: true\r\nSignature: Microsoft Windows\r\nSignatureStatus: Valid","Hostname":"WORKSTATION5","ProcessId":"7256","Description":"Network Location Awareness 2","Company":"Microsoft Corporation","Signed":"true","OriginalFileName":"nlaapi.dll"}
{"TimeCreated":"2020-10-19 03:30:46.578","SourceName":"Microsoft-Windows-Sysmon","SignatureStatus":"Valid","Signature":"Microsoft Windows","Product":"Microsoft Windows Operating System","Hashes":"SHA1=6A782ACC8C61671BA42DF01C6BBDC690EEAC4489,MD5=B3A766CB8F67FB0F1820B8B050C17650,SHA256=4734705D9B4400E5D0291C2C4B4999EDC833D47CDA5DE0665DC7AD4834FE97EF,IMPHASH=54727D50B27C87B357DAC97816B02EAE","UtcTime":"2020-10-19 07:30:46.384","ProcessGuid":"{39e4a257-40a6-5f8d-a005-000000000700}","Image":"C:\\Users\\wardog\\Downloads\\PSTools\\PsExec.exe","ImageLoaded":"C:\\Windows\\SysWOW64\\wshbth.dll","EventID":7,"Channel":"Microsoft-Windows-Sysmon/Operational","Task":"7","RuleName":"-","FileVersion":"10.0.18362.1 (WinBuild.160101.0800)","Message":"Image loaded:\r\nRuleName: -\r\nUtcTime: 2020-10-19 07:30:46.384\r\nProcessGuid: {39e4a257-40a6-5f8d-a005-000000000700}\r\nProcessId: 7256\r\nImage: C:\\Users\\wardog\\Downloads\\PSTools\\PsExec.exe\r\nImageLoaded: C:\\Windows\\SysWOW64\\wshbth.dll\r\nFileVersion: 10.0.18362.1 (WinBuild.160101.0800)\r\nDescription: Windows Sockets Helper DLL\r\nProduct: Microsoft Windows Operating System\r\nCompany: Microsoft Corporation\r\nOriginalFileName: wshbth.dll\r\nHashes: SHA1=6A782ACC8C61671BA42DF01C6BBDC690EEAC4489,MD5=B3A766CB8F67FB0F1820B8B050C17650,SHA256=4734705D9B4400E5D0291C2C4B4999EDC833D47CDA5DE0665DC7AD4834FE97EF,IMPHASH=54727D50B27C87B357DAC97816B02EAE\r\nSigned: true\r\nSignature: Microsoft Windows\r\nSignatureStatus: Valid","Hostname":"WORKSTATION5","ProcessId":"7256","Description":"Windows Sockets Helper DLL","Company":"Microsoft Corporation","Signed":"true","OriginalFileName":"wshbth.dll"}
{"TimeCreated":"2020-10-19 03:30:46.590","SourceName":"Microsoft-Windows-Sysmon","SignatureStatus":"Valid","Signature":"Microsoft Windows","Product":"Microsoft Windows Operating System","Hashes":"SHA1=52D918E6357F2A2280A2E5E10AF10AE125E96B1A,MD5=C59300C93B13A38FA815D9131C416F1F,SHA256=C9B2BD0F08AD2335A7DA79B62E6291348EB76D6C2ABF133B701293573B2109A6,IMPHASH=6B9B6E4F8204F13218B7E87153952712","UtcTime":"2020-10-19 07:30:46.384","ProcessGuid":"{39e4a257-40a6-5f8d-a005-000000000700}","Image":"C:\\Users\\wardog\\Downloads\\PSTools\\PsExec.exe","ImageLoaded":"C:\\Windows\\SysWOW64\\FWPUCLNT.DLL","EventID":7,"Channel":"Microsoft-Windows-Sysmon/Operational","Task":"7","RuleName":"-","FileVersion":"10.0.18362.113 (WinBuild.160101.0800)","Message":"Image loaded:\r\nRuleName: -\r\nUtcTime: 2020-10-19 07:30:46.384\r\nProcessGuid: {39e4a257-40a6-5f8d-a005-000000000700}\r\nProcessId: 7256\r\nImage: C:\\Users\\wardog\\Downloads\\PSTools\\PsExec.exe\r\nImageLoaded: C:\\Windows\\SysWOW64\\FWPUCLNT.DLL\r\nFileVersion: 10.0.18362.113 (WinBuild.160101.0800)\r\nDescription: FWP/IPsec User-Mode API\r\nProduct: Microsoft Windows Operating System\r\nCompany: Microsoft Corporation\r\nOriginalFileName: fwpuclnt.dll\r\nHashes: SHA1=52D918E6357F2A2280A2E5E10AF10AE125E96B1A,MD5=C59300C93B13A38FA815D9131C416F1F,SHA256=C9B2BD0F08AD2335A7DA79B62E6291348EB76D6C2ABF133B701293573B2109A6,IMPHASH=6B9B6E4F8204F13218B7E87153952712\r\nSigned: true\r\nSignature: Microsoft Windows\r\nSignatureStatus: Valid","Hostname":"WORKSTATION5","ProcessId":"7256","Description":"FWP/IPsec User-Mode API","Company":"Microsoft Corporation","Signed":"true","OriginalFileName":"fwpuclnt.dll"}
{"TimeCreated":"2020-10-19 03:30:46.600","SourceName":"Microsoft-Windows-Sysmon","SignatureStatus":"Valid","Signature":"Microsoft Windows","Product":"Microsoft Windows Operating System","Hashes":"SHA1=C0145D682E0ECCB6F2ABA51558D00A3337C0F5D0,MD5=E48D3EDC65D3CEEE095251752DCC41A2,SHA256=41295CBD360DC19B3CF7DCEEF6DD6E720EF375ABCEB79D2271CA5812A9ED8352,IMPHASH=5976C60A4CD910F4E054E1AD4F691D7D","UtcTime":"2020-10-19 07:30:46.400","ProcessGuid":"{39e4a257-40a6-5f8d-a005-000000000700}","Image":"C:\\Users\\wardog\\Downloads\\PSTools\\PsExec.exe","ImageLoaded":"C:\\Windows\\SysWOW64\\rasadhlp.dll","EventID":7,"Channel":"Microsoft-Windows-Sysmon/Operational","Task":"7","RuleName":"-","FileVersion":"10.0.18362.1 (WinBuild.160101.0800)","Message":"Image loaded:\r\nRuleName: -\r\nUtcTime: 2020-10-19 07:30:46.400\r\nProcessGuid: {39e4a257-40a6-5f8d-a005-000000000700}\r\nProcessId: 7256\r\nImage: C:\\Users\\wardog\\Downloads\\PSTools\\PsExec.exe\r\nImageLoaded: C:\\Windows\\SysWOW64\\rasadhlp.dll\r\nFileVersion: 10.0.18362.1 (WinBuild.160101.0800)\r\nDescription: Remote Access AutoDial Helper\r\nProduct: Microsoft Windows Operating System\r\nCompany: Microsoft Corporation\r\nOriginalFileName: rasadhlp.dll\r\nHashes: SHA1=C0145D682E0ECCB6F2ABA51558D00A3337C0F5D0,MD5=E48D3EDC65D3CEEE095251752DCC41A2,SHA256=41295CBD360DC19B3CF7DCEEF6DD6E720EF375ABCEB79D2271CA5812A9ED8352,IMPHASH=5976C60A4CD910F4E054E1AD4F691D7D\r\nSigned: true\r\nSignature: Microsoft Windows\r\nSignatureStatus: Valid","Hostname":"WORKSTATION5","ProcessId":"7256","Description":"Remote Access AutoDial Helper","Company":"Microsoft Corporation","Signed":"true","OriginalFileName":"rasadhlp.dll"}
{"TimeCreated":"2020-10-19 03:30:46.613","SourceName":"Microsoft-Windows-Sysmon","SignatureStatus":"Valid","Signature":"Microsoft Corporation","Product":"Sysinternals PsExec","Hashes":"SHA1=A17C21B909C56D93D978014E63FB06926EAEA8E7,MD5=75B55BB34DAC9D02740B9AD6B6820360,SHA256=141B2190F51397DBD0DFDE0E3904B264C91B6F81FEBC823FF0C33DA980B69944,IMPHASH=67012475995FB9027F4511245B57DDEA","UtcTime":"2020-10-19 07:30:46.431","ProcessGuid":"{39e4a257-40a6-5f8d-a105-000000000700}","Image":"C:\\Windows\\PSEXESVC.exe","ImageLoaded":"C:\\Windows\\PSEXESVC.exe","EventID":7,"Channel":"Microsoft-Windows-Sysmon/Operational","Task":"7","RuleName":"-","FileVersion":"2.2","Message":"Image loaded:\r\nRuleName: -\r\nUtcTime: 2020-10-19 07:30:46.431\r\nProcessGuid: {39e4a257-40a6-5f8d-a105-000000000700}\r\nProcessId: 1460\r\nImage: C:\\Windows\\PSEXESVC.exe\r\nImageLoaded: C:\\Windows\\PSEXESVC.exe\r\nFileVersion: 2.2\r\nDescription: PsExec Service\r\nProduct: Sysinternals PsExec\r\nCompany: Sysinternals\r\nOriginalFileName: psexesvc.exe\r\nHashes: SHA1=A17C21B909C56D93D978014E63FB06926EAEA8E7,MD5=75B55BB34DAC9D02740B9AD6B6820360,SHA256=141B2190F51397DBD0DFDE0E3904B264C91B6F81FEBC823FF0C33DA980B69944,IMPHASH=67012475995FB9027F4511245B57DDEA\r\nSigned: true\r\nSignature: Microsoft Corporation\r\nSignatureStatus: Valid","Hostname":"WORKSTATION5","ProcessId":"1460","Description":"PsExec Service","Company":"Sysinternals","Signed":"true","OriginalFileName":"psexesvc.exe"}
{"TimeCreated":"2020-10-19 03:30:46.615","SourceName":"Microsoft-Windows-Sysmon","UtcTime":"2020-10-19 07:30:46.603","ProcessGuid":"{39e4a257-f133-5f8b-1a00-000000000700}","Image":"C:\\windows\\System32\\svchost.exe","EventID":12,"Channel":"Microsoft-Windows-Sysmon/Operational","Task":"12","RuleName":"-","Message":"Registry object added or deleted:\r\nRuleName: -\r\nEventType: CreateKey\r\nUtcTime: 2020-10-19 07:30:46.603\r\nProcessGuid: {39e4a257-f133-5f8b-1a00-000000000700}\r\nProcessId: 1240\r\nImage: C:\\windows\\System32\\svchost.exe\r\nTargetObject: HKLM\\System\\CurrentControlSet\\Services\\Tcpip\\Parameters","Hostname":"WORKSTATION5","ProcessId":"1240","EventType":"CreateKey","TargetObject":"HKLM\\System\\CurrentControlSet\\Services\\Tcpip\\Parameters"}
{"TimeCreated":"2020-10-19 03:30:46.615","SourceName":"Microsoft-Windows-Sysmon","UtcTime":"2020-10-19 07:30:46.603","ProcessGuid":"{39e4a257-f133-5f8b-1a00-000000000700}","Image":"C:\\windows\\System32\\svchost.exe","EventID":12,"Channel":"Microsoft-Windows-Sysmon/Operational","Task":"12","RuleName":"-","Message":"Registry object added or deleted:\r\nRuleName: -\r\nEventType: CreateKey\r\nUtcTime: 2020-10-19 07:30:46.603\r\nProcessGuid: {39e4a257-f133-5f8b-1a00-000000000700}\r\nProcessId: 1240\r\nImage: C:\\windows\\System32\\svchost.exe\r\nTargetObject: HKLM\\System\\CurrentControlSet\\Services\\Tcpip\\Parameters","Hostname":"WORKSTATION5","ProcessId":"1240","EventType":"CreateKey","TargetObject":"HKLM\\System\\CurrentControlSet\\Services\\Tcpip\\Parameters"}
{"TimeCreated":"2020-10-19 03:30:46.615","SourceName":"Microsoft-Windows-Sysmon","UtcTime":"2020-10-19 07:30:46.603","ProcessGuid":"{39e4a257-f133-5f8b-1a00-000000000700}","Image":"C:\\windows\\System32\\svchost.exe","EventID":12,"Channel":"Microsoft-Windows-Sysmon/Operational","Task":"12","RuleName":"-","Message":"Registry object added or deleted:\r\nRuleName: -\r\nEventType: CreateKey\r\nUtcTime: 2020-10-19 07:30:46.603\r\nProcessGuid: {39e4a257-f133-5f8b-1a00-000000000700}\r\nProcessId: 1240\r\nImage: C:\\windows\\System32\\svchost.exe\r\nTargetObject: HKLM\\System\\CurrentControlSet\\Services\\Tcpip\\Parameters","Hostname":"WORKSTATION5","ProcessId":"1240","EventType":"CreateKey","TargetObject":"HKLM\\System\\CurrentControlSet\\Services\\Tcpip\\Parameters"}
{"TimeCreated":"2020-10-19 03:30:46.618","SourceName":"Microsoft-Windows-Sysmon","SignatureStatus":"Valid","Signature":"Microsoft Windows","Product":"Microsoft Windows Operating System","Hashes":"SHA1=D17EEF3D238536CC9DBBAE8A03CD3A0CD9B1B9F4,MD5=238A223A10866037DF927ACAB76AB2DC,SHA256=04A098CB5CD2CBF9D01DCCF126E46FDA8783C4851CF3448AD42A152E32921391,IMPHASH=05DE2F62058708C9549030BB966BAF5C","UtcTime":"2020-10-19 07:30:46.463","ProcessGuid":"{39e4a257-40a6-5f8d-a105-000000000700}","Image":"C:\\Windows\\PSEXESVC.exe","ImageLoaded":"C:\\Windows\\SysWOW64\\wtsapi32.dll","EventID":7,"Channel":"Microsoft-Windows-Sysmon/Operational","Task":"7","RuleName":"-","FileVersion":"10.0.18362.1 (WinBuild.160101.0800)","Message":"Image loaded:\r\nRuleName: -\r\nUtcTime: 2020-10-19 07:30:46.463\r\nProcessGuid: {39e4a257-40a6-5f8d-a105-000000000700}\r\nProcessId: 1460\r\nImage: C:\\Windows\\PSEXESVC.exe\r\nImageLoaded: C:\\Windows\\SysWOW64\\wtsapi32.dll\r\nFileVersion: 10.0.18362.1 (WinBuild.160101.0800)\r\nDescription: Windows Remote Desktop Session Host Server SDK APIs\r\nProduct: Microsoft Windows Operating System\r\nCompany: Microsoft Corporation\r\nOriginalFileName: wtsapi32.dll\r\nHashes: SHA1=D17EEF3D238536CC9DBBAE8A03CD3A0CD9B1B9F4,MD5=238A223A10866037DF927ACAB76AB2DC,SHA256=04A098CB5CD2CBF9D01DCCF126E46FDA8783C4851CF3448AD42A152E32921391,IMPHASH=05DE2F62058708C9549030BB966BAF5C\r\nSigned: true\r\nSignature: Microsoft Windows\r\nSignatureStatus: Valid","Hostname":"WORKSTATION5","ProcessId":"1460","Description":"Windows Remote Desktop Session Host Server SDK APIs","Company":"Microsoft Corporation","Signed":"true","OriginalFileName":"wtsapi32.dll"}
{"TimeCreated":"2020-10-19 03:30:46.625","SourceName":"Microsoft-Windows-Sysmon","SignatureStatus":"Valid","Signature":"Microsoft Windows","Product":"Microsoft Windows Operating System","Hashes":"SHA1=75BEEE733D8EADFA359B90BD7532ACBE7FEA13B4,MD5=CF4C6B621BF9D10E75CD76D4C0FDA7A1,SHA256=82AB894E60EDF7828EFD6B808125095C5D8D8CC0E3C87FA967725BA008D1157C,IMPHASH=4DD82D509FD1ECD517A26583DAE529E2","UtcTime":"2020-10-19 07:30:46.478","ProcessGuid":"{39e4a257-40a6-5f8d-a105-000000000700}","Image":"C:\\Windows\\PSEXESVC.exe","ImageLoaded":"C:\\Windows\\SysWOW64\\ntmarta.dll","EventID":7,"Channel":"Microsoft-Windows-Sysmon/Operational","Task":"7","RuleName":"-","FileVersion":"10.0.18362.1 (WinBuild.160101.0800)","Message":"Image loaded:\r\nRuleName: -\r\nUtcTime: 2020-10-19 07:30:46.478\r\nProcessGuid: {39e4a257-40a6-5f8d-a105-000000000700}\r\nProcessId: 1460\r\nImage: C:\\Windows\\PSEXESVC.exe\r\nImageLoaded: C:\\Windows\\SysWOW64\\ntmarta.dll\r\nFileVersion: 10.0.18362.1 (WinBuild.160101.0800)\r\nDescription: Windows NT MARTA provider\r\nProduct: Microsoft Windows Operating System\r\nCompany: Microsoft Corporation\r\nOriginalFileName: ntmarta.dll\r\nHashes: SHA1=75BEEE733D8EADFA359B90BD7532ACBE7FEA13B4,MD5=CF4C6B621BF9D10E75CD76D4C0FDA7A1,SHA256=82AB894E60EDF7828EFD6B808125095C5D8D8CC0E3C87FA967725BA008D1157C,IMPHASH=4DD82D509FD1ECD517A26583DAE529E2\r\nSigned: true\r\nSignature: Microsoft Windows\r\nSignatureStatus: Valid","Hostname":"WORKSTATION5","ProcessId":"1460","Description":"Windows NT MARTA provider","Company":"Microsoft Corporation","Signed":"true","OriginalFileName":"ntmarta.dll"}
{"TimeCreated":"2020-10-19 03:30:46.626","PipeName":"\\PSEXESVC","SourceName":"Microsoft-Windows-Sysmon","UtcTime":"2020-10-19 07:30:46.619","ProcessGuid":"{39e4a257-f121-5f8b-0100-000000000700}","Image":"System","EventID":18,"Channel":"Microsoft-Windows-Sysmon/Operational","Task":"18","RuleName":"-","Message":"Pipe Connected:\r\nRuleName: -\r\nEventType: ConnectPipe\r\nUtcTime: 2020-10-19 07:30:46.619\r\nProcessGuid: {39e4a257-f121-5f8b-0100-000000000700}\r\nProcessId: 4\r\nPipeName: \\PSEXESVC\r\nImage: System","Hostname":"WORKSTATION5","ProcessId":"4","EventType":"ConnectPipe"}
{"TimeCreated":"2020-10-19 03:30:46.639","PipeName":"\\PSEXESVC-WORKSTATION5-7256-stdin","SourceName":"Microsoft-Windows-Sysmon","UtcTime":"2020-10-19 07:30:46.635","ProcessGuid":"{39e4a257-40a6-5f8d-a105-000000000700}","Image":"C:\\windows\\PSEXESVC.exe","EventID":17,"Channel":"Microsoft-Windows-Sysmon/Operational","Task":"17","RuleName":"-","Message":"Pipe Created:\r\nRuleName: -\r\nEventType: CreatePipe\r\nUtcTime: 2020-10-19 07:30:46.635\r\nProcessGuid: {39e4a257-40a6-5f8d-a105-000000000700}\r\nProcessId: 1460\r\nPipeName: \\PSEXESVC-WORKSTATION5-7256-stdin\r\nImage: C:\\windows\\PSEXESVC.exe","Hostname":"WORKSTATION5","ProcessId":"1460","EventType":"CreatePipe"}
{"TimeCreated":"2020-10-19 03:30:46.639","PipeName":"\\PSEXESVC-WORKSTATION5-7256-stdout","SourceName":"Microsoft-Windows-Sysmon","UtcTime":"2020-10-19 07:30:46.635","ProcessGuid":"{39e4a257-40a6-5f8d-a105-000000000700}","Image":"C:\\windows\\PSEXESVC.exe","EventID":17,"Channel":"Microsoft-Windows-Sysmon/Operational","Task":"17","RuleName":"-","Message":"Pipe Created:\r\nRuleName: -\r\nEventType: CreatePipe\r\nUtcTime: 2020-10-19 07:30:46.635\r\nProcessGuid: {39e4a257-40a6-5f8d-a105-000000000700}\r\nProcessId: 1460\r\nPipeName: \\PSEXESVC-WORKSTATION5-7256-stdout\r\nImage: C:\\windows\\PSEXESVC.exe","Hostname":"WORKSTATION5","ProcessId":"1460","EventType":"CreatePipe"}
{"TimeCreated":"2020-10-19 03:30:46.639","PipeName":"\\PSEXESVC-WORKSTATION5-7256-stderr","SourceName":"Microsoft-Windows-Sysmon","UtcTime":"2020-10-19 07:30:46.635","ProcessGuid":"{39e4a257-40a6-5f8d-a105-000000000700}","Image":"C:\\windows\\PSEXESVC.exe","EventID":17,"Channel":"Microsoft-Windows-Sysmon/Operational","Task":"17","RuleName":"-","Message":"Pipe Created:\r\nRuleName: -\r\nEventType: CreatePipe\r\nUtcTime: 2020-10-19 07:30:46.635\r\nProcessGuid: {39e4a257-40a6-5f8d-a105-000000000700}\r\nProcessId: 1460\r\nPipeName: \\PSEXESVC-WORKSTATION5-7256-stderr\r\nImage: C:\\windows\\PSEXESVC.exe","Hostname":"WORKSTATION5","ProcessId":"1460","EventType":"CreatePipe"}
{"TimeCreated":"2020-10-19 03:30:46.657","PipeName":"\\PSEXESVC-WORKSTATION5-7256-stdin","SourceName":"Microsoft-Windows-Sysmon","UtcTime":"2020-10-19 07:30:46.650","ProcessGuid":"{39e4a257-40a6-5f8d-a005-000000000700}","Image":"C:\\Users\\wardog\\Downloads\\PSTools\\PsExec.exe","EventID":18,"Channel":"Microsoft-Windows-Sysmon/Operational","Task":"18","RuleName":"-","Message":"Pipe Connected:\r\nRuleName: -\r\nEventType: ConnectPipe\r\nUtcTime: 2020-10-19 07:30:46.650\r\nProcessGuid: {39e4a257-40a6-5f8d-a005-000000000700}\r\nProcessId: 7256\r\nPipeName: \\PSEXESVC-WORKSTATION5-7256-stdin\r\nImage: C:\\Users\\wardog\\Downloads\\PSTools\\PsExec.exe","Hostname":"WORKSTATION5","ProcessId":"7256","EventType":"ConnectPipe"}
{"TimeCreated":"2020-10-19 03:30:46.657","PipeName":"\\PSEXESVC-WORKSTATION5-7256-stdout","SourceName":"Microsoft-Windows-Sysmon","UtcTime":"2020-10-19 07:30:46.650","ProcessGuid":"{39e4a257-40a6-5f8d-a005-000000000700}","Image":"C:\\Users\\wardog\\Downloads\\PSTools\\PsExec.exe","EventID":18,"Channel":"Microsoft-Windows-Sysmon/Operational","Task":"18","RuleName":"-","Message":"Pipe Connected:\r\nRuleName: -\r\nEventType: ConnectPipe\r\nUtcTime: 2020-10-19 07:30:46.650\r\nProcessGuid: {39e4a257-40a6-5f8d-a005-000000000700}\r\nProcessId: 7256\r\nPipeName: \\PSEXESVC-WORKSTATION5-7256-stdout\r\nImage: C:\\Users\\wardog\\Downloads\\PSTools\\PsExec.exe","Hostname":"WORKSTATION5","ProcessId":"7256","EventType":"ConnectPipe"}
{"TimeCreated":"2020-10-19 03:30:46.657","PipeName":"\\PSEXESVC-WORKSTATION5-7256-stderr","SourceName":"Microsoft-Windows-Sysmon","UtcTime":"2020-10-19 07:30:46.650","ProcessGuid":"{39e4a257-40a6-5f8d-a005-000000000700}","Image":"C:\\Users\\wardog\\Downloads\\PSTools\\PsExec.exe","EventID":18,"Channel":"Microsoft-Windows-Sysmon/Operational","Task":"18","RuleName":"-","Message":"Pipe Connected:\r\nRuleName: -\r\nEventType: ConnectPipe\r\nUtcTime: 2020-10-19 07:30:46.650\r\nProcessGuid: {39e4a257-40a6-5f8d-a005-000000000700}\r\nProcessId: 7256\r\nPipeName: \\PSEXESVC-WORKSTATION5-7256-stderr\r\nImage: C:\\Users\\wardog\\Downloads\\PSTools\\PsExec.exe","Hostname":"WORKSTATION5","ProcessId":"7256","EventType":"ConnectPipe"}
{"TimeCreated":"2020-10-19 03:30:46.657","PipeName":"\u003cAnonymous Pipe\u003e","SourceName":"Microsoft-Windows-Sysmon","UtcTime":"2020-10-19 07:30:46.650","ProcessGuid":"{39e4a257-40a6-5f8d-a105-000000000700}","Image":"C:\\windows\\PSEXESVC.exe","EventID":17,"Channel":"Microsoft-Windows-Sysmon/Operational","Task":"17","RuleName":"-","Message":"Pipe Created:\r\nRuleName: -\r\nEventType: CreatePipe\r\nUtcTime: 2020-10-19 07:30:46.650\r\nProcessGuid: {39e4a257-40a6-5f8d-a105-000000000700}\r\nProcessId: 1460\r\nPipeName: \u003cAnonymous Pipe\u003e\r\nImage: C:\\windows\\PSEXESVC.exe","Hostname":"WORKSTATION5","ProcessId":"1460","EventType":"CreatePipe"}
{"TimeCreated":"2020-10-19 03:30:46.657","PipeName":"\u003cAnonymous Pipe\u003e","SourceName":"Microsoft-Windows-Sysmon","UtcTime":"2020-10-19 07:30:46.650","ProcessGuid":"{39e4a257-40a6-5f8d-a105-000000000700}","Image":"C:\\windows\\PSEXESVC.exe","EventID":18,"Channel":"Microsoft-Windows-Sysmon/Operational","Task":"18","RuleName":"-","Message":"Pipe Connected:\r\nRuleName: -\r\nEventType: ConnectPipe\r\nUtcTime: 2020-10-19 07:30:46.650\r\nProcessGuid: {39e4a257-40a6-5f8d-a105-000000000700}\r\nProcessId: 1460\r\nPipeName: \u003cAnonymous Pipe\u003e\r\nImage: C:\\windows\\PSEXESVC.exe","Hostname":"WORKSTATION5","ProcessId":"1460","EventType":"ConnectPipe"}
{"TimeCreated":"2020-10-19 03:30:46.657","PipeName":"\u003cAnonymous Pipe\u003e","SourceName":"Microsoft-Windows-Sysmon","UtcTime":"2020-10-19 07:30:46.650","ProcessGuid":"{39e4a257-40a6-5f8d-a105-000000000700}","Image":"C:\\windows\\PSEXESVC.exe","EventID":17,"Channel":"Microsoft-Windows-Sysmon/Operational","Task":"17","RuleName":"-","Message":"Pipe Created:\r\nRuleName: -\r\nEventType: CreatePipe\r\nUtcTime: 2020-10-19 07:30:46.650\r\nProcessGuid: {39e4a257-40a6-5f8d-a105-000000000700}\r\nProcessId: 1460\r\nPipeName: \u003cAnonymous Pipe\u003e\r\nImage: C:\\windows\\PSEXESVC.exe","Hostname":"WORKSTATION5","ProcessId":"1460","EventType":"CreatePipe"}
{"TimeCreated":"2020-10-19 03:30:46.657","PipeName":"\u003cAnonymous Pipe\u003e","SourceName":"Microsoft-Windows-Sysmon","UtcTime":"2020-10-19 07:30:46.650","ProcessGuid":"{39e4a257-40a6-5f8d-a105-000000000700}","Image":"C:\\windows\\PSEXESVC.exe","EventID":18,"Channel":"Microsoft-Windows-Sysmon/Operational","Task":"18","RuleName":"-","Message":"Pipe Connected:\r\nRuleName: -\r\nEventType: ConnectPipe\r\nUtcTime: 2020-10-19 07:30:46.650\r\nProcessGuid: {39e4a257-40a6-5f8d-a105-000000000700}\r\nProcessId: 1460\r\nPipeName: \u003cAnonymous Pipe\u003e\r\nImage: C:\\windows\\PSEXESVC.exe","Hostname":"WORKSTATION5","ProcessId":"1460","EventType":"ConnectPipe"}
{"TimeCreated":"2020-10-19 03:30:46.657","PipeName":"\u003cAnonymous Pipe\u003e","SourceName":"Microsoft-Windows-Sysmon","UtcTime":"2020-10-19 07:30:46.650","ProcessGuid":"{39e4a257-40a6-5f8d-a105-000000000700}","Image":"C:\\windows\\PSEXESVC.exe","EventID":17,"Channel":"Microsoft-Windows-Sysmon/Operational","Task":"17","RuleName":"-","Message":"Pipe Created:\r\nRuleName: -\r\nEventType: CreatePipe\r\nUtcTime: 2020-10-19 07:30:46.650\r\nProcessGuid: {39e4a257-40a6-5f8d-a105-000000000700}\r\nProcessId: 1460\r\nPipeName: \u003cAnonymous Pipe\u003e\r\nImage: C:\\windows\\PSEXESVC.exe","Hostname":"WORKSTATION5","ProcessId":"1460","EventType":"CreatePipe"}
{"TimeCreated":"2020-10-19 03:30:46.658","PipeName":"\u003cAnonymous Pipe\u003e","SourceName":"Microsoft-Windows-Sysmon","UtcTime":"2020-10-19 07:30:46.650","ProcessGuid":"{39e4a257-40a6-5f8d-a105-000000000700}","Image":"C:\\windows\\PSEXESVC.exe","EventID":18,"Channel":"Microsoft-Windows-Sysmon/Operational","Task":"18","RuleName":"-","Message":"Pipe Connected:\r\nRuleName: -\r\nEventType: ConnectPipe\r\nUtcTime: 2020-10-19 07:30:46.650\r\nProcessGuid: {39e4a257-40a6-5f8d-a105-000000000700}\r\nProcessId: 1460\r\nPipeName: \u003cAnonymous Pipe\u003e\r\nImage: C:\\windows\\PSEXESVC.exe","Hostname":"WORKSTATION5","ProcessId":"1460","EventType":"ConnectPipe"}
{"Company":"Microsoft Corporation","Task":"1","Description":"Registry Console Tool","CommandLine":"\"reg\" save HKLM\\security\\policy\\secrets C:\\Users\\wardog\\AppData\\Local\\Temp\\secrets","TimeCreated":"2020-10-19 03:30:46.663","Product":"Microsoft Windows Operating System","OriginalFileName":"reg.exe","User":"NT AUTHORITY\\SYSTEM","ParentProcessId":"1460","Channel":"Microsoft-Windows-Sysmon/Operational","IntegrityLevel":"System","ProcessGuid":"{39e4a257-40a6-5f8d-a205-000000000700}","CurrentDirectory":"C:\\windows\\system32\\","Hashes":"SHA1=EB3B03616EEE42F16D0703F64DE23E7E34FE8524,MD5=601BDDF7691C5AF626A5719F1D7E35F1,SHA256=4ED2A27860FA154415F65452FF1F94BD6AF762982E2F3470030C504DC3C8A354,IMPHASH=BE482BE427FE212CFEF2CDA0E61F19AC","UtcTime":"2020-10-19 07:30:46.660","SourceName":"Microsoft-Windows-Sysmon","ParentCommandLine":"C:\\windows\\PSEXESVC.exe","TerminalSessionId":"0","ProcessId":"824","ParentImage":"C:\\Windows\\PSEXESVC.exe","FileVersion":"10.0.18362.476 (WinBuild.160101.0800)","ParentProcessGuid":"{39e4a257-40a6-5f8d-a105-000000000700}","LogonGuid":"{39e4a257-f131-5f8b-e703-000000000000}","Image":"C:\\Windows\\System32\\reg.exe","Hostname":"WORKSTATION5","LogonId":"0x3e7","EventID":1,"RuleName":"-","Message":"Process Create:\r\nRuleName: -\r\nUtcTime: 2020-10-19 07:30:46.660\r\nProcessGuid: {39e4a257-40a6-5f8d-a205-000000000700}\r\nProcessId: 824\r\nImage: C:\\Windows\\System32\\reg.exe\r\nFileVersion: 10.0.18362.476 (WinBuild.160101.0800)\r\nDescription: Registry Console Tool\r\nProduct: Microsoft Windows Operating System\r\nCompany: Microsoft Corporation\r\nOriginalFileName: reg.exe\r\nCommandLine: \"reg\" save HKLM\\security\\policy\\secrets C:\\Users\\wardog\\AppData\\Local\\Temp\\secrets\r\nCurrentDirectory: C:\\windows\\system32\\\r\nUser: NT AUTHORITY\\SYSTEM\r\nLogonGuid: {39e4a257-f131-5f8b-e703-000000000000}\r\nLogonId: 0x3E7\r\nTerminalSessionId: 0\r\nIntegrityLevel: System\r\nHashes: SHA1=EB3B03616EEE42F16D0703F64DE23E7E34FE8524,MD5=601BDDF7691C5AF626A5719F1D7E35F1,SHA256=4ED2A27860FA154415F65452FF1F94BD6AF762982E2F3470030C504DC3C8A354,IMPHASH=BE482BE427FE212CFEF2CDA0E61F19AC\r\nParentProcessGuid: {39e4a257-40a6-5f8d-a105-000000000700}\r\nParentProcessId: 1460\r\nParentImage: C:\\Windows\\PSEXESVC.exe\r\nParentCommandLine: C:\\windows\\PSEXESVC.exe"}
{"SourceImage":"C:\\windows\\PSEXESVC.exe","TimeCreated":"2020-10-19 03:30:46.663","GrantedAccess":"0x1fffff","SourceName":"Microsoft-Windows-Sysmon","SourceThreadId":"6716","CallTrace":"C:\\windows\\SYSTEM32\\ntdll.dll+9d934|C:\\windows\\System32\\wow64.dll+104f8|C:\\windows\\System32\\wow64.dll+fce0|C:\\windows\\System32\\wow64.dll+7123|C:\\windows\\System32\\wow64cpu.dll+1783|C:\\windows\\System32\\wow64cpu.dll+1199|C:\\windows\\System32\\wow64.dll+c77a|C:\\windows\\System32\\wow64.dll+c637|C:\\windows\\SYSTEM32\\ntdll.dll+7193b|C:\\windows\\SYSTEM32\\ntdll.dll+71823|C:\\windows\\SYSTEM32\\ntdll.dll+717ce|C:\\windows\\SYSTEM32\\ntdll.dll+72a6c(wow64)|C:\\windows\\System32\\KERNELBASE.dll+10a38b(wow64)|C:\\windows\\System32\\KERNELBASE.dll+1a82cd(wow64)|C:\\windows\\PSEXESVC.exe+339a|C:\\windows\\PSEXESVC.exe+360d|C:\\windows\\PSEXESVC.exe+272a|C:\\windows\\PSEXESVC.exe+64ad|C:\\windows\\PSEXESVC.exe+6554|C:\\windows\\System32\\KERNEL32.DLL+16359(wow64)|C:\\windows\\SYSTEM32\\ntdll.dll+67c24(wow64)|C:\\windows\\SYSTEM32\\ntdll.dll+67bf4(wow64)","UtcTime":"2020-10-19 07:30:46.650","TargetProcessGUID":"{39e4a257-40a6-5f8d-a205-000000000700}","SourceProcessId":"1460","EventID":10,"Channel":"Microsoft-Windows-Sysmon/Operational","Task":"10","RuleName":"-","Message":"Process accessed:\r\nRuleName: -\r\nUtcTime: 2020-10-19 07:30:46.650\r\nSourceProcessGUID: {39e4a257-40a6-5f8d-a105-000000000700}\r\nSourceProcessId: 1460\r\nSourceThreadId: 6716\r\nSourceImage: C:\\windows\\PSEXESVC.exe\r\nTargetProcessGUID: {39e4a257-40a6-5f8d-a205-000000000700}\r\nTargetProcessId: 824\r\nTargetImage: C:\\windows\\system32\\reg.exe\r\nGrantedAccess: 0x1FFFFF\r\nCallTrace: C:\\windows\\SYSTEM32\\ntdll.dll+9d934|C:\\windows\\System32\\wow64.dll+104f8|C:\\windows\\System32\\wow64.dll+fce0|C:\\windows\\System32\\wow64.dll+7123|C:\\windows\\System32\\wow64cpu.dll+1783|C:\\windows\\System32\\wow64cpu.dll+1199|C:\\windows\\System32\\wow64.dll+c77a|C:\\windows\\System32\\wow64.dll+c637|C:\\windows\\SYSTEM32\\ntdll.dll+7193b|C:\\windows\\SYSTEM32\\ntdll.dll+71823|C:\\windows\\SYSTEM32\\ntdll.dll+717ce|C:\\windows\\SYSTEM32\\ntdll.dll+72a6c(wow64)|C:\\windows\\System32\\KERNELBASE.dll+10a38b(wow64)|C:\\windows\\System32\\KERNELBASE.dll+1a82cd(wow64)|C:\\windows\\PSEXESVC.exe+339a|C:\\windows\\PSEXESVC.exe+360d|C:\\windows\\PSEXESVC.exe+272a|C:\\windows\\PSEXESVC.exe+64ad|C:\\windows\\PSEXESVC.exe+6554|C:\\windows\\System32\\KERNEL32.DLL+16359(wow64)|C:\\windows\\SYSTEM32\\ntdll.dll+67c24(wow64)|C:\\windows\\SYSTEM32\\ntdll.dll+67bf4(wow64)","Hostname":"WORKSTATION5","TargetProcessId":"824","TargetImage":"C:\\windows\\system32\\reg.exe","SourceProcessGUID":"{39e4a257-40a6-5f8d-a105-000000000700}"}
{"SourceImage":"C:\\windows\\system32\\csrss.exe","TimeCreated":"2020-10-19 03:30:46.664","GrantedAccess":"0x1fffff","SourceName":"Microsoft-Windows-Sysmon","SourceThreadId":"1748","CallTrace":"C:\\windows\\SYSTEM32\\ntdll.dll+9c584|C:\\windows\\system32\\basesrv.DLL+2fba|C:\\windows\\SYSTEM32\\CSRSRV.dll+5af4|C:\\windows\\SYSTEM32\\ntdll.dll+6ceaf","UtcTime":"2020-10-19 07:30:46.650","TargetProcessGUID":"{39e4a257-40a6-5f8d-a205-000000000700}","SourceProcessId":"540","EventID":10,"Channel":"Microsoft-Windows-Sysmon/Operational","Task":"10","RuleName":"-","Message":"Process accessed:\r\nRuleName: -\r\nUtcTime: 2020-10-19 07:30:46.650\r\nSourceProcessGUID: {39e4a257-f131-5f8b-0600-000000000700}\r\nSourceProcessId: 540\r\nSourceThreadId: 1748\r\nSourceImage: C:\\windows\\system32\\csrss.exe\r\nTargetProcessGUID: {39e4a257-40a6-5f8d-a205-000000000700}\r\nTargetProcessId: 824\r\nTargetImage: C:\\windows\\system32\\reg.exe\r\nGrantedAccess: 0x1FFFFF\r\nCallTrace: C:\\windows\\SYSTEM32\\ntdll.dll+9c584|C:\\windows\\system32\\basesrv.DLL+2fba|C:\\windows\\SYSTEM32\\CSRSRV.dll+5af4|C:\\windows\\SYSTEM32\\ntdll.dll+6ceaf","Hostname":"WORKSTATION5","TargetProcessId":"824","TargetImage":"C:\\windows\\system32\\reg.exe","SourceProcessGUID":"{39e4a257-f131-5f8b-0600-000000000700}"}
{"TimeCreated":"2020-10-19 03:30:46.664","SourceName":"Microsoft-Windows-Sysmon","SignatureStatus":"Valid","Signature":"Microsoft Windows","Product":"Microsoft Windows Operating System","Hashes":"SHA1=2006BDF15EAED226CE4FDB5337F7C121C311A0AE,MD5=3051E3AB25FBF0401FCA1A4CF63B2507,SHA256=B9FE6B85C174DB6BCAF0DA9961B9247FC79F0757DB3401AA3184E80BE339CB75,IMPHASH=00000000000000000000000000000000","UtcTime":"2020-10-19 07:30:46.650","ProcessGuid":"{39e4a257-40a6-5f8d-a205-000000000700}","Image":"C:\\Windows\\System32\\reg.exe","ImageLoaded":"C:\\Windows\\System32\\ntdll.dll","EventID":7,"Channel":"Microsoft-Windows-Sysmon/Operational","Task":"7","RuleName":"-","FileVersion":"10.0.18362.1139 (WinBuild.160101.0800)","Message":"Image loaded:\r\nRuleName: -\r\nUtcTime: 2020-10-19 07:30:46.650\r\nProcessGuid: {39e4a257-40a6-5f8d-a205-000000000700}\r\nProcessId: 824\r\nImage: C:\\Windows\\System32\\reg.exe\r\nImageLoaded: C:\\Windows\\System32\\ntdll.dll\r\nFileVersion: 10.0.18362.1139 (WinBuild.160101.0800)\r\nDescription: NT Layer DLL\r\nProduct: Microsoft Windows Operating System\r\nCompany: Microsoft Corporation\r\nOriginalFileName: ntdll.dll\r\nHashes: SHA1=2006BDF15EAED226CE4FDB5337F7C121C311A0AE,MD5=3051E3AB25FBF0401FCA1A4CF63B2507,SHA256=B9FE6B85C174DB6BCAF0DA9961B9247FC79F0757DB3401AA3184E80BE339CB75,IMPHASH=00000000000000000000000000000000\r\nSigned: true\r\nSignature: Microsoft Windows\r\nSignatureStatus: Valid","Hostname":"WORKSTATION5","ProcessId":"824","Description":"NT Layer DLL","Company":"Microsoft Corporation","Signed":"true","OriginalFileName":"ntdll.dll"}
{"TimeCreated":"2020-10-19 03:30:46.667","SourceName":"Microsoft-Windows-Sysmon","Device":"\\Device\\HarddiskVolume1","UtcTime":"2020-10-19 07:30:46.650","ProcessGuid":"{39e4a257-f121-5f8b-0100-000000000700}","Image":"System","EventID":9,"Channel":"Microsoft-Windows-Sysmon/Operational","Task":"9","RuleName":"-","Message":"RawAccessRead detected:\r\nRuleName: -\r\nUtcTime: 2020-10-19 07:30:46.650\r\nProcessGuid: {39e4a257-f121-5f8b-0100-000000000700}\r\nProcessId: 4\r\nImage: System\r\nDevice: \\Device\\HarddiskVolume1","Hostname":"WORKSTATION5","ProcessId":"4"}
{"TimeCreated":"2020-10-19 03:30:46.667","SourceName":"Microsoft-Windows-Sysmon","Device":"\\Device\\HarddiskVolume3","UtcTime":"2020-10-19 07:30:46.650","ProcessGuid":"{39e4a257-f121-5f8b-0100-000000000700}","Image":"System","EventID":9,"Channel":"Microsoft-Windows-Sysmon/Operational","Task":"9","RuleName":"-","Message":"RawAccessRead detected:\r\nRuleName: -\r\nUtcTime: 2020-10-19 07:30:46.650\r\nProcessGuid: {39e4a257-f121-5f8b-0100-000000000700}\r\nProcessId: 4\r\nImage: System\r\nDevice: \\Device\\HarddiskVolume3","Hostname":"WORKSTATION5","ProcessId":"4"}
{"TimeCreated":"2020-10-19 03:30:46.667","SourceName":"Microsoft-Windows-Sysmon","Device":"\\Device\\HarddiskVolume2","UtcTime":"2020-10-19 07:30:46.650","ProcessGuid":"{39e4a257-f121-5f8b-0100-000000000700}","Image":"System","EventID":9,"Channel":"Microsoft-Windows-Sysmon/Operational","Task":"9","RuleName":"-","Message":"RawAccessRead detected:\r\nRuleName: -\r\nUtcTime: 2020-10-19 07:30:46.650\r\nProcessGuid: {39e4a257-f121-5f8b-0100-000000000700}\r\nProcessId: 4\r\nImage: System\r\nDevice: \\Device\\HarddiskVolume2","Hostname":"WORKSTATION5","ProcessId":"4"}
