{"SourceName":"Microsoft-Windows-Eventlog","TimeCreated":"2020-10-19 03:30:41.104","Hostname":"WORKSTATION5","Task":"104","Channel":"Security","Message":"The audit log was cleared.\r\nSubject:\r\n\tSecurity ID:\tS-1-5-21-3940915590-64593676-1414006259-500\r\n\tAccount Name:\twardog\r\n\tDomain Name:\tWORKSTATION5\r\n\tLogon ID:\t0xC61D9","EventID":1102}
{"TimeCreated":"2020-10-19 03:30:45.323","SourceName":"Microsoft-Windows-Security-Auditing","FilterRTID":"0","SourcePort":"58390","SourceAddress":"0.0.0.0","EventID":5158,"Channel":"Security","Task":"12810","Protocol":"6","Message":"The Windows Filtering Platform has permitted a bind to a local port.\r\n\r\nApplication Information:\r\n\tProcess ID:\t\t3304\r\n\tApplication Name:\t\\device\\harddiskvolume2\\windowsazure\\guestagent_2.7.41491.993_2020-10-08_063613\\waappagent.exe\r\n\r\nNetwork Information:\r\n\tSource Address:\t\t0.0.0.0\r\n\tSource Port:\t\t58390\r\n\tProtocol:\t\t6\r\n\r\nFilter Information:\r\n\tFilter Run-Time ID:\t0\r\n\tLayer Name:\t\tResource Assignment\r\n\tLayer Run-Time ID:\t36","Hostname":"WORKSTATION5","ProcessId":"3304","LayerRTID":"36","LayerName":"%%14608","Application":"\\device\\harddiskvolume2\\windowsazure\\guestagent_2.7.41491.993_2020-10-08_063613\\waappagent.exe"}
{"RemoteMachineID":"S-1-0-0","LayerRTID":"48","TimeCreated":"2020-10-19 03:30:45.324","Direction":"%%14593","SourceName":"Microsoft-Windows-Security-Auditing","DestAddress":"168.63.129.16","RemoteUserID":"S-1-0-0","SourcePort":"58390","LayerName":"%%14611","SourceAddress":"192.168.2.5","EventID":5156,"Channel":"Security","Task":"12810","Protocol":"6","Message":"The Windows Filtering Platform has permitted a connection.\r\n\r\nApplication Information:\r\n\tProcess ID:\t\t3304\r\n\tApplication Name:\t\\device\\harddiskvolume2\\windowsazure\\guestagent_2.7.41491.993_2020-10-08_063613\\waappagent.exe\r\n\r\nNetwork Information:\r\n\tDirection:\t\tOutbound\r\n\tSource Address:\t\t192.168.2.5\r\n\tSource Port:\t\t58390\r\n\tDestination Address:\t168.63.129.16\r\n\tDestination Port:\t\t80\r\n\tProtocol:\t\t6\r\n\r\nFilter Information:\r\n\tFilter Run-Time ID:\t69895\r\n\tLayer Name:\t\tConnect\r\n\tLayer Run-Time ID:\t48","Hostname":"WORKSTATION5","ProcessID":"3304","DestPort":"80","FilterRTID":"69895","Application":"\\device\\harddiskvolume2\\windowsazure\\guestagent_2.7.41491.993_2020-10-08_063613\\waappagent.exe"}
{"SubjectUserName":"wardog","TimeCreated":"2020-10-19 03:30:46.251","CommandLine":"PsExec.exe  -accepteula -s reg save HKLM\\security\\policy\\secrets C:\\Users\\wardog\\AppData\\Local\\Temp\\secrets","SubjectLogonId":"0xc61d9","NewProcessId":"0x1c58","SubjectDomainName":"WORKSTATION5","TargetLogonId":"0x0","TokenElevationType":"%%1936","SubjectUserSid":"S-1-5-21-3940915590-64593676-1414006259-500","NewProcessName":"C:\\Users\\wardog\\Downloads\\PSTools\\PsExec.exe","EventID":4688,"Channel":"Security","Task":"13312","Message":"A new process has been created.\r\n\r\nCreator Subject:\r\n\tSecurity ID:\t\tS-1-5-21-3940915590-64593676-1414006259-500\r\n\tAccount Name:\t\twardog\r\n\tAccount Domain:\t\tWORKSTATION5\r\n\tLogon ID:\t\t0xC61D9\r\n\r\nTarget Subject:\r\n\tSecurity ID:\t\tS-1-0-0\r\n\tAccount Name:\t\t-\r\n\tAccount Domain:\t\t-\r\n\tLogon ID:\t\t0x0\r\n\r\nProcess Information:\r\n\tNew Process ID:\t\t0x1c58\r\n\tNew Process Name:\tC:\\Users\\wardog\\Downloads\\PSTools\\PsExec.exe\r\n\tToken Elevation Type:\t%%1936\r\n\tMandatory Label:\t\tS-1-16-12288\r\n\tCreator Process ID:\t0x850\r\n\tCreator Process Name:\tC:\\Windows\\System32\\cmd.exe\r\n\tProcess Command Line:\tPsExec.exe  -accepteula -s reg save HKLM\\security\\policy\\secrets C:\\Users\\wardog\\AppData\\Local\\Temp\\secrets\r\n\r\nToken Elevation Type indicates the type of token that was assigned to the new process in accordance with User Account Control policy.\r\n\r\nType 1 is a full token with no privileges removed or groups disabled.  A full token is only used if User Account Control is disabled or if the user is the built-in Administrator account or a service account.\r\n\r\nType 2 is an elevated token with no privileges removed or groups disabled.  An elevated token is used when User Account Control is enabled and the user chooses to start the program using Run as administrator.  An elevated token is also used when an application is configured to always require administrative privilege or to always require maximum privilege, and the user is a member of the Administrators group.\r\n\r\nType 3 is a limited token with administrative privileges removed and administrative groups disabled.  The limited token is used when User Account Control is enabled, the application does not require administrative privilege, and the user does not choose to start the program using Run as administrator.","Hostname":"WORKSTATION5","ProcessId":"0x850","MandatoryLabel":"S-1-16-12288","ParentProcessName":"C:\\Windows\\System32\\cmd.exe","TargetUserSid":"S-1-0-0","TargetDomainName":"-","SourceName":"Microsoft-Windows-Security-Auditing","TargetUserName":"-"}
{"SubjectUserName":"wardog","TimeCreated":"2020-10-19 03:30:46.330","SubjectLogonId":"0xc61d9","SubjectDomainName":"WORKSTATION5","TargetProcessId":"0x4","SubjectUserSid":"S-1-5-21-3940915590-64593676-1414006259-500","SourceHandleId":"0xfc","EventID":4690,"Channel":"Security","Task":"12807","TargetHandleId":"0x1da0","Message":"An attempt was made to duplicate a handle to an object.\r\n\r\nSubject:\r\n\tSecurity ID:\t\tS-1-5-21-3940915590-64593676-1414006259-500\r\n\tAccount Name:\t\twardog\r\n\tAccount Domain:\t\tWORKSTATION5\r\n\tLogon ID:\t\t0xC61D9\r\n\r\nSource Handle Information:\r\n\tSource Handle ID:\t0xfc\r\n\tSource Process ID:\t0x1c58\r\n\r\nNew Handle Information:\r\n\tTarget Handle ID:\t0x1da0\r\n\tTarget Process ID:\t0x4","Hostname":"WORKSTATION5","SourceProcessId":"0x1c58","SourceName":"Microsoft-Windows-Security-Auditing"}
{"SubjectUserName":"wardog","TimeCreated":"2020-10-19 03:30:46.330","SubjectLogonId":"0xc61d9","SubjectDomainName":"WORKSTATION5","ObjectServer":"Security","SubjectUserSid":"S-1-5-21-3940915590-64593676-1414006259-500","EventID":4658,"Channel":"Security","Task":"12801","Message":"The handle to an object was closed.\r\n\r\nSubject :\r\n\tSecurity ID:\t\tS-1-5-21-3940915590-64593676-1414006259-500\r\n\tAccount Name:\t\twardog\r\n\tAccount Domain:\t\tWORKSTATION5\r\n\tLogon ID:\t\t0xC61D9\r\n\r\nObject:\r\n\tObject Server:\t\tSecurity\r\n\tHandle ID:\t\t0x1da0\r\n\r\nProcess Information:\r\n\tProcess ID:\t\t0x1c58\r\n\tProcess Name:\t\tC:\\Users\\wardog\\Downloads\\PSTools\\PsExec.exe","Hostname":"WORKSTATION5","ProcessName":"C:\\Users\\wardog\\Downloads\\PSTools\\PsExec.exe","ProcessId":"0x1c58","SourceName":"Microsoft-Windows-Security-Auditing","HandleId":"0x1da0"}
{"SubjectUserName":"wardog","TimeCreated":"2020-10-19 03:30:46.330","SubjectLogonId":"0xc61d9","ResourceAttributes":"-","SubjectDomainName":"WORKSTATION5","PrivilegeList":"-","ObjectServer":"Security","ObjectType":"Key","SubjectUserSid":"S-1-5-21-3940915590-64593676-1414006259-500","EventID":4656,"Channel":"Security","Task":"12801","ObjectName":"\\REGISTRY\\MACHINE\\SYSTEM\\ControlSet001\\Control\\Lsa","AccessMask":"0x1","Message":"A handle to an object was requested.\r\n\r\nSubject:\r\n\tSecurity ID:\t\tS-1-5-21-3940915590-64593676-1414006259-500\r\n\tAccount Name:\t\twardog\r\n\tAccount Domain:\t\tWORKSTATION5\r\n\tLogon ID:\t\t0xC61D9\r\n\r\nObject:\r\n\tObject Server:\t\tSecurity\r\n\tObject Type:\t\tKey\r\n\tObject Name:\t\t\\REGISTRY\\MACHINE\\SYSTEM\\ControlSet001\\Control\\Lsa\r\n\tHandle ID:\t\t0xfc\r\n\tResource Attributes:\t-\r\n\r\nProcess Information:\r\n\tProcess ID:\t\t0x1c58\r\n\tProcess Name:\t\tC:\\Users\\wardog\\Downloads\\PSTools\\PsExec.exe\r\n\r\nAccess Request Information:\r\n\tTransaction ID:\t\t{00000000-0000-0000-0000-000000000000}\r\n\tAccesses:\t\tQuery key value\r\n\t\t\t\t\r\n\tAccess Reasons:\t\t-\r\n\tAccess Mask:\t\t0x1\r\n\tPrivileges Used for Access Check:\t-\r\n\tRestricted SID Count:\t0","Hostname":"WORKSTATION5","ProcessName":"C:\\Users\\wardog\\Downloads\\PSTools\\PsExec.exe","ProcessId":"0x1c58","AccessReason":"-","RestrictedSidCount":"0","AccessList":"%%4432\n\t\t\t\t","SourceName":"Microsoft-Windows-Security-Auditing","HandleId":"0xfc","TransactionId":"{00000000-0000-0000-0000-000000000000}"}
{"SubjectUserName":"wardog","TimeCreated":"2020-10-19 03:30:46.330","SubjectLogonId":"0xc61d9","ResourceAttributes":"-","SubjectDomainName":"WORKSTATION5","ObjectServer":"Security","ObjectType":"Key","SubjectUserSid":"S-1-5-21-3940915590-64593676-1414006259-500","EventID":4663,"Channel":"Security","Task":"12801","ObjectName":"\\REGISTRY\\MACHINE\\SYSTEM\\ControlSet001\\Control\\Lsa","AccessMask":"0x1","Message":"An attempt was made to access an object.\r\n\r\nSubject:\r\n\tSecurity ID:\t\tS-1-5-21-3940915590-64593676-1414006259-500\r\n\tAccount Name:\t\twardog\r\n\tAccount Domain:\t\tWORKSTATION5\r\n\tLogon ID:\t\t0xC61D9\r\n\r\nObject:\r\n\tObject Server:\t\tSecurity\r\n\tObject Type:\t\tKey\r\n\tObject Name:\t\t\\REGISTRY\\MACHINE\\SYSTEM\\ControlSet001\\Control\\Lsa\r\n\tHandle ID:\t\t0xfc\r\n\tResource Attributes:\t-\r\n\r\nProcess Information:\r\n\tProcess ID:\t\t0x1c58\r\n\tProcess Name:\t\tC:\\Users\\wardog\\Downloads\\PSTools\\PsExec.exe\r\n\r\nAccess Request Information:\r\n\tAccesses:\t\tQuery key value\r\n\t\t\t\t\r\n\tAccess Mask:\t\t0x1","Hostname":"WORKSTATION5","ProcessName":"C:\\Users\\wardog\\Downloads\\PSTools\\PsExec.exe","ProcessId":"0x1c58","AccessList":"%%4432\n\t\t\t\t","SourceName":"Microsoft-Windows-Security-Auditing","HandleId":"0xfc"}
{"SubjectUserName":"wardog","TimeCreated":"2020-10-19 03:30:46.330","SubjectLogonId":"0xc61d9","SubjectDomainName":"WORKSTATION5","ObjectServer":"Security","SubjectUserSid":"S-1-5-21-3940915590-64593676-1414006259-500","EventID":4658,"Channel":"Security","Task":"12801","Message":"The handle to an object was closed.\r\n\r\nSubject :\r\n\tSecurity ID:\t\tS-1-5-21-3940915590-64593676-1414006259-500\r\n\tAccount Name:\t\twardog\r\n\tAccount Domain:\t\tWORKSTATION5\r\n\tLogon ID:\t\t0xC61D9\r\n\r\nObject:\r\n\tObject Server:\t\tSecurity\r\n\tHandle ID:\t\t0xfc\r\n\r\nProcess Information:\r\n\tProcess ID:\t\t0x1c58\r\n\tProcess Name:\t\tC:\\Users\\wardog\\Downloads\\PSTools\\PsExec.exe","Hostname":"WORKSTATION5","ProcessName":"C:\\Users\\wardog\\Downloads\\PSTools\\PsExec.exe","ProcessId":"0x1c58","SourceName":"Microsoft-Windows-Security-Auditing","HandleId":"0xfc"}
{"ServiceAccount":"LocalSystem","SubjectUserName":"wardog","TimeCreated":"2020-10-19 03:30:46.420","ServiceStartType":"3","SubjectLogonId":"0xc61d9","SubjectDomainName":"WORKSTATION5","ServiceFileName":"%SystemRoot%\\PSEXESVC.exe","SubjectUserSid":"S-1-5-21-3940915590-64593676-1414006259-500","EventID":4697,"Channel":"Security","Task":"12289","Message":"A service was installed in the system.\r\n\r\nSubject:\r\n\tSecurity ID:\t\tS-1-5-21-3940915590-64593676-1414006259-500\r\n\tAccount Name:\t\twardog\r\n\tAccount Domain:\t\tWORKSTATION5\r\n\tLogon ID:\t\t0xC61D9\r\n\r\nService Information:\r\n\tService Name: \t\tPSEXESVC\r\n\tService File Name:\t%SystemRoot%\\PSEXESVC.exe\r\n\tService Type: \t\t0x10\r\n\tService Start Type:\t3\r\n\tService Account: \t\tLocalSystem","Hostname":"WORKSTATION5","ServiceType":"0x10","ServiceName":"PSEXESVC","SourceName":"Microsoft-Windows-Security-Auditing"}
{"SubjectUserName":"WORKSTATION5$","TimeCreated":"2020-10-19 03:30:46.421","SubjectLogonId":"0x3e7","SubjectDomainName":"WORKGROUP","TargetProcessId":"0x4","SubjectUserSid":"S-1-5-18","SourceHandleId":"0xbbc","EventID":4690,"Channel":"Security","Task":"12807","TargetHandleId":"0x39ec","Message":"An attempt was made to duplicate a handle to an object.\r\n\r\nSubject:\r\n\tSecurity ID:\t\tS-1-5-18\r\n\tAccount Name:\t\tWORKSTATION5$\r\n\tAccount Domain:\t\tWORKGROUP\r\n\tLogon ID:\t\t0x3E7\r\n\r\nSource Handle Information:\r\n\tSource Handle ID:\t0xbbc\r\n\tSource Process ID:\t0x2cc\r\n\r\nNew Handle Information:\r\n\tTarget Handle ID:\t0x39ec\r\n\tTarget Process ID:\t0x4","Hostname":"WORKSTATION5","SourceProcessId":"0x2cc","SourceName":"Microsoft-Windows-Security-Auditing"}
{"SubjectUserName":"WORKSTATION5$","TimeCreated":"2020-10-19 03:30:46.421","SubjectLogonId":"0x3e7","SubjectDomainName":"WORKGROUP","ObjectServer":"Security","SubjectUserSid":"S-1-5-18","EventID":4658,"Channel":"Security","Task":"12801","Message":"The handle to an object was closed.\r\n\r\nSubject :\r\n\tSecurity ID:\t\tS-1-5-18\r\n\tAccount Name:\t\tWORKSTATION5$\r\n\tAccount Domain:\t\tWORKGROUP\r\n\tLogon ID:\t\t0x3E7\r\n\r\nObject:\r\n\tObject Server:\t\tSecurity\r\n\tHandle ID:\t\t0x39ec\r\n\r\nProcess Information:\r\n\tProcess ID:\t\t0x2cc\r\n\tProcess Name:\t\tC:\\Windows\\System32\\services.exe","Hostname":"WORKSTATION5","ProcessName":"C:\\Windows\\System32\\services.exe","ProcessId":"0x2cc","SourceName":"Microsoft-Windows-Security-Auditing","HandleId":"0x39ec"}
{"SubjectUserName":"WORKSTATION5$","TimeCreated":"2020-10-19 03:30:46.421","SubjectLogonId":"0x3e7","ResourceAttributes":"-","SubjectDomainName":"WORKGROUP","PrivilegeList":"-","ObjectServer":"Security","ObjectType":"Key","SubjectUserSid":"S-1-5-18","EventID":4656,"Channel":"Security","Task":"12801","ObjectName":"\\REGISTRY\\MACHINE\\SYSTEM\\ControlSet001\\Control\\Session Manager\\Environment","AccessMask":"0x20019","Message":"A handle to an object was requested.\r\n\r\nSubject:\r\n\tSecurity ID:\t\tS-1-5-18\r\n\tAccount Name:\t\tWORKSTATION5$\r\n\tAccount Domain:\t\tWORKGROUP\r\n\tLogon ID:\t\t0x3E7\r\n\r\nObject:\r\n\tObject Server:\t\tSecurity\r\n\tObject Type:\t\tKey\r\n\tObject Name:\t\t\\REGISTRY\\MACHINE\\SYSTEM\\ControlSet001\\Control\\Session Manager\\Environment\r\n\tHandle ID:\t\t0xbbc\r\n\tResource Attributes:\t-\r\n\r\nProcess Information:\r\n\tProcess ID:\t\t0x2cc\r\n\tProcess Name:\t\tC:\\Windows\\System32\\services.exe\r\n\r\nAccess Request Information:\r\n\tTransaction ID:\t\t{00000000-0000-0000-0000-000000000000}\r\n\tAccesses:\t\tREAD_CONTROL\r\n\t\t\t\tQuery key value\r\n\t\t\t\tEnumerate sub-keys\r\n\t\t\t\tNotify about changes to keys\r\n\t\t\t\t\r\n\tAccess Reasons:\t\t-\r\n\tAccess Mask:\t\t0x20019\r\n\tPrivileges Used for Access Check:\t-\r\n\tRestricted SID Count:\t0","Hostname":"WORKSTATION5","ProcessName":"C:\\Windows\\System32\\services.exe","ProcessId":"0x2cc","AccessReason":"-","RestrictedSidCount":"0","AccessList":"%%1538\n\t\t\t\t%%4432\n\t\t\t\t%%4435\n\t\t\t\t%%4436\n\t\t\t\t","SourceName":"Microsoft-Windows-Security-Auditing","HandleId":"0xbbc","TransactionId":"{00000000-0000-0000-0000-000000000000}"}
{"SubjectUserName":"WORKSTATION5$","TimeCreated":"2020-10-19 03:30:46.421","SubjectLogonId":"0x3e7","ResourceAttributes":"-","SubjectDomainName":"WORKGROUP","ObjectServer":"Security","ObjectType":"Key","SubjectUserSid":"S-1-5-18","EventID":4663,"Channel":"Security","Task":"12801","ObjectName":"\\REGISTRY\\MACHINE\\SYSTEM\\ControlSet001\\Control\\Session Manager\\Environment","AccessMask":"0x1","Message":"An attempt was made to access an object.\r\n\r\nSubject:\r\n\tSecurity ID:\t\tS-1-5-18\r\n\tAccount Name:\t\tWORKSTATION5$\r\n\tAccount Domain:\t\tWORKGROUP\r\n\tLogon ID:\t\t0x3E7\r\n\r\nObject:\r\n\tObject Server:\t\tSecurity\r\n\tObject Type:\t\tKey\r\n\tObject Name:\t\t\\REGISTRY\\MACHINE\\SYSTEM\\ControlSet001\\Control\\Session Manager\\Environment\r\n\tHandle ID:\t\t0xbbc\r\n\tResource Attributes:\t-\r\n\r\nProcess Information:\r\n\tProcess ID:\t\t0x2cc\r\n\tProcess Name:\t\tC:\\Windows\\System32\\services.exe\r\n\r\nAccess Request Information:\r\n\tAccesses:\t\tQuery key value\r\n\t\t\t\t\r\n\tAccess Mask:\t\t0x1","Hostname":"WORKSTATION5","ProcessName":"C:\\Windows\\System32\\services.exe","ProcessId":"0x2cc","AccessList":"%%4432\n\t\t\t\t","SourceName":"Microsoft-Windows-Security-Auditing","HandleId":"0xbbc"}
{"SubjectUserName":"WORKSTATION5$","TimeCreated":"2020-10-19 03:30:46.422","SubjectLogonId":"0x3e7","SubjectDomainName":"WORKGROUP","ObjectServer":"Security","SubjectUserSid":"S-1-5-18","EventID":4658,"Channel":"Security","Task":"12801","Message":"The handle to an object was closed.\r\n\r\nSubject :\r\n\tSecurity ID:\t\tS-1-5-18\r\n\tAccount Name:\t\tWORKSTATION5$\r\n\tAccount Domain:\t\tWORKGROUP\r\n\tLogon ID:\t\t0x3E7\r\n\r\nObject:\r\n\tObject Server:\t\tSecurity\r\n\tHandle ID:\t\t0xbbc\r\n\r\nProcess Information:\r\n\tProcess ID:\t\t0x2cc\r\n\tProcess Name:\t\tC:\\Windows\\System32\\services.exe","Hostname":"WORKSTATION5","ProcessName":"C:\\Windows\\System32\\services.exe","ProcessId":"0x2cc","SourceName":"Microsoft-Windows-Security-Auditing","HandleId":"0xbbc"}
{"SubjectUserName":"WORKSTATION5$","TimeCreated":"2020-10-19 03:30:46.435","CommandLine":"C:\\windows\\PSEXESVC.exe","SubjectLogonId":"0x3e7","NewProcessId":"0x5b4","SubjectDomainName":"WORKGROUP","TargetLogonId":"0x0","TokenElevationType":"%%1936","SubjectUserSid":"S-1-5-18","NewProcessName":"C:\\Windows\\PSEXESVC.exe","EventID":4688,"Channel":"Security","Task":"13312","Message":"A new process has been created.\r\n\r\nCreator Subject:\r\n\tSecurity ID:\t\tS-1-5-18\r\n\tAccount Name:\t\tWORKSTATION5$\r\n\tAccount Domain:\t\tWORKGROUP\r\n\tLogon ID:\t\t0x3E7\r\n\r\nTarget Subject:\r\n\tSecurity ID:\t\tS-1-0-0\r\n\tAccount Name:\t\t-\r\n\tAccount Domain:\t\t-\r\n\tLogon ID:\t\t0x0\r\n\r\nProcess Information:\r\n\tNew Process ID:\t\t0x5b4\r\n\tNew Process Name:\tC:\\Windows\\PSEXESVC.exe\r\n\tToken Elevation Type:\t%%1936\r\n\tMandatory Label:\t\tS-1-16-16384\r\n\tCreator Process ID:\t0x2cc\r\n\tCreator Process Name:\tC:\\Windows\\System32\\services.exe\r\n\tProcess Command Line:\tC:\\windows\\PSEXESVC.exe\r\n\r\nToken Elevation Type indicates the type of token that was assigned to the new process in accordance with User Account Control policy.\r\n\r\nType 1 is a full token with no privileges removed or groups disabled.  A full token is only used if User Account Control is disabled or if the user is the built-in Administrator account or a service account.\r\n\r\nType 2 is an elevated token with no privileges removed or groups disabled.  An elevated token is used when User Account Control is enabled and the user chooses to start the program using Run as administrator.  An elevated token is also used when an application is configured to always require administrative privilege or to always require maximum privilege, and the user is a member of the Administrators group.\r\n\r\nType 3 is a limited token with administrative privileges removed and administrative groups disabled.  The limited token is used when User Account Control is enabled, the application does not require administrative privilege, and the user does not choose to start the program using Run as administrator.","Hostname":"WORKSTATION5","ProcessId":"0x2cc","MandatoryLabel":"S-1-16-16384","ParentProcessName":"C:\\Windows\\System32\\services.exe","TargetUserSid":"S-1-0-0","TargetDomainName":"-","SourceName":"Microsoft-Windows-Security-Auditing","TargetUserName":"-"}
{"SubjectUserName":"WORKSTATION5$","TimeCreated":"2020-10-19 03:30:46.470","SubjectLogonId":"0x3e7","SubjectDomainName":"WORKGROUP","TargetProcessId":"0x4","SubjectUserSid":"S-1-5-18","SourceHandleId":"0xdc","EventID":4690,"Channel":"Security","Task":"12807","TargetHandleId":"0x39ec","Message":"An attempt was made to duplicate a handle to an object.\r\n\r\nSubject:\r\n\tSecurity ID:\t\tS-1-5-18\r\n\tAccount Name:\t\tWORKSTATION5$\r\n\tAccount Domain:\t\tWORKGROUP\r\n\tLogon ID:\t\t0x3E7\r\n\r\nSource Handle Information:\r\n\tSource Handle ID:\t0xdc\r\n\tSource Process ID:\t0x5b4\r\n\r\nNew Handle Information:\r\n\tTarget Handle ID:\t0x39ec\r\n\tTarget Process ID:\t0x4","Hostname":"WORKSTATION5","SourceProcessId":"0x5b4","SourceName":"Microsoft-Windows-Security-Auditing"}
{"SubjectUserName":"WORKSTATION5$","TimeCreated":"2020-10-19 03:30:46.470","SubjectLogonId":"0x3e7","SubjectDomainName":"WORKGROUP","ObjectServer":"Security","SubjectUserSid":"S-1-5-18","EventID":4658,"Channel":"Security","Task":"12801","Message":"The handle to an object was closed.\r\n\r\nSubject :\r\n\tSecurity ID:\t\tS-1-5-18\r\n\tAccount Name:\t\tWORKSTATION5$\r\n\tAccount Domain:\t\tWORKGROUP\r\n\tLogon ID:\t\t0x3E7\r\n\r\nObject:\r\n\tObject Server:\t\tSecurity\r\n\tHandle ID:\t\t0x39ec\r\n\r\nProcess Information:\r\n\tProcess ID:\t\t0x5b4\r\n\tProcess Name:\t\tC:\\Windows\\PSEXESVC.exe","Hostname":"WORKSTATION5","ProcessName":"C:\\Windows\\PSEXESVC.exe","ProcessId":"0x5b4","SourceName":"Microsoft-Windows-Security-Auditing","HandleId":"0x39ec"}
{"SubjectUserName":"WORKSTATION5$","TimeCreated":"2020-10-19 03:30:46.470","SubjectLogonId":"0x3e7","ResourceAttributes":"-","SubjectDomainName":"WORKGROUP","PrivilegeList":"-","ObjectServer":"Security","ObjectType":"Key","SubjectUserSid":"S-1-5-18","EventID":4656,"Channel":"Security","Task":"12801","ObjectName":"\\REGISTRY\\MACHINE\\SYSTEM\\ControlSet001\\Control\\Lsa","AccessMask":"0x1","Message":"A handle to an object was requested.\r\n\r\nSubject:\r\n\tSecurity ID:\t\tS-1-5-18\r\n\tAccount Name:\t\tWORKSTATION5$\r\n\tAccount Domain:\t\tWORKGROUP\r\n\tLogon ID:\t\t0x3E7\r\n\r\nObject:\r\n\tObject Server:\t\tSecurity\r\n\tObject Type:\t\tKey\r\n\tObject Name:\t\t\\REGISTRY\\MACHINE\\SYSTEM\\ControlSet001\\Control\\Lsa\r\n\tHandle ID:\t\t0xdc\r\n\tResource Attributes:\t-\r\n\r\nProcess Information:\r\n\tProcess ID:\t\t0x5b4\r\n\tProcess Name:\t\tC:\\Windows\\PSEXESVC.exe\r\n\r\nAccess Request Information:\r\n\tTransaction ID:\t\t{00000000-0000-0000-0000-000000000000}\r\n\tAccesses:\t\tQuery key value\r\n\t\t\t\t\r\n\tAccess Reasons:\t\t-\r\n\tAccess Mask:\t\t0x1\r\n\tPrivileges Used for Access Check:\t-\r\n\tRestricted SID Count:\t0","Hostname":"WORKSTATION5","ProcessName":"C:\\Windows\\PSEXESVC.exe","ProcessId":"0x5b4","AccessReason":"-","RestrictedSidCount":"0","AccessList":"%%4432\n\t\t\t\t","SourceName":"Microsoft-Windows-Security-Auditing","HandleId":"0xdc","TransactionId":"{00000000-0000-0000-0000-000000000000}"}
{"SubjectUserName":"WORKSTATION5$","TimeCreated":"2020-10-19 03:30:46.470","SubjectLogonId":"0x3e7","ResourceAttributes":"-","SubjectDomainName":"WORKGROUP","ObjectServer":"Security","ObjectType":"Key","SubjectUserSid":"S-1-5-18","EventID":4663,"Channel":"Security","Task":"12801","ObjectName":"\\REGISTRY\\MACHINE\\SYSTEM\\ControlSet001\\Control\\Lsa","AccessMask":"0x1","Message":"An attempt was made to access an object.\r\n\r\nSubject:\r\n\tSecurity ID:\t\tS-1-5-18\r\n\tAccount Name:\t\tWORKSTATION5$\r\n\tAccount Domain:\t\tWORKGROUP\r\n\tLogon ID:\t\t0x3E7\r\n\r\nObject:\r\n\tObject Server:\t\tSecurity\r\n\tObject Type:\t\tKey\r\n\tObject Name:\t\t\\REGISTRY\\MACHINE\\SYSTEM\\ControlSet001\\Control\\Lsa\r\n\tHandle ID:\t\t0xdc\r\n\tResource Attributes:\t-\r\n\r\nProcess Information:\r\n\tProcess ID:\t\t0x5b4\r\n\tProcess Name:\t\tC:\\Windows\\PSEXESVC.exe\r\n\r\nAccess Request Information:\r\n\tAccesses:\t\tQuery key value\r\n\t\t\t\t\r\n\tAccess Mask:\t\t0x1","Hostname":"WORKSTATION5","ProcessName":"C:\\Windows\\PSEXESVC.exe","ProcessId":"0x5b4","AccessList":"%%4432\n\t\t\t\t","SourceName":"Microsoft-Windows-Security-Auditing","HandleId":"0xdc"}
{"SubjectUserName":"WORKSTATION5$","TimeCreated":"2020-10-19 03:30:46.470","SubjectLogonId":"0x3e7","SubjectDomainName":"WORKGROUP","ObjectServer":"Security","SubjectUserSid":"S-1-5-18","EventID":4658,"Channel":"Security","Task":"12801","Message":"The handle to an object was closed.\r\n\r\nSubject :\r\n\tSecurity ID:\t\tS-1-5-18\r\n\tAccount Name:\t\tWORKSTATION5$\r\n\tAccount Domain:\t\tWORKGROUP\r\n\tLogon ID:\t\t0x3E7\r\n\r\nObject:\r\n\tObject Server:\t\tSecurity\r\n\tHandle ID:\t\t0xdc\r\n\r\nProcess Information:\r\n\tProcess ID:\t\t0x5b4\r\n\tProcess Name:\t\tC:\\Windows\\PSEXESVC.exe","Hostname":"WORKSTATION5","ProcessName":"C:\\Windows\\PSEXESVC.exe","ProcessId":"0x5b4","SourceName":"Microsoft-Windows-Security-Auditing","HandleId":"0xdc"}
{"SubjectUserName":"WORKSTATION5$","TimeCreated":"2020-10-19 03:30:46.615","SubjectLogonId":"0x3e7","SubjectDomainName":"WORKGROUP","DisabledPrivilegeList":"-","TargetLogonId":"0xc61d9","SubjectUserSid":"S-1-5-18","EventID":4703,"Channel":"Security","Task":"13317","Message":"A token right was adjusted.\r\n\r\nSubject:\r\n\tSecurity ID:\t\tS-1-5-18\r\n\tAccount Name:\t\tWORKSTATION5$\r\n\tAccount Domain:\t\tWORKGROUP\r\n\tLogon ID:\t\t0x3E7\r\n\r\nTarget Account:\r\n\tSecurity ID:\t\tS-1-0-0\r\n\tAccount Name:\t\twardog\r\n\tAccount Domain:\t\tWORKSTATION5\r\n\tLogon ID:\t\t0xC61D9\r\n\r\nProcess Information:\r\n\tProcess ID:\t\t0x2f4\r\n\tProcess Name:\t\tC:\\Windows\\System32\\lsass.exe\r\n\r\nEnabled Privileges:\r\n\t\t\tSeIncreaseQuotaPrivilege\r\n\t\t\tSeSecurityPrivilege\r\n\t\t\tSeTakeOwnershipPrivilege\r\n\t\t\tSeLoadDriverPrivilege\r\n\t\t\tSeSystemProfilePrivilege\r\n\t\t\tSeSystemtimePrivilege\r\n\t\t\tSeProfileSingleProcessPrivilege\r\n\t\t\tSeIncreaseBasePriorityPrivilege\r\n\t\t\tSeCreatePagefilePrivilege\r\n\t\t\tSeBackupPrivilege\r\n\t\t\tSeRestorePrivilege\r\n\t\t\tSeShutdownPrivilege\r\n\t\t\tSeDebugPrivilege\r\n\t\t\tSeSystemEnvironmentPrivilege\r\n\t\t\tSeRemoteShutdownPrivilege\r\n\t\t\tSeUndockPrivilege\r\n\t\t\tSeManageVolumePrivilege\r\n\t\t\tSeIncreaseWorkingSetPrivilege\r\n\t\t\tSeTimeZonePrivilege\r\n\t\t\tSeCreateSymbolicLinkPrivilege\r\n\t\t\tSeDelegateSessionUserImpersonatePrivilege\r\n\r\nDisabled Privileges:\r\n\t\t\t-","Hostname":"WORKSTATION5","ProcessName":"C:\\Windows\\System32\\lsass.exe","ProcessId":"0x2f4","TargetUserSid":"S-1-0-0","TargetDomainName":"WORKSTATION5","SourceName":"Microsoft-Windows-Security-Auditing","EnabledPrivilegeList":"SeIncreaseQuotaPrivilege\n\t\t\tSeSecurityPrivilege\n\t\t\tSeTakeOwnershipPrivilege\n\t\t\tSeLoadDriverPrivilege\n\t\t\tSeSystemProfilePrivilege\n\t\t\tSeSystemtimePrivilege\n\t\t\tSeProfileSingleProcessPrivilege\n\t\t\tSeIncreaseBasePriorityPrivilege\n\t\t\tSeCreatePagefilePrivilege\n\t\t\tSeBackupPrivilege\n\t\t\tSeRestorePrivilege\n\t\t\tSeShutdownPrivilege\n\t\t\tSeDebugPrivilege\n\t\t\tSeSystemEnvironmentPrivilege\n\t\t\tSeRemoteShutdownPrivilege\n\t\t\tSeUndockPrivilege\n\t\t\tSeManageVolumePrivilege\n\t\t\tSeIncreaseWorkingSetPrivilege\n\t\t\tSeTimeZonePrivilege\n\t\t\tSeCreateSymbolicLinkPrivilege\n\t\t\tSeDelegateSessionUserImpersonatePrivilege","TargetUserName":"wardog"}
{"TimeCreated":"2020-10-19 03:30:46.616","SourceName":"Microsoft-Windows-Security-Auditing","FilterRTID":"0","SourcePort":"58391","SourceAddress":"::","EventID":5158,"Channel":"Security","Task":"12810","Protocol":"6","Message":"The Windows Filtering Platform has permitted a bind to a local port.\r\n\r\nApplication Information:\r\n\tProcess ID:\t\t4\r\n\tApplication Name:\tSystem\r\n\r\nNetwork Information:\r\n\tSource Address:\t\t::\r\n\tSource Port:\t\t58391\r\n\tProtocol:\t\t6\r\n\r\nFilter Information:\r\n\tFilter Run-Time ID:\t0\r\n\tLayer Name:\t\tResource Assignment\r\n\tLayer Run-Time ID:\t38","Hostname":"WORKSTATION5","ProcessId":"4","LayerRTID":"38","LayerName":"%%14608","Application":"System"}
{"RemoteMachineID":"S-1-0-0","LayerRTID":"50","TimeCreated":"2020-10-19 03:30:46.616","Direction":"%%14593","SourceName":"Microsoft-Windows-Security-Auditing","DestAddress":"fe80::90e:17af:263c:5209","RemoteUserID":"S-1-0-0","SourcePort":"58391","LayerName":"%%14611","SourceAddress":"fe80::90e:17af:263c:5209","EventID":5156,"Channel":"Security","Task":"12810","Protocol":"6","Message":"The Windows Filtering Platform has permitted a connection.\r\n\r\nApplication Information:\r\n\tProcess ID:\t\t4\r\n\tApplication Name:\tSystem\r\n\r\nNetwork Information:\r\n\tDirection:\t\tOutbound\r\n\tSource Address:\t\tfe80::90e:17af:263c:5209\r\n\tSource Port:\t\t58391\r\n\tDestination Address:\tfe80::90e:17af:263c:5209\r\n\tDestination Port:\t\t445\r\n\tProtocol:\t\t6\r\n\r\nFilter Information:\r\n\tFilter Run-Time ID:\t65889\r\n\tLayer Name:\t\tConnect\r\n\tLayer Run-Time ID:\t50","Hostname":"WORKSTATION5","ProcessID":"4","DestPort":"445","FilterRTID":"65889","Application":"System"}
{"RemoteMachineID":"S-1-0-0","LayerRTID":"46","TimeCreated":"2020-10-19 03:30:46.616","Direction":"%%14592","SourceName":"Microsoft-Windows-Security-Auditing","DestAddress":"fe80::90e:17af:263c:5209","RemoteUserID":"S-1-0-0","SourcePort":"58391","LayerName":"%%14610","SourceAddress":"fe80::90e:17af:263c:5209","EventID":5156,"Channel":"Security","Task":"12810","Protocol":"6","Message":"The Windows Filtering Platform has permitted a connection.\r\n\r\nApplication Information:\r\n\tProcess ID:\t\t4\r\n\tApplication Name:\tSystem\r\n\r\nNetwork Information:\r\n\tDirection:\t\tInbound\r\n\tSource Address:\t\tfe80::90e:17af:263c:5209\r\n\tSource Port:\t\t58391\r\n\tDestination Address:\tfe80::90e:17af:263c:5209\r\n\tDestination Port:\t\t445\r\n\tProtocol:\t\t6\r\n\r\nFilter Information:\r\n\tFilter Run-Time ID:\t65887\r\n\tLayer Name:\t\tReceive/Accept\r\n\tLayer Run-Time ID:\t46","Hostname":"WORKSTATION5","ProcessID":"4","DestPort":"445","FilterRTID":"65887","Application":"System"}
{"SubjectUserName":"WORKSTATION5$","TimeCreated":"2020-10-19 03:30:46.620","SubjectLogonId":"0x3e7","SubjectDomainName":"WORKGROUP","DisabledPrivilegeList":"-","TargetLogonId":"0xc61d9","SubjectUserSid":"S-1-5-18","EventID":4703,"Channel":"Security","Task":"13317","Message":"A token right was adjusted.\r\n\r\nSubject:\r\n\tSecurity ID:\t\tS-1-5-18\r\n\tAccount Name:\t\tWORKSTATION5$\r\n\tAccount Domain:\t\tWORKGROUP\r\n\tLogon ID:\t\t0x3E7\r\n\r\nTarget Account:\r\n\tSecurity ID:\t\tS-1-0-0\r\n\tAccount Name:\t\twardog\r\n\tAccount Domain:\t\tWORKSTATION5\r\n\tLogon ID:\t\t0xC61D9\r\n\r\nProcess Information:\r\n\tProcess ID:\t\t0x2f4\r\n\tProcess Name:\t\tC:\\Windows\\System32\\lsass.exe\r\n\r\nEnabled Privileges:\r\n\t\t\tSeIncreaseQuotaPrivilege\r\n\t\t\tSeSecurityPrivilege\r\n\t\t\tSeTakeOwnershipPrivilege\r\n\t\t\tSeLoadDriverPrivilege\r\n\t\t\tSeSystemProfilePrivilege\r\n\t\t\tSeSystemtimePrivilege\r\n\t\t\tSeProfileSingleProcessPrivilege\r\n\t\t\tSeIncreaseBasePriorityPrivilege\r\n\t\t\tSeCreatePagefilePrivilege\r\n\t\t\tSeBackupPrivilege\r\n\t\t\tSeRestorePrivilege\r\n\t\t\tSeShutdownPrivilege\r\n\t\t\tSeDebugPrivilege\r\n\t\t\tSeSystemEnvironmentPrivilege\r\n\t\t\tSeRemoteShutdownPrivilege\r\n\t\t\tSeUndockPrivilege\r\n\t\t\tSeManageVolumePrivilege\r\n\t\t\tSeIncreaseWorkingSetPrivilege\r\n\t\t\tSeTimeZonePrivilege\r\n\t\t\tSeCreateSymbolicLinkPrivilege\r\n\t\t\tSeDelegateSessionUserImpersonatePrivilege\r\n\r\nDisabled Privileges:\r\n\t\t\t-","Hostname":"WORKSTATION5","ProcessName":"C:\\Windows\\System32\\lsass.exe","ProcessId":"0x2f4","TargetUserSid":"S-1-0-0","TargetDomainName":"WORKSTATION5","SourceName":"Microsoft-Windows-Security-Auditing","EnabledPrivilegeList":"SeIncreaseQuotaPrivilege\n\t\t\tSeSecurityPrivilege\n\t\t\tSeTakeOwnershipPrivilege\n\t\t\tSeLoadDriverPrivilege\n\t\t\tSeSystemProfilePrivilege\n\t\t\tSeSystemtimePrivilege\n\t\t\tSeProfileSingleProcessPrivilege\n\t\t\tSeIncreaseBasePriorityPrivilege\n\t\t\tSeCreatePagefilePrivilege\n\t\t\tSeBackupPrivilege\n\t\t\tSeRestorePrivilege\n\t\t\tSeShutdownPrivilege\n\t\t\tSeDebugPrivilege\n\t\t\tSeSystemEnvironmentPrivilege\n\t\t\tSeRemoteShutdownPrivilege\n\t\t\tSeUndockPrivilege\n\t\t\tSeManageVolumePrivilege\n\t\t\tSeIncreaseWorkingSetPrivilege\n\t\t\tSeTimeZonePrivilege\n\t\t\tSeCreateSymbolicLinkPrivilege\n\t\t\tSeDelegateSessionUserImpersonatePrivilege","TargetUserName":"wardog"}
{"SubjectUserName":"wardog","TimeCreated":"2020-10-19 03:30:46.625","IpPort":"58391","SubjectLogonId":"0xc61d9","SubjectDomainName":"WORKSTATION5","ShareLocalPath":null,"ObjectType":"File","SubjectUserSid":"S-1-5-21-3940915590-64593676-1414006259-500","EventID":5140,"Channel":"Security","Task":"12808","AccessMask":"0x1","Message":"A network share object was accessed.\r\n\t\r\nSubject:\r\n\tSecurity ID:\t\tS-1-5-21-3940915590-64593676-1414006259-500\r\n\tAccount Name:\t\twardog\r\n\tAccount Domain:\t\tWORKSTATION5\r\n\tLogon ID:\t\t0xC61D9\r\n\r\nNetwork Information:\t\r\n\tObject Type:\t\tFile\r\n\tSource Address:\t\tfe80::90e:17af:263c:5209\r\n\tSource Port:\t\t58391\r\n\t\r\nShare Information:\r\n\tShare Name:\t\t\\\\*\\IPC$\r\n\tShare Path:\t\t\r\n\r\nAccess Request Information:\r\n\tAccess Mask:\t\t0x1\r\n\tAccesses:\t\tReadData (or ListDirectory)\r\n\t\t\t\t\r\n","Hostname":"WORKSTATION5","IpAddress":"fe80::90e:17af:263c:5209","ShareName":"\\\\*\\IPC$","AccessList":"%%4416\n\t\t\t\t","SourceName":"Microsoft-Windows-Security-Auditing"}
{"SubjectUserName":"wardog","TimeCreated":"2020-10-19 03:30:46.625","IpPort":"58391","SubjectLogonId":"0xc61d9","SubjectDomainName":"WORKSTATION5","ShareLocalPath":null,"ObjectType":"File","SubjectUserSid":"S-1-5-21-3940915590-64593676-1414006259-500","EventID":5145,"Channel":"Security","Task":"12811","AccessMask":"0x12019f","Message":"A network share object was checked to see whether client can be granted desired access.\r\n\t\r\nSubject:\r\n\tSecurity ID:\t\tS-1-5-21-3940915590-64593676-1414006259-500\r\n\tAccount Name:\t\twardog\r\n\tAccount Domain:\t\tWORKSTATION5\r\n\tLogon ID:\t\t0xC61D9\r\n\r\nNetwork Information:\t\r\n\tObject Type:\t\tFile\r\n\tSource Address:\t\tfe80::90e:17af:263c:5209\r\n\tSource Port:\t\t58391\r\n\t\r\nShare Information:\r\n\tShare Name:\t\t\\\\*\\IPC$\r\n\tShare Path:\t\t\r\n\tRelative Target Name:\tPSEXESVC\r\n\r\nAccess Request Information:\r\n\tAccess Mask:\t\t0x12019F\r\n\tAccesses:\t\tREAD_CONTROL\r\n\t\t\t\tSYNCHRONIZE\r\n\t\t\t\tReadData (or ListDirectory)\r\n\t\t\t\tWriteData (or AddFile)\r\n\t\t\t\tAppendData (or AddSubdirectory or CreatePipeInstance)\r\n\t\t\t\tReadEA\r\n\t\t\t\tWriteEA\r\n\t\t\t\tReadAttributes\r\n\t\t\t\tWriteAttributes\r\n\t\t\t\t\r\nAccess Check Results:\r\n\t-\r\n","Hostname":"WORKSTATION5","IpAddress":"fe80::90e:17af:263c:5209","AccessReason":"-","ShareName":"\\\\*\\IPC$","AccessList":"%%1538\n\t\t\t\t%%1541\n\t\t\t\t%%4416\n\t\t\t\t%%4417\n\t\t\t\t%%4418\n\t\t\t\t%%4419\n\t\t\t\t%%4420\n\t\t\t\t%%4423\n\t\t\t\t%%4424\n\t\t\t\t","SourceName":"Microsoft-Windows-Security-Auditing","RelativeTargetName":"PSEXESVC"}
{"SubjectUserName":"WORKSTATION5$","TimeCreated":"2020-10-19 03:30:46.660","CommandLine":"\"reg\" save HKLM\\security\\policy\\secrets C:\\Users\\wardog\\AppData\\Local\\Temp\\secrets","SubjectLogonId":"0x3e7","NewProcessId":"0x338","SubjectDomainName":"WORKGROUP","TargetLogonId":"0x0","TokenElevationType":"%%1936","SubjectUserSid":"S-1-5-18","NewProcessName":"C:\\Windows\\System32\\reg.exe","EventID":4688,"Channel":"Security","Task":"13312","Message":"A new process has been created.\r\n\r\nCreator Subject:\r\n\tSecurity ID:\t\tS-1-5-18\r\n\tAccount Name:\t\tWORKSTATION5$\r\n\tAccount Domain:\t\tWORKGROUP\r\n\tLogon ID:\t\t0x3E7\r\n\r\nTarget Subject:\r\n\tSecurity ID:\t\tS-1-0-0\r\n\tAccount Name:\t\t-\r\n\tAccount Domain:\t\t-\r\n\tLogon ID:\t\t0x0\r\n\r\nProcess Information:\r\n\tNew Process ID:\t\t0x338\r\n\tNew Process Name:\tC:\\Windows\\System32\\reg.exe\r\n\tToken Elevation Type:\t%%1936\r\n\tMandatory Label:\t\tS-1-16-16384\r\n\tCreator Process ID:\t0x5b4\r\n\tCreator Process Name:\tC:\\Windows\\PSEXESVC.exe\r\n\tProcess Command Line:\t\"reg\" save HKLM\\security\\policy\\secrets C:\\Users\\wardog\\AppData\\Local\\Temp\\secrets\r\n\r\nToken Elevation Type indicates the type of token that was assigned to the new process in accordance with User Account Control policy.\r\n\r\nType 1 is a full token with no privileges removed or groups disabled.  A full token is only used if User Account Control is disabled or if the user is the built-in Administrator account or a service account.\r\n\r\nType 2 is an elevated token with no privileges removed or groups disabled.  An elevated token is used when User Account Control is enabled and the user chooses to start the program using Run as administrator.  An elevated token is also used when an application is configured to always require administrative privilege or to always require maximum privilege, and the user is a member of the Administrators group.\r\n\r\nType 3 is a limited token with administrative privileges removed and administrative groups disabled.  The limited token is used when User Account Control is enabled, the application does not require administrative privilege, and the user does not choose to start the program using Run as administrator.","Hostname":"WORKSTATION5","ProcessId":"0x5b4","MandatoryLabel":"S-1-16-16384","ParentProcessName":"C:\\Windows\\PSEXESVC.exe","TargetUserSid":"S-1-0-0","TargetDomainName":"-","SourceName":"Microsoft-Windows-Security-Auditing","TargetUserName":"-"}
{"SubjectUserName":"WORKSTATION5$","TimeCreated":"2020-10-19 03:30:46.673","CommandLine":"\\??\\C:\\windows\\system32\\conhost.exe 0xffffffff -ForceV1","SubjectLogonId":"0x3e7","NewProcessId":"0x2304","SubjectDomainName":"WORKGROUP","TargetLogonId":"0x0","TokenElevationType":"%%1936","SubjectUserSid":"S-1-5-18","NewProcessName":"C:\\Windows\\System32\\conhost.exe","EventID":4688,"Channel":"Security","Task":"13312","Message":"A new process has been created.\r\n\r\nCreator Subject:\r\n\tSecurity ID:\t\tS-1-5-18\r\n\tAccount Name:\t\tWORKSTATION5$\r\n\tAccount Domain:\t\tWORKGROUP\r\n\tLogon ID:\t\t0x3E7\r\n\r\nTarget Subject:\r\n\tSecurity ID:\t\tS-1-0-0\r\n\tAccount Name:\t\t-\r\n\tAccount Domain:\t\t-\r\n\tLogon ID:\t\t0x0\r\n\r\nProcess Information:\r\n\tNew Process ID:\t\t0x2304\r\n\tNew Process Name:\tC:\\Windows\\System32\\conhost.exe\r\n\tToken Elevation Type:\t%%1936\r\n\tMandatory Label:\t\tS-1-16-16384\r\n\tCreator Process ID:\t0x338\r\n\tCreator Process Name:\tC:\\Windows\\System32\\reg.exe\r\n\tProcess Command Line:\t\\??\\C:\\windows\\system32\\conhost.exe 0xffffffff -ForceV1\r\n\r\nToken Elevation Type indicates the type of token that was assigned to the new process in accordance with User Account Control policy.\r\n\r\nType 1 is a full token with no privileges removed or groups disabled.  A full token is only used if User Account Control is disabled or if the user is the built-in Administrator account or a service account.\r\n\r\nType 2 is an elevated token with no privileges removed or groups disabled.  An elevated token is used when User Account Control is enabled and the user chooses to start the program using Run as administrator.  An elevated token is also used when an application is configured to always require administrative privilege or to always require maximum privilege, and the user is a member of the Administrators group.\r\n\r\nType 3 is a limited token with administrative privileges removed and administrative groups disabled.  The limited token is used when User Account Control is enabled, the application does not require administrative privilege, and the user does not choose to start the program using Run as administrator.","Hostname":"WORKSTATION5","ProcessId":"0x338","MandatoryLabel":"S-1-16-16384","ParentProcessName":"C:\\Windows\\System32\\reg.exe","TargetUserSid":"S-1-0-0","TargetDomainName":"-","SourceName":"Microsoft-Windows-Security-Auditing","TargetUserName":"-"}
{"SubjectUserName":"WORKSTATION5$","TimeCreated":"2020-10-19 03:30:46.683","SubjectLogonId":"0x3e7","SubjectDomainName":"WORKGROUP","TargetProcessId":"0x4","SubjectUserSid":"S-1-5-18","SourceHandleId":"0x80","EventID":4690,"Channel":"Security","Task":"12807","TargetHandleId":"0x23bc","Message":"An attempt was made to duplicate a handle to an object.\r\n\r\nSubject:\r\n\tSecurity ID:\t\tS-1-5-18\r\n\tAccount Name:\t\tWORKSTATION5$\r\n\tAccount Domain:\t\tWORKGROUP\r\n\tLogon ID:\t\t0x3E7\r\n\r\nSource Handle Information:\r\n\tSource Handle ID:\t0x80\r\n\tSource Process ID:\t0x2304\r\n\r\nNew Handle Information:\r\n\tTarget Handle ID:\t0x23bc\r\n\tTarget Process ID:\t0x4","Hostname":"WORKSTATION5","SourceProcessId":"0x2304","SourceName":"Microsoft-Windows-Security-Auditing"}
{"SubjectUserName":"WORKSTATION5$","TimeCreated":"2020-10-19 03:30:46.683","SubjectLogonId":"0x3e7","SubjectDomainName":"WORKGROUP","ObjectServer":"Security","SubjectUserSid":"S-1-5-18","EventID":4658,"Channel":"Security","Task":"12801","Message":"The handle to an object was closed.\r\n\r\nSubject :\r\n\tSecurity ID:\t\tS-1-5-18\r\n\tAccount Name:\t\tWORKSTATION5$\r\n\tAccount Domain:\t\tWORKGROUP\r\n\tLogon ID:\t\t0x3E7\r\n\r\nObject:\r\n\tObject Server:\t\tSecurity\r\n\tHandle ID:\t\t0x23bc\r\n\r\nProcess Information:\r\n\tProcess ID:\t\t0x2304\r\n\tProcess Name:\t\tC:\\Windows\\System32\\conhost.exe","Hostname":"WORKSTATION5","ProcessName":"C:\\Windows\\System32\\conhost.exe","ProcessId":"0x2304","SourceName":"Microsoft-Windows-Security-Auditing","HandleId":"0x23bc"}
{"SubjectUserName":"WORKSTATION5$","TimeCreated":"2020-10-19 03:30:46.683","SubjectLogonId":"0x3e7","ResourceAttributes":"-","SubjectDomainName":"WORKGROUP","PrivilegeList":"-","ObjectServer":"Security","ObjectType":"Key","SubjectUserSid":"S-1-5-18","EventID":4656,"Channel":"Security","Task":"12801","ObjectName":"\\REGISTRY\\MACHINE\\SYSTEM\\ControlSet001\\Control\\Lsa","AccessMask":"0x1","Message":"A handle to an object was requested.\r\n\r\nSubject:\r\n\tSecurity ID:\t\tS-1-5-18\r\n\tAccount Name:\t\tWORKSTATION5$\r\n\tAccount Domain:\t\tWORKGROUP\r\n\tLogon ID:\t\t0x3E7\r\n\r\nObject:\r\n\tObject Server:\t\tSecurity\r\n\tObject Type:\t\tKey\r\n\tObject Name:\t\t\\REGISTRY\\MACHINE\\SYSTEM\\ControlSet001\\Control\\Lsa\r\n\tHandle ID:\t\t0x80\r\n\tResource Attributes:\t-\r\n\r\nProcess Information:\r\n\tProcess ID:\t\t0x2304\r\n\tProcess Name:\t\tC:\\Windows\\System32\\conhost.exe\r\n\r\nAccess Request Information:\r\n\tTransaction ID:\t\t{00000000-0000-0000-0000-000000000000}\r\n\tAccesses:\t\tQuery key value\r\n\t\t\t\t\r\n\tAccess Reasons:\t\t-\r\n\tAccess Mask:\t\t0x1\r\n\tPrivileges Used for Access Check:\t-\r\n\tRestricted SID Count:\t0","Hostname":"WORKSTATION5","ProcessName":"C:\\Windows\\System32\\conhost.exe","ProcessId":"0x2304","AccessReason":"-","RestrictedSidCount":"0","AccessList":"%%4432\n\t\t\t\t","SourceName":"Microsoft-Windows-Security-Auditing","HandleId":"0x80","TransactionId":"{00000000-0000-0000-0000-000000000000}"}
{"SubjectUserName":"WORKSTATION5$","TimeCreated":"2020-10-19 03:30:46.683","SubjectLogonId":"0x3e7","ResourceAttributes":"-","SubjectDomainName":"WORKGROUP","ObjectServer":"Security","ObjectType":"Key","SubjectUserSid":"S-1-5-18","EventID":4663,"Channel":"Security","Task":"12801","ObjectName":"\\REGISTRY\\MACHINE\\SYSTEM\\ControlSet001\\Control\\Lsa","AccessMask":"0x1","Message":"An attempt was made to access an object.\r\n\r\nSubject:\r\n\tSecurity ID:\t\tS-1-5-18\r\n\tAccount Name:\t\tWORKSTATION5$\r\n\tAccount Domain:\t\tWORKGROUP\r\n\tLogon ID:\t\t0x3E7\r\n\r\nObject:\r\n\tObject Server:\t\tSecurity\r\n\tObject Type:\t\tKey\r\n\tObject Name:\t\t\\REGISTRY\\MACHINE\\SYSTEM\\ControlSet001\\Control\\Lsa\r\n\tHandle ID:\t\t0x80\r\n\tResource Attributes:\t-\r\n\r\nProcess Information:\r\n\tProcess ID:\t\t0x2304\r\n\tProcess Name:\t\tC:\\Windows\\System32\\conhost.exe\r\n\r\nAccess Request Information:\r\n\tAccesses:\t\tQuery key value\r\n\t\t\t\t\r\n\tAccess Mask:\t\t0x1","Hostname":"WORKSTATION5","ProcessName":"C:\\Windows\\System32\\conhost.exe","ProcessId":"0x2304","AccessList":"%%4432\n\t\t\t\t","SourceName":"Microsoft-Windows-Security-Auditing","HandleId":"0x80"}
{"SubjectUserName":"WORKSTATION5$","TimeCreated":"2020-10-19 03:30:46.683","SubjectLogonId":"0x3e7","SubjectDomainName":"WORKGROUP","ObjectServer":"Security","SubjectUserSid":"S-1-5-18","EventID":4658,"Channel":"Security","Task":"12801","Message":"The handle to an object was closed.\r\n\r\nSubject :\r\n\tSecurity ID:\t\tS-1-5-18\r\n\tAccount Name:\t\tWORKSTATION5$\r\n\tAccount Domain:\t\tWORKGROUP\r\n\tLogon ID:\t\t0x3E7\r\n\r\nObject:\r\n\tObject Server:\t\tSecurity\r\n\tHandle ID:\t\t0x80\r\n\r\nProcess Information:\r\n\tProcess ID:\t\t0x2304\r\n\tProcess Name:\t\tC:\\Windows\\System32\\conhost.exe","Hostname":"WORKSTATION5","ProcessName":"C:\\Windows\\System32\\conhost.exe","ProcessId":"0x2304","SourceName":"Microsoft-Windows-Security-Auditing","HandleId":"0x80"}
{"SubjectUserName":"WORKSTATION5$","TimeCreated":"2020-10-19 03:30:46.716","SubjectLogonId":"0x3e7","SubjectDomainName":"WORKGROUP","DisabledPrivilegeList":"-","TargetLogonId":"0x3e7","SubjectUserSid":"S-1-5-18","EventID":4703,"Channel":"Security","Task":"13317","Message":"A token right was adjusted.\r\n\r\nSubject:\r\n\tSecurity ID:\t\tS-1-5-18\r\n\tAccount Name:\t\tWORKSTATION5$\r\n\tAccount Domain:\t\tWORKGROUP\r\n\tLogon ID:\t\t0x3E7\r\n\r\nTarget Account:\r\n\tSecurity ID:\t\tS-1-5-18\r\n\tAccount Name:\t\tWORKSTATION5$\r\n\tAccount Domain:\t\tWORKGROUP\r\n\tLogon ID:\t\t0x3E7\r\n\r\nProcess Information:\r\n\tProcess ID:\t\t0x338\r\n\tProcess Name:\t\tC:\\Windows\\System32\\reg.exe\r\n\r\nEnabled Privileges:\r\n\t\t\tSeBackupPrivilege\r\n\r\nDisabled Privileges:\r\n\t\t\t-","Hostname":"WORKSTATION5","ProcessName":"C:\\Windows\\System32\\reg.exe","ProcessId":"0x338","TargetUserSid":"S-1-5-18","TargetDomainName":"WORKGROUP","SourceName":"Microsoft-Windows-Security-Auditing","EnabledPrivilegeList":"SeBackupPrivilege","TargetUserName":"WORKSTATION5$"}
{"SubjectUserName":"WORKSTATION5$","TimeCreated":"2020-10-19 03:30:46.740","SubjectLogonId":"0x3e7","SubjectDomainName":"WORKGROUP","SubjectUserSid":"S-1-5-18","EventID":4689,"Channel":"Security","Task":"13313","Message":"A process has exited.\r\n\r\nSubject:\r\n\tSecurity ID:\t\tS-1-5-18\r\n\tAccount Name:\t\tWORKSTATION5$\r\n\tAccount Domain:\t\tWORKGROUP\r\n\tLogon ID:\t\t0x3E7\r\n\r\nProcess Information:\r\n\tProcess ID:\t0x338\r\n\tProcess Name:\tC:\\Windows\\System32\\reg.exe\r\n\tExit Status:\t0x0","Hostname":"WORKSTATION5","ProcessName":"C:\\Windows\\System32\\reg.exe","ProcessId":"0x338","Status":"0x0","SourceName":"Microsoft-Windows-Security-Auditing"}
{"SubjectUserName":"WORKSTATION5$","TimeCreated":"2020-10-19 03:30:46.742","SubjectLogonId":"0x3e7","SubjectDomainName":"WORKGROUP","SubjectUserSid":"S-1-5-18","EventID":4689,"Channel":"Security","Task":"13313","Message":"A process has exited.\r\n\r\nSubject:\r\n\tSecurity ID:\t\tS-1-5-18\r\n\tAccount Name:\t\tWORKSTATION5$\r\n\tAccount Domain:\t\tWORKGROUP\r\n\tLogon ID:\t\t0x3E7\r\n\r\nProcess Information:\r\n\tProcess ID:\t0x2304\r\n\tProcess Name:\tC:\\Windows\\System32\\conhost.exe\r\n\tExit Status:\t0x0","Hostname":"WORKSTATION5","ProcessName":"C:\\Windows\\System32\\conhost.exe","ProcessId":"0x2304","Status":"0x0","SourceName":"Microsoft-Windows-Security-Auditing"}
{"SubjectUserName":"WORKSTATION5$","TimeCreated":"2020-10-19 03:30:46.745","SubjectLogonId":"0x3e7","SubjectDomainName":"WORKGROUP","DisabledPrivilegeList":"-","TargetLogonId":"0x3e7","SubjectUserSid":"S-1-5-18","EventID":4703,"Channel":"Security","Task":"13317","Message":"A token right was adjusted.\r\n\r\nSubject:\r\n\tSecurity ID:\t\tS-1-5-18\r\n\tAccount Name:\t\tWORKSTATION5$\r\n\tAccount Domain:\t\tWORKGROUP\r\n\tLogon ID:\t\t0x3E7\r\n\r\nTarget Account:\r\n\tSecurity ID:\t\tS-1-5-18\r\n\tAccount Name:\t\tWORKSTATION5$\r\n\tAccount Domain:\t\tWORKGROUP\r\n\tLogon ID:\t\t0x3E7\r\n\r\nProcess Information:\r\n\tProcess ID:\t\t0x2cc\r\n\tProcess Name:\t\tC:\\Windows\\System32\\services.exe\r\n\r\nEnabled Privileges:\r\n\t\t\tSeBackupPrivilege\r\n\t\t\tSeRestorePrivilege\r\n\t\t\tSeSecurityPrivilege\r\n\t\t\tSeTakeOwnershipPrivilege\r\n\r\nDisabled Privileges:\r\n\t\t\t-","Hostname":"WORKSTATION5","ProcessName":"C:\\Windows\\System32\\services.exe","ProcessId":"0x2cc","TargetUserSid":"S-1-5-18","TargetDomainName":"WORKGROUP","SourceName":"Microsoft-Windows-Security-Auditing","EnabledPrivilegeList":"SeBackupPrivilege\n\t\t\tSeRestorePrivilege\n\t\t\tSeSecurityPrivilege\n\t\t\tSeTakeOwnershipPrivilege","TargetUserName":"WORKSTATION5$"}
{"SubjectUserName":"WORKSTATION5$","TimeCreated":"2020-10-19 03:30:46.747","SubjectLogonId":"0x3e7","SubjectDomainName":"WORKGROUP","SubjectUserSid":"S-1-5-18","EventID":4689,"Channel":"Security","Task":"13313","Message":"A process has exited.\r\n\r\nSubject:\r\n\tSecurity ID:\t\tS-1-5-18\r\n\tAccount Name:\t\tWORKSTATION5$\r\n\tAccount Domain:\t\tWORKGROUP\r\n\tLogon ID:\t\t0x3E7\r\n\r\nProcess Information:\r\n\tProcess ID:\t0x5b4\r\n\tProcess Name:\tC:\\Windows\\PSEXESVC.exe\r\n\tExit Status:\t0x0","Hostname":"WORKSTATION5","ProcessName":"C:\\Windows\\PSEXESVC.exe","ProcessId":"0x5b4","Status":"0x0","SourceName":"Microsoft-Windows-Security-Auditing"}
{"SubjectUserName":"wardog","TimeCreated":"2020-10-19 03:30:46.856","SubjectLogonId":"0xc61d9","SubjectDomainName":"WORKSTATION5","SubjectUserSid":"S-1-5-21-3940915590-64593676-1414006259-500","EventID":4689,"Channel":"Security","Task":"13313","Message":"A process has exited.\r\n\r\nSubject:\r\n\tSecurity ID:\t\tS-1-5-21-3940915590-64593676-1414006259-500\r\n\tAccount Name:\t\twardog\r\n\tAccount Domain:\t\tWORKSTATION5\r\n\tLogon ID:\t\t0xC61D9\r\n\r\nProcess Information:\r\n\tProcess ID:\t0x1c58\r\n\tProcess Name:\tC:\\Users\\wardog\\Downloads\\PSTools\\PsExec.exe\r\n\tExit Status:\t0x0","Hostname":"WORKSTATION5","ProcessName":"C:\\Users\\wardog\\Downloads\\PSTools\\PsExec.exe","ProcessId":"0x1c58","Status":"0x0","SourceName":"Microsoft-Windows-Security-Auditing"}
