{"TimeCreated":"2020-10-19 03:30:46.448","SourceName":"Microsoft-Windows-Sysmon","SignatureStatus":"Valid","Signature":"Microsoft Windows","Product":"Microsoft Windows Operating System","Hashes":"SHA1=7E891C2C24024884FDCFC03CDB0500D83BC5FBA1,MD5=7FF42BFF8BA32EBC873D7AF6887F04E9,SHA256=5806269D37B91211B259A964CA3D76E181CF47F3B879486369150D46D97CE167,IMPHASH=C22B977BE4BF67B1A723DD49BCC47668","UtcTime":"2020-10-19 07:30:46.447","ProcessGuid":"{39e4a257-40a6-5f8d-a105-000000000700}","Image":"C:\\Windows\\PSEXESVC.exe","ImageLoaded":"C:\\Windows\\System32\\wow64cpu.dll","EventID":7,"Channel":"Microsoft-Windows-Sysmon/Operational","Task":"7","RuleName":"-","FileVersion":"10.0.18362.657 (WinBuild.160101.0800)","Message":"Image loaded:\r\nRuleName: -\r\nUtcTime: 2020-10-19 07:30:46.447\r\nProcessGuid: {39e4a257-40a6-5f8d-a105-000000000700}\r\nProcessId: 1460\r\nImage: C:\\Windows\\PSEXESVC.exe\r\nImageLoaded: C:\\Windows\\System32\\wow64cpu.dll\r\nFileVersion: 10.0.18362.657 (WinBuild.160101.0800)\r\nDescription: AMD64 Wow64 CPU \r\nProduct: Microsoft Windows Operating System\r\nCompany: Microsoft Corporation\r\nOriginalFileName: wow64cpu.dll\r\nHashes: SHA1=7E891C2C24024884FDCFC03CDB0500D83BC5FBA1,MD5=7FF42BFF8BA32EBC873D7AF6887F04E9,SHA256=5806269D37B91211B259A964CA3D76E181CF47F3B879486369150D46D97CE167,IMPHASH=C22B977BE4BF67B1A723DD49BCC47668\r\nSigned: true\r\nSignature: Microsoft Windows\r\nSignatureStatus: Valid","Hostname":"WORKSTATION5","ProcessId":"1460","Description":"AMD64 Wow64 CPU ","Company":"Microsoft Corporation","Signed":"true","OriginalFileName":"wow64cpu.dll"}
{"TimeCreated":"2020-10-19 03:30:46.450","SourceName":"Microsoft-Windows-Sysmon","SignatureStatus":"Valid","Signature":"Microsoft Windows","Product":"Microsoft Windows Operating System","Hashes":"SHA1=A084DFB7EED03F59E32E88C3BBA9E72457BEDA2F,MD5=3CE2D28864CF9D3769DF3D342F78D1A3,SHA256=BDBA4004453A7B69C5B9D38F1C94576C77CA8461FE007179028E98AC49D5A5DC,IMPHASH=356C0207D96223AD95A407CDEDE746B6","UtcTime":"2020-10-19 07:30:46.447","ProcessGuid":"{39e4a257-40a6-5f8d-a105-000000000700}","Image":"C:\\Windows\\PSEXESVC.exe","ImageLoaded":"C:\\Windows\\SysWOW64\\kernel32.dll","EventID":7,"Channel":"Microsoft-Windows-Sysmon/Operational","Task":"7","RuleName":"-","FileVersion":"10.0.18362.1110 (WinBuild.160101.0800)","Message":"Image loaded:\r\nRuleName: -\r\nUtcTime: 2020-10-19 07:30:46.447\r\nProcessGuid: {39e4a257-40a6-5f8d-a105-000000000700}\r\nProcessId: 1460\r\nImage: C:\\Windows\\PSEXESVC.exe\r\nImageLoaded: C:\\Windows\\SysWOW64\\kernel32.dll\r\nFileVersion: 10.0.18362.1110 (WinBuild.160101.0800)\r\nDescription: Windows NT BASE API Client DLL\r\nProduct: Microsoft Windows Operating System\r\nCompany: Microsoft Corporation\r\nOriginalFileName: kernel32\r\nHashes: SHA1=A084DFB7EED03F59E32E88C3BBA9E72457BEDA2F,MD5=3CE2D28864CF9D3769DF3D342F78D1A3,SHA256=BDBA4004453A7B69C5B9D38F1C94576C77CA8461FE007179028E98AC49D5A5DC,IMPHASH=356C0207D96223AD95A407CDEDE746B6\r\nSigned: true\r\nSignature: Microsoft Windows\r\nSignatureStatus: Valid","Hostname":"WORKSTATION5","ProcessId":"1460","Description":"Windows NT BASE API Client DLL","Company":"Microsoft Corporation","Signed":"true","OriginalFileName":"kernel32"}
{"TimeCreated":"2020-10-19 03:30:46.451","SourceName":"Microsoft-Windows-Sysmon","SignatureStatus":"Valid","Signature":"Microsoft Windows","Product":"Microsoft Windows Operating System","Hashes":"SHA1=F601A0D6E4BE871AB860B25C8EBFD141990E057A,MD5=2EFA63EA8830099282D34AC005BDB6BD,SHA256=D8AF83FF251E447B3DFFA0894C27141D3468419FBB156B04BB000627769865C0,IMPHASH=A52EDC607F3428282626E24AA930AF21","UtcTime":"2020-10-19 07:30:46.447","ProcessGuid":"{39e4a257-40a6-5f8d-a105-000000000700}","Image":"C:\\Windows\\PSEXESVC.exe","ImageLoaded":"C:\\Windows\\SysWOW64\\KernelBase.dll","EventID":7,"Channel":"Microsoft-Windows-Sysmon/Operational","Task":"7","RuleName":"-","FileVersion":"10.0.18362.1139 (WinBuild.160101.0800)","Message":"Image loaded:\r\nRuleName: -\r\nUtcTime: 2020-10-19 07:30:46.447\r\nProcessGuid: {39e4a257-40a6-5f8d-a105-000000000700}\r\nProcessId: 1460\r\nImage: C:\\Windows\\PSEXESVC.exe\r\nImageLoaded: C:\\Windows\\SysWOW64\\KernelBase.dll\r\nFileVersion: 10.0.18362.1139 (WinBuild.160101.0800)\r\nDescription: Windows NT BASE API Client DLL\r\nProduct: Microsoft Windows Operating System\r\nCompany: Microsoft Corporation\r\nOriginalFileName: Kernelbase.dll\r\nHashes: SHA1=F601A0D6E4BE871AB860B25C8EBFD141990E057A,MD5=2EFA63EA8830099282D34AC005BDB6BD,SHA256=D8AF83FF251E447B3DFFA0894C27141D3468419FBB156B04BB000627769865C0,IMPHASH=A52EDC607F3428282626E24AA930AF21\r\nSigned: true\r\nSignature: Microsoft Windows\r\nSignatureStatus: Valid","Hostname":"WORKSTATION5","ProcessId":"1460","Description":"Windows NT BASE API Client DLL","Company":"Microsoft Corporation","Signed":"true","OriginalFileName":"Kernelbase.dll"}
{"TimeCreated":"2020-10-19 03:30:46.453","SourceName":"Microsoft-Windows-Sysmon","SignatureStatus":"Valid","Signature":"Microsoft Windows","Product":"Microsoft Windows Operating System","Hashes":"SHA1=BC5E7B8A435DF051669453936416F28F17EABF14,MD5=383CD4394313B8FC3E7A4626062B8600,SHA256=B85B9026CA89CF207C56119F711E5E05198BC4F368F81FF5950BCD5D2F5E32F0,IMPHASH=4D7E5FF2F18825AF65148F2CBC263967","UtcTime":"2020-10-19 07:30:46.447","ProcessGuid":"{39e4a257-40a6-5f8d-a105-000000000700}","Image":"C:\\Windows\\PSEXESVC.exe","ImageLoaded":"C:\\Windows\\SysWOW64\\apphelp.dll","EventID":7,"Channel":"Microsoft-Windows-Sysmon/Operational","Task":"7","RuleName":"-","FileVersion":"10.0.18362.1139 (WinBuild.160101.0800)","Message":"Image loaded:\r\nRuleName: -\r\nUtcTime: 2020-10-19 07:30:46.447\r\nProcessGuid: {39e4a257-40a6-5f8d-a105-000000000700}\r\nProcessId: 1460\r\nImage: C:\\Windows\\PSEXESVC.exe\r\nImageLoaded: C:\\Windows\\SysWOW64\\apphelp.dll\r\nFileVersion: 10.0.18362.1139 (WinBuild.160101.0800)\r\nDescription: Application Compatibility Client Library\r\nProduct: Microsoft Windows Operating System\r\nCompany: Microsoft Corporation\r\nOriginalFileName: Apphelp\r\nHashes: SHA1=BC5E7B8A435DF051669453936416F28F17EABF14,MD5=383CD4394313B8FC3E7A4626062B8600,SHA256=B85B9026CA89CF207C56119F711E5E05198BC4F368F81FF5950BCD5D2F5E32F0,IMPHASH=4D7E5FF2F18825AF65148F2CBC263967\r\nSigned: true\r\nSignature: Microsoft Windows\r\nSignatureStatus: Valid","Hostname":"WORKSTATION5","ProcessId":"1460","Description":"Application Compatibility Client Library","Company":"Microsoft Corporation","Signed":"true","OriginalFileName":"Apphelp"}
{"TimeCreated":"2020-10-19 03:30:46.455","SourceName":"Microsoft-Windows-Sysmon","SignatureStatus":"Valid","Signature":"Microsoft Windows","Product":"Microsoft Windows Operating System","Hashes":"SHA1=02A14BF4D4155F7AE33F7E7E892DF6381027BC3E,MD5=EE843EF37CA79C8C60A0261999411CA6,SHA256=49BB936A3DFAFDCCD2DEE5AC65FB936CF3E44B09A71CB4B7D3DC599F9D1CE241,IMPHASH=FC723BFB16384B9A9334F645E7850B95","UtcTime":"2020-10-19 07:30:46.447","ProcessGuid":"{39e4a257-40a6-5f8d-a105-000000000700}","Image":"C:\\Windows\\PSEXESVC.exe","ImageLoaded":"C:\\Windows\\SysWOW64\\user32.dll","EventID":7,"Channel":"Microsoft-Windows-Sysmon/Operational","Task":"7","RuleName":"-","FileVersion":"10.0.18362.1110 (WinBuild.160101.0800)","Message":"Image loaded:\r\nRuleName: -\r\nUtcTime: 2020-10-19 07:30:46.447\r\nProcessGuid: {39e4a257-40a6-5f8d-a105-000000000700}\r\nProcessId: 1460\r\nImage: C:\\Windows\\PSEXESVC.exe\r\nImageLoaded: C:\\Windows\\SysWOW64\\user32.dll\r\nFileVersion: 10.0.18362.1110 (WinBuild.160101.0800)\r\nDescription: Multi-User Windows USER API Client DLL\r\nProduct: Microsoft Windows Operating System\r\nCompany: Microsoft Corporation\r\nOriginalFileName: user32\r\nHashes: SHA1=02A14BF4D4155F7AE33F7E7E892DF6381027BC3E,MD5=EE843EF37CA79C8C60A0261999411CA6,SHA256=49BB936A3DFAFDCCD2DEE5AC65FB936CF3E44B09A71CB4B7D3DC599F9D1CE241,IMPHASH=FC723BFB16384B9A9334F645E7850B95\r\nSigned: true\r\nSignature: Microsoft Windows\r\nSignatureStatus: Valid","Hostname":"WORKSTATION5","ProcessId":"1460","Description":"Multi-User Windows USER API Client DLL","Company":"Microsoft Corporation","Signed":"true","OriginalFileName":"user32"}
{"TimeCreated":"2020-10-19 03:30:46.455","SourceName":"Microsoft-Windows-Sysmon","SignatureStatus":"Valid","Signature":"Microsoft Windows","Product":"Microsoft Windows Operating System","Hashes":"SHA1=F7BA334AC244614685B5A36803369A5AD96382B2,MD5=88A4DB6ADEE9BBF5327C1F0CA88DDAAC,SHA256=BE06FB98E81DCB503F3E79355DE8569FD8A6B485CDFE3421E7D3AB4236B9F7AD,IMPHASH=5D2578ED274AAD83C30A3917C98404EE","UtcTime":"2020-10-19 07:30:46.447","ProcessGuid":"{39e4a257-40a6-5f8d-a105-000000000700}","Image":"C:\\Windows\\PSEXESVC.exe","ImageLoaded":"C:\\Windows\\SysWOW64\\win32u.dll","EventID":7,"Channel":"Microsoft-Windows-Sysmon/Operational","Task":"7","RuleName":"-","FileVersion":"10.0.18362.1139 (WinBuild.160101.0800)","Message":"Image loaded:\r\nRuleName: -\r\nUtcTime: 2020-10-19 07:30:46.447\r\nProcessGuid: {39e4a257-40a6-5f8d-a105-000000000700}\r\nProcessId: 1460\r\nImage: C:\\Windows\\PSEXESVC.exe\r\nImageLoaded: C:\\Windows\\SysWOW64\\win32u.dll\r\nFileVersion: 10.0.18362.1139 (WinBuild.160101.0800)\r\nDescription: Win32u\r\nProduct: Microsoft Windows Operating System\r\nCompany: Microsoft Corporation\r\nOriginalFileName: Win32u.DLL\r\nHashes: SHA1=F7BA334AC244614685B5A36803369A5AD96382B2,MD5=88A4DB6ADEE9BBF5327C1F0CA88DDAAC,SHA256=BE06FB98E81DCB503F3E79355DE8569FD8A6B485CDFE3421E7D3AB4236B9F7AD,IMPHASH=5D2578ED274AAD83C30A3917C98404EE\r\nSigned: true\r\nSignature: Microsoft Windows\r\nSignatureStatus: Valid","Hostname":"WORKSTATION5","ProcessId":"1460","Description":"Win32u","Company":"Microsoft Corporation","Signed":"true","OriginalFileName":"Win32u.DLL"}
{"TimeCreated":"2020-10-19 03:30:46.457","SourceName":"Microsoft-Windows-Sysmon","SignatureStatus":"Valid","Signature":"Microsoft Windows","Product":"Microsoft Windows Operating System","Hashes":"SHA1=58E8EDFB95889E9FBC59CC88FB832295953BA448,MD5=4E7FBE38E5A7B6054DC7C33C62B87651,SHA256=FA239E1F8B6883FFBB78F207B1D24BAF705876373EE416052D035021626E2E4B,IMPHASH=432434C9094663328A41BF9173E2051D","UtcTime":"2020-10-19 07:30:46.447","ProcessGuid":"{39e4a257-40a6-5f8d-a105-000000000700}","Image":"C:\\Windows\\PSEXESVC.exe","ImageLoaded":"C:\\Windows\\SysWOW64\\gdi32.dll","EventID":7,"Channel":"Microsoft-Windows-Sysmon/Operational","Task":"7","RuleName":"-","FileVersion":"10.0.18362.1 (WinBuild.160101.0800)","Message":"Image loaded:\r\nRuleName: -\r\nUtcTime: 2020-10-19 07:30:46.447\r\nProcessGuid: {39e4a257-40a6-5f8d-a105-000000000700}\r\nProcessId: 1460\r\nImage: C:\\Windows\\PSEXESVC.exe\r\nImageLoaded: C:\\Windows\\SysWOW64\\gdi32.dll\r\nFileVersion: 10.0.18362.1 (WinBuild.160101.0800)\r\nDescription: GDI Client DLL\r\nProduct: Microsoft Windows Operating System\r\nCompany: Microsoft Corporation\r\nOriginalFileName: gdi32\r\nHashes: SHA1=58E8EDFB95889E9FBC59CC88FB832295953BA448,MD5=4E7FBE38E5A7B6054DC7C33C62B87651,SHA256=FA239E1F8B6883FFBB78F207B1D24BAF705876373EE416052D035021626E2E4B,IMPHASH=432434C9094663328A41BF9173E2051D\r\nSigned: true\r\nSignature: Microsoft Windows\r\nSignatureStatus: Valid","Hostname":"WORKSTATION5","ProcessId":"1460","Description":"GDI Client DLL","Company":"Microsoft Corporation","Signed":"true","OriginalFileName":"gdi32"}
{"TimeCreated":"2020-10-19 03:30:46.458","SourceName":"Microsoft-Windows-Sysmon","SignatureStatus":"Valid","Signature":"Microsoft Windows","Product":"Microsoft Windows Operating System","Hashes":"SHA1=3E8B754E615ECF2951E5D47A51666E424CC8BE91,MD5=0BD0181724E747F7A37F22EDB3453F78,SHA256=8B9C82EBC4B74FB89F452A05E71BBD8A4376BB1191AE4FCD87CC4FBBA14E1DEF,IMPHASH=7D2516EC862880B252427B7A60C91254","UtcTime":"2020-10-19 07:30:46.447","ProcessGuid":"{39e4a257-40a6-5f8d-a105-000000000700}","Image":"C:\\Windows\\PSEXESVC.exe","ImageLoaded":"C:\\Windows\\SysWOW64\\gdi32full.dll","EventID":7,"Channel":"Microsoft-Windows-Sysmon/Operational","Task":"7","RuleName":"-","FileVersion":"10.0.18362.1139 (WinBuild.160101.0800)","Message":"Image loaded:\r\nRuleName: -\r\nUtcTime: 2020-10-19 07:30:46.447\r\nProcessGuid: {39e4a257-40a6-5f8d-a105-000000000700}\r\nProcessId: 1460\r\nImage: C:\\Windows\\PSEXESVC.exe\r\nImageLoaded: C:\\Windows\\SysWOW64\\gdi32full.dll\r\nFileVersion: 10.0.18362.1139 (WinBuild.160101.0800)\r\nDescription: GDI Client DLL\r\nProduct: Microsoft Windows Operating System\r\nCompany: Microsoft Corporation\r\nOriginalFileName: gdi32\r\nHashes: SHA1=3E8B754E615ECF2951E5D47A51666E424CC8BE91,MD5=0BD0181724E747F7A37F22EDB3453F78,SHA256=8B9C82EBC4B74FB89F452A05E71BBD8A4376BB1191AE4FCD87CC4FBBA14E1DEF,IMPHASH=7D2516EC862880B252427B7A60C91254\r\nSigned: true\r\nSignature: Microsoft Windows\r\nSignatureStatus: Valid","Hostname":"WORKSTATION5","ProcessId":"1460","Description":"GDI Client DLL","Company":"Microsoft Corporation","Signed":"true","OriginalFileName":"gdi32"}
{"TimeCreated":"2020-10-19 03:30:46.459","SourceName":"Microsoft-Windows-Sysmon","SignatureStatus":"Valid","Signature":"Microsoft Windows","Product":"Microsoft Windows Operating System","Hashes":"SHA1=85A1BB9B7B719FADCF0EE8D7F63D053F9FCB1BD5,MD5=1F132C76A07ADC8A41B6F9859323E0E0,SHA256=A6DDBC4954687B359C4B1BC7105647828ED9C6C34FBA89C395806EA2420DBB2F,IMPHASH=11BA8F984C80EB875604C1380B72A4D6","UtcTime":"2020-10-19 07:30:46.447","ProcessGuid":"{39e4a257-40a6-5f8d-a105-000000000700}","Image":"C:\\Windows\\PSEXESVC.exe","ImageLoaded":"C:\\Windows\\SysWOW64\\msvcp_win.dll","EventID":7,"Channel":"Microsoft-Windows-Sysmon/Operational","Task":"7","RuleName":"-","FileVersion":"10.0.18362.1110 (WinBuild.160101.0800)","Message":"Image loaded:\r\nRuleName: -\r\nUtcTime: 2020-10-19 07:30:46.447\r\nProcessGuid: {39e4a257-40a6-5f8d-a105-000000000700}\r\nProcessId: 1460\r\nImage: C:\\Windows\\PSEXESVC.exe\r\nImageLoaded: C:\\Windows\\SysWOW64\\msvcp_win.dll\r\nFileVersion: 10.0.18362.1110 (WinBuild.160101.0800)\r\nDescription: Microsoft C Runtime Library\r\nProduct: Microsoft Windows Operating System\r\nCompany: Microsoft Corporation\r\nOriginalFileName: msvcp_win.dll\r\nHashes: SHA1=85A1BB9B7B719FADCF0EE8D7F63D053F9FCB1BD5,MD5=1F132C76A07ADC8A41B6F9859323E0E0,SHA256=A6DDBC4954687B359C4B1BC7105647828ED9C6C34FBA89C395806EA2420DBB2F,IMPHASH=11BA8F984C80EB875604C1380B72A4D6\r\nSigned: true\r\nSignature: Microsoft Windows\r\nSignatureStatus: Valid","Hostname":"WORKSTATION5","ProcessId":"1460","Description":"Microsoft C Runtime Library","Company":"Microsoft Corporation","Signed":"true","OriginalFileName":"msvcp_win.dll"}
{"TimeCreated":"2020-10-19 03:30:46.460","SourceName":"Microsoft-Windows-Sysmon","SignatureStatus":"Valid","Signature":"Microsoft Windows","Product":"Microsoft Windows Operating System","Hashes":"SHA1=EE1CD03129E6A00ED5AAF31E2C36B7F4356AE0EF,MD5=CC3BF1319F2EF9C9718735BDBD2441A9,SHA256=50825771D83ED274C814961C7D84E124539821F647F71C8A60B620A3008A1605,IMPHASH=D39A7129E74D69DDB0535724BD6037B5","UtcTime":"2020-10-19 07:30:46.447","ProcessGuid":"{39e4a257-40a6-5f8d-a105-000000000700}","Image":"C:\\Windows\\PSEXESVC.exe","ImageLoaded":"C:\\Windows\\SysWOW64\\ucrtbase.dll","EventID":7,"Channel":"Microsoft-Windows-Sysmon/Operational","Task":"7","RuleName":"-","FileVersion":"10.0.18362.1110 (WinBuild.160101.0800)","Message":"Image loaded:\r\nRuleName: -\r\nUtcTime: 2020-10-19 07:30:46.447\r\nProcessGuid: {39e4a257-40a6-5f8d-a105-000000000700}\r\nProcessId: 1460\r\nImage: C:\\Windows\\PSEXESVC.exe\r\nImageLoaded: C:\\Windows\\SysWOW64\\ucrtbase.dll\r\nFileVersion: 10.0.18362.1110 (WinBuild.160101.0800)\r\nDescription: Microsoft C Runtime Library\r\nProduct: Microsoft Windows Operating System\r\nCompany: Microsoft Corporation\r\nOriginalFileName: ucrtbase.dll\r\nHashes: SHA1=EE1CD03129E6A00ED5AAF31E2C36B7F4356AE0EF,MD5=CC3BF1319F2EF9C9718735BDBD2441A9,SHA256=50825771D83ED274C814961C7D84E124539821F647F71C8A60B620A3008A1605,IMPHASH=D39A7129E74D69DDB0535724BD6037B5\r\nSigned: true\r\nSignature: Microsoft Windows\r\nSignatureStatus: Valid","Hostname":"WORKSTATION5","ProcessId":"1460","Description":"Microsoft C Runtime Library","Company":"Microsoft Corporation","Signed":"true","OriginalFileName":"ucrtbase.dll"}
{"TimeCreated":"2020-10-19 03:30:46.460","SourceName":"Microsoft-Windows-Sysmon","SignatureStatus":"Valid","Signature":"Microsoft Windows","Product":"Microsoft Windows Operating System","Hashes":"SHA1=9054404E2881F36FCD5E7A1C0DAEBE14830FF7C8,MD5=841C70EA9D2F8ED3E82E901E6558E206,SHA256=3B533B1A2EAB02AE6DD3C04C3E57FBA672AA8869ECEC79B931565D99E2B28589,IMPHASH=5E28AC6B585A9284F51A788AC518317C","UtcTime":"2020-10-19 07:30:46.447","ProcessGuid":"{39e4a257-40a6-5f8d-a105-000000000700}","Image":"C:\\Windows\\PSEXESVC.exe","ImageLoaded":"C:\\Windows\\SysWOW64\\advapi32.dll","EventID":7,"Channel":"Microsoft-Windows-Sysmon/Operational","Task":"7","RuleName":"-","FileVersion":"10.0.18362.752 (WinBuild.160101.0800)","Message":"Image loaded:\r\nRuleName: -\r\nUtcTime: 2020-10-19 07:30:46.447\r\nProcessGuid: {39e4a257-40a6-5f8d-a105-000000000700}\r\nProcessId: 1460\r\nImage: C:\\Windows\\PSEXESVC.exe\r\nImageLoaded: C:\\Windows\\SysWOW64\\advapi32.dll\r\nFileVersion: 10.0.18362.752 (WinBuild.160101.0800)\r\nDescription: Advanced Windows 32 Base API\r\nProduct: Microsoft Windows Operating System\r\nCompany: Microsoft Corporation\r\nOriginalFileName: advapi32.dll\r\nHashes: SHA1=9054404E2881F36FCD5E7A1C0DAEBE14830FF7C8,MD5=841C70EA9D2F8ED3E82E901E6558E206,SHA256=3B533B1A2EAB02AE6DD3C04C3E57FBA672AA8869ECEC79B931565D99E2B28589,IMPHASH=5E28AC6B585A9284F51A788AC518317C\r\nSigned: true\r\nSignature: Microsoft Windows\r\nSignatureStatus: Valid","Hostname":"WORKSTATION5","ProcessId":"1460","Description":"Advanced Windows 32 Base API","Company":"Microsoft Corporation","Signed":"true","OriginalFileName":"advapi32.dll"}
{"TimeCreated":"2020-10-19 03:30:46.461","SourceName":"Microsoft-Windows-Sysmon","SignatureStatus":"Valid","Signature":"Microsoft Windows","Product":"Microsoft Windows Operating System","Hashes":"SHA1=B47A20174D1DAB0E2901C42BFBED251BE633280C,MD5=14C8B0D022CDD56939E5385CBCAB60A6,SHA256=A80846377F8E6BAAD467F4B0064CF929CF51629BAAF47044B7CB3F3C4E627476,IMPHASH=C3F466EF7F4926CB29A80701AE643FD4","UtcTime":"2020-10-19 07:30:46.447","ProcessGuid":"{39e4a257-40a6-5f8d-a105-000000000700}","Image":"C:\\Windows\\PSEXESVC.exe","ImageLoaded":"C:\\Windows\\SysWOW64\\msvcrt.dll","EventID":7,"Channel":"Microsoft-Windows-Sysmon/Operational","Task":"7","RuleName":"-","FileVersion":"7.0.18362.1 (WinBuild.160101.0800)","Message":"Image loaded:\r\nRuleName: -\r\nUtcTime: 2020-10-19 07:30:46.447\r\nProcessGuid: {39e4a257-40a6-5f8d-a105-000000000700}\r\nProcessId: 1460\r\nImage: C:\\Windows\\PSEXESVC.exe\r\nImageLoaded: C:\\Windows\\SysWOW64\\msvcrt.dll\r\nFileVersion: 7.0.18362.1 (WinBuild.160101.0800)\r\nDescription: Windows NT CRT DLL\r\nProduct: Microsoft Windows Operating System\r\nCompany: Microsoft Corporation\r\nOriginalFileName: msvcrt.dll\r\nHashes: SHA1=B47A20174D1DAB0E2901C42BFBED251BE633280C,MD5=14C8B0D022CDD56939E5385CBCAB60A6,SHA256=A80846377F8E6BAAD467F4B0064CF929CF51629BAAF47044B7CB3F3C4E627476,IMPHASH=C3F466EF7F4926CB29A80701AE643FD4\r\nSigned: true\r\nSignature: Microsoft Windows\r\nSignatureStatus: Valid","Hostname":"WORKSTATION5","ProcessId":"1460","Description":"Windows NT CRT DLL","Company":"Microsoft Corporation","Signed":"true","OriginalFileName":"msvcrt.dll"}
{"TimeCreated":"2020-10-19 03:30:46.461","SourceName":"Microsoft-Windows-Sysmon","SignatureStatus":"Valid","Signature":"Microsoft Windows","Product":"Microsoft Windows Operating System","Hashes":"SHA1=5B9EF68700345F1BF3B0A9BA7FE33513DFA3215C,MD5=F063AD78802BAE3DF61B336824282A65,SHA256=588CFBFC1E9D441D16228EBED5B92AF07963AD295446680E81BFDFCA75A20B40,IMPHASH=938E7EF741C79C98B2F57128B2F6C3CB","UtcTime":"2020-10-19 07:30:46.447","ProcessGuid":"{39e4a257-40a6-5f8d-a105-000000000700}","Image":"C:\\Windows\\PSEXESVC.exe","ImageLoaded":"C:\\Windows\\SysWOW64\\sechost.dll","EventID":7,"Channel":"Microsoft-Windows-Sysmon/Operational","Task":"7","RuleName":"-","FileVersion":"10.0.18362.959 (WinBuild.160101.0800)","Message":"Image loaded:\r\nRuleName: -\r\nUtcTime: 2020-10-19 07:30:46.447\r\nProcessGuid: {39e4a257-40a6-5f8d-a105-000000000700}\r\nProcessId: 1460\r\nImage: C:\\Windows\\PSEXESVC.exe\r\nImageLoaded: C:\\Windows\\SysWOW64\\sechost.dll\r\nFileVersion: 10.0.18362.959 (WinBuild.160101.0800)\r\nDescription: Host for SCM/SDDL/LSA Lookup APIs\r\nProduct: Microsoft Windows Operating System\r\nCompany: Microsoft Corporation\r\nOriginalFileName: sechost.dll\r\nHashes: SHA1=5B9EF68700345F1BF3B0A9BA7FE33513DFA3215C,MD5=F063AD78802BAE3DF61B336824282A65,SHA256=588CFBFC1E9D441D16228EBED5B92AF07963AD295446680E81BFDFCA75A20B40,IMPHASH=938E7EF741C79C98B2F57128B2F6C3CB\r\nSigned: true\r\nSignature: Microsoft Windows\r\nSignatureStatus: Valid","Hostname":"WORKSTATION5","ProcessId":"1460","Description":"Host for SCM/SDDL/LSA Lookup APIs","Company":"Microsoft Corporation","Signed":"true","OriginalFileName":"sechost.dll"}
{"TimeCreated":"2020-10-19 03:30:46.462","SourceName":"Microsoft-Windows-Sysmon","SignatureStatus":"Valid","Signature":"Microsoft Windows","Product":"Microsoft Windows Operating System","Hashes":"SHA1=78166BF81B61B0FAD4945CCAB8D4887558DCE279,MD5=0BBE2846DB4A7282A6CA7A475E1ACC7E,SHA256=227DD9CD9FA0EC949A319AB06E018E77958AFEBA00C0FC558D9E5CBA606614A9,IMPHASH=D0FDBD11FDC36EDA6A70DAC5849E46EF","UtcTime":"2020-10-19 07:30:46.447","ProcessGuid":"{39e4a257-40a6-5f8d-a105-000000000700}","Image":"C:\\Windows\\PSEXESVC.exe","ImageLoaded":"C:\\Windows\\SysWOW64\\rpcrt4.dll","EventID":7,"Channel":"Microsoft-Windows-Sysmon/Operational","Task":"7","RuleName":"-","FileVersion":"10.0.18362.1110 (WinBuild.160101.0800)","Message":"Image loaded:\r\nRuleName: -\r\nUtcTime: 2020-10-19 07:30:46.447\r\nProcessGuid: {39e4a257-40a6-5f8d-a105-000000000700}\r\nProcessId: 1460\r\nImage: C:\\Windows\\PSEXESVC.exe\r\nImageLoaded: C:\\Windows\\SysWOW64\\rpcrt4.dll\r\nFileVersion: 10.0.18362.1110 (WinBuild.160101.0800)\r\nDescription: Remote Procedure Call Runtime\r\nProduct: Microsoft Windows Operating System\r\nCompany: Microsoft Corporation\r\nOriginalFileName: rpcrt4.dll\r\nHashes: SHA1=78166BF81B61B0FAD4945CCAB8D4887558DCE279,MD5=0BBE2846DB4A7282A6CA7A475E1ACC7E,SHA256=227DD9CD9FA0EC949A319AB06E018E77958AFEBA00C0FC558D9E5CBA606614A9,IMPHASH=D0FDBD11FDC36EDA6A70DAC5849E46EF\r\nSigned: true\r\nSignature: Microsoft Windows\r\nSignatureStatus: Valid","Hostname":"WORKSTATION5","ProcessId":"1460","Description":"Remote Procedure Call Runtime","Company":"Microsoft Corporation","Signed":"true","OriginalFileName":"rpcrt4.dll"}
{"TimeCreated":"2020-10-19 03:30:46.462","SourceName":"Microsoft-Windows-Sysmon","SignatureStatus":"Valid","Signature":"Microsoft Windows","Product":"Microsoft Windows Operating System","Hashes":"SHA1=6381110FBD53A7FA6A22212580E5A4FD813FC3D3,MD5=8451506DC2AA894D7299F13926F19247,SHA256=8B378A7C7D0232411501C067EF55A93EE4C0ED92C3E8E0BA85E604192C47F41D,IMPHASH=38A703BD3C2BE34308D897328957448F","UtcTime":"2020-10-19 07:30:46.447","ProcessGuid":"{39e4a257-40a6-5f8d-a105-000000000700}","Image":"C:\\Windows\\PSEXESVC.exe","ImageLoaded":"C:\\Windows\\SysWOW64\\sspicli.dll","EventID":7,"Channel":"Microsoft-Windows-Sysmon/Operational","Task":"7","RuleName":"-","FileVersion":"10.0.18362.1049 (WinBuild.160101.0800)","Message":"Image loaded:\r\nRuleName: -\r\nUtcTime: 2020-10-19 07:30:46.447\r\nProcessGuid: {39e4a257-40a6-5f8d-a105-000000000700}\r\nProcessId: 1460\r\nImage: C:\\Windows\\PSEXESVC.exe\r\nImageLoaded: C:\\Windows\\SysWOW64\\sspicli.dll\r\nFileVersion: 10.0.18362.1049 (WinBuild.160101.0800)\r\nDescription: Security Support Provider Interface\r\nProduct: Microsoft Windows Operating System\r\nCompany: Microsoft Corporation\r\nOriginalFileName: security.dll\r\nHashes: SHA1=6381110FBD53A7FA6A22212580E5A4FD813FC3D3,MD5=8451506DC2AA894D7299F13926F19247,SHA256=8B378A7C7D0232411501C067EF55A93EE4C0ED92C3E8E0BA85E604192C47F41D,IMPHASH=38A703BD3C2BE34308D897328957448F\r\nSigned: true\r\nSignature: Microsoft Windows\r\nSignatureStatus: Valid","Hostname":"WORKSTATION5","ProcessId":"1460","Description":"Security Support Provider Interface","Company":"Microsoft Corporation","Signed":"true","OriginalFileName":"security.dll"}
{"TimeCreated":"2020-10-19 03:30:46.463","SourceName":"Microsoft-Windows-Sysmon","SignatureStatus":"Valid","Signature":"Microsoft Windows","Product":"Microsoft Windows Operating System","Hashes":"SHA1=063B1D39B4B73ECF0011D1A53735500C718B6485,MD5=4F66B719C3DCEB50A4A568FA93CD2DC3,SHA256=C4D6D1B372BBB3A3B668B8B953FBE0C64FF677232F2BE9A9EAA4E3709F4AD6F3,IMPHASH=BC970F64103932EEB904449362F6025B","UtcTime":"2020-10-19 07:30:46.447","ProcessGuid":"{39e4a257-40a6-5f8d-a105-000000000700}","Image":"C:\\Windows\\PSEXESVC.exe","ImageLoaded":"C:\\Windows\\SysWOW64\\cryptbase.dll","EventID":7,"Channel":"Microsoft-Windows-Sysmon/Operational","Task":"7","RuleName":"-","FileVersion":"10.0.18362.1 (WinBuild.160101.0800)","Message":"Image loaded:\r\nRuleName: -\r\nUtcTime: 2020-10-19 07:30:46.447\r\nProcessGuid: {39e4a257-40a6-5f8d-a105-000000000700}\r\nProcessId: 1460\r\nImage: C:\\Windows\\PSEXESVC.exe\r\nImageLoaded: C:\\Windows\\SysWOW64\\cryptbase.dll\r\nFileVersion: 10.0.18362.1 (WinBuild.160101.0800)\r\nDescription: Base cryptographic API DLL\r\nProduct: Microsoft Windows Operating System\r\nCompany: Microsoft Corporation\r\nOriginalFileName: cryptbase.dll\r\nHashes: SHA1=063B1D39B4B73ECF0011D1A53735500C718B6485,MD5=4F66B719C3DCEB50A4A568FA93CD2DC3,SHA256=C4D6D1B372BBB3A3B668B8B953FBE0C64FF677232F2BE9A9EAA4E3709F4AD6F3,IMPHASH=BC970F64103932EEB904449362F6025B\r\nSigned: true\r\nSignature: Microsoft Windows\r\nSignatureStatus: Valid","Hostname":"WORKSTATION5","ProcessId":"1460","Description":"Base cryptographic API DLL","Company":"Microsoft Corporation","Signed":"true","OriginalFileName":"cryptbase.dll"}
{"TimeCreated":"2020-10-19 03:30:46.464","SourceName":"Microsoft-Windows-Sysmon","SignatureStatus":"Valid","Signature":"Microsoft Windows","Product":"Microsoft Windows Operating System","Hashes":"SHA1=344485EC9EFD7F533E607E24691089DFAEC52875,MD5=8D6F97F949E686D243843AAB74994FCB,SHA256=CC0CB9061A84428C8E56D415789EEAA84E0A24A446E54618885C61598703FCC1,IMPHASH=BE57D3232C688595C3276DB79B66BD35","UtcTime":"2020-10-19 07:30:46.447","ProcessGuid":"{39e4a257-40a6-5f8d-a105-000000000700}","Image":"C:\\Windows\\PSEXESVC.exe","ImageLoaded":"C:\\Windows\\SysWOW64\\bcryptprimitives.dll","EventID":7,"Channel":"Microsoft-Windows-Sysmon/Operational","Task":"7","RuleName":"-","FileVersion":"10.0.18362.836 (WinBuild.160101.0800)","Message":"Image loaded:\r\nRuleName: -\r\nUtcTime: 2020-10-19 07:30:46.447\r\nProcessGuid: {39e4a257-40a6-5f8d-a105-000000000700}\r\nProcessId: 1460\r\nImage: C:\\Windows\\PSEXESVC.exe\r\nImageLoaded: C:\\Windows\\SysWOW64\\bcryptprimitives.dll\r\nFileVersion: 10.0.18362.836 (WinBuild.160101.0800)\r\nDescription: Windows Cryptographic Primitives Library\r\nProduct: Microsoft Windows Operating System\r\nCompany: Microsoft Corporation\r\nOriginalFileName: bcryptprimitives.dll\r\nHashes: SHA1=344485EC9EFD7F533E607E24691089DFAEC52875,MD5=8D6F97F949E686D243843AAB74994FCB,SHA256=CC0CB9061A84428C8E56D415789EEAA84E0A24A446E54618885C61598703FCC1,IMPHASH=BE57D3232C688595C3276DB79B66BD35\r\nSigned: true\r\nSignature: Microsoft Windows\r\nSignatureStatus: Valid","Hostname":"WORKSTATION5","ProcessId":"1460","Description":"Windows Cryptographic Primitives Library","Company":"Microsoft Corporation","Signed":"true","OriginalFileName":"bcryptprimitives.dll"}
{"TimeCreated":"2020-10-19 03:30:46.464","SourceName":"Microsoft-Windows-Sysmon","SignatureStatus":"Valid","Signature":"Microsoft Windows","Product":"Microsoft Windows Operating System","Hashes":"SHA1=C3F2589CA410376CDABEECB24577D3FA7B20228C,MD5=D6DEB50F228A1BF24431FA661EA00F09,SHA256=5F848B38E98E6246A071F54C96DC7946A99ED520D98EDA9F4A643A52624E3EFC,IMPHASH=F51EBE71B9EFFBE2A12991C948220F37","UtcTime":"2020-10-19 07:30:46.447","ProcessGuid":"{39e4a257-40a6-5f8d-a105-000000000700}","Image":"C:\\Windows\\PSEXESVC.exe","ImageLoaded":"C:\\Windows\\SysWOW64\\shell32.dll","EventID":7,"Channel":"Microsoft-Windows-Sysmon/Operational","Task":"7","RuleName":"-","FileVersion":"10.0.18362.1110 (WinBuild.160101.0800)","Message":"Image loaded:\r\nRuleName: -\r\nUtcTime: 2020-10-19 07:30:46.447\r\nProcessGuid: {39e4a257-40a6-5f8d-a105-000000000700}\r\nProcessId: 1460\r\nImage: C:\\Windows\\PSEXESVC.exe\r\nImageLoaded: C:\\Windows\\SysWOW64\\shell32.dll\r\nFileVersion: 10.0.18362.1110 (WinBuild.160101.0800)\r\nDescription: Windows Shell Common Dll\r\nProduct: Microsoft Windows Operating System\r\nCompany: Microsoft Corporation\r\nOriginalFileName: SHELL32.DLL\r\nHashes: SHA1=C3F2589CA410376CDABEECB24577D3FA7B20228C,MD5=D6DEB50F228A1BF24431FA661EA00F09,SHA256=5F848B38E98E6246A071F54C96DC7946A99ED520D98EDA9F4A643A52624E3EFC,IMPHASH=F51EBE71B9EFFBE2A12991C948220F37\r\nSigned: true\r\nSignature: Microsoft Windows\r\nSignatureStatus: Valid","Hostname":"WORKSTATION5","ProcessId":"1460","Description":"Windows Shell Common Dll","Company":"Microsoft Corporation","Signed":"true","OriginalFileName":"SHELL32.DLL"}
{"TimeCreated":"2020-10-19 03:30:46.465","SourceName":"Microsoft-Windows-Sysmon","SignatureStatus":"Valid","Signature":"Microsoft Windows","Product":"Microsoft Windows Operating System","Hashes":"SHA1=17271A3850206ECDBA3C61150DC1E6F7EE6384DA,MD5=0BD3ECA7930403B3458D82802F1D8EE9,SHA256=5239F556FE82E3D5C467BD89E9F19875A37980E3C984EE5E14241F7DFCCFCE34,IMPHASH=DD04E22EE175FF91F1B2A6E9FA2B403B","UtcTime":"2020-10-19 07:30:46.447","ProcessGuid":"{39e4a257-40a6-5f8d-a105-000000000700}","Image":"C:\\Windows\\PSEXESVC.exe","ImageLoaded":"C:\\Windows\\SysWOW64\\cfgmgr32.dll","EventID":7,"Channel":"Microsoft-Windows-Sysmon/Operational","Task":"7","RuleName":"-","FileVersion":"10.0.18362.387 (WinBuild.160101.0800)","Message":"Image loaded:\r\nRuleName: -\r\nUtcTime: 2020-10-19 07:30:46.447\r\nProcessGuid: {39e4a257-40a6-5f8d-a105-000000000700}\r\nProcessId: 1460\r\nImage: C:\\Windows\\PSEXESVC.exe\r\nImageLoaded: C:\\Windows\\SysWOW64\\cfgmgr32.dll\r\nFileVersion: 10.0.18362.387 (WinBuild.160101.0800)\r\nDescription: Configuration Manager DLL\r\nProduct: Microsoft Windows Operating System\r\nCompany: Microsoft Corporation\r\nOriginalFileName: CFGMGR32.DLL\r\nHashes: SHA1=17271A3850206ECDBA3C61150DC1E6F7EE6384DA,MD5=0BD3ECA7930403B3458D82802F1D8EE9,SHA256=5239F556FE82E3D5C467BD89E9F19875A37980E3C984EE5E14241F7DFCCFCE34,IMPHASH=DD04E22EE175FF91F1B2A6E9FA2B403B\r\nSigned: true\r\nSignature: Microsoft Windows\r\nSignatureStatus: Valid","Hostname":"WORKSTATION5","ProcessId":"1460","Description":"Configuration Manager DLL","Company":"Microsoft Corporation","Signed":"true","OriginalFileName":"CFGMGR32.DLL"}
{"TimeCreated":"2020-10-19 03:30:46.466","SourceName":"Microsoft-Windows-Sysmon","SignatureStatus":"Valid","Signature":"Microsoft Windows","Product":"Microsoft Windows Operating System","Hashes":"SHA1=9C5A12828E3562A032E0E0C03E58201B9F8F99AC,MD5=0A1477C381F7B895CCBEB697473D08EF,SHA256=08F6885A964AFB60C0B71B76894EA26F701D0DA93EA064CAE9B84747C2CC9230,IMPHASH=77B86DCA499080693AD84EF101B5EAC1","UtcTime":"2020-10-19 07:30:46.447","ProcessGuid":"{39e4a257-40a6-5f8d-a105-000000000700}","Image":"C:\\Windows\\PSEXESVC.exe","ImageLoaded":"C:\\Windows\\SysWOW64\\SHCore.dll","EventID":7,"Channel":"Microsoft-Windows-Sysmon/Operational","Task":"7","RuleName":"-","FileVersion":"10.0.18362.959 (WinBuild.160101.0800)","Message":"Image loaded:\r\nRuleName: -\r\nUtcTime: 2020-10-19 07:30:46.447\r\nProcessGuid: {39e4a257-40a6-5f8d-a105-000000000700}\r\nProcessId: 1460\r\nImage: C:\\Windows\\PSEXESVC.exe\r\nImageLoaded: C:\\Windows\\SysWOW64\\SHCore.dll\r\nFileVersion: 10.0.18362.959 (WinBuild.160101.0800)\r\nDescription: SHCORE\r\nProduct: Microsoft Windows Operating System\r\nCompany: Microsoft Corporation\r\nOriginalFileName: SHCORE.dll\r\nHashes: SHA1=9C5A12828E3562A032E0E0C03E58201B9F8F99AC,MD5=0A1477C381F7B895CCBEB697473D08EF,SHA256=08F6885A964AFB60C0B71B76894EA26F701D0DA93EA064CAE9B84747C2CC9230,IMPHASH=77B86DCA499080693AD84EF101B5EAC1\r\nSigned: true\r\nSignature: Microsoft Windows\r\nSignatureStatus: Valid","Hostname":"WORKSTATION5","ProcessId":"1460","Description":"SHCORE","Company":"Microsoft Corporation","Signed":"true","OriginalFileName":"SHCORE.dll"}
{"TimeCreated":"2020-10-19 03:30:46.466","SourceName":"Microsoft-Windows-Sysmon","SignatureStatus":"Valid","Signature":"Microsoft Windows","Product":"Microsoft Windows Operating System","Hashes":"SHA1=AEADF8C9E0567B49B3B7823B26CBC6ADD719A8AC,MD5=1B4F96A19DC61E5635C39FAC81BEA2F6,SHA256=B5C3B95CB76E29D65BF65182C963369D466087884D804ED475578EBF7741559A,IMPHASH=59AEF02DD749E208002284C86CABC7BD","UtcTime":"2020-10-19 07:30:46.447","ProcessGuid":"{39e4a257-40a6-5f8d-a105-000000000700}","Image":"C:\\Windows\\PSEXESVC.exe","ImageLoaded":"C:\\Windows\\SysWOW64\\combase.dll","EventID":7,"Channel":"Microsoft-Windows-Sysmon/Operational","Task":"7","RuleName":"-","FileVersion":"10.0.18362.1139 (WinBuild.160101.0800)","Message":"Image loaded:\r\nRuleName: -\r\nUtcTime: 2020-10-19 07:30:46.447\r\nProcessGuid: {39e4a257-40a6-5f8d-a105-000000000700}\r\nProcessId: 1460\r\nImage: C:\\Windows\\PSEXESVC.exe\r\nImageLoaded: C:\\Windows\\SysWOW64\\combase.dll\r\nFileVersion: 10.0.18362.1139 (WinBuild.160101.0800)\r\nDescription: Microsoft COM for Windows\r\nProduct: Microsoft Windows Operating System\r\nCompany: Microsoft Corporation\r\nOriginalFileName: COMBASE.DLL\r\nHashes: SHA1=AEADF8C9E0567B49B3B7823B26CBC6ADD719A8AC,MD5=1B4F96A19DC61E5635C39FAC81BEA2F6,SHA256=B5C3B95CB76E29D65BF65182C963369D466087884D804ED475578EBF7741559A,IMPHASH=59AEF02DD749E208002284C86CABC7BD\r\nSigned: true\r\nSignature: Microsoft Windows\r\nSignatureStatus: Valid","Hostname":"WORKSTATION5","ProcessId":"1460","Description":"Microsoft COM for Windows","Company":"Microsoft Corporation","Signed":"true","OriginalFileName":"COMBASE.DLL"}
{"TimeCreated":"2020-10-19 03:30:46.467","SourceName":"Microsoft-Windows-Sysmon","SignatureStatus":"Valid","Signature":"Microsoft Windows","Product":"Microsoft Windows Operating System","Hashes":"SHA1=1F10D066A95E6295380E55EC5CB67C6E3B7D897A,MD5=5BBF8CC934E97DC1103B027136383987,SHA256=C589BC79CC5E6BA4D9DCE3045C184BC85D4926BC425D5A8369A91ABF2A1FD650,IMPHASH=BF9D05C675F8D70947F67B64297EF861","UtcTime":"2020-10-19 07:30:46.447","ProcessGuid":"{39e4a257-40a6-5f8d-a105-000000000700}","Image":"C:\\Windows\\PSEXESVC.exe","ImageLoaded":"C:\\Windows\\SysWOW64\\windows.storage.dll","EventID":7,"Channel":"Microsoft-Windows-Sysmon/Operational","Task":"7","RuleName":"-","FileVersion":"10.0.18362.1082 (WinBuild.160101.0800)","Message":"Image loaded:\r\nRuleName: -\r\nUtcTime: 2020-10-19 07:30:46.447\r\nProcessGuid: {39e4a257-40a6-5f8d-a105-000000000700}\r\nProcessId: 1460\r\nImage: C:\\Windows\\PSEXESVC.exe\r\nImageLoaded: C:\\Windows\\SysWOW64\\windows.storage.dll\r\nFileVersion: 10.0.18362.1082 (WinBuild.160101.0800)\r\nDescription: Microsoft WinRT Storage API\r\nProduct: Microsoft Windows Operating System\r\nCompany: Microsoft Corporation\r\nOriginalFileName: Windows.Storage.dll\r\nHashes: SHA1=1F10D066A95E6295380E55EC5CB67C6E3B7D897A,MD5=5BBF8CC934E97DC1103B027136383987,SHA256=C589BC79CC5E6BA4D9DCE3045C184BC85D4926BC425D5A8369A91ABF2A1FD650,IMPHASH=BF9D05C675F8D70947F67B64297EF861\r\nSigned: true\r\nSignature: Microsoft Windows\r\nSignatureStatus: Valid","Hostname":"WORKSTATION5","ProcessId":"1460","Description":"Microsoft WinRT Storage API","Company":"Microsoft Corporation","Signed":"true","OriginalFileName":"Windows.Storage.dll"}
{"TimeCreated":"2020-10-19 03:30:46.467","SourceName":"Microsoft-Windows-Sysmon","SignatureStatus":"Valid","Signature":"Microsoft Windows","Product":"Microsoft Windows Operating System","Hashes":"SHA1=760DCCF61D8A27BC01C998E1949794B2C6EEE401,MD5=D531A3D816C570FEC126974A0F7DE907,SHA256=957AD704AE1904AA69E5C2AA1674EFA3762A75AFA1C9C6BFD2EB7BC4C7E1B314,IMPHASH=D532908FC0F7BF85D1442514E6101177","UtcTime":"2020-10-19 07:30:46.447","ProcessGuid":"{39e4a257-40a6-5f8d-a105-000000000700}","Image":"C:\\Windows\\PSEXESVC.exe","ImageLoaded":"C:\\Windows\\SysWOW64\\profapi.dll","EventID":7,"Channel":"Microsoft-Windows-Sysmon/Operational","Task":"7","RuleName":"-","FileVersion":"10.0.18362.693 (WinBuild.160101.0800)","Message":"Image loaded:\r\nRuleName: -\r\nUtcTime: 2020-10-19 07:30:46.447\r\nProcessGuid: {39e4a257-40a6-5f8d-a105-000000000700}\r\nProcessId: 1460\r\nImage: C:\\Windows\\PSEXESVC.exe\r\nImageLoaded: C:\\Windows\\SysWOW64\\profapi.dll\r\nFileVersion: 10.0.18362.693 (WinBuild.160101.0800)\r\nDescription: User Profile Basic API\r\nProduct: Microsoft Windows Operating System\r\nCompany: Microsoft Corporation\r\nOriginalFileName: PROFAPI.DLL\r\nHashes: SHA1=760DCCF61D8A27BC01C998E1949794B2C6EEE401,MD5=D531A3D816C570FEC126974A0F7DE907,SHA256=957AD704AE1904AA69E5C2AA1674EFA3762A75AFA1C9C6BFD2EB7BC4C7E1B314,IMPHASH=D532908FC0F7BF85D1442514E6101177\r\nSigned: true\r\nSignature: Microsoft Windows\r\nSignatureStatus: Valid","Hostname":"WORKSTATION5","ProcessId":"1460","Description":"User Profile Basic API","Company":"Microsoft Corporation","Signed":"true","OriginalFileName":"PROFAPI.DLL"}
{"TimeCreated":"2020-10-19 03:30:46.468","SourceName":"Microsoft-Windows-Sysmon","SignatureStatus":"Valid","Signature":"Microsoft Windows","Product":"Microsoft Windows Operating System","Hashes":"SHA1=5D735D61FABA97BCCFF7BFE0F5666A97F1321B3B,MD5=98CDEC7A103E158D7222E345E19BB9FF,SHA256=8749289DD56728332696C3B07B838D156BE50B1238B2FC437488B1D9631CDB19,IMPHASH=6E0F782A3578064CCF38D07C54DB952E","UtcTime":"2020-10-19 07:30:46.447","ProcessGuid":"{39e4a257-40a6-5f8d-a105-000000000700}","Image":"C:\\Windows\\PSEXESVC.exe","ImageLoaded":"C:\\Windows\\SysWOW64\\powrprof.dll","EventID":7,"Channel":"Microsoft-Windows-Sysmon/Operational","Task":"7","RuleName":"-","FileVersion":"10.0.18362.1 (WinBuild.160101.0800)","Message":"Image loaded:\r\nRuleName: -\r\nUtcTime: 2020-10-19 07:30:46.447\r\nProcessGuid: {39e4a257-40a6-5f8d-a105-000000000700}\r\nProcessId: 1460\r\nImage: C:\\Windows\\PSEXESVC.exe\r\nImageLoaded: C:\\Windows\\SysWOW64\\powrprof.dll\r\nFileVersion: 10.0.18362.1 (WinBuild.160101.0800)\r\nDescription: Power Profile Helper DLL\r\nProduct: Microsoft Windows Operating System\r\nCompany: Microsoft Corporation\r\nOriginalFileName: POWRPROF.DLL\r\nHashes: SHA1=5D735D61FABA97BCCFF7BFE0F5666A97F1321B3B,MD5=98CDEC7A103E158D7222E345E19BB9FF,SHA256=8749289DD56728332696C3B07B838D156BE50B1238B2FC437488B1D9631CDB19,IMPHASH=6E0F782A3578064CCF38D07C54DB952E\r\nSigned: true\r\nSignature: Microsoft Windows\r\nSignatureStatus: Valid","Hostname":"WORKSTATION5","ProcessId":"1460","Description":"Power Profile Helper DLL","Company":"Microsoft Corporation","Signed":"true","OriginalFileName":"POWRPROF.DLL"}
{"TimeCreated":"2020-10-19 03:30:46.468","SourceName":"Microsoft-Windows-Sysmon","SignatureStatus":"Valid","Signature":"Microsoft Windows","Product":"-","Hashes":"SHA1=F94551C7209848334B6D11EB37C87F26154F6088,MD5=6C0B99BB629982510C1DA46E47AE6F6D,SHA256=B15E5AD0C6A24B8D7A07A50C77D0BD5D17670515BAD710332EA19DC4C169E65F,IMPHASH=211299E899F27C65BF03F1695C3A1DFC","UtcTime":"2020-10-19 07:30:46.447","ProcessGuid":"{39e4a257-40a6-5f8d-a105-000000000700}","Image":"C:\\Windows\\PSEXESVC.exe","ImageLoaded":"C:\\Windows\\SysWOW64\\umpdc.dll","EventID":7,"Channel":"Microsoft-Windows-Sysmon/Operational","Task":"7","RuleName":"-","FileVersion":"-","Message":"Image loaded:\r\nRuleName: -\r\nUtcTime: 2020-10-19 07:30:46.447\r\nProcessGuid: {39e4a257-40a6-5f8d-a105-000000000700}\r\nProcessId: 1460\r\nImage: C:\\Windows\\PSEXESVC.exe\r\nImageLoaded: C:\\Windows\\SysWOW64\\umpdc.dll\r\nFileVersion: -\r\nDescription: -\r\nProduct: -\r\nCompany: -\r\nOriginalFileName: -\r\nHashes: SHA1=F94551C7209848334B6D11EB37C87F26154F6088,MD5=6C0B99BB629982510C1DA46E47AE6F6D,SHA256=B15E5AD0C6A24B8D7A07A50C77D0BD5D17670515BAD710332EA19DC4C169E65F,IMPHASH=211299E899F27C65BF03F1695C3A1DFC\r\nSigned: true\r\nSignature: Microsoft Windows\r\nSignatureStatus: Valid","Hostname":"WORKSTATION5","ProcessId":"1460","Description":"-","Company":"-","Signed":"true","OriginalFileName":"-"}
{"TimeCreated":"2020-10-19 03:30:46.469","SourceName":"Microsoft-Windows-Sysmon","SignatureStatus":"Valid","Signature":"Microsoft Windows","Product":"Microsoft Windows Operating System","Hashes":"SHA1=A422554DAF113081BAB0EF522B85A77B20121960,MD5=51A08192752EDFDD0BA99ADB7032A239,SHA256=8EB1D03DD3E18681CAD35F0D1E14874CABD200C345682D03AF1B724645C4EC8A,IMPHASH=62991C5390DFDF0C490A1211BBCA28E7","UtcTime":"2020-10-19 07:30:46.463","ProcessGuid":"{39e4a257-40a6-5f8d-a105-000000000700}","Image":"C:\\Windows\\PSEXESVC.exe","ImageLoaded":"C:\\Windows\\SysWOW64\\shlwapi.dll","EventID":7,"Channel":"Microsoft-Windows-Sysmon/Operational","Task":"7","RuleName":"-","FileVersion":"10.0.18362.1 (WinBuild.160101.0800)","Message":"Image loaded:\r\nRuleName: -\r\nUtcTime: 2020-10-19 07:30:46.463\r\nProcessGuid: {39e4a257-40a6-5f8d-a105-000000000700}\r\nProcessId: 1460\r\nImage: C:\\Windows\\PSEXESVC.exe\r\nImageLoaded: C:\\Windows\\SysWOW64\\shlwapi.dll\r\nFileVersion: 10.0.18362.1 (WinBuild.160101.0800)\r\nDescription: Shell Light-weight Utility Library\r\nProduct: Microsoft Windows Operating System\r\nCompany: Microsoft Corporation\r\nOriginalFileName: SHLWAPI.DLL\r\nHashes: SHA1=A422554DAF113081BAB0EF522B85A77B20121960,MD5=51A08192752EDFDD0BA99ADB7032A239,SHA256=8EB1D03DD3E18681CAD35F0D1E14874CABD200C345682D03AF1B724645C4EC8A,IMPHASH=62991C5390DFDF0C490A1211BBCA28E7\r\nSigned: true\r\nSignature: Microsoft Windows\r\nSignatureStatus: Valid","Hostname":"WORKSTATION5","ProcessId":"1460","Description":"Shell Light-weight Utility Library","Company":"Microsoft Corporation","Signed":"true","OriginalFileName":"SHLWAPI.DLL"}
{"TimeCreated":"2020-10-19 03:30:46.470","SourceName":"Microsoft-Windows-Sysmon","SignatureStatus":"Valid","Signature":"Microsoft Windows","Product":"Microsoft Windows Operating System","Hashes":"SHA1=A0BF69C99B7F3A7E2AF630B411945B6A55A3EDA0,MD5=CD0FD8A767EC4F1E177DB2B77001E16A,SHA256=033EDBC7A032E745EAD8C924417234CF3A4CD27AEFC474CC1A79A2426FEB15FB,IMPHASH=C54E88E35A24F5BA0A76FE0038B038A7","UtcTime":"2020-10-19 07:30:46.463","ProcessGuid":"{39e4a257-40a6-5f8d-a105-000000000700}","Image":"C:\\Windows\\PSEXESVC.exe","ImageLoaded":"C:\\Windows\\SysWOW64\\cryptsp.dll","EventID":7,"Channel":"Microsoft-Windows-Sysmon/Operational","Task":"7","RuleName":"-","FileVersion":"10.0.18362.1 (WinBuild.160101.0800)","Message":"Image loaded:\r\nRuleName: -\r\nUtcTime: 2020-10-19 07:30:46.463\r\nProcessGuid: {39e4a257-40a6-5f8d-a105-000000000700}\r\nProcessId: 1460\r\nImage: C:\\Windows\\PSEXESVC.exe\r\nImageLoaded: C:\\Windows\\SysWOW64\\cryptsp.dll\r\nFileVersion: 10.0.18362.1 (WinBuild.160101.0800)\r\nDescription: Cryptographic Service Provider API\r\nProduct: Microsoft Windows Operating System\r\nCompany: Microsoft Corporation\r\nOriginalFileName: cryptsp.dll\r\nHashes: SHA1=A0BF69C99B7F3A7E2AF630B411945B6A55A3EDA0,MD5=CD0FD8A767EC4F1E177DB2B77001E16A,SHA256=033EDBC7A032E745EAD8C924417234CF3A4CD27AEFC474CC1A79A2426FEB15FB,IMPHASH=C54E88E35A24F5BA0A76FE0038B038A7\r\nSigned: true\r\nSignature: Microsoft Windows\r\nSignatureStatus: Valid","Hostname":"WORKSTATION5","ProcessId":"1460","Description":"Cryptographic Service Provider API","Company":"Microsoft Corporation","Signed":"true","OriginalFileName":"cryptsp.dll"}
{"TimeCreated":"2020-10-19 03:30:46.470","SourceName":"Microsoft-Windows-Sysmon","SignatureStatus":"Valid","Signature":"Microsoft Windows","Product":"Microsoft Windows Operating System","Hashes":"SHA1=4F2C24C19AC1D30B352762C718D4CFE7A01C8B9E,MD5=2118862858A506A911730B906AB16095,SHA256=E4B2FB4922D7D4B7ADFE0977FC877D8968F56BB057A5A557C66155AAAE432796,IMPHASH=E3FFFCDD0EE6FE4133A95D21C807B731","UtcTime":"2020-10-19 07:30:46.463","ProcessGuid":"{39e4a257-40a6-5f8d-a105-000000000700}","Image":"C:\\Windows\\PSEXESVC.exe","ImageLoaded":"C:\\Windows\\SysWOW64\\userenv.dll","EventID":7,"Channel":"Microsoft-Windows-Sysmon/Operational","Task":"7","RuleName":"-","FileVersion":"10.0.18362.1139 (WinBuild.160101.0800)","Message":"Image loaded:\r\nRuleName: -\r\nUtcTime: 2020-10-19 07:30:46.463\r\nProcessGuid: {39e4a257-40a6-5f8d-a105-000000000700}\r\nProcessId: 1460\r\nImage: C:\\Windows\\PSEXESVC.exe\r\nImageLoaded: C:\\Windows\\SysWOW64\\userenv.dll\r\nFileVersion: 10.0.18362.1139 (WinBuild.160101.0800)\r\nDescription: Userenv\r\nProduct: Microsoft Windows Operating System\r\nCompany: Microsoft Corporation\r\nOriginalFileName: userenv.dll\r\nHashes: SHA1=4F2C24C19AC1D30B352762C718D4CFE7A01C8B9E,MD5=2118862858A506A911730B906AB16095,SHA256=E4B2FB4922D7D4B7ADFE0977FC877D8968F56BB057A5A557C66155AAAE432796,IMPHASH=E3FFFCDD0EE6FE4133A95D21C807B731\r\nSigned: true\r\nSignature: Microsoft Windows\r\nSignatureStatus: Valid","Hostname":"WORKSTATION5","ProcessId":"1460","Description":"Userenv","Company":"Microsoft Corporation","Signed":"true","OriginalFileName":"userenv.dll"}
{"TimeCreated":"2020-10-19 03:30:46.470","SourceName":"Microsoft-Windows-Sysmon","SignatureStatus":"Valid","Signature":"Microsoft Windows","Product":"-","Hashes":"SHA1=F94551C7209848334B6D11EB37C87F26154F6088,MD5=6C0B99BB629982510C1DA46E47AE6F6D,SHA256=B15E5AD0C6A24B8D7A07A50C77D0BD5D17670515BAD710332EA19DC4C169E65F,IMPHASH=211299E899F27C65BF03F1695C3A1DFC","UtcTime":"2020-10-19 07:30:46.322","ProcessGuid":"{39e4a257-40a6-5f8d-a005-000000000700}","Image":"C:\\Users\\wardog\\Downloads\\PSTools\\PsExec.exe","ImageLoaded":"C:\\Windows\\SysWOW64\\umpdc.dll","EventID":7,"Channel":"Microsoft-Windows-Sysmon/Operational","Task":"7","RuleName":"-","FileVersion":"-","Message":"Image loaded:\r\nRuleName: -\r\nUtcTime: 2020-10-19 07:30:46.322\r\nProcessGuid: {39e4a257-40a6-5f8d-a005-000000000700}\r\nProcessId: 7256\r\nImage: C:\\Users\\wardog\\Downloads\\PSTools\\PsExec.exe\r\nImageLoaded: C:\\Windows\\SysWOW64\\umpdc.dll\r\nFileVersion: -\r\nDescription: -\r\nProduct: -\r\nCompany: -\r\nOriginalFileName: -\r\nHashes: SHA1=F94551C7209848334B6D11EB37C87F26154F6088,MD5=6C0B99BB629982510C1DA46E47AE6F6D,SHA256=B15E5AD0C6A24B8D7A07A50C77D0BD5D17670515BAD710332EA19DC4C169E65F,IMPHASH=211299E899F27C65BF03F1695C3A1DFC\r\nSigned: true\r\nSignature: Microsoft Windows\r\nSignatureStatus: Valid","Hostname":"WORKSTATION5","ProcessId":"7256","Description":"-","Company":"-","Signed":"true","OriginalFileName":"-"}
{"SourceImage":"C:\\windows\\system32\\services.exe","TimeCreated":"2020-10-19 03:30:46.476","GrantedAccess":"0x1000","SourceName":"Microsoft-Windows-Sysmon","SourceThreadId":"6096","CallTrace":"C:\\windows\\SYSTEM32\\ntdll.dll+9d154|C:\\windows\\System32\\RPCRT4.dll+2d354|C:\\windows\\system32\\services.exe+1c74|C:\\windows\\System32\\RPCRT4.dll+76a63|C:\\windows\\System32\\RPCRT4.dll+13653|C:\\windows\\System32\\RPCRT4.dll+1457a|C:\\windows\\System32\\RPCRT4.dll+549f8|C:\\windows\\System32\\RPCRT4.dll+2c9b1|C:\\windows\\System32\\RPCRT4.dll+2c26b|C:\\windows\\System32\\RPCRT4.dll+1a8cf|C:\\windows\\System32\\RPCRT4.dll+19d7a|C:\\windows\\System32\\RPCRT4.dll+19361|C:\\windows\\System32\\RPCRT4.dll+18dce|C:\\windows\\System32\\RPCRT4.dll+16a05|C:\\windows\\SYSTEM32\\ntdll.dll+333ed|C:\\windows\\SYSTEM32\\ntdll.dll+34142|C:\\windows\\System32\\KERNEL32.DLL+17c24|C:\\windows\\SYSTEM32\\ntdll.dll+6cea1","UtcTime":"2020-10-19 07:30:46.463","TargetProcessGUID":"{39e4a257-40a6-5f8d-a105-000000000700}","SourceProcessId":"716","EventID":10,"Channel":"Microsoft-Windows-Sysmon/Operational","Task":"10","RuleName":"-","Message":"Process accessed:\r\nRuleName: -\r\nUtcTime: 2020-10-19 07:30:46.463\r\nSourceProcessGUID: {39e4a257-f131-5f8b-0b00-000000000700}\r\nSourceProcessId: 716\r\nSourceThreadId: 6096\r\nSourceImage: C:\\windows\\system32\\services.exe\r\nTargetProcessGUID: {39e4a257-40a6-5f8d-a105-000000000700}\r\nTargetProcessId: 1460\r\nTargetImage: C:\\windows\\PSEXESVC.exe\r\nGrantedAccess: 0x1000\r\nCallTrace: C:\\windows\\SYSTEM32\\ntdll.dll+9d154|C:\\windows\\System32\\RPCRT4.dll+2d354|C:\\windows\\system32\\services.exe+1c74|C:\\windows\\System32\\RPCRT4.dll+76a63|C:\\windows\\System32\\RPCRT4.dll+13653|C:\\windows\\System32\\RPCRT4.dll+1457a|C:\\windows\\System32\\RPCRT4.dll+549f8|C:\\windows\\System32\\RPCRT4.dll+2c9b1|C:\\windows\\System32\\RPCRT4.dll+2c26b|C:\\windows\\System32\\RPCRT4.dll+1a8cf|C:\\windows\\System32\\RPCRT4.dll+19d7a|C:\\windows\\System32\\RPCRT4.dll+19361|C:\\windows\\System32\\RPCRT4.dll+18dce|C:\\windows\\System32\\RPCRT4.dll+16a05|C:\\windows\\SYSTEM32\\ntdll.dll+333ed|C:\\windows\\SYSTEM32\\ntdll.dll+34142|C:\\windows\\System32\\KERNEL32.DLL+17c24|C:\\windows\\SYSTEM32\\ntdll.dll+6cea1","Hostname":"WORKSTATION5","TargetProcessId":"1460","TargetImage":"C:\\windows\\PSEXESVC.exe","SourceProcessGUID":"{39e4a257-f131-5f8b-0b00-000000000700}"}
